2025-10-31T03:36:17.799Z CALL_START: conn3
2025-10-31T03:36:17.799Z AUTOCREATE_CALLLOG: created fallback log for conn3
2025-10-31T03:36:17.799Z [ASSISTANT] als
2025-10-31T03:36:17.806Z [ASSISTANT]  doet
2025-10-31T03:36:17.814Z [ASSISTANT] ,
2025-10-31T03:36:17.823Z [ASSISTANT]  kun
2025-10-31T03:36:17.830Z [ASSISTANT]  je
2025-10-31T03:36:17.838Z [ASSISTANT]  ook
2025-10-31T03:36:17.846Z [ASSISTANT]  een
2025-10-31T03:36:17.854Z [ASSISTANT]  puzz
2025-10-31T03:36:17.867Z [ASSISTANT] el
2025-10-31T03:36:17.877Z [ASSISTANT]  oplossen
2025-10-31T03:36:17.879Z [ASSISTANT] ,
2025-10-31T03:36:17.887Z [ASSISTANT]  zoals
2025-10-31T03:36:17.893Z [ASSISTANT]  een
2025-10-31T03:36:17.901Z [ASSISTANT]  sudoku
2025-10-31T03:36:17.912Z [ASSISTANT]  of
2025-10-31T03:36:17.919Z [ASSISTANT]  een
2025-10-31T03:36:17.926Z [ASSISTANT]  kruis
2025-10-31T03:36:17.934Z [ASSISTANT] woord
2025-10-31T03:36:17.943Z [ASSISTANT] raad
2025-10-31T03:36:17.950Z [ASSISTANT] sel
2025-10-31T03:36:17.959Z [ASSISTANT] .
2025-10-31T03:36:17.965Z [ASSISTANT]  Dat
2025-10-31T03:36:17.974Z [ASSISTANT]  helpt
2025-10-31T03:36:17.982Z [ASSISTANT]  je
2025-10-31T03:36:17.990Z [ASSISTANT]  om
2025-10-31T03:36:17.998Z [ASSISTANT]  je
2025-10-31T03:36:18.006Z [ASSISTANT]  gedachten
2025-10-31T03:36:18.016Z [ASSISTANT]  op
2025-10-31T03:36:18.022Z [ASSISTANT]  iets
2025-10-31T03:36:18.031Z [ASSISTANT]  anders
2025-10-31T03:36:18.038Z [ASSISTANT]  te
2025-10-31T03:36:18.046Z [ASSISTANT]  richten
2025-10-31T03:36:18.054Z [ASSISTANT] .


2025-10-31T03:36:18.061Z [ASSISTANT] Tot
2025-10-31T03:36:18.069Z [ASSISTANT]  slot
2025-10-31T03:36:18.077Z [ASSISTANT]  kan
2025-10-31T03:36:18.085Z [ASSISTANT]  het
2025-10-31T03:36:18.093Z [ASSISTANT]  ook
2025-10-31T03:36:18.102Z [ASSISTANT]  helpen
2025-10-31T03:36:18.110Z [ASSISTANT]  om
2025-10-31T03:36:18.119Z [ASSISTANT]  even
2025-10-31T03:36:18.126Z [ASSISTANT]  te
2025-10-31T03:36:18.134Z [ASSISTANT]  praten
2025-10-31T03:36:18.141Z [ASSISTANT]  met
2025-10-31T03:36:18.150Z [ASSISTANT]  iemand
2025-10-31T03:36:18.158Z [ASSISTANT] ,
2025-10-31T03:36:18.166Z [ASSISTANT]  zodat
2025-10-31T03:36:18.177Z [ASSISTANT]  je
2025-10-31T03:36:18.182Z [ASSISTANT]  je
2025-10-31T03:36:18.190Z [ASSISTANT]  gedachten
2025-10-31T03:36:18.199Z [ASSISTANT]  deelt
2025-10-31T03:36:18.207Z [ASSISTANT]  en
2025-10-31T03:36:18.214Z [ASSISTANT]  wat
2025-10-31T03:36:18.221Z [ASSISTANT]  ruimte
2025-10-31T03:36:18.230Z [ASSISTANT]  in
2025-10-31T03:36:18.238Z [ASSISTANT]  je
2025-10-31T03:36:18.246Z [ASSISTANT]  hoofd
2025-10-31T03:36:18.254Z [ASSISTANT]  creë
2025-10-31T03:36:18.273Z [ASSISTANT] ert
2025-10-31T03:36:18.287Z [ASSISTANT] .
2025-10-31T03:36:18.293Z [ASSISTANT]  


2025-10-31T03:36:18.301Z [ASSISTANT] K
2025-10-31T03:36:18.311Z [ASSISTANT] ies
2025-10-31T03:36:18.317Z [ASSISTANT]  wat
2025-10-31T03:36:18.326Z [ASSISTANT]  het
2025-10-31T03:36:18.334Z [ASSISTANT]  beste
2025-10-31T03:36:18.342Z [ASSISTANT]  bij
2025-10-31T03:36:18.352Z [ASSISTANT]  je
2025-10-31T03:36:18.358Z [ASSISTANT]  past
2025-10-31T03:36:18.366Z [ASSISTANT]  en
2025-10-31T03:36:18.375Z [ASSISTANT]  neem
2025-10-31T03:36:18.386Z [ASSISTANT]  de
2025-10-31T03:36:18.392Z [ASSISTANT]  tijd
2025-10-31T03:36:18.408Z [ASSISTANT]  om
2025-10-31T03:36:18.417Z [ASSISTANT]  je
2025-10-31T03:36:18.424Z [ASSISTANT]  geest
2025-10-31T03:36:18.434Z [ASSISTANT]  wat
2025-10-31T03:36:18.440Z [ASSISTANT]  rust
2025-10-31T03:36:18.456Z [ASSISTANT]  te
2025-10-31T03:36:18.458Z [ASSISTANT]  geven
2025-10-31T03:36:18.465Z [ASSISTANT] .
2025-10-31T03:36:18.492Z [ASSISTANT] Om je gedachten te verzetten kun je een paar dingen proberen.

Ten eerste, verleg je aandacht door iets actiefs te doen, zoals een korte wandeling maken, even strekken of wat lichte oefeningen.

Een andere manier is om je te focussen op een taak waar je jezelf in kunt verliezen, bijvoorbeeld een hobby zoals tekenen, koken of lezen.

Als je liever iets mentaals doet, kun je ook een puzzel oplossen, zoals een sudoku of een kruiswoordraadsel. Dat helpt je om je gedachten op iets anders te richten.

Tot slot kan het ook helpen om even te praten met iemand, zodat je je gedachten deelt en wat ruimte in je hoofd creëert. 

Kies wat het beste bij je past en neem de tijd om je geest wat rust te geven.
2025-10-31T03:36:18.493Z [ASSISTANT] Om je gedachten te verzetten kun je een paar dingen proberen.

Ten eerste, verleg je aandacht door iets actiefs te doen, zoals een korte wandeling maken, even strekken of wat lichte oefeningen.

Een andere manier is om je te focussen op een taak waar je jezelf in kunt verliezen, bijvoorbeeld een hobby zoals tekenen, koken of lezen.

Als je liever iets mentaals doet, kun je ook een puzzel oplossen, zoals een sudoku of een kruiswoordraadsel. Dat helpt je om je gedachten op iets anders te richten.

Tot slot kan het ook helpen om even te praten met iemand, zodat je je gedachten deelt en wat ruimte in je hoofd creëert. 

Kies wat het beste bij je past en neem de tijd om je geest wat rust te geven.
2025-10-31T03:36:18.498Z [ASSISTANT] Om je gedachten te verzetten kun je een paar dingen proberen.

Ten eerste, verleg je aandacht door iets actiefs te doen, zoals een korte wandeling maken, even strekken of wat lichte oefeningen.

Een andere manier is om je te focussen op een taak waar je jezelf in kunt verliezen, bijvoorbeeld een hobby zoals tekenen, koken of lezen.

Als je liever iets mentaals doet, kun je ook een puzzel oplossen, zoals een sudoku of een kruiswoordraadsel. Dat helpt je om je gedachten op iets anders te richten.

Tot slot kan het ook helpen om even te praten met iemand, zodat je je gedachten deelt en wat ruimte in je hoofd creëert. 

Kies wat het beste bij je past en neem de tijd om je geest wat rust te geven.
2025-10-31T03:36:18.794Z CALL_END: client_closed
