2025-10-31T03:33:19.950Z CALL_START: MZ0e433b6570114862c24c91109d58b3c5
2025-10-31T03:33:19.950Z TWILIO_START: {"sid":"MZ0e433b6570114862c24c91109d58b3c5"}
2025-10-31T03:33:19.952Z TWILIO_MEDIA bytes=160 pcmBytes=640 rms=0.000244 rmsa=0.000073
2025-10-31T03:33:19.953Z TWILIO_MEDIA bytes=160 pcmBytes=640 rms=0.000244 rmsa=0.000125
2025-10-31T03:33:19.955Z TWILIO_MEDIA bytes=160 pcmBytes=640 rms=0.000244 rmsa=0.000160
2025-10-31T03:33:19.956Z TWILIO_MEDIA bytes=160 pcmBytes=640 rms=0.000244 rmsa=0.000186
2025-10-31T03:33:19.957Z TWILIO_MEDIA bytes=160 pcmBytes=640 rms=0.000244 rmsa=0.000203
2025-10-31T03:33:19.957Z TWILIO_MEDIA bytes=160 pcmBytes=640 rms=0.000244 rmsa=0.000215
2025-10-31T03:33:19.960Z TWILIO_MEDIA bytes=160 pcmBytes=640 rms=0.000244 rmsa=0.000224
2025-10-31T03:33:19.961Z TWILIO_MEDIA bytes=160 pcmBytes=640 rms=0.000244 rmsa=0.000230
2025-10-31T03:33:19.962Z TWILIO_MEDIA bytes=160 pcmBytes=640 rms=0.000244 rmsa=0.000234
2025-10-31T03:33:19.964Z TWILIO_MEDIA bytes=160 pcmBytes=640 rms=0.000244 rmsa=0.000237
2025-10-31T03:33:19.964Z TWILIO_MEDIA bytes=160 pcmBytes=640 rms=0.000244 rmsa=0.000239
2025-10-31T03:33:19.965Z TWILIO_MEDIA bytes=160 pcmBytes=640 rms=0.000244 rmsa=0.000241
2025-10-31T03:33:19.966Z TWILIO_MEDIA bytes=160 pcmBytes=640 rms=0.000244 rmsa=0.000242
2025-10-31T03:33:19.966Z TWILIO_MEDIA bytes=160 pcmBytes=640 rms=0.014919 rmsa=0.004645
2025-10-31T03:33:19.967Z TWILIO_MEDIA bytes=160 pcmBytes=640 rms=0.041836 rmsa=0.015802
2025-10-31T03:33:19.969Z TWILIO_MEDIA bytes=160 pcmBytes=640 rms=0.036640 rmsa=0.022054
2025-10-31T03:33:20.052Z TWILIO_MEDIA bytes=160 pcmBytes=640 rms=0.018933 rmsa=0.021117
2025-10-31T03:33:20.053Z TWILIO_MEDIA bytes=160 pcmBytes=640 rms=0.006461 rmsa=0.016720
2025-10-31T03:33:20.053Z TWILIO_MEDIA bytes=160 pcmBytes=640 rms=0.002188 rmsa=0.012361
2025-10-31T03:33:20.055Z TWILIO_MEDIA bytes=160 pcmBytes=640 rms=0.001404 rmsa=0.009073
2025-10-31T03:33:20.065Z TWILIO_MEDIA bytes=160 pcmBytes=640 rms=0.000673 rmsa=0.006553
2025-10-31T03:33:20.085Z TWILIO_MEDIA bytes=160 pcmBytes=640 rms=0.000559 rmsa=0.004755
2025-10-31T03:33:20.105Z TWILIO_MEDIA bytes=160 pcmBytes=640 rms=0.000450 rmsa=0.003464
2025-10-31T03:33:20.125Z TWILIO_MEDIA bytes=160 pcmBytes=640 rms=0.000278 rmsa=0.002508
2025-10-31T03:33:20.145Z TWILIO_MEDIA bytes=160 pcmBytes=640 rms=0.000244 rmsa=0.001829
2025-10-31T03:33:20.165Z TWILIO_MEDIA bytes=160 pcmBytes=640 rms=0.000244 rmsa=0.001353
2025-10-31T03:33:20.185Z TWILIO_MEDIA bytes=160 pcmBytes=640 rms=0.000244 rmsa=0.001021
2025-10-31T03:33:20.205Z TWILIO_MEDIA bytes=160 pcmBytes=640 rms=0.000294 rmsa=0.000803
2025-10-31T03:33:20.225Z TWILIO_MEDIA bytes=160 pcmBytes=640 rms=0.000397 rmsa=0.000681
2025-10-31T03:33:20.245Z TWILIO_MEDIA bytes=160 pcmBytes=640 rms=0.000250 rmsa=0.000552
2025-10-31T03:33:20.265Z TWILIO_MEDIA bytes=160 pcmBytes=640 rms=0.000768 rmsa=0.000617
2025-10-31T03:33:20.285Z TWILIO_MEDIA bytes=160 pcmBytes=640 rms=0.013577 rmsa=0.004505
2025-10-31T03:33:20.305Z TWILIO_MEDIA bytes=160 pcmBytes=640 rms=0.002789 rmsa=0.003990
2025-10-31T03:33:20.325Z TWILIO_MEDIA bytes=160 pcmBytes=640 rms=0.030598 rmsa=0.011972
2025-10-31T03:33:20.345Z TWILIO_MEDIA bytes=160 pcmBytes=640 rms=0.038507 rmsa=0.019933
2025-10-31T03:33:20.365Z TWILIO_MEDIA bytes=160 pcmBytes=640 rms=0.031145 rmsa=0.023296
2025-10-31T03:33:20.385Z TWILIO_MEDIA bytes=160 pcmBytes=640 rms=0.014306 rmsa=0.020599
2025-10-31T03:33:20.405Z TWILIO_MEDIA bytes=160 pcmBytes=640 rms=0.009338 rmsa=0.017221
2025-10-31T03:33:20.425Z TWILIO_MEDIA bytes=160 pcmBytes=640 rms=0.002549 rmsa=0.012819
2025-10-31T03:33:20.445Z TWILIO_MEDIA bytes=160 pcmBytes=640 rms=0.000930 rmsa=0.009252
2025-10-31T03:33:20.465Z TWILIO_MEDIA bytes=160 pcmBytes=640 rms=0.002174 rmsa=0.007129
2025-10-31T03:33:20.485Z TWILIO_MEDIA bytes=160 pcmBytes=640 rms=0.002280 rmsa=0.005674
2025-10-31T03:33:20.505Z TWILIO_MEDIA bytes=160 pcmBytes=640 rms=0.001910 rmsa=0.004545
2025-10-31T03:33:20.525Z TWILIO_MEDIA bytes=160 pcmBytes=640 rms=0.001919 rmsa=0.003757
2025-10-31T03:33:20.545Z TWILIO_MEDIA bytes=160 pcmBytes=640 rms=0.017779 rmsa=0.007964
2025-10-31T03:33:20.564Z TWILIO_MEDIA bytes=160 pcmBytes=640 rms=0.020676 rmsa=0.011777
2025-10-31T03:33:20.584Z TWILIO_MEDIA bytes=160 pcmBytes=640 rms=0.019788 rmsa=0.014180
2025-10-31T03:33:20.604Z TWILIO_MEDIA bytes=160 pcmBytes=640 rms=0.004581 rmsa=0.011300
2025-10-31T03:33:20.624Z TWILIO_MEDIA bytes=160 pcmBytes=640 rms=0.002725 rmsa=0.008728
2025-10-31T03:33:20.644Z TWILIO_MEDIA bytes=160 pcmBytes=640 rms=0.001475 rmsa=0.006552
2025-10-31T03:33:20.664Z TWILIO_MEDIA bytes=160 pcmBytes=640 rms=0.012330 rmsa=0.008285
2025-10-31T03:33:20.684Z TWILIO_MEDIA bytes=160 pcmBytes=640 rms=0.018846 rmsa=0.011454
2025-10-31T03:33:20.704Z TWILIO_MEDIA bytes=160 pcmBytes=640 rms=0.026076 rmsa=0.015840
2025-10-31T03:33:20.724Z TWILIO_MEDIA bytes=160 pcmBytes=640 rms=0.018572 rmsa=0.016660
2025-10-31T03:33:20.744Z TWILIO_MEDIA bytes=160 pcmBytes=640 rms=0.008991 rmsa=0.014359
2025-10-31T03:33:20.764Z TWILIO_MEDIA bytes=160 pcmBytes=640 rms=0.003431 rmsa=0.011081
2025-10-31T03:33:20.784Z TWILIO_MEDIA bytes=160 pcmBytes=640 rms=0.001531 rmsa=0.008216
2025-10-31T03:33:20.804Z TWILIO_MEDIA bytes=160 pcmBytes=640 rms=0.001758 rmsa=0.006279
2025-10-31T03:33:20.825Z TWILIO_MEDIA bytes=160 pcmBytes=640 rms=0.010736 rmsa=0.007616
2025-10-31T03:33:20.844Z TWILIO_MEDIA bytes=160 pcmBytes=640 rms=0.017205 rmsa=0.010493
2025-10-31T03:33:20.865Z TWILIO_MEDIA bytes=160 pcmBytes=640 rms=0.039590 rmsa=0.019222
2025-10-31T03:33:20.885Z TWILIO_MEDIA bytes=160 pcmBytes=640 rms=0.054163 rmsa=0.029704
2025-10-31T03:33:20.905Z TWILIO_MEDIA bytes=160 pcmBytes=640 rms=0.068158 rmsa=0.041240
2025-10-31T03:33:20.925Z TWILIO_MEDIA bytes=160 pcmBytes=640 rms=0.060549 rmsa=0.047033
2025-10-31T03:33:20.945Z TWILIO_MEDIA bytes=160 pcmBytes=640 rms=0.060210 rmsa=0.050986
2025-10-31T03:33:20.965Z TWILIO_MEDIA bytes=160 pcmBytes=640 rms=0.036080 rmsa=0.046514
2025-10-31T03:33:20.986Z TWILIO_MEDIA bytes=160 pcmBytes=640 rms=0.015286 rmsa=0.037146
2025-10-31T03:33:21.006Z TWILIO_MEDIA bytes=160 pcmBytes=640 rms=0.013253 rmsa=0.029978
2025-10-31T03:33:21.025Z TWILIO_MEDIA bytes=160 pcmBytes=640 rms=0.014021 rmsa=0.025191
2025-10-31T03:33:21.045Z TWILIO_MEDIA bytes=160 pcmBytes=640 rms=0.021297 rmsa=0.024023
2025-10-31T03:33:21.065Z TWILIO_MEDIA bytes=160 pcmBytes=640 rms=0.033204 rmsa=0.026777
2025-10-31T03:33:21.085Z TWILIO_MEDIA bytes=160 pcmBytes=640 rms=0.030482 rmsa=0.027888
2025-10-31T03:33:21.105Z TWILIO_MEDIA bytes=160 pcmBytes=640 rms=0.021904 rmsa=0.026093
2025-10-31T03:33:21.125Z TWILIO_MEDIA bytes=160 pcmBytes=640 rms=0.030127 rmsa=0.027303
2025-10-31T03:33:21.145Z TWILIO_MEDIA bytes=160 pcmBytes=640 rms=0.019718 rmsa=0.025028
2025-10-31T03:33:21.165Z TWILIO_MEDIA bytes=160 pcmBytes=640 rms=0.012978 rmsa=0.021413
2025-10-31T03:33:21.185Z TWILIO_MEDIA bytes=160 pcmBytes=640 rms=0.004285 rmsa=0.016274
2025-10-31T03:33:21.205Z TWILIO_MEDIA bytes=160 pcmBytes=640 rms=0.002029 rmsa=0.012001
2025-10-31T03:33:21.225Z TWILIO_MEDIA bytes=160 pcmBytes=640 rms=0.001093 rmsa=0.008729
2025-10-31T03:33:21.245Z TWILIO_MEDIA bytes=160 pcmBytes=640 rms=0.000453 rmsa=0.006246
2025-10-31T03:33:21.265Z TWILIO_MEDIA bytes=160 pcmBytes=640 rms=0.000304 rmsa=0.004463
2025-10-31T03:33:21.286Z TWILIO_MEDIA bytes=160 pcmBytes=640 rms=0.000244 rmsa=0.003198
2025-10-31T03:33:21.305Z TWILIO_MEDIA bytes=160 pcmBytes=640 rms=0.000244 rmsa=0.002312
2025-10-31T03:33:21.325Z TWILIO_MEDIA bytes=160 pcmBytes=640 rms=0.000244 rmsa=0.001691
2025-10-31T03:33:21.345Z TWILIO_MEDIA bytes=160 pcmBytes=640 rms=0.000244 rmsa=0.001257
2025-10-31T03:33:21.365Z TWILIO_MEDIA bytes=160 pcmBytes=640 rms=0.000244 rmsa=0.000953
2025-10-31T03:33:21.385Z TWILIO_MEDIA bytes=160 pcmBytes=640 rms=0.000244 rmsa=0.000741
2025-10-31T03:33:21.405Z TWILIO_MEDIA bytes=160 pcmBytes=640 rms=0.000244 rmsa=0.000592
2025-10-31T03:33:21.425Z TWILIO_MEDIA bytes=160 pcmBytes=640 rms=0.000244 rmsa=0.000487
2025-10-31T03:33:21.445Z TWILIO_MEDIA bytes=160 pcmBytes=640 rms=0.000244 rmsa=0.000414
2025-10-31T03:33:21.465Z TWILIO_MEDIA bytes=160 pcmBytes=640 rms=0.000244 rmsa=0.000363
2025-10-31T03:33:21.485Z TWILIO_MEDIA bytes=160 pcmBytes=640 rms=0.000244 rmsa=0.000328
2025-10-31T03:33:21.505Z TWILIO_MEDIA bytes=160 pcmBytes=640 rms=0.000244 rmsa=0.000303
2025-10-31T03:33:21.525Z TWILIO_MEDIA bytes=160 pcmBytes=640 rms=0.000244 rmsa=0.000285
2025-10-31T03:33:21.545Z TWILIO_MEDIA bytes=160 pcmBytes=640 rms=0.000244 rmsa=0.000273
2025-10-31T03:33:21.565Z TWILIO_MEDIA bytes=160 pcmBytes=640 rms=0.000244 rmsa=0.000264
2025-10-31T03:33:21.585Z TWILIO_MEDIA bytes=160 pcmBytes=640 rms=0.000244 rmsa=0.000258
2025-10-31T03:33:21.604Z TWILIO_MEDIA bytes=160 pcmBytes=640 rms=0.006599 rmsa=0.002160
2025-10-31T03:33:21.625Z TWILIO_MEDIA bytes=160 pcmBytes=640 rms=0.028851 rmsa=0.010168
2025-10-31T03:33:21.645Z TWILIO_MEDIA bytes=160 pcmBytes=640 rms=0.038558 rmsa=0.018685
2025-10-31T03:33:21.665Z TWILIO_MEDIA bytes=160 pcmBytes=640 rms=0.056520 rmsa=0.030035
2025-10-31T03:33:21.685Z TWILIO_MEDIA bytes=160 pcmBytes=640 rms=0.033562 rmsa=0.031093
2025-10-31T03:33:21.705Z TWILIO_MEDIA bytes=160 pcmBytes=640 rms=0.021016 rmsa=0.028070
2025-10-31T03:33:21.725Z TWILIO_MEDIA bytes=160 pcmBytes=640 rms=0.020215 rmsa=0.025714
2025-10-31T03:33:21.745Z TWILIO_MEDIA bytes=160 pcmBytes=640 rms=0.023510 rmsa=0.025053
2025-10-31T03:33:21.765Z TWILIO_MEDIA bytes=160 pcmBytes=640 rms=0.023486 rmsa=0.024583
2025-10-31T03:33:21.778Z [ASSISTANT] Hallo
2025-10-31T03:33:21.780Z [ASSISTANT] !
2025-10-31T03:33:21.785Z TWILIO_MEDIA bytes=160 pcmBytes=640 rms=0.023539 rmsa=0.024270
2025-10-31T03:33:21.788Z [ASSISTANT]  Hoe
2025-10-31T03:33:21.794Z [ASSISTANT]  gaat
2025-10-31T03:33:21.805Z TWILIO_MEDIA bytes=160 pcmBytes=640 rms=0.043037 rmsa=0.029900
2025-10-31T03:33:21.812Z [ASSISTANT]  het
2025-10-31T03:33:21.814Z [ASSISTANT]  met
2025-10-31T03:33:21.819Z [ASSISTANT]  je
2025-10-31T03:33:21.825Z TWILIO_MEDIA bytes=160 pcmBytes=640 rms=0.042681 rmsa=0.033734
2025-10-31T03:33:21.827Z [ASSISTANT]  vandaag
2025-10-31T03:33:21.845Z TWILIO_MEDIA bytes=160 pcmBytes=640 rms=0.043810 rmsa=0.036757
2025-10-31T03:33:21.865Z TWILIO_MEDIA bytes=160 pcmBytes=640 rms=0.038124 rmsa=0.037167
2025-10-31T03:33:21.885Z TWILIO_MEDIA bytes=160 pcmBytes=640 rms=0.028093 rmsa=0.034445
2025-10-31T03:33:21.889Z [ASSISTANT] ?
2025-10-31T03:33:21.902Z [ASSISTANT] Hallo! Hoe gaat het met je vandaag?
2025-10-31T03:33:21.905Z [ASSISTANT] Hallo! Hoe gaat het met je vandaag?
2025-10-31T03:33:21.909Z TWILIO_MEDIA bytes=160 pcmBytes=640 rms=0.026527 rmsa=0.032069
2025-10-31T03:33:21.915Z [ASSISTANT] Hallo! Hoe gaat het met je vandaag?
2025-10-31T03:33:21.925Z TWILIO_MEDIA bytes=160 pcmBytes=640 rms=0.034435 rmsa=0.032779
2025-10-31T03:33:21.945Z TWILIO_MEDIA bytes=160 pcmBytes=640 rms=0.031206 rmsa=0.032307
2025-10-31T03:33:21.965Z TWILIO_MEDIA bytes=160 pcmBytes=640 rms=0.023432 rmsa=0.029645
2025-10-31T03:33:21.985Z TWILIO_MEDIA bytes=160 pcmBytes=640 rms=0.026137 rmsa=0.028592
2025-10-31T03:33:22.005Z TWILIO_MEDIA bytes=160 pcmBytes=640 rms=0.012190 rmsa=0.023671
2025-10-31T03:33:22.025Z TWILIO_MEDIA bytes=160 pcmBytes=640 rms=0.011083 rmsa=0.019895
2025-10-31T03:33:22.045Z TWILIO_MEDIA bytes=160 pcmBytes=640 rms=0.009545 rmsa=0.016790
2025-10-31T03:33:22.065Z TWILIO_MEDIA bytes=160 pcmBytes=640 rms=0.006853 rmsa=0.013809
2025-10-31T03:33:22.085Z TWILIO_MEDIA bytes=160 pcmBytes=640 rms=0.004787 rmsa=0.011102
2025-10-31T03:33:22.105Z TWILIO_MEDIA bytes=160 pcmBytes=640 rms=0.002358 rmsa=0.008479
2025-10-31T03:33:22.125Z TWILIO_MEDIA bytes=160 pcmBytes=640 rms=0.001467 rmsa=0.006375
2025-10-31T03:33:22.145Z TWILIO_MEDIA bytes=160 pcmBytes=640 rms=0.000957 rmsa=0.004750
2025-10-31T03:33:22.165Z TWILIO_MEDIA bytes=160 pcmBytes=640 rms=0.000362 rmsa=0.003433
2025-10-31T03:33:22.185Z TWILIO_MEDIA bytes=160 pcmBytes=640 rms=0.000244 rmsa=0.002477
2025-10-31T03:33:22.205Z TWILIO_MEDIA bytes=160 pcmBytes=640 rms=0.000244 rmsa=0.001807
2025-10-31T03:33:22.225Z TWILIO_MEDIA bytes=160 pcmBytes=640 rms=0.000244 rmsa=0.001338
2025-10-31T03:33:22.245Z TWILIO_MEDIA bytes=160 pcmBytes=640 rms=0.000244 rmsa=0.001010
2025-10-31T03:33:22.265Z TWILIO_MEDIA bytes=160 pcmBytes=640 rms=0.000244 rmsa=0.000780
2025-10-31T03:33:22.285Z TWILIO_MEDIA bytes=160 pcmBytes=640 rms=0.000244 rmsa=0.000619
2025-10-31T03:33:22.305Z TWILIO_MEDIA bytes=160 pcmBytes=640 rms=0.003519 rmsa=0.001489
2025-10-31T03:33:22.325Z TWILIO_MEDIA bytes=160 pcmBytes=640 rms=0.018460 rmsa=0.006580
2025-10-31T03:33:22.345Z TWILIO_MEDIA bytes=160 pcmBytes=640 rms=0.014550 rmsa=0.008971
2025-10-31T03:33:22.366Z TWILIO_MEDIA bytes=160 pcmBytes=640 rms=0.033082 rmsa=0.016204
2025-10-31T03:33:22.385Z TWILIO_MEDIA bytes=160 pcmBytes=640 rms=0.032872 rmsa=0.021205
2025-10-31T03:33:22.405Z TWILIO_MEDIA bytes=160 pcmBytes=640 rms=0.038136 rmsa=0.026284
2025-10-31T03:33:22.425Z TWILIO_MEDIA bytes=160 pcmBytes=640 rms=0.025435 rmsa=0.026029
2025-10-31T03:33:22.445Z TWILIO_MEDIA bytes=160 pcmBytes=640 rms=0.014116 rmsa=0.022455
2025-10-31T03:33:22.465Z TWILIO_MEDIA bytes=160 pcmBytes=640 rms=0.006837 rmsa=0.017770
2025-10-31T03:33:22.485Z TWILIO_MEDIA bytes=160 pcmBytes=640 rms=0.011779 rmsa=0.015973
2025-10-31T03:33:22.505Z TWILIO_MEDIA bytes=160 pcmBytes=640 rms=0.002337 rmsa=0.011882
2025-10-31T03:33:22.525Z TWILIO_MEDIA bytes=160 pcmBytes=640 rms=0.001218 rmsa=0.008683
2025-10-31T03:33:22.545Z TWILIO_MEDIA bytes=160 pcmBytes=640 rms=0.000745 rmsa=0.006301
2025-10-31T03:33:22.565Z TWILIO_MEDIA bytes=160 pcmBytes=640 rms=0.000337 rmsa=0.004512
2025-10-31T03:33:22.585Z TWILIO_MEDIA bytes=160 pcmBytes=640 rms=0.000244 rmsa=0.003231
2025-10-31T03:33:22.605Z TWILIO_MEDIA bytes=160 pcmBytes=640 rms=0.000244 rmsa=0.002335
2025-10-31T03:33:22.625Z TWILIO_MEDIA bytes=160 pcmBytes=640 rms=0.000244 rmsa=0.001708
2025-10-31T03:33:22.645Z TWILIO_MEDIA bytes=160 pcmBytes=640 rms=0.000244 rmsa=0.001269
2025-10-31T03:33:22.665Z TWILIO_MEDIA bytes=160 pcmBytes=640 rms=0.000244 rmsa=0.000961
2025-10-31T03:33:22.685Z TWILIO_MEDIA bytes=160 pcmBytes=640 rms=0.000244 rmsa=0.000746
2025-10-31T03:33:22.705Z TWILIO_MEDIA bytes=160 pcmBytes=640 rms=0.000244 rmsa=0.000596
2025-10-31T03:33:22.725Z TWILIO_MEDIA bytes=160 pcmBytes=640 rms=0.000244 rmsa=0.000490
2025-10-31T03:33:22.745Z TWILIO_MEDIA bytes=160 pcmBytes=640 rms=0.000244 rmsa=0.000416
2025-10-31T03:33:22.765Z TWILIO_MEDIA bytes=160 pcmBytes=640 rms=0.000244 rmsa=0.000365
2025-10-31T03:33:22.785Z TWILIO_MEDIA bytes=160 pcmBytes=640 rms=0.000244 rmsa=0.000329
2025-10-31T03:33:22.805Z TWILIO_MEDIA bytes=160 pcmBytes=640 rms=0.000244 rmsa=0.000303
2025-10-31T03:33:22.825Z TWILIO_MEDIA bytes=160 pcmBytes=640 rms=0.003615 rmsa=0.001297
2025-10-31T03:33:22.844Z TWILIO_MEDIA bytes=160 pcmBytes=640 rms=0.008262 rmsa=0.003386
2025-10-31T03:33:22.865Z TWILIO_MEDIA bytes=160 pcmBytes=640 rms=0.021336 rmsa=0.008771
2025-10-31T03:33:22.884Z TWILIO_MEDIA bytes=160 pcmBytes=640 rms=0.017042 rmsa=0.011253
2025-10-31T03:33:22.904Z TWILIO_MEDIA bytes=160 pcmBytes=640 rms=0.004455 rmsa=0.009213
2025-10-31T03:33:22.924Z TWILIO_MEDIA bytes=160 pcmBytes=640 rms=0.011414 rmsa=0.009873
2025-10-31T03:33:22.945Z TWILIO_MEDIA bytes=160 pcmBytes=640 rms=0.013684 rmsa=0.011017
2025-10-31T03:33:22.965Z TWILIO_MEDIA bytes=160 pcmBytes=640 rms=0.014359 rmsa=0.012019
2025-10-31T03:33:22.985Z TWILIO_MEDIA bytes=160 pcmBytes=640 rms=0.008675 rmsa=0.011016
2025-10-31T03:33:23.005Z TWILIO_MEDIA bytes=160 pcmBytes=640 rms=0.008335 rmsa=0.010212
2025-10-31T03:33:23.025Z TWILIO_MEDIA bytes=160 pcmBytes=640 rms=0.028884 rmsa=0.015813
2025-10-31T03:33:23.045Z TWILIO_MEDIA bytes=160 pcmBytes=640 rms=0.027832 rmsa=0.019419
2025-10-31T03:33:23.065Z TWILIO_MEDIA bytes=160 pcmBytes=640 rms=0.009817 rmsa=0.016538
2025-10-31T03:33:23.066Z [ASSISTANT] Dat
2025-10-31T03:33:23.069Z [ASSISTANT]  is
2025-10-31T03:33:23.075Z [ASSISTANT]  fijn
2025-10-31T03:33:23.085Z TWILIO_MEDIA bytes=160 pcmBytes=640 rms=0.004961 rmsa=0.013065
2025-10-31T03:33:23.087Z [ASSISTANT]  om
2025-10-31T03:33:23.093Z [ASSISTANT]  te
2025-10-31T03:33:23.101Z [ASSISTANT]  horen
2025-10-31T03:33:23.104Z TWILIO_MEDIA bytes=160 pcmBytes=640 rms=0.001432 rmsa=0.009575
2025-10-31T03:33:23.106Z [ASSISTANT] !
2025-10-31T03:33:23.120Z [ASSISTANT]  Waar
2025-10-31T03:33:23.124Z TWILIO_MEDIA bytes=160 pcmBytes=640 rms=0.001008 rmsa=0.007005
2025-10-31T03:33:23.145Z TWILIO_MEDIA bytes=160 pcmBytes=640 rms=0.008520 rmsa=0.007460
2025-10-31T03:33:23.164Z TWILIO_MEDIA bytes=160 pcmBytes=640 rms=0.083462 rmsa=0.030260
2025-10-31T03:33:23.182Z [ASSISTANT]  heb
2025-10-31T03:33:23.183Z [ASSISTANT]  je
2025-10-31T03:33:23.185Z TWILIO_MEDIA bytes=160 pcmBytes=640 rms=0.056920 rmsa=0.038258
2025-10-31T03:33:23.186Z [ASSISTANT]  zin
2025-10-31T03:33:23.188Z [ASSISTANT]  in
2025-10-31T03:33:23.189Z [ASSISTANT]  om
2025-10-31T03:33:23.190Z [ASSISTANT]  over
2025-10-31T03:33:23.191Z [ASSISTANT]  te
2025-10-31T03:33:23.205Z TWILIO_MEDIA bytes=160 pcmBytes=640 rms=0.051712 rmsa=0.042294
2025-10-31T03:33:23.207Z [ASSISTANT]  praten
2025-10-31T03:33:23.211Z [ASSISTANT]  vandaag
2025-10-31T03:33:23.214Z [ASSISTANT] ?
2025-10-31T03:33:23.225Z TWILIO_MEDIA bytes=160 pcmBytes=640 rms=0.035119 rmsa=0.040142
2025-10-31T03:33:23.235Z [ASSISTANT] Dat is fijn om te horen! Waar heb je zin in om over te praten vandaag?
2025-10-31T03:33:23.235Z [ASSISTANT] Dat is fijn om te horen! Waar heb je zin in om over te praten vandaag?
2025-10-31T03:33:23.242Z [ASSISTANT] Dat is fijn om te horen! Waar heb je zin in om over te praten vandaag?
2025-10-31T03:33:23.244Z TWILIO_MEDIA bytes=160 pcmBytes=640 rms=0.018691 rmsa=0.033707
2025-10-31T03:33:23.265Z TWILIO_MEDIA bytes=160 pcmBytes=640 rms=0.011821 rmsa=0.027141
2025-10-31T03:33:23.285Z TWILIO_MEDIA bytes=160 pcmBytes=640 rms=0.003108 rmsa=0.019931
2025-10-31T03:33:23.305Z TWILIO_MEDIA bytes=160 pcmBytes=640 rms=0.001246 rmsa=0.014326
2025-10-31T03:33:23.325Z TWILIO_MEDIA bytes=160 pcmBytes=640 rms=0.000521 rmsa=0.010184
2025-10-31T03:33:23.345Z TWILIO_MEDIA bytes=160 pcmBytes=640 rms=0.000479 rmsa=0.007273
2025-10-31T03:33:23.365Z TWILIO_MEDIA bytes=160 pcmBytes=640 rms=0.000328 rmsa=0.005189
2025-10-31T03:33:23.385Z TWILIO_MEDIA bytes=160 pcmBytes=640 rms=0.000824 rmsa=0.003879
2025-10-31T03:33:23.405Z TWILIO_MEDIA bytes=160 pcmBytes=640 rms=0.003670 rmsa=0.003817
2025-10-31T03:33:23.425Z TWILIO_MEDIA bytes=160 pcmBytes=640 rms=0.004190 rmsa=0.003929
2025-10-31T03:33:23.445Z TWILIO_MEDIA bytes=160 pcmBytes=640 rms=0.021794 rmsa=0.009288
2025-10-31T03:33:23.465Z TWILIO_MEDIA bytes=160 pcmBytes=640 rms=0.020154 rmsa=0.012548
2025-10-31T03:33:23.485Z TWILIO_MEDIA bytes=160 pcmBytes=640 rms=0.014158 rmsa=0.013031
2025-10-31T03:33:23.505Z TWILIO_MEDIA bytes=160 pcmBytes=640 rms=0.008150 rmsa=0.011567
2025-10-31T03:33:23.525Z TWILIO_MEDIA bytes=160 pcmBytes=640 rms=0.004591 rmsa=0.009474
2025-10-31T03:33:23.545Z TWILIO_MEDIA bytes=160 pcmBytes=640 rms=0.008314 rmsa=0.009126
2025-10-31T03:33:23.566Z TWILIO_MEDIA bytes=160 pcmBytes=640 rms=0.008000 rmsa=0.008788
2025-10-31T03:33:23.585Z TWILIO_MEDIA bytes=160 pcmBytes=640 rms=0.006468 rmsa=0.008092
2025-10-31T03:33:23.605Z TWILIO_MEDIA bytes=160 pcmBytes=640 rms=0.002941 rmsa=0.006547
2025-10-31T03:33:23.625Z TWILIO_MEDIA bytes=160 pcmBytes=640 rms=0.001372 rmsa=0.004994
2025-10-31T03:33:23.645Z TWILIO_MEDIA bytes=160 pcmBytes=640 rms=0.000546 rmsa=0.003660
2025-10-31T03:33:23.665Z TWILIO_MEDIA bytes=160 pcmBytes=640 rms=0.000405 rmsa=0.002683
2025-10-31T03:33:23.685Z TWILIO_MEDIA bytes=160 pcmBytes=640 rms=0.000655 rmsa=0.002075
2025-10-31T03:33:23.705Z TWILIO_MEDIA bytes=160 pcmBytes=640 rms=0.013813 rmsa=0.005596
2025-10-31T03:33:23.725Z TWILIO_MEDIA bytes=160 pcmBytes=640 rms=0.027890 rmsa=0.012285
2025-10-31T03:33:23.745Z TWILIO_MEDIA bytes=160 pcmBytes=640 rms=0.028606 rmsa=0.017181
2025-10-31T03:33:23.765Z TWILIO_MEDIA bytes=160 pcmBytes=640 rms=0.010492 rmsa=0.015174
2025-10-31T03:33:23.784Z TWILIO_MEDIA bytes=160 pcmBytes=640 rms=0.006297 rmsa=0.012511
2025-10-31T03:33:23.805Z TWILIO_MEDIA bytes=160 pcmBytes=640 rms=0.010123 rmsa=0.011795
2025-10-31T03:33:23.825Z TWILIO_MEDIA bytes=160 pcmBytes=640 rms=0.008917 rmsa=0.010931
2025-10-31T03:33:23.845Z TWILIO_MEDIA bytes=160 pcmBytes=640 rms=0.018704 rmsa=0.013263
2025-10-31T03:33:23.865Z TWILIO_MEDIA bytes=160 pcmBytes=640 rms=0.015170 rmsa=0.013835
2025-10-31T03:33:23.885Z TWILIO_MEDIA bytes=160 pcmBytes=640 rms=0.017767 rmsa=0.015015
2025-10-31T03:33:23.904Z TWILIO_MEDIA bytes=160 pcmBytes=640 rms=0.011942 rmsa=0.014093
2025-10-31T03:33:23.925Z TWILIO_MEDIA bytes=160 pcmBytes=640 rms=0.022946 rmsa=0.016749
2025-10-31T03:33:23.945Z TWILIO_MEDIA bytes=160 pcmBytes=640 rms=0.026895 rmsa=0.019793
2025-10-31T03:33:23.965Z TWILIO_MEDIA bytes=160 pcmBytes=640 rms=0.021824 rmsa=0.020402
2025-10-31T03:33:23.986Z TWILIO_MEDIA bytes=160 pcmBytes=640 rms=0.025972 rmsa=0.022073
2025-10-31T03:33:24.005Z TWILIO_MEDIA bytes=160 pcmBytes=640 rms=0.017488 rmsa=0.020698
2025-10-31T03:33:24.025Z TWILIO_MEDIA bytes=160 pcmBytes=640 rms=0.021427 rmsa=0.020916
2025-10-31T03:33:24.045Z TWILIO_MEDIA bytes=160 pcmBytes=640 rms=0.009988 rmsa=0.017638
2025-10-31T03:33:24.065Z TWILIO_MEDIA bytes=160 pcmBytes=640 rms=0.013649 rmsa=0.016441
2025-10-31T03:33:24.085Z TWILIO_MEDIA bytes=160 pcmBytes=640 rms=0.014396 rmsa=0.015828
2025-10-31T03:33:24.105Z TWILIO_MEDIA bytes=160 pcmBytes=640 rms=0.004302 rmsa=0.012370
2025-10-31T03:33:24.125Z TWILIO_MEDIA bytes=160 pcmBytes=640 rms=0.000917 rmsa=0.008934
2025-10-31T03:33:24.145Z TWILIO_MEDIA bytes=160 pcmBytes=640 rms=0.000362 rmsa=0.006362
2025-10-31T03:33:24.166Z TWILIO_MEDIA bytes=160 pcmBytes=640 rms=0.000244 rmsa=0.004527
2025-10-31T03:33:24.185Z TWILIO_MEDIA bytes=160 pcmBytes=640 rms=0.000244 rmsa=0.003242
2025-10-31T03:33:24.205Z TWILIO_MEDIA bytes=160 pcmBytes=640 rms=0.000476 rmsa=0.002412
2025-10-31T03:33:24.225Z TWILIO_MEDIA bytes=160 pcmBytes=640 rms=0.004109 rmsa=0.002921
2025-10-31T03:33:24.245Z TWILIO_MEDIA bytes=160 pcmBytes=640 rms=0.007701 rmsa=0.004355
2025-10-31T03:33:24.265Z TWILIO_MEDIA bytes=160 pcmBytes=640 rms=0.016831 rmsa=0.008098
2025-10-31T03:33:24.285Z TWILIO_MEDIA bytes=160 pcmBytes=640 rms=0.012425 rmsa=0.009396
2025-10-31T03:33:24.305Z TWILIO_MEDIA bytes=160 pcmBytes=640 rms=0.010526 rmsa=0.009735
2025-10-31T03:33:24.325Z TWILIO_MEDIA bytes=160 pcmBytes=640 rms=0.011646 rmsa=0.010308
2025-10-31T03:33:24.345Z TWILIO_MEDIA bytes=160 pcmBytes=640 rms=0.014988 rmsa=0.011712
2025-10-31T03:33:24.365Z TWILIO_MEDIA bytes=160 pcmBytes=640 rms=0.011495 rmsa=0.011647
2025-10-31T03:33:24.385Z TWILIO_MEDIA bytes=160 pcmBytes=640 rms=0.009950 rmsa=0.011138
2025-10-31T03:33:24.405Z TWILIO_MEDIA bytes=160 pcmBytes=640 rms=0.003505 rmsa=0.008848
2025-10-31T03:33:24.425Z TWILIO_MEDIA bytes=160 pcmBytes=640 rms=0.001982 rmsa=0.006788
2025-10-31T03:33:24.445Z TWILIO_MEDIA bytes=160 pcmBytes=640 rms=0.001047 rmsa=0.005066
2025-10-31T03:33:24.465Z TWILIO_MEDIA bytes=160 pcmBytes=640 rms=0.000605 rmsa=0.003728
2025-10-31T03:33:24.485Z TWILIO_MEDIA bytes=160 pcmBytes=640 rms=0.000710 rmsa=0.002822
2025-10-31T03:33:24.505Z TWILIO_MEDIA bytes=160 pcmBytes=640 rms=0.005652 rmsa=0.003671
2025-10-31T03:33:24.525Z TWILIO_MEDIA bytes=160 pcmBytes=640 rms=0.009296 rmsa=0.005359
2025-10-31T03:33:24.545Z TWILIO_MEDIA bytes=160 pcmBytes=640 rms=0.005936 rmsa=0.005532
2025-10-31T03:33:24.565Z TWILIO_MEDIA bytes=160 pcmBytes=640 rms=0.018295 rmsa=0.009361
2025-10-31T03:33:24.585Z TWILIO_MEDIA bytes=160 pcmBytes=640 rms=0.058663 rmsa=0.024152
2025-10-31T03:33:24.605Z TWILIO_MEDIA bytes=160 pcmBytes=640 rms=0.048260 rmsa=0.031384
2025-10-31T03:33:24.625Z TWILIO_MEDIA bytes=160 pcmBytes=640 rms=0.039822 rmsa=0.033915
2025-10-31T03:33:24.635Z [ASSISTANT] Het
2025-10-31T03:33:24.640Z [ASSISTANT]  is
2025-10-31T03:33:24.642Z [ASSISTANT]  altijd
2025-10-31T03:33:24.645Z TWILIO_MEDIA bytes=160 pcmBytes=640 rms=0.022468 rmsa=0.030481
2025-10-31T03:33:24.649Z [ASSISTANT]  leuk
2025-10-31T03:33:24.659Z [ASSISTANT]  om
2025-10-31T03:33:24.665Z TWILIO_MEDIA bytes=160 pcmBytes=640 rms=0.018208 rmsa=0.026799
2025-10-31T03:33:24.669Z [ASSISTANT]  over
2025-10-31T03:33:24.671Z [ASSISTANT]  vakant
2025-10-31T03:33:24.685Z TWILIO_MEDIA bytes=160 pcmBytes=640 rms=0.008216 rmsa=0.021224
2025-10-31T03:33:24.705Z TWILIO_MEDIA bytes=160 pcmBytes=640 rms=0.008555 rmsa=0.017423
2025-10-31T03:33:24.725Z TWILIO_MEDIA bytes=160 pcmBytes=640 rms=0.020058 rmsa=0.018214
2025-10-31T03:33:24.745Z TWILIO_MEDIA bytes=160 pcmBytes=640 rms=0.002794 rmsa=0.013588
2025-10-31T03:33:24.747Z [ASSISTANT] ies
2025-10-31T03:33:24.748Z [ASSISTANT]  te
2025-10-31T03:33:24.749Z [ASSISTANT]  praten
2025-10-31T03:33:24.752Z [ASSISTANT] !
2025-10-31T03:33:24.756Z [ASSISTANT]  Heb
2025-10-31T03:33:24.757Z [ASSISTANT]  je
2025-10-31T03:33:24.758Z [ASSISTANT]  al
2025-10-31T03:33:24.759Z [ASSISTANT]  een
2025-10-31T03:33:24.761Z [ASSISTANT]  specifieke
2025-10-31T03:33:24.762Z [ASSISTANT]  bestemming
2025-10-31T03:33:24.764Z [ASSISTANT]  in
2025-10-31T03:33:24.765Z TWILIO_MEDIA bytes=160 pcmBytes=640 rms=0.002179 rmsa=0.010165
2025-10-31T03:33:24.770Z [ASSISTANT]  gedachten
2025-10-31T03:33:24.780Z [ASSISTANT] ,
2025-10-31T03:33:24.785Z TWILIO_MEDIA bytes=160 pcmBytes=640 rms=0.001161 rmsa=0.007464
2025-10-31T03:33:24.787Z [ASSISTANT]  of
2025-10-31T03:33:24.793Z [ASSISTANT]  ben
2025-10-31T03:33:24.801Z [ASSISTANT]  je
2025-10-31T03:33:24.805Z TWILIO_MEDIA bytes=160 pcmBytes=640 rms=0.003659 rmsa=0.006322
2025-10-31T03:33:24.817Z [ASSISTANT]  nog
2025-10-31T03:33:24.818Z [ASSISTANT]  aan
2025-10-31T03:33:24.823Z [ASSISTANT]  het
2025-10-31T03:33:24.825Z TWILIO_MEDIA bytes=160 pcmBytes=640 rms=0.014694 rmsa=0.008834
2025-10-31T03:33:24.832Z [ASSISTANT]  rond
2025-10-31T03:33:24.842Z [ASSISTANT] k
2025-10-31T03:33:24.845Z TWILIO_MEDIA bytes=160 pcmBytes=640 rms=0.013011 rmsa=0.010087
2025-10-31T03:33:24.849Z [ASSISTANT] ijken
2025-10-31T03:33:24.855Z [ASSISTANT] ?
2025-10-31T03:33:24.865Z TWILIO_MEDIA bytes=160 pcmBytes=640 rms=0.004530 rmsa=0.008420
2025-10-31T03:33:24.885Z TWILIO_MEDIA bytes=160 pcmBytes=640 rms=0.005808 rmsa=0.007636
2025-10-31T03:33:24.886Z [ASSISTANT] Het is altijd leuk om over vakanties te praten! Heb je al een specifieke bestemming in gedachten, of ben je nog aan het rondkijken?
2025-10-31T03:33:24.889Z [ASSISTANT] Het is altijd leuk om over vakanties te praten! Heb je al een specifieke bestemming in gedachten, of ben je nog aan het rondkijken?
2025-10-31T03:33:24.893Z [ASSISTANT] Het is altijd leuk om over vakanties te praten! Heb je al een specifieke bestemming in gedachten, of ben je nog aan het rondkijken?
2025-10-31T03:33:24.905Z TWILIO_MEDIA bytes=160 pcmBytes=640 rms=0.000922 rmsa=0.005622
2025-10-31T03:33:24.925Z TWILIO_MEDIA bytes=160 pcmBytes=640 rms=0.000262 rmsa=0.004014
2025-10-31T03:33:24.945Z TWILIO_MEDIA bytes=160 pcmBytes=640 rms=0.000244 rmsa=0.002883
2025-10-31T03:33:24.965Z TWILIO_MEDIA bytes=160 pcmBytes=640 rms=0.000627 rmsa=0.002206
2025-10-31T03:33:24.985Z TWILIO_MEDIA bytes=160 pcmBytes=640 rms=0.002586 rmsa=0.002320
2025-10-31T03:33:25.006Z TWILIO_MEDIA bytes=160 pcmBytes=640 rms=0.002063 rmsa=0.002243
2025-10-31T03:33:25.025Z TWILIO_MEDIA bytes=160 pcmBytes=640 rms=0.001346 rmsa=0.001974
2025-10-31T03:33:25.045Z TWILIO_MEDIA bytes=160 pcmBytes=640 rms=0.013006 rmsa=0.005283
2025-10-31T03:33:25.065Z TWILIO_MEDIA bytes=160 pcmBytes=640 rms=0.003374 rmsa=0.004711
2025-10-31T03:33:25.085Z TWILIO_MEDIA bytes=160 pcmBytes=640 rms=0.001431 rmsa=0.003727
2025-10-31T03:33:25.105Z TWILIO_MEDIA bytes=160 pcmBytes=640 rms=0.000262 rmsa=0.002687
2025-10-31T03:33:25.125Z TWILIO_MEDIA bytes=160 pcmBytes=640 rms=0.000401 rmsa=0.002001
2025-10-31T03:33:25.145Z TWILIO_MEDIA bytes=160 pcmBytes=640 rms=0.001706 rmsa=0.001913
2025-10-31T03:33:25.165Z TWILIO_MEDIA bytes=160 pcmBytes=640 rms=0.010192 rmsa=0.004396
2025-10-31T03:33:25.185Z TWILIO_MEDIA bytes=160 pcmBytes=640 rms=0.009419 rmsa=0.005903
2025-10-31T03:33:25.205Z TWILIO_MEDIA bytes=160 pcmBytes=640 rms=0.009633 rmsa=0.007022
2025-10-31T03:33:25.225Z TWILIO_MEDIA bytes=160 pcmBytes=640 rms=0.012713 rmsa=0.008729
2025-10-31T03:33:25.245Z TWILIO_MEDIA bytes=160 pcmBytes=640 rms=0.011146 rmsa=0.009455
2025-10-31T03:33:25.265Z TWILIO_MEDIA bytes=160 pcmBytes=640 rms=0.007678 rmsa=0.008922
2025-10-31T03:33:25.285Z TWILIO_MEDIA bytes=160 pcmBytes=640 rms=0.002796 rmsa=0.007084
2025-10-31T03:33:25.305Z TWILIO_MEDIA bytes=160 pcmBytes=640 rms=0.001383 rmsa=0.005374
2025-10-31T03:33:25.325Z TWILIO_MEDIA bytes=160 pcmBytes=640 rms=0.001199 rmsa=0.004121
2025-10-31T03:33:25.345Z TWILIO_MEDIA bytes=160 pcmBytes=640 rms=0.000905 rmsa=0.003156
2025-10-31T03:33:25.365Z TWILIO_MEDIA bytes=160 pcmBytes=640 rms=0.001230 rmsa=0.002579
2025-10-31T03:33:25.385Z TWILIO_MEDIA bytes=160 pcmBytes=640 rms=0.003816 rmsa=0.002950
2025-10-31T03:33:25.405Z TWILIO_MEDIA bytes=160 pcmBytes=640 rms=0.001244 rmsa=0.002438
2025-10-31T03:33:25.425Z TWILIO_MEDIA bytes=160 pcmBytes=640 rms=0.000743 rmsa=0.001929
2025-10-31T03:33:25.445Z TWILIO_MEDIA bytes=160 pcmBytes=640 rms=0.000538 rmsa=0.001512
2025-10-31T03:33:25.465Z TWILIO_MEDIA bytes=160 pcmBytes=640 rms=0.000416 rmsa=0.001183
2025-10-31T03:33:25.485Z TWILIO_MEDIA bytes=160 pcmBytes=640 rms=0.000244 rmsa=0.000901
2025-10-31T03:33:25.505Z TWILIO_MEDIA bytes=160 pcmBytes=640 rms=0.000244 rmsa=0.000704
2025-10-31T03:33:25.526Z TWILIO_MEDIA bytes=160 pcmBytes=640 rms=0.000244 rmsa=0.000566
2025-10-31T03:33:25.545Z TWILIO_MEDIA bytes=160 pcmBytes=640 rms=0.000244 rmsa=0.000470
2025-10-31T03:33:25.565Z TWILIO_MEDIA bytes=160 pcmBytes=640 rms=0.000244 rmsa=0.000402
2025-10-31T03:33:25.585Z TWILIO_MEDIA bytes=160 pcmBytes=640 rms=0.000244 rmsa=0.000355
2025-10-31T03:33:25.605Z TWILIO_MEDIA bytes=160 pcmBytes=640 rms=0.000244 rmsa=0.000321
2025-10-31T03:33:25.625Z TWILIO_MEDIA bytes=160 pcmBytes=640 rms=0.000244 rmsa=0.000298
2025-10-31T03:33:25.645Z TWILIO_MEDIA bytes=160 pcmBytes=640 rms=0.000244 rmsa=0.000282
2025-10-31T03:33:25.665Z TWILIO_MEDIA bytes=160 pcmBytes=640 rms=0.000244 rmsa=0.000271
2025-10-31T03:33:25.685Z TWILIO_MEDIA bytes=160 pcmBytes=640 rms=0.000244 rmsa=0.000263
2025-10-31T03:33:25.705Z TWILIO_MEDIA bytes=160 pcmBytes=640 rms=0.000244 rmsa=0.000257
2025-10-31T03:33:25.725Z TWILIO_MEDIA bytes=160 pcmBytes=640 rms=0.000244 rmsa=0.000253
2025-10-31T03:33:25.745Z TWILIO_MEDIA bytes=160 pcmBytes=640 rms=0.000401 rmsa=0.000298
2025-10-31T03:33:25.765Z TWILIO_MEDIA bytes=160 pcmBytes=640 rms=0.000912 rmsa=0.000482
2025-10-31T03:33:25.785Z TWILIO_MEDIA bytes=160 pcmBytes=640 rms=0.001403 rmsa=0.000758
2025-10-31T03:33:25.805Z TWILIO_MEDIA bytes=160 pcmBytes=640 rms=0.001089 rmsa=0.000858
2025-10-31T03:33:25.825Z TWILIO_MEDIA bytes=160 pcmBytes=640 rms=0.001806 rmsa=0.001142
2025-10-31T03:33:25.845Z TWILIO_MEDIA bytes=160 pcmBytes=640 rms=0.002394 rmsa=0.001518
2025-10-31T03:33:25.864Z TWILIO_MEDIA bytes=160 pcmBytes=640 rms=0.001190 rmsa=0.001419
2025-10-31T03:33:25.885Z TWILIO_MEDIA bytes=160 pcmBytes=640 rms=0.000562 rmsa=0.001162
2025-10-31T03:33:25.905Z TWILIO_MEDIA bytes=160 pcmBytes=640 rms=0.000382 rmsa=0.000928
2025-10-31T03:33:25.925Z TWILIO_MEDIA bytes=160 pcmBytes=640 rms=0.000244 rmsa=0.000723
2025-10-31T03:33:25.944Z TWILIO_MEDIA bytes=160 pcmBytes=640 rms=0.000244 rmsa=0.000579
2025-10-31T03:33:25.965Z TWILIO_MEDIA bytes=160 pcmBytes=640 rms=0.000244 rmsa=0.000479
2025-10-31T03:33:25.985Z TWILIO_MEDIA bytes=160 pcmBytes=640 rms=0.000244 rmsa=0.000408
2025-10-31T03:33:26.005Z TWILIO_MEDIA bytes=160 pcmBytes=640 rms=0.000244 rmsa=0.000359
2025-10-31T03:33:26.025Z TWILIO_MEDIA bytes=160 pcmBytes=640 rms=0.000244 rmsa=0.000325
2025-10-31T03:33:26.045Z TWILIO_MEDIA bytes=160 pcmBytes=640 rms=0.000244 rmsa=0.000300
2025-10-31T03:33:26.065Z TWILIO_MEDIA bytes=160 pcmBytes=640 rms=0.000244 rmsa=0.000284
2025-10-31T03:33:26.084Z TWILIO_MEDIA bytes=160 pcmBytes=640 rms=0.000244 rmsa=0.000272
2025-10-31T03:33:26.105Z TWILIO_MEDIA bytes=160 pcmBytes=640 rms=0.000244 rmsa=0.000263
2025-10-31T03:33:26.125Z TWILIO_MEDIA bytes=160 pcmBytes=640 rms=0.000244 rmsa=0.000258
2025-10-31T03:33:26.145Z TWILIO_MEDIA bytes=160 pcmBytes=640 rms=0.000244 rmsa=0.000254
2025-10-31T03:33:26.165Z TWILIO_MEDIA bytes=160 pcmBytes=640 rms=0.000244 rmsa=0.000251
2025-10-31T03:33:26.185Z TWILIO_MEDIA bytes=160 pcmBytes=640 rms=0.000244 rmsa=0.000249
2025-10-31T03:33:26.205Z TWILIO_MEDIA bytes=160 pcmBytes=640 rms=0.000244 rmsa=0.000247
2025-10-31T03:33:26.224Z TWILIO_MEDIA bytes=160 pcmBytes=640 rms=0.000244 rmsa=0.000246
2025-10-31T03:33:26.245Z TWILIO_MEDIA bytes=160 pcmBytes=640 rms=0.000244 rmsa=0.000246
2025-10-31T03:33:26.265Z TWILIO_MEDIA bytes=160 pcmBytes=640 rms=0.000244 rmsa=0.000245
2025-10-31T03:33:26.285Z TWILIO_MEDIA bytes=160 pcmBytes=640 rms=0.000244 rmsa=0.000245
2025-10-31T03:33:26.304Z TWILIO_MEDIA bytes=160 pcmBytes=640 rms=0.000244 rmsa=0.000245
2025-10-31T03:33:26.325Z TWILIO_MEDIA bytes=160 pcmBytes=640 rms=0.000244 rmsa=0.000245
2025-10-31T03:33:26.345Z TWILIO_MEDIA bytes=160 pcmBytes=640 rms=0.000244 rmsa=0.000244
2025-10-31T03:33:26.365Z TWILIO_MEDIA bytes=160 pcmBytes=640 rms=0.000244 rmsa=0.000244
2025-10-31T03:33:26.385Z TWILIO_MEDIA bytes=160 pcmBytes=640 rms=0.000244 rmsa=0.000244
2025-10-31T03:33:26.405Z TWILIO_MEDIA bytes=160 pcmBytes=640 rms=0.000244 rmsa=0.000244
2025-10-31T03:33:26.424Z TWILIO_MEDIA bytes=160 pcmBytes=640 rms=0.000244 rmsa=0.000244
2025-10-31T03:33:26.445Z TWILIO_MEDIA bytes=160 pcmBytes=640 rms=0.000244 rmsa=0.000244
2025-10-31T03:33:26.465Z TWILIO_MEDIA bytes=160 pcmBytes=640 rms=0.000244 rmsa=0.000244
2025-10-31T03:33:26.485Z TWILIO_MEDIA bytes=160 pcmBytes=640 rms=0.000244 rmsa=0.000244
2025-10-31T03:33:26.505Z TWILIO_MEDIA bytes=160 pcmBytes=640 rms=0.000244 rmsa=0.000244
2025-10-31T03:33:26.525Z TWILIO_MEDIA bytes=160 pcmBytes=640 rms=0.000244 rmsa=0.000244
2025-10-31T03:33:26.545Z TWILIO_MEDIA bytes=160 pcmBytes=640 rms=0.000244 rmsa=0.000244
2025-10-31T03:33:26.565Z TWILIO_MEDIA bytes=160 pcmBytes=640 rms=0.000244 rmsa=0.000244
2025-10-31T03:33:26.585Z TWILIO_MEDIA bytes=160 pcmBytes=640 rms=0.000244 rmsa=0.000244
2025-10-31T03:33:26.605Z TWILIO_MEDIA bytes=160 pcmBytes=640 rms=0.000244 rmsa=0.000244
2025-10-31T03:33:26.625Z TWILIO_MEDIA bytes=160 pcmBytes=640 rms=0.000244 rmsa=0.000244
2025-10-31T03:33:26.645Z TWILIO_MEDIA bytes=160 pcmBytes=640 rms=0.000244 rmsa=0.000244
2025-10-31T03:33:26.665Z TWILIO_MEDIA bytes=160 pcmBytes=640 rms=0.000244 rmsa=0.000244
2025-10-31T03:33:26.685Z TWILIO_MEDIA bytes=160 pcmBytes=640 rms=0.000244 rmsa=0.000244
2025-10-31T03:33:26.705Z TWILIO_MEDIA bytes=160 pcmBytes=640 rms=0.000244 rmsa=0.000244
2025-10-31T03:33:26.725Z TWILIO_MEDIA bytes=160 pcmBytes=640 rms=0.000244 rmsa=0.000244
2025-10-31T03:33:26.745Z TWILIO_MEDIA bytes=160 pcmBytes=640 rms=0.000244 rmsa=0.000244
2025-10-31T03:33:26.765Z TWILIO_MEDIA bytes=160 pcmBytes=640 rms=0.000244 rmsa=0.000244
2025-10-31T03:33:26.785Z TWILIO_MEDIA bytes=160 pcmBytes=640 rms=0.000244 rmsa=0.000244
2025-10-31T03:33:26.805Z TWILIO_MEDIA bytes=160 pcmBytes=640 rms=0.000244 rmsa=0.000244
2025-10-31T03:33:26.825Z TWILIO_MEDIA bytes=160 pcmBytes=640 rms=0.000244 rmsa=0.000244
2025-10-31T03:33:26.845Z TWILIO_MEDIA bytes=160 pcmBytes=640 rms=0.000244 rmsa=0.000244
2025-10-31T03:33:26.865Z TWILIO_MEDIA bytes=160 pcmBytes=640 rms=0.000244 rmsa=0.000244
2025-10-31T03:33:26.885Z TWILIO_MEDIA bytes=160 pcmBytes=640 rms=0.000244 rmsa=0.000244
2025-10-31T03:33:26.905Z TWILIO_MEDIA bytes=160 pcmBytes=640 rms=0.000244 rmsa=0.000244
2025-10-31T03:33:26.925Z TWILIO_MEDIA bytes=160 pcmBytes=640 rms=0.000244 rmsa=0.000244
2025-10-31T03:33:26.945Z TWILIO_MEDIA bytes=160 pcmBytes=640 rms=0.000244 rmsa=0.000244
2025-10-31T03:33:26.965Z TWILIO_MEDIA bytes=160 pcmBytes=640 rms=0.000244 rmsa=0.000244
2025-10-31T03:33:26.985Z TWILIO_MEDIA bytes=160 pcmBytes=640 rms=0.000244 rmsa=0.000244
2025-10-31T03:33:27.005Z TWILIO_MEDIA bytes=160 pcmBytes=640 rms=0.000244 rmsa=0.000244
2025-10-31T03:33:27.024Z TWILIO_MEDIA bytes=160 pcmBytes=640 rms=0.000244 rmsa=0.000244
2025-10-31T03:33:27.045Z TWILIO_MEDIA bytes=160 pcmBytes=640 rms=0.000244 rmsa=0.000244
2025-10-31T03:33:27.065Z TWILIO_MEDIA bytes=160 pcmBytes=640 rms=0.000244 rmsa=0.000244
2025-10-31T03:33:27.085Z TWILIO_MEDIA bytes=160 pcmBytes=640 rms=0.000244 rmsa=0.000244
2025-10-31T03:33:27.105Z TWILIO_MEDIA bytes=160 pcmBytes=640 rms=0.000244 rmsa=0.000244
2025-10-31T03:33:27.125Z TWILIO_MEDIA bytes=160 pcmBytes=640 rms=0.000244 rmsa=0.000244
2025-10-31T03:33:27.145Z TWILIO_MEDIA bytes=160 pcmBytes=640 rms=0.000244 rmsa=0.000244
2025-10-31T03:33:27.165Z TWILIO_MEDIA bytes=160 pcmBytes=640 rms=0.000244 rmsa=0.000244
2025-10-31T03:33:27.184Z TWILIO_MEDIA bytes=160 pcmBytes=640 rms=0.000244 rmsa=0.000244
2025-10-31T03:33:27.205Z TWILIO_MEDIA bytes=160 pcmBytes=640 rms=0.000244 rmsa=0.000244
2025-10-31T03:33:27.225Z TWILIO_MEDIA bytes=160 pcmBytes=640 rms=0.000244 rmsa=0.000244
2025-10-31T03:33:27.245Z TWILIO_MEDIA bytes=160 pcmBytes=640 rms=0.000244 rmsa=0.000244
2025-10-31T03:33:27.264Z TWILIO_MEDIA bytes=160 pcmBytes=640 rms=0.000244 rmsa=0.000244
2025-10-31T03:33:27.284Z [ASSISTANT] It
2025-10-31T03:33:27.285Z TWILIO_MEDIA bytes=160 pcmBytes=640 rms=0.000244 rmsa=0.000244
2025-10-31T03:33:27.288Z [ASSISTANT] ali
2025-10-31T03:33:27.295Z [ASSISTANT] ë
2025-10-31T03:33:27.305Z TWILIO_MEDIA bytes=160 pcmBytes=640 rms=0.000244 rmsa=0.000244
2025-10-31T03:33:27.305Z [ASSISTANT]  is
2025-10-31T03:33:27.312Z [ASSISTANT]  een
2025-10-31T03:33:27.320Z [ASSISTANT]  prachtige
2025-10-31T03:33:27.325Z TWILIO_MEDIA bytes=160 pcmBytes=640 rms=0.000244 rmsa=0.000244
2025-10-31T03:33:27.327Z [ASSISTANT]  keuze
2025-10-31T03:33:27.345Z TWILIO_MEDIA bytes=160 pcmBytes=640 rms=0.000244 rmsa=0.000244
2025-10-31T03:33:27.365Z TWILIO_MEDIA bytes=160 pcmBytes=640 rms=0.000244 rmsa=0.000244
2025-10-31T03:33:27.385Z TWILIO_MEDIA bytes=160 pcmBytes=640 rms=0.000244 rmsa=0.000244
2025-10-31T03:33:27.397Z [ASSISTANT] !
2025-10-31T03:33:27.399Z [ASSISTANT]  Ben
2025-10-31T03:33:27.400Z [ASSISTANT]  je
2025-10-31T03:33:27.401Z [ASSISTANT]  van
2025-10-31T03:33:27.402Z [ASSISTANT]  plan
2025-10-31T03:33:27.402Z [ASSISTANT]  om
2025-10-31T03:33:27.404Z [ASSISTANT]  een
2025-10-31T03:33:27.405Z TWILIO_MEDIA bytes=160 pcmBytes=640 rms=0.000244 rmsa=0.000244
2025-10-31T03:33:27.406Z [ASSISTANT]  specifieke
2025-10-31T03:33:27.407Z [ASSISTANT]  stad
2025-10-31T03:33:27.412Z [ASSISTANT]  te
2025-10-31T03:33:27.420Z [ASSISTANT]  bezoeken
2025-10-31T03:33:27.425Z TWILIO_MEDIA bytes=160 pcmBytes=640 rms=0.000244 rmsa=0.000244
2025-10-31T03:33:27.428Z [ASSISTANT] ,
2025-10-31T03:33:27.439Z [ASSISTANT]  zoals
2025-10-31T03:33:27.443Z [ASSISTANT]  Rome
2025-10-31T03:33:27.444Z TWILIO_MEDIA bytes=160 pcmBytes=640 rms=0.000244 rmsa=0.000244
2025-10-31T03:33:27.454Z [ASSISTANT]  of
2025-10-31T03:33:27.458Z [ASSISTANT]  Florence
2025-10-31T03:33:27.464Z TWILIO_MEDIA bytes=160 pcmBytes=640 rms=0.000244 rmsa=0.000244
2025-10-31T03:33:27.466Z [ASSISTANT] ,
2025-10-31T03:33:27.475Z [ASSISTANT]  of
2025-10-31T03:33:27.482Z [ASSISTANT]  wil
2025-10-31T03:33:27.484Z TWILIO_MEDIA bytes=160 pcmBytes=640 rms=0.000244 rmsa=0.000244
2025-10-31T03:33:27.489Z [ASSISTANT]  je
2025-10-31T03:33:27.498Z [ASSISTANT]  rond
2025-10-31T03:33:27.504Z TWILIO_MEDIA bytes=160 pcmBytes=640 rms=0.000244 rmsa=0.000244
2025-10-31T03:33:27.506Z [ASSISTANT] re
2025-10-31T03:33:27.522Z [ASSISTANT] izen
2025-10-31T03:33:27.523Z [ASSISTANT]  door
2025-10-31T03:33:27.525Z TWILIO_MEDIA bytes=160 pcmBytes=640 rms=0.000244 rmsa=0.000244
2025-10-31T03:33:27.532Z [ASSISTANT]  het
2025-10-31T03:33:27.536Z [ASSISTANT]  hele
2025-10-31T03:33:27.545Z TWILIO_MEDIA bytes=160 pcmBytes=640 rms=0.000244 rmsa=0.000244
2025-10-31T03:33:27.553Z [ASSISTANT]  land
2025-10-31T03:33:27.555Z [ASSISTANT] ?
2025-10-31T03:33:27.565Z TWILIO_MEDIA bytes=160 pcmBytes=640 rms=0.000244 rmsa=0.000244
2025-10-31T03:33:27.581Z [ASSISTANT] Italië is een prachtige keuze! Ben je van plan om een specifieke stad te bezoeken, zoals Rome of Florence, of wil je rondreizen door het hele land?
2025-10-31T03:33:27.583Z [ASSISTANT] Italië is een prachtige keuze! Ben je van plan om een specifieke stad te bezoeken, zoals Rome of Florence, of wil je rondreizen door het hele land?
2025-10-31T03:33:27.585Z TWILIO_MEDIA bytes=160 pcmBytes=640 rms=0.000244 rmsa=0.000244
2025-10-31T03:33:27.589Z [ASSISTANT] Italië is een prachtige keuze! Ben je van plan om een specifieke stad te bezoeken, zoals Rome of Florence, of wil je rondreizen door het hele land?
2025-10-31T03:33:27.605Z TWILIO_MEDIA bytes=160 pcmBytes=640 rms=0.000244 rmsa=0.000244
2025-10-31T03:33:27.625Z TWILIO_MEDIA bytes=160 pcmBytes=640 rms=0.000244 rmsa=0.000244
2025-10-31T03:33:27.645Z TWILIO_MEDIA bytes=160 pcmBytes=640 rms=0.000244 rmsa=0.000244
2025-10-31T03:33:27.665Z TWILIO_MEDIA bytes=160 pcmBytes=640 rms=0.000244 rmsa=0.000244
2025-10-31T03:33:27.685Z TWILIO_MEDIA bytes=160 pcmBytes=640 rms=0.000244 rmsa=0.000244
2025-10-31T03:33:27.705Z TWILIO_MEDIA bytes=160 pcmBytes=640 rms=0.000244 rmsa=0.000244
2025-10-31T03:33:27.725Z TWILIO_MEDIA bytes=160 pcmBytes=640 rms=0.000244 rmsa=0.000244
2025-10-31T03:33:27.745Z TWILIO_MEDIA bytes=160 pcmBytes=640 rms=0.000244 rmsa=0.000244
2025-10-31T03:33:27.802Z TWILIO_STOP: {"sid":"MZ0e433b6570114862c24c91109d58b3c5"}
2025-10-31T03:33:27.802Z CALL_END: MZ0e433b6570114862c24c91109d58b3c5
