2025-10-31T03:36:09.746Z CALL_START: MZ8a7394e3457a5aeeea727c132702ff14
2025-10-31T03:36:09.746Z TWILIO_START: {"sid":"MZ8a7394e3457a5aeeea727c132702ff14"}
2025-10-31T03:36:09.746Z TWILIO_MEDIA bytes=160 pcmBytes=640 rms=0.000244 rmsa=0.000073
2025-10-31T03:36:09.747Z TWILIO_MEDIA bytes=160 pcmBytes=640 rms=0.000244 rmsa=0.000125
2025-10-31T03:36:09.747Z TWILIO_MEDIA bytes=160 pcmBytes=640 rms=0.000244 rmsa=0.000160
2025-10-31T03:36:09.747Z TWILIO_MEDIA bytes=160 pcmBytes=640 rms=0.000244 rmsa=0.000186
2025-10-31T03:36:09.747Z TWILIO_MEDIA bytes=160 pcmBytes=640 rms=0.000244 rmsa=0.000203
2025-10-31T03:36:09.748Z TWILIO_MEDIA bytes=160 pcmBytes=640 rms=0.000244 rmsa=0.000215
2025-10-31T03:36:09.748Z TWILIO_MEDIA bytes=160 pcmBytes=640 rms=0.000244 rmsa=0.000224
2025-10-31T03:36:09.748Z TWILIO_MEDIA bytes=160 pcmBytes=640 rms=0.000244 rmsa=0.000230
2025-10-31T03:36:09.748Z TWILIO_MEDIA bytes=160 pcmBytes=640 rms=0.000244 rmsa=0.000234
2025-10-31T03:36:09.748Z TWILIO_MEDIA bytes=160 pcmBytes=640 rms=0.000244 rmsa=0.000237
2025-10-31T03:36:09.749Z TWILIO_MEDIA bytes=160 pcmBytes=640 rms=0.000244 rmsa=0.000239
2025-10-31T03:36:09.750Z TWILIO_MEDIA bytes=160 pcmBytes=640 rms=0.000244 rmsa=0.000241
2025-10-31T03:36:09.771Z TWILIO_MEDIA bytes=160 pcmBytes=640 rms=0.000244 rmsa=0.000242
2025-10-31T03:36:09.791Z TWILIO_MEDIA bytes=160 pcmBytes=640 rms=0.000244 rmsa=0.000242
2025-10-31T03:36:09.844Z TWILIO_MEDIA bytes=160 pcmBytes=640 rms=0.000244 rmsa=0.000243
2025-10-31T03:36:09.845Z TWILIO_MEDIA bytes=160 pcmBytes=640 rms=0.000244 rmsa=0.000243
2025-10-31T03:36:09.851Z TWILIO_MEDIA bytes=160 pcmBytes=640 rms=0.000244 rmsa=0.000244
2025-10-31T03:36:09.871Z TWILIO_MEDIA bytes=160 pcmBytes=640 rms=0.000244 rmsa=0.000244
2025-10-31T03:36:09.891Z TWILIO_MEDIA bytes=160 pcmBytes=640 rms=0.000244 rmsa=0.000244
2025-10-31T03:36:09.911Z TWILIO_MEDIA bytes=160 pcmBytes=640 rms=0.000244 rmsa=0.000244
2025-10-31T03:36:09.931Z TWILIO_MEDIA bytes=160 pcmBytes=640 rms=0.000244 rmsa=0.000244
2025-10-31T03:36:09.951Z TWILIO_MEDIA bytes=160 pcmBytes=640 rms=0.000244 rmsa=0.000244
2025-10-31T03:36:09.971Z TWILIO_MEDIA bytes=160 pcmBytes=640 rms=0.000244 rmsa=0.000244
2025-10-31T03:36:09.991Z TWILIO_MEDIA bytes=160 pcmBytes=640 rms=0.000244 rmsa=0.000244
2025-10-31T03:36:10.011Z TWILIO_MEDIA bytes=160 pcmBytes=640 rms=0.000244 rmsa=0.000244
2025-10-31T03:36:10.031Z TWILIO_MEDIA bytes=160 pcmBytes=640 rms=0.000244 rmsa=0.000244
2025-10-31T03:36:10.051Z TWILIO_MEDIA bytes=160 pcmBytes=640 rms=0.000244 rmsa=0.000244
2025-10-31T03:36:10.071Z TWILIO_MEDIA bytes=160 pcmBytes=640 rms=0.000244 rmsa=0.000244
2025-10-31T03:36:10.091Z TWILIO_MEDIA bytes=160 pcmBytes=640 rms=0.004722 rmsa=0.001588
2025-10-31T03:36:10.111Z TWILIO_MEDIA bytes=160 pcmBytes=640 rms=0.010326 rmsa=0.004209
2025-10-31T03:36:10.131Z TWILIO_MEDIA bytes=160 pcmBytes=640 rms=0.012657 rmsa=0.006744
2025-10-31T03:36:10.151Z TWILIO_MEDIA bytes=160 pcmBytes=640 rms=0.016277 rmsa=0.009604
2025-10-31T03:36:10.171Z TWILIO_MEDIA bytes=160 pcmBytes=640 rms=0.020080 rmsa=0.012747
2025-10-31T03:36:10.191Z TWILIO_MEDIA bytes=160 pcmBytes=640 rms=0.023539 rmsa=0.015984
2025-10-31T03:36:10.211Z TWILIO_MEDIA bytes=160 pcmBytes=640 rms=0.027279 rmsa=0.019373
2025-10-31T03:36:10.231Z TWILIO_MEDIA bytes=160 pcmBytes=640 rms=0.032001 rmsa=0.023161
2025-10-31T03:36:10.251Z TWILIO_MEDIA bytes=160 pcmBytes=640 rms=0.027143 rmsa=0.024356
2025-10-31T03:36:10.271Z TWILIO_MEDIA bytes=160 pcmBytes=640 rms=0.018371 rmsa=0.022560
2025-10-31T03:36:10.291Z TWILIO_MEDIA bytes=160 pcmBytes=640 rms=0.017001 rmsa=0.020893
2025-10-31T03:36:10.311Z TWILIO_MEDIA bytes=160 pcmBytes=640 rms=0.015054 rmsa=0.019141
2025-10-31T03:36:10.331Z TWILIO_MEDIA bytes=160 pcmBytes=640 rms=0.015033 rmsa=0.017909
2025-10-31T03:36:10.351Z TWILIO_MEDIA bytes=160 pcmBytes=640 rms=0.016235 rmsa=0.017407
2025-10-31T03:36:10.372Z TWILIO_MEDIA bytes=160 pcmBytes=640 rms=0.007525 rmsa=0.014442
2025-10-31T03:36:10.391Z TWILIO_MEDIA bytes=160 pcmBytes=640 rms=0.002601 rmsa=0.010890
2025-10-31T03:36:10.411Z TWILIO_MEDIA bytes=160 pcmBytes=640 rms=0.000634 rmsa=0.007813
2025-10-31T03:36:10.431Z TWILIO_MEDIA bytes=160 pcmBytes=640 rms=0.000350 rmsa=0.005574
2025-10-31T03:36:10.451Z TWILIO_MEDIA bytes=160 pcmBytes=640 rms=0.000244 rmsa=0.003975
2025-10-31T03:36:10.471Z TWILIO_MEDIA bytes=160 pcmBytes=640 rms=0.000374 rmsa=0.002895
2025-10-31T03:36:10.491Z TWILIO_MEDIA bytes=160 pcmBytes=640 rms=0.004281 rmsa=0.003311
2025-10-31T03:36:10.511Z TWILIO_MEDIA bytes=160 pcmBytes=640 rms=0.009392 rmsa=0.005135
2025-10-31T03:36:10.531Z TWILIO_MEDIA bytes=160 pcmBytes=640 rms=0.005621 rmsa=0.005281
2025-10-31T03:36:10.551Z TWILIO_MEDIA bytes=160 pcmBytes=640 rms=0.014467 rmsa=0.008037
2025-10-31T03:36:10.571Z TWILIO_MEDIA bytes=160 pcmBytes=640 rms=0.033957 rmsa=0.015813
2025-10-31T03:36:10.591Z TWILIO_MEDIA bytes=160 pcmBytes=640 rms=0.022872 rmsa=0.017931
2025-10-31T03:36:10.611Z TWILIO_MEDIA bytes=160 pcmBytes=640 rms=0.014833 rmsa=0.017001
2025-10-31T03:36:10.631Z TWILIO_MEDIA bytes=160 pcmBytes=640 rms=0.004041 rmsa=0.013113
2025-10-31T03:36:10.653Z TWILIO_MEDIA bytes=160 pcmBytes=640 rms=0.000986 rmsa=0.009475
2025-10-31T03:36:10.672Z TWILIO_MEDIA bytes=160 pcmBytes=640 rms=0.000354 rmsa=0.006739
2025-10-31T03:36:10.691Z TWILIO_MEDIA bytes=160 pcmBytes=640 rms=0.000244 rmsa=0.004790
2025-10-31T03:36:10.711Z TWILIO_MEDIA bytes=160 pcmBytes=640 rms=0.000244 rmsa=0.003426
2025-10-31T03:36:10.731Z TWILIO_MEDIA bytes=160 pcmBytes=640 rms=0.000244 rmsa=0.002472
2025-10-31T03:36:10.751Z TWILIO_MEDIA bytes=160 pcmBytes=640 rms=0.010535 rmsa=0.004891
2025-10-31T03:36:10.771Z TWILIO_MEDIA bytes=160 pcmBytes=640 rms=0.020508 rmsa=0.009576
2025-10-31T03:36:10.791Z TWILIO_MEDIA bytes=160 pcmBytes=640 rms=0.018009 rmsa=0.012106
2025-10-31T03:36:10.811Z TWILIO_MEDIA bytes=160 pcmBytes=640 rms=0.023473 rmsa=0.015516
2025-10-31T03:36:10.831Z TWILIO_MEDIA bytes=160 pcmBytes=640 rms=0.019012 rmsa=0.016565
2025-10-31T03:36:10.851Z TWILIO_MEDIA bytes=160 pcmBytes=640 rms=0.020735 rmsa=0.017816
2025-10-31T03:36:10.871Z TWILIO_MEDIA bytes=160 pcmBytes=640 rms=0.012433 rmsa=0.016201
2025-10-31T03:36:10.891Z TWILIO_MEDIA bytes=160 pcmBytes=640 rms=0.026360 rmsa=0.019249
2025-10-31T03:36:10.911Z TWILIO_MEDIA bytes=160 pcmBytes=640 rms=0.021087 rmsa=0.019800
2025-10-31T03:36:10.931Z TWILIO_MEDIA bytes=160 pcmBytes=640 rms=0.016644 rmsa=0.018853
2025-10-31T03:36:10.951Z TWILIO_MEDIA bytes=160 pcmBytes=640 rms=0.005068 rmsa=0.014718
2025-10-31T03:36:10.971Z TWILIO_MEDIA bytes=160 pcmBytes=640 rms=0.002477 rmsa=0.011046
2025-10-31T03:36:10.991Z TWILIO_MEDIA bytes=160 pcmBytes=640 rms=0.002226 rmsa=0.008400
2025-10-31T03:36:11.011Z TWILIO_MEDIA bytes=160 pcmBytes=640 rms=0.001428 rmsa=0.006308
2025-10-31T03:36:11.031Z TWILIO_MEDIA bytes=160 pcmBytes=640 rms=0.000382 rmsa=0.004530
2025-10-31T03:36:11.051Z TWILIO_MEDIA bytes=160 pcmBytes=640 rms=0.000244 rmsa=0.003245
2025-10-31T03:36:11.071Z TWILIO_MEDIA bytes=160 pcmBytes=640 rms=0.000244 rmsa=0.002344
2025-10-31T03:36:11.091Z TWILIO_MEDIA bytes=160 pcmBytes=640 rms=0.000294 rmsa=0.001729
2025-10-31T03:36:11.111Z TWILIO_MEDIA bytes=160 pcmBytes=640 rms=0.001764 rmsa=0.001740
2025-10-31T03:36:11.131Z TWILIO_MEDIA bytes=160 pcmBytes=640 rms=0.005032 rmsa=0.002727
2025-10-31T03:36:11.151Z TWILIO_MEDIA bytes=160 pcmBytes=640 rms=0.010564 rmsa=0.005078
2025-10-31T03:36:11.171Z TWILIO_MEDIA bytes=160 pcmBytes=640 rms=0.007847 rmsa=0.005909
2025-10-31T03:36:11.191Z TWILIO_MEDIA bytes=160 pcmBytes=640 rms=0.010062 rmsa=0.007155
2025-10-31T03:36:11.211Z TWILIO_MEDIA bytes=160 pcmBytes=640 rms=0.007475 rmsa=0.007251
2025-10-31T03:36:11.231Z TWILIO_MEDIA bytes=160 pcmBytes=640 rms=0.006777 rmsa=0.007109
2025-10-31T03:36:11.252Z TWILIO_MEDIA bytes=160 pcmBytes=640 rms=0.004889 rmsa=0.006443
2025-10-31T03:36:11.271Z TWILIO_MEDIA bytes=160 pcmBytes=640 rms=0.002010 rmsa=0.005113
2025-10-31T03:36:11.291Z TWILIO_MEDIA bytes=160 pcmBytes=640 rms=0.000884 rmsa=0.003844
2025-10-31T03:36:11.311Z TWILIO_MEDIA bytes=160 pcmBytes=640 rms=0.000350 rmsa=0.002796
2025-10-31T03:36:11.316Z [ASSISTANT] Hallo
2025-10-31T03:36:11.319Z [ASSISTANT] !
2025-10-31T03:36:11.326Z [ASSISTANT]  Waar
2025-10-31T03:36:11.331Z TWILIO_MEDIA bytes=160 pcmBytes=640 rms=0.001298 rmsa=0.002346
2025-10-31T03:36:11.333Z [ASSISTANT] mee
2025-10-31T03:36:11.342Z [ASSISTANT]  kan
2025-10-31T03:36:11.350Z [ASSISTANT]  ik
2025-10-31T03:36:11.352Z TWILIO_MEDIA bytes=160 pcmBytes=640 rms=0.003302 rmsa=0.002633
2025-10-31T03:36:11.359Z [ASSISTANT]  je
2025-10-31T03:36:11.371Z TWILIO_MEDIA bytes=160 pcmBytes=640 rms=0.016166 rmsa=0.006693
2025-10-31T03:36:11.391Z TWILIO_MEDIA bytes=160 pcmBytes=640 rms=0.014391 rmsa=0.009003
2025-10-31T03:36:11.411Z TWILIO_MEDIA bytes=160 pcmBytes=640 rms=0.012810 rmsa=0.010145
2025-10-31T03:36:11.431Z TWILIO_MEDIA bytes=160 pcmBytes=640 rms=0.008152 rmsa=0.009547
2025-10-31T03:36:11.441Z [ASSISTANT]  helpen
2025-10-31T03:36:11.443Z [ASSISTANT]  vandaag
2025-10-31T03:36:11.446Z [ASSISTANT] ?
2025-10-31T03:36:11.448Z [ASSISTANT] Hallo! Waarmee kan ik je helpen vandaag?
2025-10-31T03:36:11.450Z [ASSISTANT] Hallo! Waarmee kan ik je helpen vandaag?
2025-10-31T03:36:11.452Z TWILIO_MEDIA bytes=160 pcmBytes=640 rms=0.005147 rmsa=0.008227
2025-10-31T03:36:11.457Z [ASSISTANT] Hallo! Waarmee kan ik je helpen vandaag?
2025-10-31T03:36:11.471Z TWILIO_MEDIA bytes=160 pcmBytes=640 rms=0.003710 rmsa=0.006872
2025-10-31T03:36:11.491Z TWILIO_MEDIA bytes=160 pcmBytes=640 rms=0.004177 rmsa=0.006064
2025-10-31T03:36:11.511Z TWILIO_MEDIA bytes=160 pcmBytes=640 rms=0.004878 rmsa=0.005708
2025-10-31T03:36:11.531Z TWILIO_MEDIA bytes=160 pcmBytes=640 rms=0.006789 rmsa=0.006032
2025-10-31T03:36:11.551Z TWILIO_MEDIA bytes=160 pcmBytes=640 rms=0.009493 rmsa=0.007070
2025-10-31T03:36:11.571Z TWILIO_MEDIA bytes=160 pcmBytes=640 rms=0.015837 rmsa=0.009700
2025-10-31T03:36:11.591Z TWILIO_MEDIA bytes=160 pcmBytes=640 rms=0.018780 rmsa=0.012424
2025-10-31T03:36:11.611Z TWILIO_MEDIA bytes=160 pcmBytes=640 rms=0.019939 rmsa=0.014679
2025-10-31T03:36:11.631Z TWILIO_MEDIA bytes=160 pcmBytes=640 rms=0.018243 rmsa=0.015748
2025-10-31T03:36:11.652Z TWILIO_MEDIA bytes=160 pcmBytes=640 rms=0.014639 rmsa=0.015415
2025-10-31T03:36:11.671Z TWILIO_MEDIA bytes=160 pcmBytes=640 rms=0.012857 rmsa=0.014648
2025-10-31T03:36:11.691Z TWILIO_MEDIA bytes=160 pcmBytes=640 rms=0.012578 rmsa=0.014027
2025-10-31T03:36:11.711Z TWILIO_MEDIA bytes=160 pcmBytes=640 rms=0.011164 rmsa=0.013168
2025-10-31T03:36:11.731Z TWILIO_MEDIA bytes=160 pcmBytes=640 rms=0.005868 rmsa=0.010978
2025-10-31T03:36:11.751Z TWILIO_MEDIA bytes=160 pcmBytes=640 rms=0.003574 rmsa=0.008757
2025-10-31T03:36:11.771Z TWILIO_MEDIA bytes=160 pcmBytes=640 rms=0.003961 rmsa=0.007318
2025-10-31T03:36:11.791Z TWILIO_MEDIA bytes=160 pcmBytes=640 rms=0.004619 rmsa=0.006508
2025-10-31T03:36:11.811Z TWILIO_MEDIA bytes=160 pcmBytes=640 rms=0.004639 rmsa=0.005947
2025-10-31T03:36:11.831Z TWILIO_MEDIA bytes=160 pcmBytes=640 rms=0.006579 rmsa=0.006137
2025-10-31T03:36:11.851Z TWILIO_MEDIA bytes=160 pcmBytes=640 rms=0.016877 rmsa=0.009359
2025-10-31T03:36:11.871Z TWILIO_MEDIA bytes=160 pcmBytes=640 rms=0.018965 rmsa=0.012241
2025-10-31T03:36:11.891Z TWILIO_MEDIA bytes=160 pcmBytes=640 rms=0.016882 rmsa=0.013633
2025-10-31T03:36:11.911Z TWILIO_MEDIA bytes=160 pcmBytes=640 rms=0.010764 rmsa=0.012772
2025-10-31T03:36:11.931Z TWILIO_MEDIA bytes=160 pcmBytes=640 rms=0.010145 rmsa=0.011984
2025-10-31T03:36:11.951Z TWILIO_MEDIA bytes=160 pcmBytes=640 rms=0.006778 rmsa=0.010422
2025-10-31T03:36:11.971Z TWILIO_MEDIA bytes=160 pcmBytes=640 rms=0.003182 rmsa=0.008250
2025-10-31T03:36:11.991Z TWILIO_MEDIA bytes=160 pcmBytes=640 rms=0.001272 rmsa=0.006157
2025-10-31T03:36:12.011Z TWILIO_MEDIA bytes=160 pcmBytes=640 rms=0.000902 rmsa=0.004580
2025-10-31T03:36:12.031Z TWILIO_MEDIA bytes=160 pcmBytes=640 rms=0.000423 rmsa=0.003333
2025-10-31T03:36:12.051Z TWILIO_MEDIA bytes=160 pcmBytes=640 rms=0.000318 rmsa=0.002429
2025-10-31T03:36:12.071Z TWILIO_MEDIA bytes=160 pcmBytes=640 rms=0.000244 rmsa=0.001773
2025-10-31T03:36:12.091Z TWILIO_MEDIA bytes=160 pcmBytes=640 rms=0.000244 rmsa=0.001315
2025-10-31T03:36:12.101Z [ASSISTANT] N
2025-10-31T03:36:12.102Z [ASSISTANT] atuurlijk
2025-10-31T03:36:12.110Z [ASSISTANT] !
2025-10-31T03:36:12.111Z TWILIO_MEDIA bytes=160 pcmBytes=640 rms=0.000244 rmsa=0.000993
2025-10-31T03:36:12.117Z [ASSISTANT]  L
2025-10-31T03:36:12.125Z [ASSISTANT] aten
2025-10-31T03:36:12.131Z TWILIO_MEDIA bytes=160 pcmBytes=640 rms=0.000244 rmsa=0.000769
2025-10-31T03:36:12.133Z [ASSISTANT]  we
2025-10-31T03:36:12.141Z [ASSISTANT]  beginnen
2025-10-31T03:36:12.149Z [ASSISTANT]  met
2025-10-31T03:36:12.151Z TWILIO_MEDIA bytes=160 pcmBytes=640 rms=0.000244 rmsa=0.000611
2025-10-31T03:36:12.171Z TWILIO_MEDIA bytes=160 pcmBytes=640 rms=0.000244 rmsa=0.000501
2025-10-31T03:36:12.191Z TWILIO_MEDIA bytes=160 pcmBytes=640 rms=0.000244 rmsa=0.000424
2025-10-31T03:36:12.211Z TWILIO_MEDIA bytes=160 pcmBytes=640 rms=0.000244 rmsa=0.000370
2025-10-31T03:36:12.226Z [ASSISTANT]  een
2025-10-31T03:36:12.227Z [ASSISTANT]  rustige
2025-10-31T03:36:12.228Z [ASSISTANT]  adem
2025-10-31T03:36:12.229Z [ASSISTANT] haling
2025-10-31T03:36:12.231Z TWILIO_MEDIA bytes=160 pcmBytes=640 rms=0.000244 rmsa=0.000332
2025-10-31T03:36:12.231Z [ASSISTANT] so
2025-10-31T03:36:12.234Z [ASSISTANT] ef
2025-10-31T03:36:12.236Z [ASSISTANT] ening
2025-10-31T03:36:12.237Z [ASSISTANT]  om
2025-10-31T03:36:12.238Z [ASSISTANT]  even
2025-10-31T03:36:12.239Z [ASSISTANT]  te
2025-10-31T03:36:12.241Z [ASSISTANT]  ontspannen
2025-10-31T03:36:12.244Z [ASSISTANT] .
2025-10-31T03:36:12.251Z TWILIO_MEDIA bytes=160 pcmBytes=640 rms=0.000244 rmsa=0.000306
2025-10-31T03:36:12.252Z [ASSISTANT]  Ha
2025-10-31T03:36:12.260Z [ASSISTANT] al
2025-10-31T03:36:12.268Z [ASSISTANT]  diep
2025-10-31T03:36:12.271Z TWILIO_MEDIA bytes=160 pcmBytes=640 rms=0.000244 rmsa=0.000287
2025-10-31T03:36:12.275Z [ASSISTANT]  adem
2025-10-31T03:36:12.284Z [ASSISTANT]  door
2025-10-31T03:36:12.291Z TWILIO_MEDIA bytes=160 pcmBytes=640 rms=0.000244 rmsa=0.000274
2025-10-31T03:36:12.293Z [ASSISTANT]  je
2025-10-31T03:36:12.300Z [ASSISTANT]  neus
2025-10-31T03:36:12.308Z [ASSISTANT] ,
2025-10-31T03:36:12.311Z TWILIO_MEDIA bytes=160 pcmBytes=640 rms=0.000244 rmsa=0.000265
2025-10-31T03:36:12.315Z [ASSISTANT]  houd
2025-10-31T03:36:12.324Z [ASSISTANT]  het
2025-10-31T03:36:12.331Z TWILIO_MEDIA bytes=160 pcmBytes=640 rms=0.000244 rmsa=0.000259
2025-10-31T03:36:12.333Z [ASSISTANT]  een
2025-10-31T03:36:12.340Z [ASSISTANT]  paar
2025-10-31T03:36:12.347Z [ASSISTANT]  seconden
2025-10-31T03:36:12.351Z TWILIO_MEDIA bytes=160 pcmBytes=640 rms=0.000244 rmsa=0.000255
2025-10-31T03:36:12.355Z [ASSISTANT]  vast
2025-10-31T03:36:12.363Z [ASSISTANT] ,
2025-10-31T03:36:12.371Z TWILIO_MEDIA bytes=160 pcmBytes=640 rms=0.000244 rmsa=0.000251
2025-10-31T03:36:12.371Z [ASSISTANT]  en
2025-10-31T03:36:12.379Z [ASSISTANT]  adem
2025-10-31T03:36:12.388Z [ASSISTANT]  langzaam
2025-10-31T03:36:12.390Z TWILIO_MEDIA bytes=160 pcmBytes=640 rms=0.000244 rmsa=0.000249
2025-10-31T03:36:12.396Z [ASSISTANT]  uit
2025-10-31T03:36:12.404Z [ASSISTANT]  door
2025-10-31T03:36:12.411Z TWILIO_MEDIA bytes=160 pcmBytes=640 rms=0.000244 rmsa=0.000248
2025-10-31T03:36:12.412Z [ASSISTANT]  je
2025-10-31T03:36:12.419Z [ASSISTANT]  mond
2025-10-31T03:36:12.427Z [ASSISTANT] .
2025-10-31T03:36:12.430Z TWILIO_MEDIA bytes=160 pcmBytes=640 rms=0.000244 rmsa=0.000247
2025-10-31T03:36:12.437Z [ASSISTANT]  Her
2025-10-31T03:36:12.446Z [ASSISTANT] haal
2025-10-31T03:36:12.451Z TWILIO_MEDIA bytes=160 pcmBytes=640 rms=0.000244 rmsa=0.000246
2025-10-31T03:36:12.453Z [ASSISTANT]  dit
2025-10-31T03:36:12.471Z TWILIO_MEDIA bytes=160 pcmBytes=640 rms=0.000244 rmsa=0.000245
2025-10-31T03:36:12.476Z [ASSISTANT]  een
2025-10-31T03:36:12.481Z [ASSISTANT]  paar
2025-10-31T03:36:12.490Z [ASSISTANT]  keer
2025-10-31T03:36:12.491Z TWILIO_MEDIA bytes=160 pcmBytes=640 rms=0.000244 rmsa=0.000245
2025-10-31T03:36:12.497Z [ASSISTANT]  en
2025-10-31T03:36:12.505Z [ASSISTANT]  laat
2025-10-31T03:36:12.511Z TWILIO_MEDIA bytes=160 pcmBytes=640 rms=0.000244 rmsa=0.000245
2025-10-31T03:36:12.513Z [ASSISTANT]  alle
2025-10-31T03:36:12.521Z [ASSISTANT]  spanning
2025-10-31T03:36:12.531Z TWILIO_MEDIA bytes=160 pcmBytes=640 rms=0.000244 rmsa=0.000245
2025-10-31T03:36:12.536Z [ASSISTANT]  los
2025-10-31T03:36:12.547Z [ASSISTANT] .
2025-10-31T03:36:12.551Z TWILIO_MEDIA bytes=160 pcmBytes=640 rms=0.000244 rmsa=0.000244
2025-10-31T03:36:12.553Z [ASSISTANT]  


2025-10-31T03:36:12.562Z [ASSISTANT] Wil
2025-10-31T03:36:12.568Z [ASSISTANT]  je
2025-10-31T03:36:12.571Z TWILIO_MEDIA bytes=160 pcmBytes=640 rms=0.000244 rmsa=0.000244
2025-10-31T03:36:12.576Z [ASSISTANT]  ook
2025-10-31T03:36:12.584Z [ASSISTANT]  nog
2025-10-31T03:36:12.591Z TWILIO_MEDIA bytes=160 pcmBytes=640 rms=0.000244 rmsa=0.000244
2025-10-31T03:36:12.592Z [ASSISTANT]  een
2025-10-31T03:36:12.604Z [ASSISTANT]  specifieke
2025-10-31T03:36:12.608Z [ASSISTANT]  medit
2025-10-31T03:36:12.611Z TWILIO_MEDIA bytes=160 pcmBytes=640 rms=0.000244 rmsa=0.000244
2025-10-31T03:36:12.615Z [ASSISTANT] atie
2025-10-31T03:36:12.624Z [ASSISTANT]  of
2025-10-31T03:36:12.631Z TWILIO_MEDIA bytes=160 pcmBytes=640 rms=0.000244 rmsa=0.000244
2025-10-31T03:36:12.632Z [ASSISTANT]  ontsp
2025-10-31T03:36:12.640Z [ASSISTANT] anning
2025-10-31T03:36:12.647Z [ASSISTANT] stechn
2025-10-31T03:36:12.651Z TWILIO_MEDIA bytes=160 pcmBytes=640 rms=0.000244 rmsa=0.000244
2025-10-31T03:36:12.657Z [ASSISTANT] iek
2025-10-31T03:36:12.664Z [ASSISTANT]  proberen
2025-10-31T03:36:12.671Z [ASSISTANT] ?
2025-10-31T03:36:12.671Z TWILIO_MEDIA bytes=160 pcmBytes=640 rms=0.000244 rmsa=0.000244
2025-10-31T03:36:12.692Z TWILIO_MEDIA bytes=160 pcmBytes=640 rms=0.000244 rmsa=0.000244
2025-10-31T03:36:12.693Z [ASSISTANT] Natuurlijk! Laten we beginnen met een rustige ademhalingsoefening om even te ontspannen. Haal diep adem door je neus, houd het een paar seconden vast, en adem langzaam uit door je mond. Herhaal dit een paar keer en laat alle spanning los. 

Wil je ook nog een specifieke meditatie of ontspanningstechniek proberen?
2025-10-31T03:36:12.695Z [ASSISTANT] Natuurlijk! Laten we beginnen met een rustige ademhalingsoefening om even te ontspannen. Haal diep adem door je neus, houd het een paar seconden vast, en adem langzaam uit door je mond. Herhaal dit een paar keer en laat alle spanning los. 

Wil je ook nog een specifieke meditatie of ontspanningstechniek proberen?
2025-10-31T03:36:12.699Z [ASSISTANT] Natuurlijk! Laten we beginnen met een rustige ademhalingsoefening om even te ontspannen. Haal diep adem door je neus, houd het een paar seconden vast, en adem langzaam uit door je mond. Herhaal dit een paar keer en laat alle spanning los. 

Wil je ook nog een specifieke meditatie of ontspanningstechniek proberen?
2025-10-31T03:36:12.710Z TWILIO_MEDIA bytes=160 pcmBytes=640 rms=0.000244 rmsa=0.000244
2025-10-31T03:36:12.731Z TWILIO_MEDIA bytes=160 pcmBytes=640 rms=0.006549 rmsa=0.002136
2025-10-31T03:36:12.751Z TWILIO_MEDIA bytes=160 pcmBytes=640 rms=0.010630 rmsa=0.004684
2025-10-31T03:36:12.771Z TWILIO_MEDIA bytes=160 pcmBytes=640 rms=0.008937 rmsa=0.005960
2025-10-31T03:36:12.791Z TWILIO_MEDIA bytes=160 pcmBytes=640 rms=0.008014 rmsa=0.006576
2025-10-31T03:36:12.811Z TWILIO_MEDIA bytes=160 pcmBytes=640 rms=0.004245 rmsa=0.005877
2025-10-31T03:36:12.831Z TWILIO_MEDIA bytes=160 pcmBytes=640 rms=0.001479 rmsa=0.004557
2025-10-31T03:36:12.851Z TWILIO_MEDIA bytes=160 pcmBytes=640 rms=0.000873 rmsa=0.003452
2025-10-31T03:36:12.871Z TWILIO_MEDIA bytes=160 pcmBytes=640 rms=0.000557 rmsa=0.002584
2025-10-31T03:36:12.891Z TWILIO_MEDIA bytes=160 pcmBytes=640 rms=0.000314 rmsa=0.001903
2025-10-31T03:36:12.911Z TWILIO_MEDIA bytes=160 pcmBytes=640 rms=0.000699 rmsa=0.001542
2025-10-31T03:36:12.931Z TWILIO_MEDIA bytes=160 pcmBytes=640 rms=0.000390 rmsa=0.001196
2025-10-31T03:36:12.951Z TWILIO_MEDIA bytes=160 pcmBytes=640 rms=0.000262 rmsa=0.000916
2025-10-31T03:36:12.971Z TWILIO_MEDIA bytes=160 pcmBytes=640 rms=0.000401 rmsa=0.000761
2025-10-31T03:36:12.992Z TWILIO_MEDIA bytes=160 pcmBytes=640 rms=0.000314 rmsa=0.000627
2025-10-31T03:36:13.011Z TWILIO_MEDIA bytes=160 pcmBytes=640 rms=0.000244 rmsa=0.000512
2025-10-31T03:36:13.031Z TWILIO_MEDIA bytes=160 pcmBytes=640 rms=0.000244 rmsa=0.000432
2025-10-31T03:36:13.051Z TWILIO_MEDIA bytes=160 pcmBytes=640 rms=0.000244 rmsa=0.000375
2025-10-31T03:36:13.071Z TWILIO_MEDIA bytes=160 pcmBytes=640 rms=0.000244 rmsa=0.000336
2025-10-31T03:36:13.091Z TWILIO_MEDIA bytes=160 pcmBytes=640 rms=0.000244 rmsa=0.000308
2025-10-31T03:36:13.111Z TWILIO_MEDIA bytes=160 pcmBytes=640 rms=0.000244 rmsa=0.000289
2025-10-31T03:36:13.131Z TWILIO_MEDIA bytes=160 pcmBytes=640 rms=0.000244 rmsa=0.000276
2025-10-31T03:36:13.151Z TWILIO_MEDIA bytes=160 pcmBytes=640 rms=0.000244 rmsa=0.000266
2025-10-31T03:36:13.171Z TWILIO_MEDIA bytes=160 pcmBytes=640 rms=0.003396 rmsa=0.001205
2025-10-31T03:36:13.191Z TWILIO_MEDIA bytes=160 pcmBytes=640 rms=0.003519 rmsa=0.001899
2025-10-31T03:36:13.211Z TWILIO_MEDIA bytes=160 pcmBytes=640 rms=0.002358 rmsa=0.002037
2025-10-31T03:36:13.216Z [ASSISTANT] Ok
2025-10-31T03:36:13.219Z [ASSISTANT] é
2025-10-31T03:36:13.226Z [ASSISTANT] ,
2025-10-31T03:36:13.231Z TWILIO_MEDIA bytes=160 pcmBytes=640 rms=0.006242 rmsa=0.003299
2025-10-31T03:36:13.232Z [ASSISTANT]  we
2025-10-31T03:36:13.241Z [ASSISTANT]  doen
2025-10-31T03:36:13.251Z TWILIO_MEDIA bytes=160 pcmBytes=640 rms=0.003501 rmsa=0.003359
2025-10-31T03:36:13.252Z [ASSISTANT]  een
2025-10-31T03:36:13.257Z [ASSISTANT]  korte
2025-10-31T03:36:13.264Z [ASSISTANT]  gele
2025-10-31T03:36:13.270Z TWILIO_MEDIA bytes=160 pcmBytes=640 rms=0.009650 rmsa=0.005246
2025-10-31T03:36:13.275Z [ASSISTANT] ide
2025-10-31T03:36:13.280Z [ASSISTANT]  medit
2025-10-31T03:36:13.289Z [ASSISTANT] atie
2025-10-31T03:36:13.290Z TWILIO_MEDIA bytes=160 pcmBytes=640 rms=0.035304 rmsa=0.014264
2025-10-31T03:36:13.297Z [ASSISTANT]  om
2025-10-31T03:36:13.306Z [ASSISTANT]  even
2025-10-31T03:36:13.311Z TWILIO_MEDIA bytes=160 pcmBytes=640 rms=0.040804 rmsa=0.022226
2025-10-31T03:36:13.313Z [ASSISTANT]  tot
2025-10-31T03:36:13.322Z [ASSISTANT]  rust
2025-10-31T03:36:13.332Z TWILIO_MEDIA bytes=160 pcmBytes=640 rms=0.039638 rmsa=0.027449
2025-10-31T03:36:13.332Z [ASSISTANT]  te
2025-10-31T03:36:13.338Z [ASSISTANT]  komen
2025-10-31T03:36:13.345Z [ASSISTANT] .


2025-10-31T03:36:13.350Z TWILIO_MEDIA bytes=160 pcmBytes=640 rms=0.018099 rmsa=0.024644
2025-10-31T03:36:13.353Z [ASSISTANT] Ga
2025-10-31T03:36:13.361Z [ASSISTANT]  ergens
2025-10-31T03:36:13.369Z [ASSISTANT]  comfortabel
2025-10-31T03:36:13.371Z TWILIO_MEDIA bytes=160 pcmBytes=640 rms=0.008064 rmsa=0.019670
2025-10-31T03:36:13.377Z [ASSISTANT]  zitten
2025-10-31T03:36:13.385Z [ASSISTANT]  of
2025-10-31T03:36:13.391Z TWILIO_MEDIA bytes=160 pcmBytes=640 rms=0.002256 rmsa=0.014446
2025-10-31T03:36:13.393Z [ASSISTANT]  liggen
2025-10-31T03:36:13.402Z [ASSISTANT] .
2025-10-31T03:36:13.409Z [ASSISTANT]  Sl
2025-10-31T03:36:13.410Z TWILIO_MEDIA bytes=160 pcmBytes=640 rms=0.001806 rmsa=0.010654
2025-10-31T03:36:13.423Z [ASSISTANT] uit
2025-10-31T03:36:13.425Z [ASSISTANT]  je
2025-10-31T03:36:13.431Z TWILIO_MEDIA bytes=160 pcmBytes=640 rms=0.002031 rmsa=0.008067
2025-10-31T03:36:13.433Z [ASSISTANT]  ogen
2025-10-31T03:36:13.441Z [ASSISTANT]  en
2025-10-31T03:36:13.450Z [ASSISTANT]  adem
2025-10-31T03:36:13.451Z TWILIO_MEDIA bytes=160 pcmBytes=640 rms=0.001806 rmsa=0.006189
2025-10-31T03:36:13.457Z [ASSISTANT]  rustig
2025-10-31T03:36:13.465Z [ASSISTANT]  in
2025-10-31T03:36:13.471Z TWILIO_MEDIA bytes=160 pcmBytes=640 rms=0.003459 rmsa=0.005370
2025-10-31T03:36:13.473Z [ASSISTANT]  en
2025-10-31T03:36:13.482Z [ASSISTANT]  uit
2025-10-31T03:36:13.489Z [ASSISTANT] .


2025-10-31T03:36:13.491Z TWILIO_MEDIA bytes=160 pcmBytes=640 rms=0.007081 rmsa=0.005883
2025-10-31T03:36:13.497Z [ASSISTANT] R
2025-10-31T03:36:13.506Z [ASSISTANT] icht
2025-10-31T03:36:13.512Z TWILIO_MEDIA bytes=160 pcmBytes=640 rms=0.016055 rmsa=0.008935
2025-10-31T03:36:13.531Z TWILIO_MEDIA bytes=160 pcmBytes=640 rms=0.014543 rmsa=0.010617
2025-10-31T03:36:13.533Z [ASSISTANT]  je
2025-10-31T03:36:13.539Z [ASSISTANT]  aandacht
2025-10-31T03:36:13.548Z [ASSISTANT]  op
2025-10-31T03:36:13.551Z TWILIO_MEDIA bytes=160 pcmBytes=640 rms=0.002594 rmsa=0.008210
2025-10-31T03:36:13.559Z [ASSISTANT]  je
2025-10-31T03:36:13.564Z [ASSISTANT]  adem
2025-10-31T03:36:13.571Z TWILIO_MEDIA bytes=160 pcmBytes=640 rms=0.001821 rmsa=0.006293
2025-10-31T03:36:13.572Z [ASSISTANT] haling
2025-10-31T03:36:13.580Z [ASSISTANT] .
2025-10-31T03:36:13.589Z [ASSISTANT]  Vo
2025-10-31T03:36:13.591Z TWILIO_MEDIA bytes=160 pcmBytes=640 rms=0.001321 rmsa=0.004802
2025-10-31T03:36:13.599Z [ASSISTANT] el
2025-10-31T03:36:13.604Z [ASSISTANT]  hoe
2025-10-31T03:36:13.612Z TWILIO_MEDIA bytes=160 pcmBytes=640 rms=0.001318 rmsa=0.003757
2025-10-31T03:36:13.614Z [ASSISTANT]  de
2025-10-31T03:36:13.621Z [ASSISTANT]  lucht
2025-10-31T03:36:13.628Z [ASSISTANT]  je
2025-10-31T03:36:13.631Z TWILIO_MEDIA bytes=160 pcmBytes=640 rms=0.014636 rmsa=0.007021
2025-10-31T03:36:13.637Z [ASSISTANT]  lichaam
2025-10-31T03:36:13.644Z [ASSISTANT]  inst
2025-10-31T03:36:13.651Z TWILIO_MEDIA bytes=160 pcmBytes=640 rms=0.021870 rmsa=0.011475
2025-10-31T03:36:13.655Z [ASSISTANT] room
2025-10-31T03:36:13.662Z [ASSISTANT] t
2025-10-31T03:36:13.668Z [ASSISTANT]  bij
2025-10-31T03:36:13.671Z TWILIO_MEDIA bytes=160 pcmBytes=640 rms=0.004939 rmsa=0.009515
2025-10-31T03:36:13.676Z [ASSISTANT]  elke
2025-10-31T03:36:13.684Z [ASSISTANT]  in
2025-10-31T03:36:13.691Z TWILIO_MEDIA bytes=160 pcmBytes=640 rms=0.001771 rmsa=0.007191
2025-10-31T03:36:13.692Z [ASSISTANT] adem
2025-10-31T03:36:13.700Z [ASSISTANT] ing
2025-10-31T03:36:13.708Z [ASSISTANT] ,
2025-10-31T03:36:13.711Z TWILIO_MEDIA bytes=160 pcmBytes=640 rms=0.001107 rmsa=0.005366
2025-10-31T03:36:13.715Z [ASSISTANT]  en
2025-10-31T03:36:13.730Z [ASSISTANT]  hoe
2025-10-31T03:36:13.733Z TWILIO_MEDIA bytes=160 pcmBytes=640 rms=0.004065 rmsa=0.004976
2025-10-31T03:36:13.735Z [ASSISTANT]  hij
2025-10-31T03:36:13.740Z [ASSISTANT]  weer
2025-10-31T03:36:13.748Z [ASSISTANT]  naar
2025-10-31T03:36:13.751Z TWILIO_MEDIA bytes=160 pcmBytes=640 rms=0.006285 rmsa=0.005368
2025-10-31T03:36:13.758Z [ASSISTANT]  buiten
2025-10-31T03:36:13.764Z [ASSISTANT]  stroom
2025-10-31T03:36:13.772Z TWILIO_MEDIA bytes=160 pcmBytes=640 rms=0.007740 rmsa=0.006080
2025-10-31T03:36:13.776Z [ASSISTANT] t
2025-10-31T03:36:13.781Z [ASSISTANT]  bij
2025-10-31T03:36:13.790Z [ASSISTANT]  elke
2025-10-31T03:36:13.791Z TWILIO_MEDIA bytes=160 pcmBytes=640 rms=0.008282 rmsa=0.006741
2025-10-31T03:36:13.798Z [ASSISTANT]  uit
2025-10-31T03:36:13.804Z [ASSISTANT] adem
2025-10-31T03:36:13.812Z TWILIO_MEDIA bytes=160 pcmBytes=640 rms=0.008852 rmsa=0.007374
2025-10-31T03:36:13.813Z [ASSISTANT] ing
2025-10-31T03:36:13.820Z [ASSISTANT] .


2025-10-31T03:36:13.830Z [ASSISTANT] Als
2025-10-31T03:36:13.831Z TWILIO_MEDIA bytes=160 pcmBytes=640 rms=0.007969 rmsa=0.007552
2025-10-31T03:36:13.836Z [ASSISTANT]  je
2025-10-31T03:36:13.845Z [ASSISTANT]  gedachten
2025-10-31T03:36:13.851Z TWILIO_MEDIA bytes=160 pcmBytes=640 rms=0.008620 rmsa=0.007873
2025-10-31T03:36:13.855Z [ASSISTANT]  af
2025-10-31T03:36:13.860Z [ASSISTANT] dw
2025-10-31T03:36:13.871Z TWILIO_MEDIA bytes=160 pcmBytes=640 rms=0.007057 rmsa=0.007628
2025-10-31T03:36:13.875Z [ASSISTANT] alen
2025-10-31T03:36:13.880Z [ASSISTANT] ,
2025-10-31T03:36:13.885Z [ASSISTANT]  merk
2025-10-31T03:36:13.891Z TWILIO_MEDIA bytes=160 pcmBytes=640 rms=0.008532 rmsa=0.007899
2025-10-31T03:36:13.894Z [ASSISTANT]  dat
2025-10-31T03:36:13.900Z [ASSISTANT]  rustig
2025-10-31T03:36:13.908Z [ASSISTANT]  op
2025-10-31T03:36:13.911Z TWILIO_MEDIA bytes=160 pcmBytes=640 rms=0.012829 rmsa=0.009378
2025-10-31T03:36:13.917Z [ASSISTANT]  en
2025-10-31T03:36:13.924Z [ASSISTANT]  br
2025-10-31T03:36:13.931Z TWILIO_MEDIA bytes=160 pcmBytes=640 rms=0.014408 rmsa=0.010887
2025-10-31T03:36:13.933Z [ASSISTANT] eng
2025-10-31T03:36:13.951Z TWILIO_MEDIA bytes=160 pcmBytes=640 rms=0.014433 rmsa=0.011951
2025-10-31T03:36:13.961Z [ASSISTANT]  je
2025-10-31T03:36:13.963Z [ASSISTANT]  aandacht
2025-10-31T03:36:13.965Z [ASSISTANT]  zacht
2025-10-31T03:36:13.966Z [ASSISTANT] jes
2025-10-31T03:36:13.971Z TWILIO_MEDIA bytes=160 pcmBytes=640 rms=0.014026 rmsa=0.012573
2025-10-31T03:36:13.974Z [ASSISTANT]  terug
2025-10-31T03:36:13.982Z [ASSISTANT]  naar
2025-10-31T03:36:13.991Z TWILIO_MEDIA bytes=160 pcmBytes=640 rms=0.013834 rmsa=0.012951
2025-10-31T03:36:13.992Z [ASSISTANT]  je
2025-10-31T03:36:13.998Z [ASSISTANT]  adem
2025-10-31T03:36:14.006Z [ASSISTANT] haling
2025-10-31T03:36:14.011Z TWILIO_MEDIA bytes=160 pcmBytes=640 rms=0.011816 rmsa=0.012611
2025-10-31T03:36:14.014Z [ASSISTANT] .


2025-10-31T03:36:14.021Z [ASSISTANT] Bl
2025-10-31T03:36:14.031Z TWILIO_MEDIA bytes=160 pcmBytes=640 rms=0.014064 rmsa=0.013047
2025-10-31T03:36:14.032Z [ASSISTANT] ijf
2025-10-31T03:36:14.051Z TWILIO_MEDIA bytes=160 pcmBytes=640 rms=0.009512 rmsa=0.011986
2025-10-31T03:36:14.053Z [ASSISTANT]  dit
2025-10-31T03:36:14.066Z [ASSISTANT]  een
2025-10-31T03:36:14.071Z TWILIO_MEDIA bytes=160 pcmBytes=640 rms=0.007751 rmsa=0.010716
2025-10-31T03:36:14.073Z [ASSISTANT]  paar
2025-10-31T03:36:14.083Z [ASSISTANT]  minuten
2025-10-31T03:36:14.090Z [ASSISTANT]  doen
2025-10-31T03:36:14.091Z TWILIO_MEDIA bytes=160 pcmBytes=640 rms=0.005569 rmsa=0.009172
2025-10-31T03:36:14.105Z [ASSISTANT] .
2025-10-31T03:36:14.108Z [ASSISTANT]  Con
2025-10-31T03:36:14.111Z TWILIO_MEDIA bytes=160 pcmBytes=640 rms=0.004825 rmsa=0.007868
2025-10-31T03:36:14.114Z [ASSISTANT] centre
2025-10-31T03:36:14.120Z [ASSISTANT] er
2025-10-31T03:36:14.131Z TWILIO_MEDIA bytes=160 pcmBytes=640 rms=0.004872 rmsa=0.006969
2025-10-31T03:36:14.132Z [ASSISTANT]  je
2025-10-31T03:36:14.136Z [ASSISTANT]  alleen
2025-10-31T03:36:14.145Z [ASSISTANT]  op
2025-10-31T03:36:14.151Z TWILIO_MEDIA bytes=160 pcmBytes=640 rms=0.007683 rmsa=0.007183
2025-10-31T03:36:14.153Z [ASSISTANT]  het
2025-10-31T03:36:14.161Z [ASSISTANT]  rit
2025-10-31T03:36:14.170Z [ASSISTANT] me
2025-10-31T03:36:14.171Z TWILIO_MEDIA bytes=160 pcmBytes=640 rms=0.012327 rmsa=0.008726
2025-10-31T03:36:14.177Z [ASSISTANT]  van
2025-10-31T03:36:14.185Z [ASSISTANT]  je
2025-10-31T03:36:14.191Z TWILIO_MEDIA bytes=160 pcmBytes=640 rms=0.010135 rmsa=0.009149
2025-10-31T03:36:14.194Z [ASSISTANT]  adem
2025-10-31T03:36:14.202Z [ASSISTANT] haling
2025-10-31T03:36:14.208Z [ASSISTANT] .


2025-10-31T03:36:14.211Z TWILIO_MEDIA bytes=160 pcmBytes=640 rms=0.010892 rmsa=0.009672
2025-10-31T03:36:14.218Z [ASSISTANT] Laat
2025-10-31T03:36:14.225Z [ASSISTANT]  alle
2025-10-31T03:36:14.231Z TWILIO_MEDIA bytes=160 pcmBytes=640 rms=0.008024 rmsa=0.009177
2025-10-31T03:36:14.236Z [ASSISTANT]  spanning
2025-10-31T03:36:14.242Z [ASSISTANT]  in
2025-10-31T03:36:14.251Z TWILIO_MEDIA bytes=160 pcmBytes=640 rms=0.011477 rmsa=0.009867
2025-10-31T03:36:14.252Z [ASSISTANT]  je
2025-10-31T03:36:14.258Z [ASSISTANT]  lichaam
2025-10-31T03:36:14.267Z [ASSISTANT]  los
2025-10-31T03:36:14.271Z TWILIO_MEDIA bytes=160 pcmBytes=640 rms=0.008189 rmsa=0.009364
2025-10-31T03:36:14.274Z [ASSISTANT] ,
2025-10-31T03:36:14.283Z [ASSISTANT]  beetje
2025-10-31T03:36:14.290Z [ASSISTANT]  bij
2025-10-31T03:36:14.291Z TWILIO_MEDIA bytes=160 pcmBytes=640 rms=0.012569 rmsa=0.010325
2025-10-31T03:36:14.298Z [ASSISTANT]  beetje
2025-10-31T03:36:14.306Z [ASSISTANT] .
2025-10-31T03:36:14.311Z TWILIO_MEDIA bytes=160 pcmBytes=640 rms=0.006551 rmsa=0.009193
2025-10-31T03:36:14.314Z [ASSISTANT]  Vo
2025-10-31T03:36:14.323Z [ASSISTANT] el
2025-10-31T03:36:14.330Z [ASSISTANT]  je
2025-10-31T03:36:14.332Z TWILIO_MEDIA bytes=160 pcmBytes=640 rms=0.005280 rmsa=0.008019
2025-10-31T03:36:14.339Z [ASSISTANT]  sch
2025-10-31T03:36:14.350Z [ASSISTANT] ouders
2025-10-31T03:36:14.351Z TWILIO_MEDIA bytes=160 pcmBytes=640 rms=0.000900 rmsa=0.005884
2025-10-31T03:36:14.354Z [ASSISTANT]  ontspannen
2025-10-31T03:36:14.369Z [ASSISTANT] ,
2025-10-31T03:36:14.371Z [ASSISTANT]  je
2025-10-31T03:36:14.374Z TWILIO_MEDIA bytes=160 pcmBytes=640 rms=0.000304 rmsa=0.004210
2025-10-31T03:36:14.378Z [ASSISTANT]  nek
2025-10-31T03:36:14.386Z [ASSISTANT] ,
2025-10-31T03:36:14.391Z TWILIO_MEDIA bytes=160 pcmBytes=640 rms=0.000450 rmsa=0.003082
2025-10-31T03:36:14.401Z [ASSISTANT]  je
2025-10-31T03:36:14.408Z [ASSISTANT]  gezicht
2025-10-31T03:36:14.411Z TWILIO_MEDIA bytes=160 pcmBytes=640 rms=0.000785 rmsa=0.002393
2025-10-31T03:36:14.416Z [ASSISTANT] ,
2025-10-31T03:36:14.425Z [ASSISTANT]  en
2025-10-31T03:36:14.431Z TWILIO_MEDIA bytes=160 pcmBytes=640 rms=0.001687 rmsa=0.002181
2025-10-31T03:36:14.433Z [ASSISTANT]  laat
2025-10-31T03:36:14.441Z [ASSISTANT]  die
2025-10-31T03:36:14.448Z [ASSISTANT]  rust
2025-10-31T03:36:14.452Z TWILIO_MEDIA bytes=160 pcmBytes=640 rms=0.014429 rmsa=0.005856
2025-10-31T03:36:14.457Z [ASSISTANT]  door
2025-10-31T03:36:14.466Z [ASSISTANT]  je
2025-10-31T03:36:14.471Z TWILIO_MEDIA bytes=160 pcmBytes=640 rms=0.012618 rmsa=0.007884
2025-10-31T03:36:14.474Z [ASSISTANT]  hele
2025-10-31T03:36:14.481Z [ASSISTANT]  lichaam
2025-10-31T03:36:14.489Z [ASSISTANT]  gaan
2025-10-31T03:36:14.491Z TWILIO_MEDIA bytes=160 pcmBytes=640 rms=0.009741 rmsa=0.008441
2025-10-31T03:36:14.500Z [ASSISTANT] .


2025-10-31T03:36:14.504Z [ASSISTANT] Neem
2025-10-31T03:36:14.511Z TWILIO_MEDIA bytes=160 pcmBytes=640 rms=0.005660 rmsa=0.007607
2025-10-31T03:36:14.513Z [ASSISTANT]  nog
2025-10-31T03:36:14.522Z [ASSISTANT]  een
2025-10-31T03:36:14.528Z [ASSISTANT]  paar
2025-10-31T03:36:14.531Z TWILIO_MEDIA bytes=160 pcmBytes=640 rms=0.005700 rmsa=0.007035
2025-10-31T03:36:14.540Z [ASSISTANT]  diepe
2025-10-31T03:36:14.544Z [ASSISTANT]  adem
2025-10-31T03:36:14.551Z TWILIO_MEDIA bytes=160 pcmBytes=640 rms=0.005319 rmsa=0.006520
2025-10-31T03:36:14.553Z [ASSISTANT] hal
2025-10-31T03:36:14.561Z [ASSISTANT] ingen
2025-10-31T03:36:14.571Z TWILIO_MEDIA bytes=160 pcmBytes=640 rms=0.005833 rmsa=0.006314
2025-10-31T03:36:14.588Z [ASSISTANT]  en
2025-10-31T03:36:14.591Z TWILIO_MEDIA bytes=160 pcmBytes=640 rms=0.005915 rmsa=0.006194
2025-10-31T03:36:14.599Z [ASSISTANT]  wanneer
2025-10-31T03:36:14.602Z [ASSISTANT]  je
2025-10-31T03:36:14.612Z TWILIO_MEDIA bytes=160 pcmBytes=640 rms=0.005731 rmsa=0.006055
2025-10-31T03:36:14.613Z [ASSISTANT]  er
2025-10-31T03:36:14.622Z [ASSISTANT]  klaar
2025-10-31T03:36:14.626Z [ASSISTANT]  voor
2025-10-31T03:36:14.631Z TWILIO_MEDIA bytes=160 pcmBytes=640 rms=0.001935 rmsa=0.004819
2025-10-31T03:36:14.634Z [ASSISTANT]  bent
2025-10-31T03:36:14.643Z [ASSISTANT] ,
2025-10-31T03:36:14.651Z TWILIO_MEDIA bytes=160 pcmBytes=640 rms=0.001908 rmsa=0.003946
2025-10-31T03:36:14.655Z [ASSISTANT]  open
2025-10-31T03:36:14.659Z [ASSISTANT]  je
2025-10-31T03:36:14.669Z [ASSISTANT]  langzaam
2025-10-31T03:36:14.671Z TWILIO_MEDIA bytes=160 pcmBytes=640 rms=0.000743 rmsa=0.002985
2025-10-31T03:36:14.675Z [ASSISTANT]  je
2025-10-31T03:36:14.683Z [ASSISTANT]  ogen
2025-10-31T03:36:14.691Z TWILIO_MEDIA bytes=160 pcmBytes=640 rms=0.000374 rmsa=0.002202
2025-10-31T03:36:14.692Z [ASSISTANT] .


2025-10-31T03:36:14.704Z [ASSISTANT] Ik
2025-10-31T03:36:14.707Z [ASSISTANT]  hoop
2025-10-31T03:36:14.711Z TWILIO_MEDIA bytes=160 pcmBytes=640 rms=0.000299 rmsa=0.001631
2025-10-31T03:36:14.720Z [ASSISTANT]  dat
2025-10-31T03:36:14.723Z [ASSISTANT]  je
2025-10-31T03:36:14.731Z [ASSISTANT]  je
2025-10-31T03:36:14.732Z TWILIO_MEDIA bytes=160 pcmBytes=640 rms=0.000430 rmsa=0.001271
2025-10-31T03:36:14.739Z [ASSISTANT]  nu
2025-10-31T03:36:14.747Z [ASSISTANT]  wat
2025-10-31T03:36:14.751Z TWILIO_MEDIA bytes=160 pcmBytes=640 rms=0.004193 rmsa=0.002147
2025-10-31T03:36:14.755Z [ASSISTANT]  meer
2025-10-31T03:36:14.763Z [ASSISTANT]  ontspannen
2025-10-31T03:36:14.771Z TWILIO_MEDIA bytes=160 pcmBytes=640 rms=0.011599 rmsa=0.004983
2025-10-31T03:36:14.772Z [ASSISTANT]  voelt
2025-10-31T03:36:14.780Z [ASSISTANT] .
2025-10-31T03:36:14.791Z TWILIO_MEDIA bytes=160 pcmBytes=640 rms=0.015006 rmsa=0.007990
2025-10-31T03:36:14.811Z TWILIO_MEDIA bytes=160 pcmBytes=640 rms=0.017163 rmsa=0.010742
2025-10-31T03:36:14.813Z [ASSISTANT] Oké, we doen een korte geleide meditatie om even tot rust te komen.

Ga ergens comfortabel zitten of liggen. Sluit je ogen en adem rustig in en uit.

Richt je aandacht op je ademhaling. Voel hoe de lucht je lichaam instroomt bij elke inademing, en hoe hij weer naar buiten stroomt bij elke uitademing.

Als je gedachten afdwalen, merk dat rustig op en breng je aandacht zachtjes terug naar je ademhaling.

Blijf dit een paar minuten doen. Concentreer je alleen op het ritme van je ademhaling.

Laat alle spanning in je lichaam los, beetje bij beetje. Voel je schouders ontspannen, je nek, je gezicht, en laat die rust door je hele lichaam gaan.

Neem nog een paar diepe ademhalingen en wanneer je er klaar voor bent, open je langzaam je ogen.

Ik hoop dat je je nu wat meer ontspannen voelt.
2025-10-31T03:36:14.814Z [ASSISTANT] Oké, we doen een korte geleide meditatie om even tot rust te komen.

Ga ergens comfortabel zitten of liggen. Sluit je ogen en adem rustig in en uit.

Richt je aandacht op je ademhaling. Voel hoe de lucht je lichaam instroomt bij elke inademing, en hoe hij weer naar buiten stroomt bij elke uitademing.

Als je gedachten afdwalen, merk dat rustig op en breng je aandacht zachtjes terug naar je ademhaling.

Blijf dit een paar minuten doen. Concentreer je alleen op het ritme van je ademhaling.

Laat alle spanning in je lichaam los, beetje bij beetje. Voel je schouders ontspannen, je nek, je gezicht, en laat die rust door je hele lichaam gaan.

Neem nog een paar diepe ademhalingen en wanneer je er klaar voor bent, open je langzaam je ogen.

Ik hoop dat je je nu wat meer ontspannen voelt.
2025-10-31T03:36:14.819Z [ASSISTANT] Oké, we doen een korte geleide meditatie om even tot rust te komen.

Ga ergens comfortabel zitten of liggen. Sluit je ogen en adem rustig in en uit.

Richt je aandacht op je ademhaling. Voel hoe de lucht je lichaam instroomt bij elke inademing, en hoe hij weer naar buiten stroomt bij elke uitademing.

Als je gedachten afdwalen, merk dat rustig op en breng je aandacht zachtjes terug naar je ademhaling.

Blijf dit een paar minuten doen. Concentreer je alleen op het ritme van je ademhaling.

Laat alle spanning in je lichaam los, beetje bij beetje. Voel je schouders ontspannen, je nek, je gezicht, en laat die rust door je hele lichaam gaan.

Neem nog een paar diepe ademhalingen en wanneer je er klaar voor bent, open je langzaam je ogen.

Ik hoop dat je je nu wat meer ontspannen voelt.
2025-10-31T03:36:14.831Z TWILIO_MEDIA bytes=160 pcmBytes=640 rms=0.010327 rmsa=0.010617
2025-10-31T03:36:14.851Z TWILIO_MEDIA bytes=160 pcmBytes=640 rms=0.003831 rmsa=0.008581
2025-10-31T03:36:14.871Z TWILIO_MEDIA bytes=160 pcmBytes=640 rms=0.001750 rmsa=0.006532
2025-10-31T03:36:14.891Z TWILIO_MEDIA bytes=160 pcmBytes=640 rms=0.000863 rmsa=0.004831
2025-10-31T03:36:14.911Z TWILIO_MEDIA bytes=160 pcmBytes=640 rms=0.001222 rmsa=0.003748
2025-10-31T03:36:14.931Z TWILIO_MEDIA bytes=160 pcmBytes=640 rms=0.002459 rmsa=0.003361
2025-10-31T03:36:14.951Z TWILIO_MEDIA bytes=160 pcmBytes=640 rms=0.007313 rmsa=0.004547
2025-10-31T03:36:14.971Z TWILIO_MEDIA bytes=160 pcmBytes=640 rms=0.002320 rmsa=0.003879
2025-10-31T03:36:14.991Z TWILIO_MEDIA bytes=160 pcmBytes=640 rms=0.000610 rmsa=0.002898
2025-10-31T03:36:15.011Z TWILIO_MEDIA bytes=160 pcmBytes=640 rms=0.000837 rmsa=0.002280
2025-10-31T03:36:15.031Z TWILIO_MEDIA bytes=160 pcmBytes=640 rms=0.002155 rmsa=0.002243
2025-10-31T03:36:15.052Z TWILIO_MEDIA bytes=160 pcmBytes=640 rms=0.002755 rmsa=0.002396
2025-10-31T03:36:15.072Z TWILIO_MEDIA bytes=160 pcmBytes=640 rms=0.004595 rmsa=0.003056
2025-10-31T03:36:15.091Z TWILIO_MEDIA bytes=160 pcmBytes=640 rms=0.010100 rmsa=0.005169
2025-10-31T03:36:15.111Z TWILIO_MEDIA bytes=160 pcmBytes=640 rms=0.007540 rmsa=0.005880
2025-10-31T03:36:15.131Z TWILIO_MEDIA bytes=160 pcmBytes=640 rms=0.009773 rmsa=0.007048
2025-10-31T03:36:15.151Z TWILIO_MEDIA bytes=160 pcmBytes=640 rms=0.009525 rmsa=0.007791
2025-10-31T03:36:15.171Z TWILIO_MEDIA bytes=160 pcmBytes=640 rms=0.007983 rmsa=0.007849
2025-10-31T03:36:15.191Z TWILIO_MEDIA bytes=160 pcmBytes=640 rms=0.004751 rmsa=0.006919
2025-10-31T03:36:15.211Z TWILIO_MEDIA bytes=160 pcmBytes=640 rms=0.004834 rmsa=0.006294
2025-10-31T03:36:15.231Z TWILIO_MEDIA bytes=160 pcmBytes=640 rms=0.006516 rmsa=0.006361
2025-10-31T03:36:15.251Z TWILIO_MEDIA bytes=160 pcmBytes=640 rms=0.007835 rmsa=0.006803
2025-10-31T03:36:15.272Z TWILIO_MEDIA bytes=160 pcmBytes=640 rms=0.011528 rmsa=0.008220
2025-10-31T03:36:15.291Z [ASSISTANT] Als
2025-10-31T03:36:15.292Z TWILIO_MEDIA bytes=160 pcmBytes=640 rms=0.005392 rmsa=0.007372
2025-10-31T03:36:15.292Z [ASSISTANT]  je
2025-10-31T03:36:15.299Z [ASSISTANT]  wilt
2025-10-31T03:36:15.308Z [ASSISTANT]  visual
2025-10-31T03:36:15.311Z TWILIO_MEDIA bytes=160 pcmBytes=640 rms=0.006961 rmsa=0.007249
2025-10-31T03:36:15.316Z [ASSISTANT] iseren
2025-10-31T03:36:15.323Z [ASSISTANT] ,
2025-10-31T03:36:15.331Z TWILIO_MEDIA bytes=160 pcmBytes=640 rms=0.002896 rmsa=0.005943
2025-10-31T03:36:15.332Z [ASSISTANT]  kun
2025-10-31T03:36:15.339Z [ASSISTANT]  je
2025-10-31T03:36:15.350Z [ASSISTANT]  beginnen
2025-10-31T03:36:15.351Z TWILIO_MEDIA bytes=160 pcmBytes=640 rms=0.002437 rmsa=0.004891
2025-10-31T03:36:15.356Z [ASSISTANT]  met
2025-10-31T03:36:15.363Z [ASSISTANT]  een
2025-10-31T03:36:15.371Z TWILIO_MEDIA bytes=160 pcmBytes=640 rms=0.001560 rmsa=0.003892
2025-10-31T03:36:15.374Z [ASSISTANT]  beeld
2025-10-31T03:36:15.381Z [ASSISTANT]  of
2025-10-31T03:36:15.389Z [ASSISTANT]  een
2025-10-31T03:36:15.391Z TWILIO_MEDIA bytes=160 pcmBytes=640 rms=0.000969 rmsa=0.003015
2025-10-31T03:36:15.396Z [ASSISTANT]  plek
2025-10-31T03:36:15.404Z [ASSISTANT]  die
2025-10-31T03:36:15.411Z TWILIO_MEDIA bytes=160 pcmBytes=640 rms=0.001836 rmsa=0.002661
2025-10-31T03:36:15.414Z [ASSISTANT]  je
2025-10-31T03:36:15.420Z [ASSISTANT]  rust
2025-10-31T03:36:15.429Z [ASSISTANT]  geeft
2025-10-31T03:36:15.431Z TWILIO_MEDIA bytes=160 pcmBytes=640 rms=0.004557 rmsa=0.003230
2025-10-31T03:36:15.439Z [ASSISTANT] .


2025-10-31T03:36:15.445Z [ASSISTANT] Sl
2025-10-31T03:36:15.451Z TWILIO_MEDIA bytes=160 pcmBytes=640 rms=0.010784 rmsa=0.005496
2025-10-31T03:36:15.457Z [ASSISTANT] uit
2025-10-31T03:36:15.466Z [ASSISTANT]  je
2025-10-31T03:36:15.471Z TWILIO_MEDIA bytes=160 pcmBytes=640 rms=0.011778 rmsa=0.007381
2025-10-31T03:36:15.474Z [ASSISTANT]  ogen
2025-10-31T03:36:15.484Z [ASSISTANT]  en
2025-10-31T03:36:15.491Z TWILIO_MEDIA bytes=160 pcmBytes=640 rms=0.004548 rmsa=0.006531
2025-10-31T03:36:15.493Z [ASSISTANT]  stel
2025-10-31T03:36:15.499Z [ASSISTANT]  je
2025-10-31T03:36:15.506Z [ASSISTANT]  voor
2025-10-31T03:36:15.511Z TWILIO_MEDIA bytes=160 pcmBytes=640 rms=0.008354 rmsa=0.007078
2025-10-31T03:36:15.517Z [ASSISTANT]  dat
2025-10-31T03:36:15.521Z [ASSISTANT]  je
2025-10-31T03:36:15.530Z [ASSISTANT]  op
2025-10-31T03:36:15.531Z TWILIO_MEDIA bytes=160 pcmBytes=640 rms=0.003627 rmsa=0.006043
2025-10-31T03:36:15.538Z [ASSISTANT]  een
2025-10-31T03:36:15.547Z [ASSISTANT]  rustige
2025-10-31T03:36:15.551Z TWILIO_MEDIA bytes=160 pcmBytes=640 rms=0.002533 rmsa=0.004990
2025-10-31T03:36:15.554Z [ASSISTANT]  plek
2025-10-31T03:36:15.562Z [ASSISTANT]  bent
2025-10-31T03:36:15.571Z TWILIO_MEDIA bytes=160 pcmBytes=640 rms=0.001150 rmsa=0.003838
2025-10-31T03:36:15.571Z [ASSISTANT] ,
2025-10-31T03:36:15.578Z [ASSISTANT]  misschien
2025-10-31T03:36:15.587Z [ASSISTANT]  een
2025-10-31T03:36:15.591Z TWILIO_MEDIA bytes=160 pcmBytes=640 rms=0.000278 rmsa=0.002770
2025-10-31T03:36:15.594Z [ASSISTANT]  strand
2025-10-31T03:36:15.602Z [ASSISTANT] ,
2025-10-31T03:36:15.610Z [ASSISTANT]  een
2025-10-31T03:36:15.611Z TWILIO_MEDIA bytes=160 pcmBytes=640 rms=0.000244 rmsa=0.002012
2025-10-31T03:36:15.621Z [ASSISTANT]  bos
2025-10-31T03:36:15.631Z TWILIO_MEDIA bytes=160 pcmBytes=640 rms=0.000244 rmsa=0.001482
2025-10-31T03:36:15.645Z [ASSISTANT] ,
2025-10-31T03:36:15.651Z TWILIO_MEDIA bytes=160 pcmBytes=640 rms=0.000497 rmsa=0.001187
2025-10-31T03:36:15.657Z [ASSISTANT]  of
2025-10-31T03:36:15.661Z [ASSISTANT]  een
2025-10-31T03:36:15.669Z [ASSISTANT]  comfortabele
2025-10-31T03:36:15.671Z TWILIO_MEDIA bytes=160 pcmBytes=640 rms=0.000909 rmsa=0.001103
2025-10-31T03:36:15.676Z [ASSISTANT]  kamer
2025-10-31T03:36:15.684Z [ASSISTANT] .
2025-10-31T03:36:15.690Z TWILIO_MEDIA bytes=160 pcmBytes=640 rms=0.001569 rmsa=0.001243
2025-10-31T03:36:15.692Z [ASSISTANT]  


2025-10-31T03:36:15.702Z [ASSISTANT] Zie
2025-10-31T03:36:15.710Z [ASSISTANT]  de
2025-10-31T03:36:15.712Z TWILIO_MEDIA bytes=160 pcmBytes=640 rms=0.001584 rmsa=0.001345
2025-10-31T03:36:15.717Z [ASSISTANT]  kleuren
2025-10-31T03:36:15.726Z [ASSISTANT]  om
2025-10-31T03:36:15.731Z TWILIO_MEDIA bytes=160 pcmBytes=640 rms=0.001485 rmsa=0.001387
2025-10-31T03:36:15.737Z [ASSISTANT]  je
2025-10-31T03:36:15.744Z [ASSISTANT]  heen
2025-10-31T03:36:15.749Z [ASSISTANT] ,
2025-10-31T03:36:15.751Z TWILIO_MEDIA bytes=160 pcmBytes=640 rms=0.001239 rmsa=0.001343
2025-10-31T03:36:15.758Z [ASSISTANT]  hoor
2025-10-31T03:36:15.765Z [ASSISTANT]  de
2025-10-31T03:36:15.771Z TWILIO_MEDIA bytes=160 pcmBytes=640 rms=0.000910 rmsa=0.001213
2025-10-31T03:36:15.773Z [ASSISTANT]  geluid
2025-10-31T03:36:15.781Z [ASSISTANT] en
2025-10-31T03:36:15.789Z [ASSISTANT] ,
2025-10-31T03:36:15.791Z TWILIO_MEDIA bytes=160 pcmBytes=640 rms=0.001097 rmsa=0.001178
2025-10-31T03:36:15.798Z [ASSISTANT]  voel
2025-10-31T03:36:15.808Z [ASSISTANT]  de
2025-10-31T03:36:15.811Z TWILIO_MEDIA bytes=160 pcmBytes=640 rms=0.000605 rmsa=0.001006
2025-10-31T03:36:15.817Z [ASSISTANT]  temperatuur
2025-10-31T03:36:15.820Z [ASSISTANT]  op
2025-10-31T03:36:15.829Z [ASSISTANT]  je
2025-10-31T03:36:15.831Z TWILIO_MEDIA bytes=160 pcmBytes=640 rms=0.000366 rmsa=0.000814
2025-10-31T03:36:15.837Z [ASSISTANT]  huid
2025-10-31T03:36:15.847Z [ASSISTANT] ,
2025-10-31T03:36:15.851Z TWILIO_MEDIA bytes=160 pcmBytes=640 rms=0.000244 rmsa=0.000643
2025-10-31T03:36:15.853Z [ASSISTANT]  en
2025-10-31T03:36:15.861Z [ASSISTANT]  ru
2025-10-31T03:36:15.870Z [ASSISTANT] ik
2025-10-31T03:36:15.871Z TWILIO_MEDIA bytes=160 pcmBytes=640 rms=0.000366 rmsa=0.000560
2025-10-31T03:36:15.878Z [ASSISTANT]  de
2025-10-31T03:36:15.884Z [ASSISTANT]  ge
2025-10-31T03:36:15.891Z TWILIO_MEDIA bytes=160 pcmBytes=640 rms=0.000328 rmsa=0.000490
2025-10-31T03:36:15.892Z [ASSISTANT] uren
2025-10-31T03:36:15.901Z [ASSISTANT]  in
2025-10-31T03:36:15.911Z TWILIO_MEDIA bytes=160 pcmBytes=640 rms=0.000244 rmsa=0.000417
2025-10-31T03:36:15.911Z [ASSISTANT]  de
2025-10-31T03:36:15.918Z [ASSISTANT]  lucht
2025-10-31T03:36:15.925Z [ASSISTANT] .
2025-10-31T03:36:15.931Z TWILIO_MEDIA bytes=160 pcmBytes=640 rms=0.000244 rmsa=0.000365
2025-10-31T03:36:15.933Z [ASSISTANT]  Pro
2025-10-31T03:36:15.940Z [ASSISTANT] beer
2025-10-31T03:36:15.948Z [ASSISTANT]  elk
2025-10-31T03:36:15.951Z TWILIO_MEDIA bytes=160 pcmBytes=640 rms=0.000244 rmsa=0.000329
2025-10-31T03:36:15.959Z [ASSISTANT]  detail
2025-10-31T03:36:15.970Z [ASSISTANT]  zo
2025-10-31T03:36:15.971Z TWILIO_MEDIA bytes=160 pcmBytes=640 rms=0.001140 rmsa=0.000572
2025-10-31T03:36:15.972Z [ASSISTANT]  lev
2025-10-31T03:36:15.980Z [ASSISTANT] endig
2025-10-31T03:36:15.988Z [ASSISTANT]  mogelijk
2025-10-31T03:36:15.990Z TWILIO_MEDIA bytes=160 pcmBytes=640 rms=0.014585 rmsa=0.004776
2025-10-31T03:36:15.997Z [ASSISTANT]  voor
2025-10-31T03:36:16.004Z [ASSISTANT]  te
2025-10-31T03:36:16.011Z TWILIO_MEDIA bytes=160 pcmBytes=640 rms=0.006266 rmsa=0.005223
2025-10-31T03:36:16.012Z [ASSISTANT]  stellen
2025-10-31T03:36:16.021Z [ASSISTANT] .


2025-10-31T03:36:16.031Z TWILIO_MEDIA bytes=160 pcmBytes=640 rms=0.004942 rmsa=0.005139
2025-10-31T03:36:16.034Z [ASSISTANT] Neem
2025-10-31T03:36:16.036Z [ASSISTANT]  de
2025-10-31T03:36:16.046Z [ASSISTANT]  tijd
2025-10-31T03:36:16.051Z TWILIO_MEDIA bytes=160 pcmBytes=640 rms=0.007579 rmsa=0.005871
2025-10-31T03:36:16.053Z [ASSISTANT]  om
2025-10-31T03:36:16.060Z [ASSISTANT]  echt
2025-10-31T03:36:16.068Z [ASSISTANT]  in
2025-10-31T03:36:16.071Z TWILIO_MEDIA bytes=160 pcmBytes=640 rms=0.007226 rmsa=0.006277
2025-10-31T03:36:16.076Z [ASSISTANT]  die
2025-10-31T03:36:16.084Z [ASSISTANT]  omgeving
2025-10-31T03:36:16.091Z TWILIO_MEDIA bytes=160 pcmBytes=640 rms=0.010294 rmsa=0.007482
2025-10-31T03:36:16.092Z [ASSISTANT]  op
2025-10-31T03:36:16.100Z [ASSISTANT]  te
2025-10-31T03:36:16.109Z [ASSISTANT]  gaan
2025-10-31T03:36:16.111Z TWILIO_MEDIA bytes=160 pcmBytes=640 rms=0.007808 rmsa=0.007580
2025-10-31T03:36:16.115Z [ASSISTANT] .
2025-10-31T03:36:16.125Z [ASSISTANT]  Vo
2025-10-31T03:36:16.131Z TWILIO_MEDIA bytes=160 pcmBytes=640 rms=0.009893 rmsa=0.008274
2025-10-31T03:36:16.133Z [ASSISTANT] el
2025-10-31T03:36:16.140Z [ASSISTANT]  hoe
2025-10-31T03:36:16.151Z TWILIO_MEDIA bytes=160 pcmBytes=640 rms=0.011259 rmsa=0.009170
2025-10-31T03:36:16.157Z [ASSISTANT]  je
2025-10-31T03:36:16.171Z TWILIO_MEDIA bytes=160 pcmBytes=640 rms=0.007964 rmsa=0.008808
2025-10-31T03:36:16.176Z [ASSISTANT]  lichaam
2025-10-31T03:36:16.185Z [ASSISTANT]  zich
2025-10-31T03:36:16.191Z TWILIO_MEDIA bytes=160 pcmBytes=640 rms=0.006243 rmsa=0.008038
2025-10-31T03:36:16.192Z [ASSISTANT]  ontsp
2025-10-31T03:36:16.201Z [ASSISTANT] ant
2025-10-31T03:36:16.208Z [ASSISTANT]  en
2025-10-31T03:36:16.211Z TWILIO_MEDIA bytes=160 pcmBytes=640 rms=0.008222 rmsa=0.008094
2025-10-31T03:36:16.217Z [ASSISTANT]  hoe
2025-10-31T03:36:16.226Z [ASSISTANT]  je
2025-10-31T03:36:16.231Z TWILIO_MEDIA bytes=160 pcmBytes=640 rms=0.010055 rmsa=0.008682
2025-10-31T03:36:16.232Z [ASSISTANT]  geest
2025-10-31T03:36:16.240Z [ASSISTANT]  kal
2025-10-31T03:36:16.250Z [ASSISTANT] me
2025-10-31T03:36:16.251Z TWILIO_MEDIA bytes=160 pcmBytes=640 rms=0.005887 rmsa=0.007844
2025-10-31T03:36:16.257Z [ASSISTANT] ert
2025-10-31T03:36:16.264Z [ASSISTANT]  terwijl
2025-10-31T03:36:16.271Z TWILIO_MEDIA bytes=160 pcmBytes=640 rms=0.003663 rmsa=0.006589
2025-10-31T03:36:16.273Z [ASSISTANT]  je
2025-10-31T03:36:16.280Z [ASSISTANT]  daar
2025-10-31T03:36:16.289Z [ASSISTANT]  bent
2025-10-31T03:36:16.291Z TWILIO_MEDIA bytes=160 pcmBytes=640 rms=0.001116 rmsa=0.004947
2025-10-31T03:36:16.295Z [ASSISTANT] .


2025-10-31T03:36:16.304Z [ASSISTANT] Als
2025-10-31T03:36:16.310Z TWILIO_MEDIA bytes=160 pcmBytes=640 rms=0.000646 rmsa=0.003657
2025-10-31T03:36:16.313Z [ASSISTANT]  je
2025-10-31T03:36:16.321Z [ASSISTANT]  er
2025-10-31T03:36:16.329Z [ASSISTANT]  klaar
2025-10-31T03:36:16.330Z TWILIO_MEDIA bytes=160 pcmBytes=640 rms=0.000497 rmsa=0.002709
2025-10-31T03:36:16.337Z [ASSISTANT]  voor
2025-10-31T03:36:16.346Z [ASSISTANT]  bent
2025-10-31T03:36:16.351Z TWILIO_MEDIA bytes=160 pcmBytes=640 rms=0.006029 rmsa=0.003705
2025-10-31T03:36:16.354Z [ASSISTANT] ,
2025-10-31T03:36:16.361Z [ASSISTANT]  adem
2025-10-31T03:36:16.371Z TWILIO_MEDIA bytes=160 pcmBytes=640 rms=0.006291 rmsa=0.004481
2025-10-31T03:36:16.372Z [ASSISTANT]  je
2025-10-31T03:36:16.377Z [ASSISTANT]  rustig
2025-10-31T03:36:16.385Z [ASSISTANT]  in
2025-10-31T03:36:16.391Z TWILIO_MEDIA bytes=160 pcmBytes=640 rms=0.033313 rmsa=0.013131
2025-10-31T03:36:16.393Z [ASSISTANT] ,
2025-10-31T03:36:16.405Z [ASSISTANT]  houd
2025-10-31T03:36:16.411Z TWILIO_MEDIA bytes=160 pcmBytes=640 rms=0.038373 rmsa=0.020703
2025-10-31T03:36:16.412Z [ASSISTANT]  het
2025-10-31T03:36:16.417Z [ASSISTANT]  even
2025-10-31T03:36:16.426Z [ASSISTANT]  vast
2025-10-31T03:36:16.431Z TWILIO_MEDIA bytes=160 pcmBytes=640 rms=0.028703 rmsa=0.023103
2025-10-31T03:36:16.434Z [ASSISTANT] ,
2025-10-31T03:36:16.441Z [ASSISTANT]  en
2025-10-31T03:36:16.450Z [ASSISTANT]  adem
2025-10-31T03:36:16.451Z TWILIO_MEDIA bytes=160 pcmBytes=640 rms=0.015265 rmsa=0.020752
2025-10-31T03:36:16.465Z [ASSISTANT]  langzaam
2025-10-31T03:36:16.467Z [ASSISTANT]  uit
2025-10-31T03:36:16.471Z TWILIO_MEDIA bytes=160 pcmBytes=640 rms=0.016158 rmsa=0.019374
2025-10-31T03:36:16.473Z [ASSISTANT] .
2025-10-31T03:36:16.482Z [ASSISTANT]  Open
2025-10-31T03:36:16.489Z [ASSISTANT]  dan
2025-10-31T03:36:16.490Z TWILIO_MEDIA bytes=160 pcmBytes=640 rms=0.015585 rmsa=0.018237
2025-10-31T03:36:16.505Z [ASSISTANT]  langzaam
2025-10-31T03:36:16.511Z TWILIO_MEDIA bytes=160 pcmBytes=640 rms=0.012681 rmsa=0.016570
2025-10-31T03:36:16.512Z [ASSISTANT]  je
2025-10-31T03:36:16.520Z [ASSISTANT]  ogen
2025-10-31T03:36:16.528Z [ASSISTANT]  en
2025-10-31T03:36:16.531Z TWILIO_MEDIA bytes=160 pcmBytes=640 rms=0.006806 rmsa=0.013641
2025-10-31T03:36:16.536Z [ASSISTANT]  neem
2025-10-31T03:36:16.544Z [ASSISTANT]  dat
2025-10-31T03:36:16.551Z TWILIO_MEDIA bytes=160 pcmBytes=640 rms=0.003520 rmsa=0.010605
2025-10-31T03:36:16.557Z [ASSISTANT]  rustige
2025-10-31T03:36:16.560Z [ASSISTANT]  gevoel
2025-10-31T03:36:16.569Z [ASSISTANT]  met
2025-10-31T03:36:16.571Z TWILIO_MEDIA bytes=160 pcmBytes=640 rms=0.002315 rmsa=0.008118
2025-10-31T03:36:16.576Z [ASSISTANT]  je
2025-10-31T03:36:16.584Z [ASSISTANT]  mee
2025-10-31T03:36:16.590Z TWILIO_MEDIA bytes=160 pcmBytes=640 rms=0.001525 rmsa=0.006140
2025-10-31T03:36:16.592Z [ASSISTANT] .
2025-10-31T03:36:16.600Z [ASSISTANT]  


2025-10-31T03:36:16.611Z TWILIO_MEDIA bytes=160 pcmBytes=640 rms=0.001765 rmsa=0.004827
2025-10-31T03:36:16.616Z [ASSISTANT] Visual
2025-10-31T03:36:16.618Z [ASSISTANT] isatie
2025-10-31T03:36:16.623Z [ASSISTANT]  kan
2025-10-31T03:36:16.630Z TWILIO_MEDIA bytes=160 pcmBytes=640 rms=0.006948 rmsa=0.005464
2025-10-31T03:36:16.632Z [ASSISTANT]  je
2025-10-31T03:36:16.642Z [ASSISTANT]  helpen
2025-10-31T03:36:16.650Z [ASSISTANT]  om
2025-10-31T03:36:16.651Z TWILIO_MEDIA bytes=160 pcmBytes=640 rms=0.012495 rmsa=0.007573
2025-10-31T03:36:16.657Z [ASSISTANT]  je
2025-10-31T03:36:16.668Z [ASSISTANT]  gedachten
2025-10-31T03:36:16.671Z TWILIO_MEDIA bytes=160 pcmBytes=640 rms=0.021564 rmsa=0.011770
2025-10-31T03:36:16.672Z [ASSISTANT]  te
2025-10-31T03:36:16.691Z TWILIO_MEDIA bytes=160 pcmBytes=640 rms=0.020382 rmsa=0.014354
2025-10-31T03:36:16.700Z [ASSISTANT]  kal
2025-10-31T03:36:16.707Z [ASSISTANT] meren
2025-10-31T03:36:16.710Z TWILIO_MEDIA bytes=160 pcmBytes=640 rms=0.021682 rmsa=0.016552
2025-10-31T03:36:16.716Z [ASSISTANT]  en
2025-10-31T03:36:16.723Z [ASSISTANT]  je
2025-10-31T03:36:16.731Z TWILIO_MEDIA bytes=160 pcmBytes=640 rms=0.019624 rmsa=0.017474
2025-10-31T03:36:16.732Z [ASSISTANT]  even
2025-10-31T03:36:16.740Z [ASSISTANT]  helemaal
2025-10-31T03:36:16.747Z [ASSISTANT]  los
2025-10-31T03:36:16.751Z TWILIO_MEDIA bytes=160 pcmBytes=640 rms=0.010764 rmsa=0.015461
2025-10-31T03:36:16.755Z [ASSISTANT]  te
2025-10-31T03:36:16.765Z [ASSISTANT]  maken
2025-10-31T03:36:16.771Z TWILIO_MEDIA bytes=160 pcmBytes=640 rms=0.010644 rmsa=0.014016
2025-10-31T03:36:16.774Z [ASSISTANT]  van
2025-10-31T03:36:16.779Z [ASSISTANT]  de
2025-10-31T03:36:16.788Z [ASSISTANT]  druk
2025-10-31T03:36:16.791Z TWILIO_MEDIA bytes=160 pcmBytes=640 rms=0.008648 rmsa=0.012405
2025-10-31T03:36:16.796Z [ASSISTANT] te
2025-10-31T03:36:16.804Z [ASSISTANT]  om
2025-10-31T03:36:16.811Z TWILIO_MEDIA bytes=160 pcmBytes=640 rms=0.003593 rmsa=0.009762
2025-10-31T03:36:16.813Z [ASSISTANT]  je
2025-10-31T03:36:16.822Z [ASSISTANT]  heen
2025-10-31T03:36:16.828Z [ASSISTANT] .
2025-10-31T03:36:16.831Z TWILIO_MEDIA bytes=160 pcmBytes=640 rms=0.007211 rmsa=0.008997
2025-10-31T03:36:16.851Z TWILIO_MEDIA bytes=160 pcmBytes=640 rms=0.004484 rmsa=0.007643
2025-10-31T03:36:16.858Z [ASSISTANT] Als je wilt visualiseren, kun je beginnen met een beeld of een plek die je rust geeft.

Sluit je ogen en stel je voor dat je op een rustige plek bent, misschien een strand, een bos, of een comfortabele kamer. 

Zie de kleuren om je heen, hoor de geluiden, voel de temperatuur op je huid, en ruik de geuren in de lucht. Probeer elk detail zo levendig mogelijk voor te stellen.

Neem de tijd om echt in die omgeving op te gaan. Voel hoe je lichaam zich ontspant en hoe je geest kalmeert terwijl je daar bent.

Als je er klaar voor bent, adem je rustig in, houd het even vast, en adem langzaam uit. Open dan langzaam je ogen en neem dat rustige gevoel met je mee. 

Visualisatie kan je helpen om je gedachten te kalmeren en je even helemaal los te maken van de drukte om je heen.
2025-10-31T03:36:16.860Z [ASSISTANT] Als je wilt visualiseren, kun je beginnen met een beeld of een plek die je rust geeft.

Sluit je ogen en stel je voor dat je op een rustige plek bent, misschien een strand, een bos, of een comfortabele kamer. 

Zie de kleuren om je heen, hoor de geluiden, voel de temperatuur op je huid, en ruik de geuren in de lucht. Probeer elk detail zo levendig mogelijk voor te stellen.

Neem de tijd om echt in die omgeving op te gaan. Voel hoe je lichaam zich ontspant en hoe je geest kalmeert terwijl je daar bent.

Als je er klaar voor bent, adem je rustig in, houd het even vast, en adem langzaam uit. Open dan langzaam je ogen en neem dat rustige gevoel met je mee. 

Visualisatie kan je helpen om je gedachten te kalmeren en je even helemaal los te maken van de drukte om je heen.
2025-10-31T03:36:16.863Z [ASSISTANT] Als je wilt visualiseren, kun je beginnen met een beeld of een plek die je rust geeft.

Sluit je ogen en stel je voor dat je op een rustige plek bent, misschien een strand, een bos, of een comfortabele kamer. 

Zie de kleuren om je heen, hoor de geluiden, voel de temperatuur op je huid, en ruik de geuren in de lucht. Probeer elk detail zo levendig mogelijk voor te stellen.

Neem de tijd om echt in die omgeving op te gaan. Voel hoe je lichaam zich ontspant en hoe je geest kalmeert terwijl je daar bent.

Als je er klaar voor bent, adem je rustig in, houd het even vast, en adem langzaam uit. Open dan langzaam je ogen en neem dat rustige gevoel met je mee. 

Visualisatie kan je helpen om je gedachten te kalmeren en je even helemaal los te maken van de drukte om je heen.
2025-10-31T03:36:16.871Z TWILIO_MEDIA bytes=160 pcmBytes=640 rms=0.002307 rmsa=0.006042
2025-10-31T03:36:16.891Z TWILIO_MEDIA bytes=160 pcmBytes=640 rms=0.000680 rmsa=0.004433
2025-10-31T03:36:16.910Z TWILIO_MEDIA bytes=160 pcmBytes=640 rms=0.000250 rmsa=0.003178
2025-10-31T03:36:16.930Z TWILIO_MEDIA bytes=160 pcmBytes=640 rms=0.000244 rmsa=0.002298
2025-10-31T03:36:16.950Z TWILIO_MEDIA bytes=160 pcmBytes=640 rms=0.000244 rmsa=0.001682
2025-10-31T03:36:16.970Z TWILIO_MEDIA bytes=160 pcmBytes=640 rms=0.000244 rmsa=0.001251
2025-10-31T03:36:16.990Z TWILIO_MEDIA bytes=160 pcmBytes=640 rms=0.000244 rmsa=0.000949
2025-10-31T03:36:17.010Z TWILIO_MEDIA bytes=160 pcmBytes=640 rms=0.000244 rmsa=0.000737
2025-10-31T03:36:17.031Z TWILIO_MEDIA bytes=160 pcmBytes=640 rms=0.000244 rmsa=0.000589
2025-10-31T03:36:17.051Z TWILIO_MEDIA bytes=160 pcmBytes=640 rms=0.000244 rmsa=0.000486
2025-10-31T03:36:17.071Z TWILIO_MEDIA bytes=160 pcmBytes=640 rms=0.000244 rmsa=0.000413
2025-10-31T03:36:17.090Z TWILIO_MEDIA bytes=160 pcmBytes=640 rms=0.000244 rmsa=0.000363
2025-10-31T03:36:17.111Z TWILIO_MEDIA bytes=160 pcmBytes=640 rms=0.000244 rmsa=0.000327
2025-10-31T03:36:17.131Z TWILIO_MEDIA bytes=160 pcmBytes=640 rms=0.000244 rmsa=0.000302
2025-10-31T03:36:17.145Z [ASSISTANT] Om
2025-10-31T03:36:17.147Z [ASSISTANT]  je
2025-10-31T03:36:17.151Z TWILIO_MEDIA bytes=160 pcmBytes=640 rms=0.000244 rmsa=0.000285
2025-10-31T03:36:17.157Z [ASSISTANT]  gedachten
2025-10-31T03:36:17.164Z [ASSISTANT]  te
2025-10-31T03:36:17.171Z TWILIO_MEDIA bytes=160 pcmBytes=640 rms=0.000244 rmsa=0.000273
2025-10-31T03:36:17.175Z [ASSISTANT]  ver
2025-10-31T03:36:17.183Z [ASSISTANT] zetten
2025-10-31T03:36:17.191Z TWILIO_MEDIA bytes=160 pcmBytes=640 rms=0.000244 rmsa=0.000264
2025-10-31T03:36:17.191Z [ASSISTANT]  kun
2025-10-31T03:36:17.198Z [ASSISTANT]  je
2025-10-31T03:36:17.206Z [ASSISTANT]  een
2025-10-31T03:36:17.210Z TWILIO_MEDIA bytes=160 pcmBytes=640 rms=0.000244 rmsa=0.000258
2025-10-31T03:36:17.231Z TWILIO_MEDIA bytes=160 pcmBytes=640 rms=0.000244 rmsa=0.000254
2025-10-31T03:36:17.237Z [ASSISTANT]  paar
2025-10-31T03:36:17.240Z [ASSISTANT]  dingen
2025-10-31T03:36:17.249Z [ASSISTANT]  proberen
2025-10-31T03:36:17.251Z TWILIO_MEDIA bytes=160 pcmBytes=640 rms=0.000244 rmsa=0.000251
2025-10-31T03:36:17.255Z [ASSISTANT] .


2025-10-31T03:36:17.263Z [ASSISTANT] Ten
2025-10-31T03:36:17.271Z TWILIO_MEDIA bytes=160 pcmBytes=640 rms=0.000244 rmsa=0.000249
2025-10-31T03:36:17.273Z [ASSISTANT]  eerste
2025-10-31T03:36:17.280Z [ASSISTANT] ,
2025-10-31T03:36:17.290Z [ASSISTANT]  ver
2025-10-31T03:36:17.291Z TWILIO_MEDIA bytes=160 pcmBytes=640 rms=0.000244 rmsa=0.000247
2025-10-31T03:36:17.296Z [ASSISTANT] leg
2025-10-31T03:36:17.304Z [ASSISTANT]  je
2025-10-31T03:36:17.312Z TWILIO_MEDIA bytes=160 pcmBytes=640 rms=0.000244 rmsa=0.000246
2025-10-31T03:36:17.315Z [ASSISTANT]  aandacht
2025-10-31T03:36:17.322Z [ASSISTANT]  door
2025-10-31T03:36:17.331Z TWILIO_MEDIA bytes=160 pcmBytes=640 rms=0.000244 rmsa=0.000246
2025-10-31T03:36:17.332Z [ASSISTANT]  iets
2025-10-31T03:36:17.341Z [ASSISTANT]  actief
2025-10-31T03:36:17.351Z TWILIO_MEDIA bytes=160 pcmBytes=640 rms=0.000244 rmsa=0.000245
2025-10-31T03:36:17.351Z [ASSISTANT] s
2025-10-31T03:36:17.356Z [ASSISTANT]  te
2025-10-31T03:36:17.369Z [ASSISTANT]  doen
2025-10-31T03:36:17.371Z TWILIO_MEDIA bytes=160 pcmBytes=640 rms=0.000244 rmsa=0.000245
2025-10-31T03:36:17.376Z [ASSISTANT] ,
2025-10-31T03:36:17.380Z [ASSISTANT]  zoals
2025-10-31T03:36:17.389Z [ASSISTANT]  een
2025-10-31T03:36:17.391Z TWILIO_MEDIA bytes=160 pcmBytes=640 rms=0.000244 rmsa=0.000245
2025-10-31T03:36:17.397Z [ASSISTANT]  korte
2025-10-31T03:36:17.406Z [ASSISTANT]  wandeling
2025-10-31T03:36:17.411Z TWILIO_MEDIA bytes=160 pcmBytes=640 rms=0.000244 rmsa=0.000245
2025-10-31T03:36:17.415Z [ASSISTANT]  maken
2025-10-31T03:36:17.424Z [ASSISTANT] ,
2025-10-31T03:36:17.431Z TWILIO_MEDIA bytes=160 pcmBytes=640 rms=0.000244 rmsa=0.000244
2025-10-31T03:36:17.432Z [ASSISTANT]  even
2025-10-31T03:36:17.440Z [ASSISTANT]  st
2025-10-31T03:36:17.448Z [ASSISTANT] rekken
2025-10-31T03:36:17.451Z TWILIO_MEDIA bytes=160 pcmBytes=640 rms=0.000244 rmsa=0.000244
2025-10-31T03:36:17.456Z [ASSISTANT]  of
2025-10-31T03:36:17.464Z [ASSISTANT]  wat
2025-10-31T03:36:17.471Z TWILIO_MEDIA bytes=160 pcmBytes=640 rms=0.000244 rmsa=0.000244
2025-10-31T03:36:17.478Z [ASSISTANT]  lichte
2025-10-31T03:36:17.481Z [ASSISTANT]  oefeningen
2025-10-31T03:36:17.490Z [ASSISTANT] .


2025-10-31T03:36:17.490Z TWILIO_MEDIA bytes=160 pcmBytes=640 rms=0.000244 rmsa=0.000244
2025-10-31T03:36:17.497Z [ASSISTANT] Een
2025-10-31T03:36:17.508Z [ASSISTANT]  andere
2025-10-31T03:36:17.511Z TWILIO_MEDIA bytes=160 pcmBytes=640 rms=0.000244 rmsa=0.000244
2025-10-31T03:36:17.514Z [ASSISTANT]  manier
2025-10-31T03:36:17.524Z [ASSISTANT]  is
2025-10-31T03:36:17.531Z TWILIO_MEDIA bytes=160 pcmBytes=640 rms=0.000244 rmsa=0.000244
2025-10-31T03:36:17.531Z [ASSISTANT]  om
2025-10-31T03:36:17.540Z [ASSISTANT]  je
2025-10-31T03:36:17.549Z [ASSISTANT]  te
2025-10-31T03:36:17.551Z TWILIO_MEDIA bytes=160 pcmBytes=640 rms=0.000244 rmsa=0.000244
2025-10-31T03:36:17.558Z [ASSISTANT]  foc
2025-10-31T03:36:17.565Z [ASSISTANT] ussen
2025-10-31T03:36:17.571Z TWILIO_MEDIA bytes=160 pcmBytes=640 rms=0.000244 rmsa=0.000244
2025-10-31T03:36:17.574Z [ASSISTANT]  op
2025-10-31T03:36:17.581Z [ASSISTANT]  een
2025-10-31T03:36:17.590Z TWILIO_MEDIA bytes=160 pcmBytes=640 rms=0.000244 rmsa=0.000244
2025-10-31T03:36:17.595Z [ASSISTANT]  taak
2025-10-31T03:36:17.601Z [ASSISTANT]  waar
2025-10-31T03:36:17.611Z TWILIO_MEDIA bytes=160 pcmBytes=640 rms=0.000244 rmsa=0.000244
2025-10-31T03:36:17.612Z [ASSISTANT]  je
2025-10-31T03:36:17.620Z [ASSISTANT]  jezelf
2025-10-31T03:36:17.625Z [ASSISTANT]  in
2025-10-31T03:36:17.631Z TWILIO_MEDIA bytes=160 pcmBytes=640 rms=0.000244 rmsa=0.000244
2025-10-31T03:36:17.633Z [ASSISTANT]  kunt
2025-10-31T03:36:17.641Z [ASSISTANT]  verliezen
2025-10-31T03:36:17.651Z TWILIO_MEDIA bytes=160 pcmBytes=640 rms=0.000244 rmsa=0.000244
2025-10-31T03:36:17.653Z [ASSISTANT] ,
2025-10-31T03:36:17.656Z [ASSISTANT]  bijvoorbeeld
2025-10-31T03:36:17.665Z [ASSISTANT]  een
2025-10-31T03:36:17.673Z TWILIO_MEDIA bytes=160 pcmBytes=640 rms=0.000244 rmsa=0.000244
2025-10-31T03:36:17.675Z [ASSISTANT]  hobby
2025-10-31T03:36:17.681Z [ASSISTANT]  zoals
2025-10-31T03:36:17.690Z [ASSISTANT]  tekenen
2025-10-31T03:36:17.691Z TWILIO_MEDIA bytes=160 pcmBytes=640 rms=0.000244 rmsa=0.000244
2025-10-31T03:36:17.696Z [ASSISTANT] ,
2025-10-31T03:36:17.704Z [ASSISTANT]  koken
2025-10-31T03:36:17.711Z TWILIO_MEDIA bytes=160 pcmBytes=640 rms=0.000244 rmsa=0.000244
2025-10-31T03:36:17.712Z [ASSISTANT]  of
2025-10-31T03:36:17.720Z [ASSISTANT]  lezen
2025-10-31T03:36:17.732Z [ASSISTANT] .


2025-10-31T03:36:17.749Z [ASSISTANT] Als
2025-10-31T03:36:17.759Z [ASSISTANT]  je
2025-10-31T03:36:17.768Z [ASSISTANT]  liever
2025-10-31T03:36:17.775Z [ASSISTANT]  iets
2025-10-31T03:36:17.783Z [ASSISTANT]  m
2025-10-31T03:36:17.790Z [ASSISTANT] enta
2025-10-31T03:36:17.791Z TWILIO_STOP: {"sid":"MZ8a7394e3457a5aeeea727c132702ff14"}
2025-10-31T03:36:17.791Z CALL_END: MZ8a7394e3457a5aeeea727c132702ff14
