2025-10-31T04:02:45.053Z CALL_START: MZ9f610f66ae347d2f9ca6e364f03ddb3c
2025-10-31T04:02:45.053Z TWILIO_START: {"sid":"MZ9f610f66ae347d2f9ca6e364f03ddb3c"}
2025-10-31T04:02:45.056Z TWILIO_MEDIA bytes=160 pcmBytes=640 rms=0.000244 rmsa=0.000073
2025-10-31T04:02:45.058Z TWILIO_MEDIA bytes=160 pcmBytes=640 rms=0.000244 rmsa=0.000125
2025-10-31T04:02:45.061Z TWILIO_MEDIA bytes=160 pcmBytes=640 rms=0.000244 rmsa=0.000160
2025-10-31T04:02:45.062Z TWILIO_MEDIA bytes=160 pcmBytes=640 rms=0.000244 rmsa=0.000186
2025-10-31T04:02:45.062Z TWILIO_MEDIA bytes=160 pcmBytes=640 rms=0.000244 rmsa=0.000203
2025-10-31T04:02:45.063Z TWILIO_MEDIA bytes=160 pcmBytes=640 rms=0.000244 rmsa=0.000215
2025-10-31T04:02:45.064Z TWILIO_MEDIA bytes=160 pcmBytes=640 rms=0.000244 rmsa=0.000224
2025-10-31T04:02:45.066Z TWILIO_MEDIA bytes=160 pcmBytes=640 rms=0.000244 rmsa=0.000230
2025-10-31T04:02:45.067Z TWILIO_MEDIA bytes=160 pcmBytes=640 rms=0.000244 rmsa=0.000234
2025-10-31T04:02:45.068Z TWILIO_MEDIA bytes=160 pcmBytes=640 rms=0.000244 rmsa=0.000237
2025-10-31T04:02:45.069Z TWILIO_MEDIA bytes=160 pcmBytes=640 rms=0.000244 rmsa=0.000239
2025-10-31T04:02:45.069Z TWILIO_MEDIA bytes=160 pcmBytes=640 rms=0.000244 rmsa=0.000241
2025-10-31T04:02:45.070Z TWILIO_MEDIA bytes=160 pcmBytes=640 rms=0.000244 rmsa=0.000242
2025-10-31T04:02:45.071Z TWILIO_MEDIA bytes=160 pcmBytes=640 rms=0.000244 rmsa=0.000242
2025-10-31T04:02:45.073Z TWILIO_MEDIA bytes=160 pcmBytes=640 rms=0.000244 rmsa=0.000243
2025-10-31T04:02:45.093Z TWILIO_MEDIA bytes=160 pcmBytes=640 rms=0.000244 rmsa=0.000243
2025-10-31T04:02:45.151Z TWILIO_MEDIA bytes=160 pcmBytes=640 rms=0.000244 rmsa=0.000244
2025-10-31T04:02:45.152Z TWILIO_MEDIA bytes=160 pcmBytes=640 rms=0.000244 rmsa=0.000244
2025-10-31T04:02:45.153Z TWILIO_MEDIA bytes=160 pcmBytes=640 rms=0.000244 rmsa=0.000244
2025-10-31T04:02:45.173Z TWILIO_MEDIA bytes=160 pcmBytes=640 rms=0.000244 rmsa=0.000244
2025-10-31T04:02:45.193Z TWILIO_MEDIA bytes=160 pcmBytes=640 rms=0.000244 rmsa=0.000244
2025-10-31T04:02:45.213Z TWILIO_MEDIA bytes=160 pcmBytes=640 rms=0.000244 rmsa=0.000244
2025-10-31T04:02:45.233Z TWILIO_MEDIA bytes=160 pcmBytes=640 rms=0.000244 rmsa=0.000244
2025-10-31T04:02:45.253Z TWILIO_MEDIA bytes=160 pcmBytes=640 rms=0.000244 rmsa=0.000244
2025-10-31T04:02:45.273Z TWILIO_MEDIA bytes=160 pcmBytes=640 rms=0.000244 rmsa=0.000244
2025-10-31T04:02:45.293Z TWILIO_MEDIA bytes=160 pcmBytes=640 rms=0.000244 rmsa=0.000244
2025-10-31T04:02:45.313Z TWILIO_MEDIA bytes=160 pcmBytes=640 rms=0.000244 rmsa=0.000244
2025-10-31T04:02:45.333Z TWILIO_MEDIA bytes=160 pcmBytes=640 rms=0.000244 rmsa=0.000244
2025-10-31T04:02:45.353Z TWILIO_MEDIA bytes=160 pcmBytes=640 rms=0.000244 rmsa=0.000244
2025-10-31T04:02:45.373Z TWILIO_MEDIA bytes=160 pcmBytes=640 rms=0.000244 rmsa=0.000244
2025-10-31T04:02:45.393Z TWILIO_MEDIA bytes=160 pcmBytes=640 rms=0.000244 rmsa=0.000244
2025-10-31T04:02:45.413Z TWILIO_MEDIA bytes=160 pcmBytes=640 rms=0.000244 rmsa=0.000244
2025-10-31T04:02:45.433Z TWILIO_MEDIA bytes=160 pcmBytes=640 rms=0.000244 rmsa=0.000244
2025-10-31T04:02:45.453Z TWILIO_MEDIA bytes=160 pcmBytes=640 rms=0.000244 rmsa=0.000244
2025-10-31T04:02:45.473Z TWILIO_MEDIA bytes=160 pcmBytes=640 rms=0.000244 rmsa=0.000244
2025-10-31T04:02:45.493Z TWILIO_MEDIA bytes=160 pcmBytes=640 rms=0.000244 rmsa=0.000244
2025-10-31T04:02:45.515Z TWILIO_MEDIA bytes=160 pcmBytes=640 rms=0.000244 rmsa=0.000244
2025-10-31T04:02:45.533Z TWILIO_MEDIA bytes=160 pcmBytes=640 rms=0.000244 rmsa=0.000244
2025-10-31T04:02:45.553Z TWILIO_MEDIA bytes=160 pcmBytes=640 rms=0.000244 rmsa=0.000244
2025-10-31T04:02:45.573Z TWILIO_MEDIA bytes=160 pcmBytes=640 rms=0.000244 rmsa=0.000244
2025-10-31T04:02:45.593Z TWILIO_MEDIA bytes=160 pcmBytes=640 rms=0.000244 rmsa=0.000244
2025-10-31T04:02:45.613Z TWILIO_MEDIA bytes=160 pcmBytes=640 rms=0.000244 rmsa=0.000244
2025-10-31T04:02:45.633Z TWILIO_MEDIA bytes=160 pcmBytes=640 rms=0.000244 rmsa=0.000244
2025-10-31T04:02:45.653Z TWILIO_MEDIA bytes=160 pcmBytes=640 rms=0.000244 rmsa=0.000244
2025-10-31T04:02:45.673Z TWILIO_MEDIA bytes=160 pcmBytes=640 rms=0.000244 rmsa=0.000244
2025-10-31T04:02:45.693Z TWILIO_MEDIA bytes=160 pcmBytes=640 rms=0.000244 rmsa=0.000244
2025-10-31T04:02:45.713Z TWILIO_MEDIA bytes=160 pcmBytes=640 rms=0.000244 rmsa=0.000244
2025-10-31T04:02:45.733Z TWILIO_MEDIA bytes=160 pcmBytes=640 rms=0.000244 rmsa=0.000244
2025-10-31T04:02:45.752Z TWILIO_MEDIA bytes=160 pcmBytes=640 rms=0.000244 rmsa=0.000244
2025-10-31T04:02:45.772Z TWILIO_MEDIA bytes=160 pcmBytes=640 rms=0.000244 rmsa=0.000244
2025-10-31T04:02:45.792Z TWILIO_MEDIA bytes=160 pcmBytes=640 rms=0.000244 rmsa=0.000244
2025-10-31T04:02:45.812Z TWILIO_MEDIA bytes=160 pcmBytes=640 rms=0.000244 rmsa=0.000244
2025-10-31T04:02:45.833Z TWILIO_MEDIA bytes=160 pcmBytes=640 rms=0.000244 rmsa=0.000244
2025-10-31T04:02:45.853Z TWILIO_MEDIA bytes=160 pcmBytes=640 rms=0.000244 rmsa=0.000244
2025-10-31T04:02:45.873Z TWILIO_MEDIA bytes=160 pcmBytes=640 rms=0.000244 rmsa=0.000244
2025-10-31T04:02:45.893Z TWILIO_MEDIA bytes=160 pcmBytes=640 rms=0.000244 rmsa=0.000244
2025-10-31T04:02:45.913Z TWILIO_MEDIA bytes=160 pcmBytes=640 rms=0.000244 rmsa=0.000244
2025-10-31T04:02:45.932Z TWILIO_MEDIA bytes=160 pcmBytes=640 rms=0.000244 rmsa=0.000244
2025-10-31T04:02:45.953Z TWILIO_MEDIA bytes=160 pcmBytes=640 rms=0.000244 rmsa=0.000244
2025-10-31T04:02:45.973Z TWILIO_MEDIA bytes=160 pcmBytes=640 rms=0.000244 rmsa=0.000244
2025-10-31T04:02:45.994Z TWILIO_MEDIA bytes=160 pcmBytes=640 rms=0.000244 rmsa=0.000244
2025-10-31T04:02:46.014Z TWILIO_MEDIA bytes=160 pcmBytes=640 rms=0.000244 rmsa=0.000244
2025-10-31T04:02:46.033Z TWILIO_MEDIA bytes=160 pcmBytes=640 rms=0.000244 rmsa=0.000244
2025-10-31T04:02:46.053Z TWILIO_MEDIA bytes=160 pcmBytes=640 rms=0.000244 rmsa=0.000244
2025-10-31T04:02:46.073Z TWILIO_MEDIA bytes=160 pcmBytes=640 rms=0.000244 rmsa=0.000244
2025-10-31T04:02:46.093Z TWILIO_MEDIA bytes=160 pcmBytes=640 rms=0.000244 rmsa=0.000244
2025-10-31T04:02:46.113Z TWILIO_MEDIA bytes=160 pcmBytes=640 rms=0.000244 rmsa=0.000244
2025-10-31T04:02:46.133Z TWILIO_MEDIA bytes=160 pcmBytes=640 rms=0.000244 rmsa=0.000244
2025-10-31T04:02:46.153Z TWILIO_MEDIA bytes=160 pcmBytes=640 rms=0.000244 rmsa=0.000244
2025-10-31T04:02:46.173Z TWILIO_MEDIA bytes=160 pcmBytes=640 rms=0.000244 rmsa=0.000244
2025-10-31T04:02:46.193Z TWILIO_MEDIA bytes=160 pcmBytes=640 rms=0.000244 rmsa=0.000244
2025-10-31T04:02:46.213Z TWILIO_MEDIA bytes=160 pcmBytes=640 rms=0.000244 rmsa=0.000244
2025-10-31T04:02:46.233Z TWILIO_MEDIA bytes=160 pcmBytes=640 rms=0.000244 rmsa=0.000244
2025-10-31T04:02:46.253Z TWILIO_MEDIA bytes=160 pcmBytes=640 rms=0.000244 rmsa=0.000244
2025-10-31T04:02:46.273Z TWILIO_MEDIA bytes=160 pcmBytes=640 rms=0.000244 rmsa=0.000244
2025-10-31T04:02:46.293Z TWILIO_MEDIA bytes=160 pcmBytes=640 rms=0.000244 rmsa=0.000244
2025-10-31T04:02:46.313Z TWILIO_MEDIA bytes=160 pcmBytes=640 rms=0.000244 rmsa=0.000244
2025-10-31T04:02:46.332Z TWILIO_MEDIA bytes=160 pcmBytes=640 rms=0.000244 rmsa=0.000244
2025-10-31T04:02:46.353Z TWILIO_MEDIA bytes=160 pcmBytes=640 rms=0.000244 rmsa=0.000244
2025-10-31T04:02:46.373Z TWILIO_MEDIA bytes=160 pcmBytes=640 rms=0.000244 rmsa=0.000244
2025-10-31T04:02:46.393Z TWILIO_MEDIA bytes=160 pcmBytes=640 rms=0.000244 rmsa=0.000244
2025-10-31T04:02:46.412Z TWILIO_MEDIA bytes=160 pcmBytes=640 rms=0.000244 rmsa=0.000244
2025-10-31T04:02:46.433Z TWILIO_MEDIA bytes=160 pcmBytes=640 rms=0.000244 rmsa=0.000244
2025-10-31T04:02:46.453Z TWILIO_MEDIA bytes=160 pcmBytes=640 rms=0.000244 rmsa=0.000244
2025-10-31T04:02:46.473Z TWILIO_MEDIA bytes=160 pcmBytes=640 rms=0.000244 rmsa=0.000244
2025-10-31T04:02:46.492Z TWILIO_MEDIA bytes=160 pcmBytes=640 rms=0.000244 rmsa=0.000244
2025-10-31T04:02:46.513Z TWILIO_MEDIA bytes=160 pcmBytes=640 rms=0.000244 rmsa=0.000244
2025-10-31T04:02:46.533Z TWILIO_MEDIA bytes=160 pcmBytes=640 rms=0.000244 rmsa=0.000244
2025-10-31T04:02:46.553Z TWILIO_MEDIA bytes=160 pcmBytes=640 rms=0.000244 rmsa=0.000244
2025-10-31T04:02:46.573Z TWILIO_MEDIA bytes=160 pcmBytes=640 rms=0.000244 rmsa=0.000244
2025-10-31T04:02:46.593Z TWILIO_MEDIA bytes=160 pcmBytes=640 rms=0.000244 rmsa=0.000244
2025-10-31T04:02:46.613Z TWILIO_MEDIA bytes=160 pcmBytes=640 rms=0.000244 rmsa=0.000244
2025-10-31T04:02:46.633Z TWILIO_MEDIA bytes=160 pcmBytes=640 rms=0.000244 rmsa=0.000244
2025-10-31T04:02:46.653Z TWILIO_MEDIA bytes=160 pcmBytes=640 rms=0.000244 rmsa=0.000244
2025-10-31T04:02:46.673Z TWILIO_MEDIA bytes=160 pcmBytes=640 rms=0.000244 rmsa=0.000244
2025-10-31T04:02:46.693Z TWILIO_MEDIA bytes=160 pcmBytes=640 rms=0.000244 rmsa=0.000244
2025-10-31T04:02:46.713Z TWILIO_MEDIA bytes=160 pcmBytes=640 rms=0.000244 rmsa=0.000244
2025-10-31T04:02:46.733Z TWILIO_MEDIA bytes=160 pcmBytes=640 rms=0.000244 rmsa=0.000244
2025-10-31T04:02:46.753Z TWILIO_MEDIA bytes=160 pcmBytes=640 rms=0.000244 rmsa=0.000244
2025-10-31T04:02:46.773Z TWILIO_MEDIA bytes=160 pcmBytes=640 rms=0.000244 rmsa=0.000244
2025-10-31T04:02:46.793Z TWILIO_MEDIA bytes=160 pcmBytes=640 rms=0.000244 rmsa=0.000244
2025-10-31T04:02:46.813Z TWILIO_MEDIA bytes=160 pcmBytes=640 rms=0.000244 rmsa=0.000244
2025-10-31T04:02:46.833Z TWILIO_MEDIA bytes=160 pcmBytes=640 rms=0.000244 rmsa=0.000244
2025-10-31T04:02:46.853Z TWILIO_MEDIA bytes=160 pcmBytes=640 rms=0.000244 rmsa=0.000244
2025-10-31T04:02:46.873Z TWILIO_MEDIA bytes=160 pcmBytes=640 rms=0.000244 rmsa=0.000244
2025-10-31T04:02:46.893Z TWILIO_MEDIA bytes=160 pcmBytes=640 rms=0.000244 rmsa=0.000244
2025-10-31T04:02:46.913Z TWILIO_MEDIA bytes=160 pcmBytes=640 rms=0.000244 rmsa=0.000244
2025-10-31T04:02:46.933Z TWILIO_MEDIA bytes=160 pcmBytes=640 rms=0.000244 rmsa=0.000244
2025-10-31T04:02:46.953Z TWILIO_MEDIA bytes=160 pcmBytes=640 rms=0.000244 rmsa=0.000244
2025-10-31T04:02:46.973Z TWILIO_MEDIA bytes=160 pcmBytes=640 rms=0.000244 rmsa=0.000244
2025-10-31T04:02:46.992Z TWILIO_MEDIA bytes=160 pcmBytes=640 rms=0.000244 rmsa=0.000244
2025-10-31T04:02:47.013Z TWILIO_MEDIA bytes=160 pcmBytes=640 rms=0.000244 rmsa=0.000244
2025-10-31T04:02:47.032Z TWILIO_MEDIA bytes=160 pcmBytes=640 rms=0.000244 rmsa=0.000244
2025-10-31T04:02:47.053Z TWILIO_MEDIA bytes=160 pcmBytes=640 rms=0.000244 rmsa=0.000244
2025-10-31T04:02:47.072Z TWILIO_MEDIA bytes=160 pcmBytes=640 rms=0.000244 rmsa=0.000244
2025-10-31T04:02:47.093Z TWILIO_MEDIA bytes=160 pcmBytes=640 rms=0.000244 rmsa=0.000244
2025-10-31T04:02:47.113Z TWILIO_MEDIA bytes=160 pcmBytes=640 rms=0.000244 rmsa=0.000244
2025-10-31T04:02:47.132Z TWILIO_MEDIA bytes=160 pcmBytes=640 rms=0.000244 rmsa=0.000244
2025-10-31T04:02:47.153Z TWILIO_MEDIA bytes=160 pcmBytes=640 rms=0.000244 rmsa=0.000244
2025-10-31T04:02:47.173Z TWILIO_MEDIA bytes=160 pcmBytes=640 rms=0.000244 rmsa=0.000244
2025-10-31T04:02:47.193Z TWILIO_MEDIA bytes=160 pcmBytes=640 rms=0.000244 rmsa=0.000244
2025-10-31T04:02:47.213Z TWILIO_MEDIA bytes=160 pcmBytes=640 rms=0.000244 rmsa=0.000244
2025-10-31T04:02:47.233Z TWILIO_MEDIA bytes=160 pcmBytes=640 rms=0.000244 rmsa=0.000244
2025-10-31T04:02:47.253Z TWILIO_MEDIA bytes=160 pcmBytes=640 rms=0.000244 rmsa=0.000244
2025-10-31T04:02:47.273Z TWILIO_MEDIA bytes=160 pcmBytes=640 rms=0.000244 rmsa=0.000244
2025-10-31T04:02:47.293Z TWILIO_MEDIA bytes=160 pcmBytes=640 rms=0.000244 rmsa=0.000244
2025-10-31T04:02:47.313Z TWILIO_MEDIA bytes=160 pcmBytes=640 rms=0.000244 rmsa=0.000244
2025-10-31T04:02:47.333Z TWILIO_MEDIA bytes=160 pcmBytes=640 rms=0.000244 rmsa=0.000244
2025-10-31T04:02:47.353Z TWILIO_MEDIA bytes=160 pcmBytes=640 rms=0.000244 rmsa=0.000244
2025-10-31T04:02:47.373Z TWILIO_MEDIA bytes=160 pcmBytes=640 rms=0.000244 rmsa=0.000244
2025-10-31T04:02:47.393Z TWILIO_MEDIA bytes=160 pcmBytes=640 rms=0.000244 rmsa=0.000244
2025-10-31T04:02:47.413Z TWILIO_MEDIA bytes=160 pcmBytes=640 rms=0.000244 rmsa=0.000244
2025-10-31T04:02:47.433Z TWILIO_MEDIA bytes=160 pcmBytes=640 rms=0.000244 rmsa=0.000244
2025-10-31T04:02:47.453Z TWILIO_MEDIA bytes=160 pcmBytes=640 rms=0.000244 rmsa=0.000244
2025-10-31T04:02:47.473Z TWILIO_MEDIA bytes=160 pcmBytes=640 rms=0.000244 rmsa=0.000244
2025-10-31T04:02:47.493Z TWILIO_MEDIA bytes=160 pcmBytes=640 rms=0.000244 rmsa=0.000244
2025-10-31T04:02:47.513Z TWILIO_MEDIA bytes=160 pcmBytes=640 rms=0.000244 rmsa=0.000244
2025-10-31T04:02:47.533Z TWILIO_MEDIA bytes=160 pcmBytes=640 rms=0.000244 rmsa=0.000244
2025-10-31T04:02:47.553Z TWILIO_MEDIA bytes=160 pcmBytes=640 rms=0.000244 rmsa=0.000244
2025-10-31T04:02:47.573Z TWILIO_MEDIA bytes=160 pcmBytes=640 rms=0.000244 rmsa=0.000244
2025-10-31T04:02:47.592Z TWILIO_MEDIA bytes=160 pcmBytes=640 rms=0.000244 rmsa=0.000244
2025-10-31T04:02:47.613Z TWILIO_MEDIA bytes=160 pcmBytes=640 rms=0.000244 rmsa=0.000244
2025-10-31T04:02:47.633Z TWILIO_MEDIA bytes=160 pcmBytes=640 rms=0.000244 rmsa=0.000244
2025-10-31T04:02:47.653Z TWILIO_MEDIA bytes=160 pcmBytes=640 rms=0.000244 rmsa=0.000244
2025-10-31T04:02:47.673Z TWILIO_MEDIA bytes=160 pcmBytes=640 rms=0.000244 rmsa=0.000244
2025-10-31T04:02:47.693Z TWILIO_MEDIA bytes=160 pcmBytes=640 rms=0.000244 rmsa=0.000244
2025-10-31T04:02:47.713Z TWILIO_MEDIA bytes=160 pcmBytes=640 rms=0.000244 rmsa=0.000244
2025-10-31T04:02:47.733Z TWILIO_MEDIA bytes=160 pcmBytes=640 rms=0.000244 rmsa=0.000244
2025-10-31T04:02:47.752Z TWILIO_MEDIA bytes=160 pcmBytes=640 rms=0.000244 rmsa=0.000244
2025-10-31T04:02:47.773Z TWILIO_MEDIA bytes=160 pcmBytes=640 rms=0.000244 rmsa=0.000244
2025-10-31T04:02:47.793Z TWILIO_MEDIA bytes=160 pcmBytes=640 rms=0.000244 rmsa=0.000244
2025-10-31T04:02:47.813Z TWILIO_MEDIA bytes=160 pcmBytes=640 rms=0.000244 rmsa=0.000244
2025-10-31T04:02:47.833Z TWILIO_MEDIA bytes=160 pcmBytes=640 rms=0.000244 rmsa=0.000244
2025-10-31T04:02:47.853Z TWILIO_MEDIA bytes=160 pcmBytes=640 rms=0.000244 rmsa=0.000244
2025-10-31T04:02:47.873Z TWILIO_MEDIA bytes=160 pcmBytes=640 rms=0.000244 rmsa=0.000244
2025-10-31T04:02:47.893Z TWILIO_MEDIA bytes=160 pcmBytes=640 rms=0.000244 rmsa=0.000244
2025-10-31T04:02:47.913Z TWILIO_MEDIA bytes=160 pcmBytes=640 rms=0.000244 rmsa=0.000244
2025-10-31T04:02:47.933Z TWILIO_MEDIA bytes=160 pcmBytes=640 rms=0.000244 rmsa=0.000244
2025-10-31T04:02:47.953Z TWILIO_MEDIA bytes=160 pcmBytes=640 rms=0.000244 rmsa=0.000244
2025-10-31T04:02:47.973Z TWILIO_MEDIA bytes=160 pcmBytes=640 rms=0.000244 rmsa=0.000244
2025-10-31T04:02:47.993Z TWILIO_MEDIA bytes=160 pcmBytes=640 rms=0.000244 rmsa=0.000244
2025-10-31T04:02:48.013Z TWILIO_MEDIA bytes=160 pcmBytes=640 rms=0.000244 rmsa=0.000244
2025-10-31T04:02:48.033Z TWILIO_MEDIA bytes=160 pcmBytes=640 rms=0.000244 rmsa=0.000244
2025-10-31T04:02:48.053Z TWILIO_MEDIA bytes=160 pcmBytes=640 rms=0.000244 rmsa=0.000244
2025-10-31T04:02:48.073Z TWILIO_MEDIA bytes=160 pcmBytes=640 rms=0.000244 rmsa=0.000244
2025-10-31T04:02:48.095Z TWILIO_MEDIA bytes=160 pcmBytes=640 rms=0.000244 rmsa=0.000244
2025-10-31T04:02:48.113Z TWILIO_MEDIA bytes=160 pcmBytes=640 rms=0.000244 rmsa=0.000244
2025-10-31T04:02:48.133Z TWILIO_MEDIA bytes=160 pcmBytes=640 rms=0.000244 rmsa=0.000244
2025-10-31T04:02:48.153Z TWILIO_MEDIA bytes=160 pcmBytes=640 rms=0.000244 rmsa=0.000244
2025-10-31T04:02:48.173Z TWILIO_MEDIA bytes=160 pcmBytes=640 rms=0.000244 rmsa=0.000244
2025-10-31T04:02:48.193Z TWILIO_MEDIA bytes=160 pcmBytes=640 rms=0.000244 rmsa=0.000244
2025-10-31T04:02:48.213Z TWILIO_MEDIA bytes=160 pcmBytes=640 rms=0.000244 rmsa=0.000244
2025-10-31T04:02:48.233Z TWILIO_MEDIA bytes=160 pcmBytes=640 rms=0.000244 rmsa=0.000244
2025-10-31T04:02:48.253Z TWILIO_MEDIA bytes=160 pcmBytes=640 rms=0.000244 rmsa=0.000244
2025-10-31T04:02:48.273Z TWILIO_MEDIA bytes=160 pcmBytes=640 rms=0.000244 rmsa=0.000244
2025-10-31T04:02:48.293Z TWILIO_MEDIA bytes=160 pcmBytes=640 rms=0.000244 rmsa=0.000244
2025-10-31T04:02:48.313Z TWILIO_MEDIA bytes=160 pcmBytes=640 rms=0.000244 rmsa=0.000244
2025-10-31T04:02:48.333Z TWILIO_MEDIA bytes=160 pcmBytes=640 rms=0.000244 rmsa=0.000244
2025-10-31T04:02:48.353Z TWILIO_MEDIA bytes=160 pcmBytes=640 rms=0.000244 rmsa=0.000244
2025-10-31T04:02:48.373Z TWILIO_MEDIA bytes=160 pcmBytes=640 rms=0.000244 rmsa=0.000244
2025-10-31T04:02:48.393Z TWILIO_MEDIA bytes=160 pcmBytes=640 rms=0.000244 rmsa=0.000244
2025-10-31T04:02:48.413Z TWILIO_MEDIA bytes=160 pcmBytes=640 rms=0.000244 rmsa=0.000244
2025-10-31T04:02:48.433Z TWILIO_MEDIA bytes=160 pcmBytes=640 rms=0.000244 rmsa=0.000244
2025-10-31T04:02:48.453Z TWILIO_MEDIA bytes=160 pcmBytes=640 rms=0.000244 rmsa=0.000244
2025-10-31T04:02:48.473Z TWILIO_MEDIA bytes=160 pcmBytes=640 rms=0.000244 rmsa=0.000244
2025-10-31T04:02:48.493Z TWILIO_MEDIA bytes=160 pcmBytes=640 rms=0.000244 rmsa=0.000244
2025-10-31T04:02:48.513Z TWILIO_MEDIA bytes=160 pcmBytes=640 rms=0.000244 rmsa=0.000244
2025-10-31T04:02:48.533Z TWILIO_MEDIA bytes=160 pcmBytes=640 rms=0.000244 rmsa=0.000244
2025-10-31T04:02:48.553Z TWILIO_MEDIA bytes=160 pcmBytes=640 rms=0.000244 rmsa=0.000244
2025-10-31T04:02:48.572Z TWILIO_MEDIA bytes=160 pcmBytes=640 rms=0.000244 rmsa=0.000244
2025-10-31T04:02:48.592Z TWILIO_MEDIA bytes=160 pcmBytes=640 rms=0.000244 rmsa=0.000244
2025-10-31T04:02:48.613Z TWILIO_MEDIA bytes=160 pcmBytes=640 rms=0.000244 rmsa=0.000244
2025-10-31T04:02:48.633Z TWILIO_MEDIA bytes=160 pcmBytes=640 rms=0.000244 rmsa=0.000244
2025-10-31T04:02:48.653Z TWILIO_MEDIA bytes=160 pcmBytes=640 rms=0.000244 rmsa=0.000244
2025-10-31T04:02:48.673Z TWILIO_MEDIA bytes=160 pcmBytes=640 rms=0.000244 rmsa=0.000244
2025-10-31T04:02:48.693Z TWILIO_MEDIA bytes=160 pcmBytes=640 rms=0.000244 rmsa=0.000244
2025-10-31T04:02:48.713Z TWILIO_MEDIA bytes=160 pcmBytes=640 rms=0.000244 rmsa=0.000244
2025-10-31T04:02:48.733Z TWILIO_MEDIA bytes=160 pcmBytes=640 rms=0.000244 rmsa=0.000244
2025-10-31T04:02:48.753Z TWILIO_MEDIA bytes=160 pcmBytes=640 rms=0.000244 rmsa=0.000244
2025-10-31T04:02:48.773Z TWILIO_MEDIA bytes=160 pcmBytes=640 rms=0.000244 rmsa=0.000244
2025-10-31T04:02:48.793Z TWILIO_MEDIA bytes=160 pcmBytes=640 rms=0.000244 rmsa=0.000244
2025-10-31T04:02:48.813Z TWILIO_MEDIA bytes=160 pcmBytes=640 rms=0.000244 rmsa=0.000244
2025-10-31T04:02:48.833Z TWILIO_MEDIA bytes=160 pcmBytes=640 rms=0.000244 rmsa=0.000244
2025-10-31T04:02:48.853Z TWILIO_MEDIA bytes=160 pcmBytes=640 rms=0.000244 rmsa=0.000244
2025-10-31T04:02:48.873Z TWILIO_MEDIA bytes=160 pcmBytes=640 rms=0.000244 rmsa=0.000244
2025-10-31T04:02:48.893Z TWILIO_MEDIA bytes=160 pcmBytes=640 rms=0.000244 rmsa=0.000244
2025-10-31T04:02:48.913Z TWILIO_MEDIA bytes=160 pcmBytes=640 rms=0.000244 rmsa=0.000244
2025-10-31T04:02:48.933Z TWILIO_MEDIA bytes=160 pcmBytes=640 rms=0.000244 rmsa=0.000244
2025-10-31T04:02:48.953Z TWILIO_MEDIA bytes=160 pcmBytes=640 rms=0.000244 rmsa=0.000244
2025-10-31T04:02:48.972Z TWILIO_MEDIA bytes=160 pcmBytes=640 rms=0.000244 rmsa=0.000244
2025-10-31T04:02:48.993Z TWILIO_MEDIA bytes=160 pcmBytes=640 rms=0.000244 rmsa=0.000244
2025-10-31T04:02:49.013Z TWILIO_MEDIA bytes=160 pcmBytes=640 rms=0.000244 rmsa=0.000244
2025-10-31T04:02:49.033Z TWILIO_MEDIA bytes=160 pcmBytes=640 rms=0.000244 rmsa=0.000244
2025-10-31T04:02:49.053Z TWILIO_MEDIA bytes=160 pcmBytes=640 rms=0.000244 rmsa=0.000244
2025-10-31T04:02:49.073Z TWILIO_MEDIA bytes=160 pcmBytes=640 rms=0.000244 rmsa=0.000244
2025-10-31T04:02:49.093Z TWILIO_MEDIA bytes=160 pcmBytes=640 rms=0.000244 rmsa=0.000244
2025-10-31T04:02:49.113Z TWILIO_MEDIA bytes=160 pcmBytes=640 rms=0.000244 rmsa=0.000244
2025-10-31T04:02:49.133Z TWILIO_MEDIA bytes=160 pcmBytes=640 rms=0.000244 rmsa=0.000244
2025-10-31T04:02:49.153Z TWILIO_MEDIA bytes=160 pcmBytes=640 rms=0.000244 rmsa=0.000244
2025-10-31T04:02:49.172Z TWILIO_MEDIA bytes=160 pcmBytes=640 rms=0.000244 rmsa=0.000244
2025-10-31T04:02:49.193Z TWILIO_MEDIA bytes=160 pcmBytes=640 rms=0.000244 rmsa=0.000244
2025-10-31T04:02:49.213Z TWILIO_MEDIA bytes=160 pcmBytes=640 rms=0.000244 rmsa=0.000244
2025-10-31T04:02:49.233Z TWILIO_MEDIA bytes=160 pcmBytes=640 rms=0.000244 rmsa=0.000244
2025-10-31T04:02:49.253Z TWILIO_MEDIA bytes=160 pcmBytes=640 rms=0.000244 rmsa=0.000244
2025-10-31T04:02:49.273Z TWILIO_MEDIA bytes=160 pcmBytes=640 rms=0.000244 rmsa=0.000244
2025-10-31T04:02:49.293Z TWILIO_MEDIA bytes=160 pcmBytes=640 rms=0.000244 rmsa=0.000244
2025-10-31T04:02:49.313Z TWILIO_MEDIA bytes=160 pcmBytes=640 rms=0.000244 rmsa=0.000244
2025-10-31T04:02:49.333Z TWILIO_MEDIA bytes=160 pcmBytes=640 rms=0.000244 rmsa=0.000244
2025-10-31T04:02:49.353Z TWILIO_MEDIA bytes=160 pcmBytes=640 rms=0.000244 rmsa=0.000244
2025-10-31T04:02:49.373Z TWILIO_MEDIA bytes=160 pcmBytes=640 rms=0.000244 rmsa=0.000244
2025-10-31T04:02:49.393Z TWILIO_MEDIA bytes=160 pcmBytes=640 rms=0.000244 rmsa=0.000244
2025-10-31T04:02:49.413Z TWILIO_MEDIA bytes=160 pcmBytes=640 rms=0.000244 rmsa=0.000244
2025-10-31T04:02:49.433Z TWILIO_MEDIA bytes=160 pcmBytes=640 rms=0.000244 rmsa=0.000244
2025-10-31T04:02:49.453Z TWILIO_MEDIA bytes=160 pcmBytes=640 rms=0.000244 rmsa=0.000244
2025-10-31T04:02:49.473Z TWILIO_MEDIA bytes=160 pcmBytes=640 rms=0.000244 rmsa=0.000244
2025-10-31T04:02:49.493Z TWILIO_MEDIA bytes=160 pcmBytes=640 rms=0.000244 rmsa=0.000244
2025-10-31T04:02:49.513Z TWILIO_MEDIA bytes=160 pcmBytes=640 rms=0.000244 rmsa=0.000244
2025-10-31T04:02:49.532Z TWILIO_MEDIA bytes=160 pcmBytes=640 rms=0.000244 rmsa=0.000244
2025-10-31T04:02:49.553Z TWILIO_MEDIA bytes=160 pcmBytes=640 rms=0.000244 rmsa=0.000244
2025-10-31T04:02:49.573Z TWILIO_MEDIA bytes=160 pcmBytes=640 rms=0.000244 rmsa=0.000244
2025-10-31T04:02:49.593Z TWILIO_MEDIA bytes=160 pcmBytes=640 rms=0.000244 rmsa=0.000244
2025-10-31T04:02:49.613Z TWILIO_MEDIA bytes=160 pcmBytes=640 rms=0.000244 rmsa=0.000244
2025-10-31T04:02:49.633Z TWILIO_MEDIA bytes=160 pcmBytes=640 rms=0.000244 rmsa=0.000244
2025-10-31T04:02:49.653Z TWILIO_MEDIA bytes=160 pcmBytes=640 rms=0.000244 rmsa=0.000244
2025-10-31T04:02:49.672Z TWILIO_MEDIA bytes=160 pcmBytes=640 rms=0.000244 rmsa=0.000244
2025-10-31T04:02:49.693Z TWILIO_MEDIA bytes=160 pcmBytes=640 rms=0.000244 rmsa=0.000244
2025-10-31T04:02:49.712Z TWILIO_MEDIA bytes=160 pcmBytes=640 rms=0.000244 rmsa=0.000244
2025-10-31T04:02:49.733Z TWILIO_MEDIA bytes=160 pcmBytes=640 rms=0.000244 rmsa=0.000244
2025-10-31T04:02:49.753Z TWILIO_MEDIA bytes=160 pcmBytes=640 rms=0.000244 rmsa=0.000244
2025-10-31T04:02:49.773Z TWILIO_MEDIA bytes=160 pcmBytes=640 rms=0.000244 rmsa=0.000244
2025-10-31T04:02:49.793Z TWILIO_MEDIA bytes=160 pcmBytes=640 rms=0.000244 rmsa=0.000244
2025-10-31T04:02:49.812Z TWILIO_MEDIA bytes=160 pcmBytes=640 rms=0.000244 rmsa=0.000244
2025-10-31T04:02:49.832Z TWILIO_MEDIA bytes=160 pcmBytes=640 rms=0.000244 rmsa=0.000244
2025-10-31T04:02:49.852Z TWILIO_MEDIA bytes=160 pcmBytes=640 rms=0.000244 rmsa=0.000244
2025-10-31T04:02:49.872Z TWILIO_MEDIA bytes=160 pcmBytes=640 rms=0.000244 rmsa=0.000244
2025-10-31T04:02:49.893Z TWILIO_MEDIA bytes=160 pcmBytes=640 rms=0.000244 rmsa=0.000244
2025-10-31T04:02:49.913Z TWILIO_MEDIA bytes=160 pcmBytes=640 rms=0.000244 rmsa=0.000244
2025-10-31T04:02:49.932Z TWILIO_MEDIA bytes=160 pcmBytes=640 rms=0.000244 rmsa=0.000244
2025-10-31T04:02:49.953Z TWILIO_MEDIA bytes=160 pcmBytes=640 rms=0.000244 rmsa=0.000244
2025-10-31T04:02:49.972Z TWILIO_MEDIA bytes=160 pcmBytes=640 rms=0.000244 rmsa=0.000244
2025-10-31T04:02:49.993Z TWILIO_MEDIA bytes=160 pcmBytes=640 rms=0.000244 rmsa=0.000244
2025-10-31T04:02:50.013Z TWILIO_MEDIA bytes=160 pcmBytes=640 rms=0.000244 rmsa=0.000244
2025-10-31T04:02:50.033Z TWILIO_MEDIA bytes=160 pcmBytes=640 rms=0.000244 rmsa=0.000244
2025-10-31T04:02:50.053Z TWILIO_MEDIA bytes=160 pcmBytes=640 rms=0.000244 rmsa=0.000244
2025-10-31T04:02:50.073Z TWILIO_MEDIA bytes=160 pcmBytes=640 rms=0.000244 rmsa=0.000244
2025-10-31T04:02:50.093Z TWILIO_MEDIA bytes=160 pcmBytes=640 rms=0.000244 rmsa=0.000244
2025-10-31T04:02:50.113Z TWILIO_MEDIA bytes=160 pcmBytes=640 rms=0.000244 rmsa=0.000244
2025-10-31T04:02:50.133Z TWILIO_MEDIA bytes=160 pcmBytes=640 rms=0.000244 rmsa=0.000244
2025-10-31T04:02:50.153Z TWILIO_MEDIA bytes=160 pcmBytes=640 rms=0.000244 rmsa=0.000244
2025-10-31T04:02:50.173Z TWILIO_MEDIA bytes=160 pcmBytes=640 rms=0.000244 rmsa=0.000244
2025-10-31T04:02:50.193Z TWILIO_MEDIA bytes=160 pcmBytes=640 rms=0.000244 rmsa=0.000244
2025-10-31T04:02:50.213Z TWILIO_MEDIA bytes=160 pcmBytes=640 rms=0.000244 rmsa=0.000244
2025-10-31T04:02:50.233Z TWILIO_MEDIA bytes=160 pcmBytes=640 rms=0.000244 rmsa=0.000244
2025-10-31T04:02:50.253Z TWILIO_MEDIA bytes=160 pcmBytes=640 rms=0.000244 rmsa=0.000244
2025-10-31T04:02:50.273Z TWILIO_MEDIA bytes=160 pcmBytes=640 rms=0.000244 rmsa=0.000244
2025-10-31T04:02:50.292Z TWILIO_MEDIA bytes=160 pcmBytes=640 rms=0.000244 rmsa=0.000244
2025-10-31T04:02:50.312Z TWILIO_MEDIA bytes=160 pcmBytes=640 rms=0.000244 rmsa=0.000244
2025-10-31T04:02:50.333Z TWILIO_MEDIA bytes=160 pcmBytes=640 rms=0.000244 rmsa=0.000244
2025-10-31T04:02:50.353Z TWILIO_MEDIA bytes=160 pcmBytes=640 rms=0.000244 rmsa=0.000244
2025-10-31T04:02:50.373Z TWILIO_MEDIA bytes=160 pcmBytes=640 rms=0.000244 rmsa=0.000244
2025-10-31T04:02:50.393Z TWILIO_MEDIA bytes=160 pcmBytes=640 rms=0.000244 rmsa=0.000244
2025-10-31T04:02:50.413Z TWILIO_MEDIA bytes=160 pcmBytes=640 rms=0.000244 rmsa=0.000244
2025-10-31T04:02:50.433Z TWILIO_MEDIA bytes=160 pcmBytes=640 rms=0.000244 rmsa=0.000244
2025-10-31T04:02:50.452Z TWILIO_MEDIA bytes=160 pcmBytes=640 rms=0.000244 rmsa=0.000244
2025-10-31T04:02:50.472Z TWILIO_MEDIA bytes=160 pcmBytes=640 rms=0.000244 rmsa=0.000244
2025-10-31T04:02:50.493Z TWILIO_MEDIA bytes=160 pcmBytes=640 rms=0.000244 rmsa=0.000244
2025-10-31T04:02:50.513Z TWILIO_MEDIA bytes=160 pcmBytes=640 rms=0.000244 rmsa=0.000244
2025-10-31T04:02:50.533Z TWILIO_MEDIA bytes=160 pcmBytes=640 rms=0.000244 rmsa=0.000244
2025-10-31T04:02:50.553Z TWILIO_MEDIA bytes=160 pcmBytes=640 rms=0.000244 rmsa=0.000244
2025-10-31T04:02:50.573Z TWILIO_MEDIA bytes=160 pcmBytes=640 rms=0.000244 rmsa=0.000244
2025-10-31T04:02:50.593Z TWILIO_MEDIA bytes=160 pcmBytes=640 rms=0.000244 rmsa=0.000244
2025-10-31T04:02:50.613Z TWILIO_MEDIA bytes=160 pcmBytes=640 rms=0.000244 rmsa=0.000244
2025-10-31T04:02:50.633Z TWILIO_MEDIA bytes=160 pcmBytes=640 rms=0.000244 rmsa=0.000244
2025-10-31T04:02:50.653Z TWILIO_MEDIA bytes=160 pcmBytes=640 rms=0.000244 rmsa=0.000244
2025-10-31T04:02:50.673Z TWILIO_MEDIA bytes=160 pcmBytes=640 rms=0.000244 rmsa=0.000244
2025-10-31T04:02:50.693Z TWILIO_MEDIA bytes=160 pcmBytes=640 rms=0.000244 rmsa=0.000244
2025-10-31T04:02:50.713Z TWILIO_MEDIA bytes=160 pcmBytes=640 rms=0.000244 rmsa=0.000244
2025-10-31T04:02:50.733Z TWILIO_MEDIA bytes=160 pcmBytes=640 rms=0.000244 rmsa=0.000244
2025-10-31T04:02:50.752Z TWILIO_MEDIA bytes=160 pcmBytes=640 rms=0.000244 rmsa=0.000244
2025-10-31T04:02:50.772Z TWILIO_MEDIA bytes=160 pcmBytes=640 rms=0.000244 rmsa=0.000244
2025-10-31T04:02:50.792Z TWILIO_MEDIA bytes=160 pcmBytes=640 rms=0.000244 rmsa=0.000244
2025-10-31T04:02:50.813Z TWILIO_MEDIA bytes=160 pcmBytes=640 rms=0.000244 rmsa=0.000244
2025-10-31T04:02:50.833Z TWILIO_MEDIA bytes=160 pcmBytes=640 rms=0.000244 rmsa=0.000244
2025-10-31T04:02:50.853Z TWILIO_MEDIA bytes=160 pcmBytes=640 rms=0.000244 rmsa=0.000244
2025-10-31T04:02:50.873Z TWILIO_MEDIA bytes=160 pcmBytes=640 rms=0.000244 rmsa=0.000244
2025-10-31T04:02:50.893Z TWILIO_MEDIA bytes=160 pcmBytes=640 rms=0.000244 rmsa=0.000244
2025-10-31T04:02:50.913Z TWILIO_MEDIA bytes=160 pcmBytes=640 rms=0.000244 rmsa=0.000244
2025-10-31T04:02:50.932Z TWILIO_MEDIA bytes=160 pcmBytes=640 rms=0.000244 rmsa=0.000244
2025-10-31T04:02:50.952Z TWILIO_MEDIA bytes=160 pcmBytes=640 rms=0.000244 rmsa=0.000244
2025-10-31T04:02:50.972Z TWILIO_MEDIA bytes=160 pcmBytes=640 rms=0.000244 rmsa=0.000244
2025-10-31T04:02:50.993Z TWILIO_MEDIA bytes=160 pcmBytes=640 rms=0.000244 rmsa=0.000244
2025-10-31T04:02:51.013Z TWILIO_MEDIA bytes=160 pcmBytes=640 rms=0.000244 rmsa=0.000244
2025-10-31T04:02:51.032Z TWILIO_MEDIA bytes=160 pcmBytes=640 rms=0.000244 rmsa=0.000244
2025-10-31T04:02:51.053Z TWILIO_MEDIA bytes=160 pcmBytes=640 rms=0.002585 rmsa=0.000946
2025-10-31T04:02:51.073Z TWILIO_MEDIA bytes=160 pcmBytes=640 rms=0.009514 rmsa=0.003517
2025-10-31T04:02:51.093Z TWILIO_MEDIA bytes=160 pcmBytes=640 rms=0.010755 rmsa=0.005688
2025-10-31T04:02:51.113Z TWILIO_MEDIA bytes=160 pcmBytes=640 rms=0.008673 rmsa=0.006584
2025-10-31T04:02:51.133Z TWILIO_MEDIA bytes=160 pcmBytes=640 rms=0.005081 rmsa=0.006133
2025-10-31T04:02:51.153Z TWILIO_MEDIA bytes=160 pcmBytes=640 rms=0.005122 rmsa=0.005830
2025-10-31T04:02:51.173Z TWILIO_MEDIA bytes=160 pcmBytes=640 rms=0.009350 rmsa=0.006886
2025-10-31T04:02:51.193Z TWILIO_MEDIA bytes=160 pcmBytes=640 rms=0.011244 rmsa=0.008193
2025-10-31T04:02:51.213Z TWILIO_MEDIA bytes=160 pcmBytes=640 rms=0.005475 rmsa=0.007378
2025-10-31T04:02:51.233Z TWILIO_MEDIA bytes=160 pcmBytes=640 rms=0.013926 rmsa=0.009342
2025-10-31T04:02:51.253Z TWILIO_MEDIA bytes=160 pcmBytes=640 rms=0.023903 rmsa=0.013711
2025-10-31T04:02:51.273Z TWILIO_MEDIA bytes=160 pcmBytes=640 rms=0.017803 rmsa=0.014938
2025-10-31T04:02:51.293Z TWILIO_MEDIA bytes=160 pcmBytes=640 rms=0.017922 rmsa=0.015833
2025-10-31T04:02:51.313Z TWILIO_MEDIA bytes=160 pcmBytes=640 rms=0.014270 rmsa=0.015364
2025-10-31T04:02:51.333Z TWILIO_MEDIA bytes=160 pcmBytes=640 rms=0.006939 rmsa=0.012837
2025-10-31T04:02:51.353Z TWILIO_MEDIA bytes=160 pcmBytes=640 rms=0.001791 rmsa=0.009523
2025-10-31T04:02:51.372Z TWILIO_MEDIA bytes=160 pcmBytes=640 rms=0.000879 rmsa=0.006930
2025-10-31T04:02:51.393Z TWILIO_MEDIA bytes=160 pcmBytes=640 rms=0.000409 rmsa=0.004973
2025-10-31T04:02:51.413Z TWILIO_MEDIA bytes=160 pcmBytes=640 rms=0.000354 rmsa=0.003587
2025-10-31T04:02:51.433Z TWILIO_MEDIA bytes=160 pcmBytes=640 rms=0.000244 rmsa=0.002584
2025-10-31T04:02:51.453Z TWILIO_MEDIA bytes=160 pcmBytes=640 rms=0.000256 rmsa=0.001886
2025-10-31T04:02:51.473Z TWILIO_MEDIA bytes=160 pcmBytes=640 rms=0.000244 rmsa=0.001393
2025-10-31T04:02:51.492Z TWILIO_MEDIA bytes=160 pcmBytes=640 rms=0.000244 rmsa=0.001049
2025-10-31T04:02:51.513Z TWILIO_MEDIA bytes=160 pcmBytes=640 rms=0.000244 rmsa=0.000807
2025-10-31T04:02:51.532Z TWILIO_MEDIA bytes=160 pcmBytes=640 rms=0.000244 rmsa=0.000638
2025-10-31T04:02:51.553Z TWILIO_MEDIA bytes=160 pcmBytes=640 rms=0.000256 rmsa=0.000524
2025-10-31T04:02:51.573Z TWILIO_MEDIA bytes=160 pcmBytes=640 rms=0.000397 rmsa=0.000486
2025-10-31T04:02:51.593Z TWILIO_MEDIA bytes=160 pcmBytes=640 rms=0.000714 rmsa=0.000554
2025-10-31T04:02:51.612Z TWILIO_MEDIA bytes=160 pcmBytes=640 rms=0.000793 rmsa=0.000626
2025-10-31T04:02:51.633Z TWILIO_MEDIA bytes=160 pcmBytes=640 rms=0.000868 rmsa=0.000699
2025-10-31T04:02:51.653Z TWILIO_MEDIA bytes=160 pcmBytes=640 rms=0.000830 rmsa=0.000738
2025-10-31T04:02:51.673Z TWILIO_MEDIA bytes=160 pcmBytes=640 rms=0.000990 rmsa=0.000814
2025-10-31T04:02:51.693Z TWILIO_MEDIA bytes=160 pcmBytes=640 rms=0.000873 rmsa=0.000832
2025-10-31T04:02:51.713Z TWILIO_MEDIA bytes=160 pcmBytes=640 rms=0.000671 rmsa=0.000783
2025-10-31T04:02:51.733Z TWILIO_MEDIA bytes=160 pcmBytes=640 rms=0.000526 rmsa=0.000706
2025-10-31T04:02:51.753Z TWILIO_MEDIA bytes=160 pcmBytes=640 rms=0.000603 rmsa=0.000675
2025-10-31T04:02:51.772Z TWILIO_MEDIA bytes=160 pcmBytes=640 rms=0.000497 rmsa=0.000622
2025-10-31T04:02:51.793Z TWILIO_MEDIA bytes=160 pcmBytes=640 rms=0.000318 rmsa=0.000531
2025-10-31T04:02:51.812Z TWILIO_MEDIA bytes=160 pcmBytes=640 rms=0.000244 rmsa=0.000445
2025-10-31T04:02:51.833Z TWILIO_MEDIA bytes=160 pcmBytes=640 rms=0.000244 rmsa=0.000385
2025-10-31T04:02:51.853Z TWILIO_MEDIA bytes=160 pcmBytes=640 rms=0.000244 rmsa=0.000342
2025-10-31T04:02:51.873Z TWILIO_MEDIA bytes=160 pcmBytes=640 rms=0.000244 rmsa=0.000313
2025-10-31T04:02:51.892Z TWILIO_MEDIA bytes=160 pcmBytes=640 rms=0.000244 rmsa=0.000292
2025-10-31T04:02:51.912Z TWILIO_MEDIA bytes=160 pcmBytes=640 rms=0.000244 rmsa=0.000278
2025-10-31T04:02:51.932Z TWILIO_MEDIA bytes=160 pcmBytes=640 rms=0.000244 rmsa=0.000268
2025-10-31T04:02:51.952Z TWILIO_MEDIA bytes=160 pcmBytes=640 rms=0.000244 rmsa=0.000261
2025-10-31T04:02:51.972Z TWILIO_MEDIA bytes=160 pcmBytes=640 rms=0.000244 rmsa=0.000256
2025-10-31T04:02:51.993Z TWILIO_MEDIA bytes=160 pcmBytes=640 rms=0.000244 rmsa=0.000252
2025-10-31T04:02:52.013Z TWILIO_MEDIA bytes=160 pcmBytes=640 rms=0.000244 rmsa=0.000250
2025-10-31T04:02:52.032Z TWILIO_MEDIA bytes=160 pcmBytes=640 rms=0.000244 rmsa=0.000248
2025-10-31T04:02:52.052Z TWILIO_MEDIA bytes=160 pcmBytes=640 rms=0.000244 rmsa=0.000247
2025-10-31T04:02:52.073Z TWILIO_MEDIA bytes=160 pcmBytes=640 rms=0.000244 rmsa=0.000246
2025-10-31T04:02:52.093Z TWILIO_MEDIA bytes=160 pcmBytes=640 rms=0.000244 rmsa=0.000246
2025-10-31T04:02:52.113Z TWILIO_MEDIA bytes=160 pcmBytes=640 rms=0.000244 rmsa=0.000245
2025-10-31T04:02:52.133Z TWILIO_MEDIA bytes=160 pcmBytes=640 rms=0.000244 rmsa=0.000245
2025-10-31T04:02:52.153Z TWILIO_MEDIA bytes=160 pcmBytes=640 rms=0.000244 rmsa=0.000245
2025-10-31T04:02:52.173Z TWILIO_MEDIA bytes=160 pcmBytes=640 rms=0.000244 rmsa=0.000244
2025-10-31T04:02:52.193Z TWILIO_MEDIA bytes=160 pcmBytes=640 rms=0.000244 rmsa=0.000244
2025-10-31T04:02:52.212Z TWILIO_MEDIA bytes=160 pcmBytes=640 rms=0.000244 rmsa=0.000244
2025-10-31T04:02:52.233Z TWILIO_MEDIA bytes=160 pcmBytes=640 rms=0.000244 rmsa=0.000244
2025-10-31T04:02:52.252Z TWILIO_MEDIA bytes=160 pcmBytes=640 rms=0.000244 rmsa=0.000244
2025-10-31T04:02:52.273Z TWILIO_MEDIA bytes=160 pcmBytes=640 rms=0.000244 rmsa=0.000244
2025-10-31T04:02:52.292Z TWILIO_MEDIA bytes=160 pcmBytes=640 rms=0.000244 rmsa=0.000244
2025-10-31T04:02:52.312Z TWILIO_MEDIA bytes=160 pcmBytes=640 rms=0.000244 rmsa=0.000244
2025-10-31T04:02:52.333Z TWILIO_MEDIA bytes=160 pcmBytes=640 rms=0.000244 rmsa=0.000244
2025-10-31T04:02:52.352Z TWILIO_MEDIA bytes=160 pcmBytes=640 rms=0.000244 rmsa=0.000244
2025-10-31T04:02:52.373Z TWILIO_MEDIA bytes=160 pcmBytes=640 rms=0.000244 rmsa=0.000244
2025-10-31T04:02:52.392Z TWILIO_MEDIA bytes=160 pcmBytes=640 rms=0.000244 rmsa=0.000244
2025-10-31T04:02:52.412Z TWILIO_MEDIA bytes=160 pcmBytes=640 rms=0.000244 rmsa=0.000244
2025-10-31T04:02:52.432Z TWILIO_MEDIA bytes=160 pcmBytes=640 rms=0.000244 rmsa=0.000244
2025-10-31T04:02:52.453Z TWILIO_MEDIA bytes=160 pcmBytes=640 rms=0.000244 rmsa=0.000244
2025-10-31T04:02:52.472Z TWILIO_MEDIA bytes=160 pcmBytes=640 rms=0.000294 rmsa=0.000259
2025-10-31T04:02:52.492Z TWILIO_MEDIA bytes=160 pcmBytes=640 rms=0.000605 rmsa=0.000363
2025-10-31T04:02:52.512Z TWILIO_MEDIA bytes=160 pcmBytes=640 rms=0.000366 rmsa=0.000364
2025-10-31T04:02:52.533Z TWILIO_MEDIA bytes=160 pcmBytes=640 rms=0.000540 rmsa=0.000417
2025-10-31T04:02:52.553Z TWILIO_MEDIA bytes=160 pcmBytes=640 rms=0.002078 rmsa=0.000915
2025-10-31T04:02:52.572Z TWILIO_MEDIA bytes=160 pcmBytes=640 rms=0.016510 rmsa=0.005594
2025-10-31T04:02:52.593Z TWILIO_MEDIA bytes=160 pcmBytes=640 rms=0.017220 rmsa=0.009081
2025-10-31T04:02:52.612Z TWILIO_MEDIA bytes=160 pcmBytes=640 rms=0.011450 rmsa=0.009792
2025-10-31T04:02:52.632Z TWILIO_MEDIA bytes=160 pcmBytes=640 rms=0.012311 rmsa=0.010548
2025-10-31T04:02:52.652Z TWILIO_MEDIA bytes=160 pcmBytes=640 rms=0.009779 rmsa=0.010317
2025-10-31T04:02:52.672Z TWILIO_MEDIA bytes=160 pcmBytes=640 rms=0.019956 rmsa=0.013209
2025-10-31T04:02:52.692Z TWILIO_MEDIA bytes=160 pcmBytes=640 rms=0.024435 rmsa=0.016577
2025-10-31T04:02:52.713Z TWILIO_MEDIA bytes=160 pcmBytes=640 rms=0.011862 rmsa=0.015162
2025-10-31T04:02:52.732Z TWILIO_MEDIA bytes=160 pcmBytes=640 rms=0.006248 rmsa=0.012488
2025-10-31T04:02:52.752Z TWILIO_MEDIA bytes=160 pcmBytes=640 rms=0.007469 rmsa=0.010982
2025-10-31T04:02:52.773Z TWILIO_MEDIA bytes=160 pcmBytes=640 rms=0.006550 rmsa=0.009653
2025-10-31T04:02:52.793Z TWILIO_MEDIA bytes=160 pcmBytes=640 rms=0.013345 rmsa=0.010760
2025-10-31T04:02:52.812Z TWILIO_MEDIA bytes=160 pcmBytes=640 rms=0.011354 rmsa=0.010939
2025-10-31T04:02:52.833Z TWILIO_MEDIA bytes=160 pcmBytes=640 rms=0.005317 rmsa=0.009252
2025-10-31T04:02:52.853Z TWILIO_MEDIA bytes=160 pcmBytes=640 rms=0.010272 rmsa=0.009558
2025-10-31T04:02:52.873Z TWILIO_MEDIA bytes=160 pcmBytes=640 rms=0.010314 rmsa=0.009785
2025-10-31T04:02:52.893Z TWILIO_MEDIA bytes=160 pcmBytes=640 rms=0.010170 rmsa=0.009900
2025-10-31T04:02:52.913Z TWILIO_MEDIA bytes=160 pcmBytes=640 rms=0.011857 rmsa=0.010487
2025-10-31T04:02:52.932Z TWILIO_MEDIA bytes=160 pcmBytes=640 rms=0.022941 rmsa=0.014224
2025-10-31T04:02:52.953Z TWILIO_MEDIA bytes=160 pcmBytes=640 rms=0.025082 rmsa=0.017481
2025-10-31T04:02:52.972Z TWILIO_MEDIA bytes=160 pcmBytes=640 rms=0.019956 rmsa=0.018224
2025-10-31T04:02:52.993Z TWILIO_MEDIA bytes=160 pcmBytes=640 rms=0.011741 rmsa=0.016279
2025-10-31T04:02:53.013Z TWILIO_MEDIA bytes=160 pcmBytes=640 rms=0.005820 rmsa=0.013141
2025-10-31T04:02:53.032Z TWILIO_MEDIA bytes=160 pcmBytes=640 rms=0.007880 rmsa=0.011563
2025-10-31T04:02:53.052Z TWILIO_MEDIA bytes=160 pcmBytes=640 rms=0.002037 rmsa=0.008705
2025-10-31T04:02:53.073Z TWILIO_MEDIA bytes=160 pcmBytes=640 rms=0.001219 rmsa=0.006459
2025-10-31T04:02:53.093Z TWILIO_MEDIA bytes=160 pcmBytes=640 rms=0.000463 rmsa=0.004661
2025-10-31T04:02:53.113Z TWILIO_MEDIA bytes=160 pcmBytes=640 rms=0.000244 rmsa=0.003336
2025-10-31T04:02:53.133Z TWILIO_MEDIA bytes=160 pcmBytes=640 rms=0.000244 rmsa=0.002408
2025-10-31T04:02:53.153Z TWILIO_MEDIA bytes=160 pcmBytes=640 rms=0.000244 rmsa=0.001759
2025-10-31T04:02:53.173Z TWILIO_MEDIA bytes=160 pcmBytes=640 rms=0.000244 rmsa=0.001305
2025-10-31T04:02:53.193Z TWILIO_MEDIA bytes=160 pcmBytes=640 rms=0.000244 rmsa=0.000986
2025-10-31T04:02:53.213Z TWILIO_MEDIA bytes=160 pcmBytes=640 rms=0.000244 rmsa=0.000764
2025-10-31T04:02:53.224Z [ASSISTANT] Hallo
2025-10-31T04:02:53.230Z [ASSISTANT] !
2025-10-31T04:02:53.233Z TWILIO_MEDIA bytes=160 pcmBytes=640 rms=0.000244 rmsa=0.000608
2025-10-31T04:02:53.234Z [ASSISTANT] Hoe
2025-10-31T04:02:53.236Z [ASSISTANT] kan
2025-10-31T04:02:53.243Z [ASSISTANT] ik
2025-10-31T04:02:53.253Z [ASSISTANT] je
2025-10-31T04:02:53.254Z TWILIO_MEDIA bytes=160 pcmBytes=640 rms=0.000262 rmsa=0.000504
2025-10-31T04:02:53.258Z [ASSISTANT] vandaag
2025-10-31T04:02:53.273Z TWILIO_MEDIA bytes=160 pcmBytes=640 rms=0.000847 rmsa=0.000607
2025-10-31T04:02:53.293Z TWILIO_MEDIA bytes=160 pcmBytes=640 rms=0.000585 rmsa=0.000601
2025-10-31T04:02:53.313Z TWILIO_MEDIA bytes=160 pcmBytes=640 rms=0.000390 rmsa=0.000537
2025-10-31T04:02:53.333Z TWILIO_MEDIA bytes=160 pcmBytes=640 rms=0.000693 rmsa=0.000584
2025-10-31T04:02:53.336Z [ASSISTANT] helpen
2025-10-31T04:02:53.337Z [ASSISTANT] ?
2025-10-31T04:02:53.340Z [ASSISTANT] Hallo! Hoe kan ik je vandaag helpen?
2025-10-31T04:02:53.341Z [ASSISTANT] Hallo! Hoe kan ik je vandaag helpen?
2025-10-31T04:02:53.346Z [ASSISTANT] Hallo! Hoe kan ik je vandaag helpen?
2025-10-31T04:02:53.353Z TWILIO_MEDIA bytes=160 pcmBytes=640 rms=0.001076 rmsa=0.000732
2025-10-31T04:02:53.373Z TWILIO_MEDIA bytes=160 pcmBytes=640 rms=0.001163 rmsa=0.000861
2025-10-31T04:02:53.393Z TWILIO_MEDIA bytes=160 pcmBytes=640 rms=0.000958 rmsa=0.000890
2025-10-31T04:02:53.413Z TWILIO_MEDIA bytes=160 pcmBytes=640 rms=0.001140 rmsa=0.000965
2025-10-31T04:02:53.433Z TWILIO_MEDIA bytes=160 pcmBytes=640 rms=0.001074 rmsa=0.000998
2025-10-31T04:02:53.453Z TWILIO_MEDIA bytes=160 pcmBytes=640 rms=0.001090 rmsa=0.001026
2025-10-31T04:02:53.473Z TWILIO_MEDIA bytes=160 pcmBytes=640 rms=0.000736 rmsa=0.000939
2025-10-31T04:02:53.493Z TWILIO_MEDIA bytes=160 pcmBytes=640 rms=0.000585 rmsa=0.000833
2025-10-31T04:02:53.513Z TWILIO_MEDIA bytes=160 pcmBytes=640 rms=0.000358 rmsa=0.000690
2025-10-31T04:02:53.532Z TWILIO_MEDIA bytes=160 pcmBytes=640 rms=0.000244 rmsa=0.000556
2025-10-31T04:02:53.553Z TWILIO_MEDIA bytes=160 pcmBytes=640 rms=0.000244 rmsa=0.000463
2025-10-31T04:02:53.572Z TWILIO_MEDIA bytes=160 pcmBytes=640 rms=0.000244 rmsa=0.000397
2025-10-31T04:02:53.593Z TWILIO_MEDIA bytes=160 pcmBytes=640 rms=0.000244 rmsa=0.000351
2025-10-31T04:02:53.613Z TWILIO_MEDIA bytes=160 pcmBytes=640 rms=0.000244 rmsa=0.000319
2025-10-31T04:02:53.633Z TWILIO_MEDIA bytes=160 pcmBytes=640 rms=0.000244 rmsa=0.000297
2025-10-31T04:02:53.653Z TWILIO_MEDIA bytes=160 pcmBytes=640 rms=0.000244 rmsa=0.000281
2025-10-31T04:02:53.673Z TWILIO_MEDIA bytes=160 pcmBytes=640 rms=0.000244 rmsa=0.000270
2025-10-31T04:02:53.693Z TWILIO_MEDIA bytes=160 pcmBytes=640 rms=0.000244 rmsa=0.000262
2025-10-31T04:02:53.713Z TWILIO_MEDIA bytes=160 pcmBytes=640 rms=0.000244 rmsa=0.000257
2025-10-31T04:02:53.733Z TWILIO_MEDIA bytes=160 pcmBytes=640 rms=0.000244 rmsa=0.000253
2025-10-31T04:02:53.741Z [ASSISTANT] N
2025-10-31T04:02:53.748Z [ASSISTANT] atuurlijk
2025-10-31T04:02:53.753Z TWILIO_MEDIA bytes=160 pcmBytes=640 rms=0.000244 rmsa=0.000250
2025-10-31T04:02:53.754Z [ASSISTANT] ,
2025-10-31T04:02:53.761Z [ASSISTANT] ik
2025-10-31T04:02:53.769Z [ASSISTANT] luister
2025-10-31T04:02:53.773Z TWILIO_MEDIA bytes=160 pcmBytes=640 rms=0.000244 rmsa=0.000248
2025-10-31T04:02:53.777Z [ASSISTANT] .
2025-10-31T04:02:53.785Z [ASSISTANT] Wat
2025-10-31T04:02:53.793Z TWILIO_MEDIA bytes=160 pcmBytes=640 rms=0.000244 rmsa=0.000247
2025-10-31T04:02:53.794Z [ASSISTANT] wil
2025-10-31T04:02:53.801Z [ASSISTANT] je
2025-10-31T04:02:53.809Z [ASSISTANT] graag
2025-10-31T04:02:53.812Z TWILIO_MEDIA bytes=160 pcmBytes=640 rms=0.000244 rmsa=0.000246
2025-10-31T04:02:53.816Z [ASSISTANT] zeggen
2025-10-31T04:02:53.825Z [ASSISTANT] ?
2025-10-31T04:02:53.833Z TWILIO_MEDIA bytes=160 pcmBytes=640 rms=0.000244 rmsa=0.000246
2025-10-31T04:02:53.852Z [ASSISTANT] Natuurlijk, ik luister. Wat wil je graag zeggen?
2025-10-31T04:02:53.853Z TWILIO_MEDIA bytes=160 pcmBytes=640 rms=0.000244 rmsa=0.000245
2025-10-31T04:02:53.855Z [ASSISTANT] Natuurlijk, ik luister. Wat wil je graag zeggen?
2025-10-31T04:02:53.858Z [ASSISTANT] Natuurlijk, ik luister. Wat wil je graag zeggen?
2025-10-31T04:02:53.872Z TWILIO_MEDIA bytes=160 pcmBytes=640 rms=0.000244 rmsa=0.000245
2025-10-31T04:02:53.893Z TWILIO_MEDIA bytes=160 pcmBytes=640 rms=0.000244 rmsa=0.000245
2025-10-31T04:02:53.913Z TWILIO_MEDIA bytes=160 pcmBytes=640 rms=0.000453 rmsa=0.000307
2025-10-31T04:02:53.932Z TWILIO_MEDIA bytes=160 pcmBytes=640 rms=0.000244 rmsa=0.000288
2025-10-31T04:02:53.953Z TWILIO_MEDIA bytes=160 pcmBytes=640 rms=0.000244 rmsa=0.000275
2025-10-31T04:02:53.972Z TWILIO_MEDIA bytes=160 pcmBytes=640 rms=0.000244 rmsa=0.000266
2025-10-31T04:02:53.993Z TWILIO_MEDIA bytes=160 pcmBytes=640 rms=0.000244 rmsa=0.000259
2025-10-31T04:02:54.013Z TWILIO_MEDIA bytes=160 pcmBytes=640 rms=0.000244 rmsa=0.000255
2025-10-31T04:02:54.033Z TWILIO_MEDIA bytes=160 pcmBytes=640 rms=0.000244 rmsa=0.000252
2025-10-31T04:02:54.053Z TWILIO_MEDIA bytes=160 pcmBytes=640 rms=0.000244 rmsa=0.000249
2025-10-31T04:02:54.072Z TWILIO_MEDIA bytes=160 pcmBytes=640 rms=0.000244 rmsa=0.000248
2025-10-31T04:02:54.093Z TWILIO_MEDIA bytes=160 pcmBytes=640 rms=0.000244 rmsa=0.000247
2025-10-31T04:02:54.112Z TWILIO_MEDIA bytes=160 pcmBytes=640 rms=0.000244 rmsa=0.000246
2025-10-31T04:02:54.133Z TWILIO_MEDIA bytes=160 pcmBytes=640 rms=0.000244 rmsa=0.000245
2025-10-31T04:02:54.152Z TWILIO_MEDIA bytes=160 pcmBytes=640 rms=0.000244 rmsa=0.000245
2025-10-31T04:02:54.173Z TWILIO_MEDIA bytes=160 pcmBytes=640 rms=0.000244 rmsa=0.000245
2025-10-31T04:02:54.193Z TWILIO_MEDIA bytes=160 pcmBytes=640 rms=0.000244 rmsa=0.000245
2025-10-31T04:02:54.213Z TWILIO_MEDIA bytes=160 pcmBytes=640 rms=0.000244 rmsa=0.000244
2025-10-31T04:02:54.233Z TWILIO_MEDIA bytes=160 pcmBytes=640 rms=0.000244 rmsa=0.000244
2025-10-31T04:02:54.253Z TWILIO_MEDIA bytes=160 pcmBytes=640 rms=0.000244 rmsa=0.000244
2025-10-31T04:02:54.273Z TWILIO_MEDIA bytes=160 pcmBytes=640 rms=0.000244 rmsa=0.000244
2025-10-31T04:02:54.293Z TWILIO_MEDIA bytes=160 pcmBytes=640 rms=0.000244 rmsa=0.000244
2025-10-31T04:02:54.313Z TWILIO_MEDIA bytes=160 pcmBytes=640 rms=0.000244 rmsa=0.000244
2025-10-31T04:02:54.333Z TWILIO_MEDIA bytes=160 pcmBytes=640 rms=0.000244 rmsa=0.000244
2025-10-31T04:02:54.353Z TWILIO_MEDIA bytes=160 pcmBytes=640 rms=0.000244 rmsa=0.000244
2025-10-31T04:02:54.373Z TWILIO_MEDIA bytes=160 pcmBytes=640 rms=0.000244 rmsa=0.000244
2025-10-31T04:02:54.393Z TWILIO_MEDIA bytes=160 pcmBytes=640 rms=0.000244 rmsa=0.000244
2025-10-31T04:02:54.430Z TWILIO_STOP: {"sid":"MZ9f610f66ae347d2f9ca6e364f03ddb3c"}
2025-10-31T04:02:54.430Z CALL_END: MZ9f610f66ae347d2f9ca6e364f03ddb3c
