2025-10-31T04:02:54.702Z CALL_START: conn1
2025-10-31T04:02:54.702Z AUTOCREATE_CALLLOG: created fallback log for conn1
2025-10-31T04:02:54.702Z [ASSISTANT] Ok
2025-10-31T04:02:54.705Z [ASSISTANT] é
2025-10-31T04:02:54.712Z [ASSISTANT] ,
2025-10-31T04:02:54.720Z [ASSISTANT] laat
2025-10-31T04:02:54.728Z [ASSISTANT] me
2025-10-31T04:02:54.735Z [ASSISTANT] her
2025-10-31T04:02:54.743Z [ASSISTANT] halen
2025-10-31T04:02:54.751Z [ASSISTANT] wat
2025-10-31T04:02:54.758Z [ASSISTANT] ik
2025-10-31T04:02:54.767Z [ASSISTANT] hoor
2025-10-31T04:02:54.775Z [ASSISTANT] .
2025-10-31T04:02:54.782Z [ASSISTANT] 
2025-10-31T04:02:54.791Z [ASSISTANT] “
2025-10-31T04:02:54.798Z [ASSISTANT] Hallo
2025-10-31T04:02:54.807Z [ASSISTANT] ,
2025-10-31T04:02:54.818Z [ASSISTANT] hoe
2025-10-31T04:02:54.822Z [ASSISTANT] gaat
2025-10-31T04:02:54.829Z [ASSISTANT] het
2025-10-31T04:02:54.838Z [ASSISTANT] met
2025-10-31T04:02:54.845Z [ASSISTANT] je
2025-10-31T04:02:54.853Z [ASSISTANT] vandaag
2025-10-31T04:02:54.862Z [ASSISTANT] ?”
2025-10-31T04:02:54.869Z [ASSISTANT] 
2025-10-31T04:02:54.877Z [ASSISTANT] Was
2025-10-31T04:02:54.885Z [ASSISTANT] dat
2025-10-31T04:02:54.893Z [ASSISTANT] correct
2025-10-31T04:02:54.901Z [ASSISTANT] ?
2025-10-31T04:02:54.925Z [ASSISTANT] Oké, laat me herhalen wat ik hoor. 

“Hallo, hoe gaat het met je vandaag?” 

Was dat correct?
2025-10-31T04:02:54.927Z [ASSISTANT] Oké, laat me herhalen wat ik hoor. 

“Hallo, hoe gaat het met je vandaag?” 

Was dat correct?
2025-10-31T04:02:54.931Z [ASSISTANT] Oké, laat me herhalen wat ik hoor. 

“Hallo, hoe gaat het met je vandaag?” 

Was dat correct?
2025-10-31T04:02:55.434Z CALL_END: client_closed
