2025-10-31T03:37:00.024Z CALL_START: MZ74ab231710e1c84e130604290f7fca65
2025-10-31T03:37:00.024Z TWILIO_START: {"sid":"MZ74ab231710e1c84e130604290f7fca65"}
2025-10-31T03:37:00.025Z TWILIO_MEDIA bytes=160 pcmBytes=640 rms=0.004805 rmsa=0.001441
2025-10-31T03:37:00.025Z TWILIO_MEDIA bytes=160 pcmBytes=640 rms=0.003170 rmsa=0.001960
2025-10-31T03:37:00.026Z TWILIO_MEDIA bytes=160 pcmBytes=640 rms=0.001330 rmsa=0.001771
2025-10-31T03:37:00.026Z TWILIO_MEDIA bytes=160 pcmBytes=640 rms=0.001747 rmsa=0.001764
2025-10-31T03:37:00.027Z TWILIO_MEDIA bytes=160 pcmBytes=640 rms=0.001966 rmsa=0.001824
2025-10-31T03:37:00.027Z TWILIO_MEDIA bytes=160 pcmBytes=640 rms=0.006616 rmsa=0.003262
2025-10-31T03:37:00.027Z TWILIO_MEDIA bytes=160 pcmBytes=640 rms=0.019734 rmsa=0.008204
2025-10-31T03:37:00.028Z TWILIO_MEDIA bytes=160 pcmBytes=640 rms=0.023734 rmsa=0.012863
2025-10-31T03:37:00.029Z TWILIO_MEDIA bytes=160 pcmBytes=640 rms=0.020580 rmsa=0.015178
2025-10-31T03:37:00.030Z TWILIO_MEDIA bytes=160 pcmBytes=640 rms=0.018806 rmsa=0.016267
2025-10-31T03:37:00.030Z TWILIO_MEDIA bytes=160 pcmBytes=640 rms=0.021495 rmsa=0.017835
2025-10-31T03:37:00.031Z TWILIO_MEDIA bytes=160 pcmBytes=640 rms=0.013898 rmsa=0.016654
2025-10-31T03:37:00.032Z TWILIO_MEDIA bytes=160 pcmBytes=640 rms=0.007939 rmsa=0.014040
2025-10-31T03:37:00.042Z TWILIO_MEDIA bytes=160 pcmBytes=640 rms=0.010320 rmsa=0.012924
2025-10-31T03:37:00.062Z TWILIO_MEDIA bytes=160 pcmBytes=640 rms=0.006209 rmsa=0.010909
2025-10-31T03:37:00.082Z TWILIO_MEDIA bytes=160 pcmBytes=640 rms=0.007172 rmsa=0.009788
2025-10-31T03:37:00.130Z TWILIO_MEDIA bytes=160 pcmBytes=640 rms=0.009705 rmsa=0.009763
2025-10-31T03:37:00.130Z TWILIO_MEDIA bytes=160 pcmBytes=640 rms=0.003191 rmsa=0.007792
2025-10-31T03:37:00.142Z TWILIO_MEDIA bytes=160 pcmBytes=640 rms=0.008958 rmsa=0.008141
2025-10-31T03:37:00.162Z TWILIO_MEDIA bytes=160 pcmBytes=640 rms=0.009100 rmsa=0.008429
2025-10-31T03:37:00.182Z TWILIO_MEDIA bytes=160 pcmBytes=640 rms=0.001184 rmsa=0.006255
2025-10-31T03:37:00.202Z TWILIO_MEDIA bytes=160 pcmBytes=640 rms=0.007182 rmsa=0.006533
2025-10-31T03:37:00.222Z TWILIO_MEDIA bytes=160 pcmBytes=640 rms=0.001279 rmsa=0.004957
2025-10-31T03:37:00.242Z TWILIO_MEDIA bytes=160 pcmBytes=640 rms=0.000378 rmsa=0.003583
2025-10-31T03:37:00.262Z TWILIO_MEDIA bytes=160 pcmBytes=640 rms=0.000250 rmsa=0.002583
2025-10-31T03:37:00.282Z TWILIO_MEDIA bytes=160 pcmBytes=640 rms=0.000244 rmsa=0.001882
2025-10-31T03:37:00.302Z TWILIO_MEDIA bytes=160 pcmBytes=640 rms=0.000244 rmsa=0.001390
2025-10-31T03:37:00.321Z TWILIO_MEDIA bytes=160 pcmBytes=640 rms=0.000244 rmsa=0.001047
2025-10-31T03:37:00.342Z TWILIO_MEDIA bytes=160 pcmBytes=640 rms=0.000244 rmsa=0.000806
2025-10-31T03:37:00.362Z TWILIO_MEDIA bytes=160 pcmBytes=640 rms=0.011993 rmsa=0.004162
2025-10-31T03:37:00.381Z TWILIO_MEDIA bytes=160 pcmBytes=640 rms=0.007158 rmsa=0.005061
2025-10-31T03:37:00.402Z TWILIO_MEDIA bytes=160 pcmBytes=640 rms=0.015963 rmsa=0.008332
2025-10-31T03:37:00.422Z TWILIO_MEDIA bytes=160 pcmBytes=640 rms=0.011635 rmsa=0.009323
2025-10-31T03:37:00.442Z TWILIO_MEDIA bytes=160 pcmBytes=640 rms=0.010798 rmsa=0.009765
2025-10-31T03:37:00.462Z TWILIO_MEDIA bytes=160 pcmBytes=640 rms=0.010584 rmsa=0.010011
2025-10-31T03:37:00.482Z TWILIO_MEDIA bytes=160 pcmBytes=640 rms=0.010761 rmsa=0.010236
2025-10-31T03:37:00.502Z TWILIO_MEDIA bytes=160 pcmBytes=640 rms=0.004279 rmsa=0.008449
2025-10-31T03:37:00.521Z TWILIO_MEDIA bytes=160 pcmBytes=640 rms=0.013841 rmsa=0.010066
2025-10-31T03:37:00.541Z TWILIO_MEDIA bytes=160 pcmBytes=640 rms=0.016158 rmsa=0.011894
2025-10-31T03:37:00.561Z TWILIO_MEDIA bytes=160 pcmBytes=640 rms=0.012830 rmsa=0.012175
2025-10-31T03:37:00.582Z TWILIO_MEDIA bytes=160 pcmBytes=640 rms=0.006320 rmsa=0.010418
2025-10-31T03:37:00.602Z TWILIO_MEDIA bytes=160 pcmBytes=640 rms=0.011588 rmsa=0.010769
2025-10-31T03:37:00.622Z TWILIO_MEDIA bytes=160 pcmBytes=640 rms=0.003104 rmsa=0.008470
2025-10-31T03:37:00.642Z TWILIO_MEDIA bytes=160 pcmBytes=640 rms=0.001684 rmsa=0.006434
2025-10-31T03:37:00.662Z TWILIO_MEDIA bytes=160 pcmBytes=640 rms=0.000842 rmsa=0.004757
2025-10-31T03:37:00.682Z TWILIO_MEDIA bytes=160 pcmBytes=640 rms=0.007638 rmsa=0.005621
2025-10-31T03:37:00.701Z TWILIO_MEDIA bytes=160 pcmBytes=640 rms=0.005417 rmsa=0.005560
2025-10-31T03:37:00.721Z TWILIO_MEDIA bytes=160 pcmBytes=640 rms=0.009444 rmsa=0.006725
2025-10-31T03:37:00.741Z TWILIO_MEDIA bytes=160 pcmBytes=640 rms=0.004834 rmsa=0.006158
2025-10-31T03:37:00.762Z TWILIO_MEDIA bytes=160 pcmBytes=640 rms=0.009266 rmsa=0.007090
2025-10-31T03:37:00.782Z TWILIO_MEDIA bytes=160 pcmBytes=640 rms=0.008458 rmsa=0.007500
2025-10-31T03:37:00.802Z TWILIO_MEDIA bytes=160 pcmBytes=640 rms=0.003182 rmsa=0.006205
2025-10-31T03:37:00.822Z TWILIO_MEDIA bytes=160 pcmBytes=640 rms=0.001538 rmsa=0.004805
2025-10-31T03:37:00.842Z TWILIO_MEDIA bytes=160 pcmBytes=640 rms=0.001821 rmsa=0.003910
2025-10-31T03:37:00.861Z TWILIO_MEDIA bytes=160 pcmBytes=640 rms=0.000476 rmsa=0.002880
2025-10-31T03:37:00.882Z TWILIO_MEDIA bytes=160 pcmBytes=640 rms=0.000244 rmsa=0.002089
2025-10-31T03:37:00.902Z TWILIO_MEDIA bytes=160 pcmBytes=640 rms=0.000244 rmsa=0.001536
2025-10-31T03:37:00.922Z TWILIO_MEDIA bytes=160 pcmBytes=640 rms=0.000244 rmsa=0.001148
2025-10-31T03:37:00.941Z TWILIO_MEDIA bytes=160 pcmBytes=640 rms=0.000244 rmsa=0.000877
2025-10-31T03:37:00.961Z TWILIO_MEDIA bytes=160 pcmBytes=640 rms=0.000244 rmsa=0.000687
2025-10-31T03:37:00.982Z TWILIO_MEDIA bytes=160 pcmBytes=640 rms=0.000244 rmsa=0.000554
2025-10-31T03:37:01.002Z TWILIO_MEDIA bytes=160 pcmBytes=640 rms=0.000244 rmsa=0.000461
2025-10-31T03:37:01.021Z TWILIO_MEDIA bytes=160 pcmBytes=640 rms=0.000309 rmsa=0.000415
2025-10-31T03:37:01.042Z TWILIO_MEDIA bytes=160 pcmBytes=640 rms=0.002845 rmsa=0.001144
2025-10-31T03:37:01.062Z TWILIO_MEDIA bytes=160 pcmBytes=640 rms=0.004263 rmsa=0.002080
2025-10-31T03:37:01.082Z TWILIO_MEDIA bytes=160 pcmBytes=640 rms=0.003913 rmsa=0.002630
2025-10-31T03:37:01.102Z TWILIO_MEDIA bytes=160 pcmBytes=640 rms=0.004008 rmsa=0.003043
2025-10-31T03:37:01.122Z TWILIO_MEDIA bytes=160 pcmBytes=640 rms=0.003545 rmsa=0.003194
2025-10-31T03:37:01.141Z TWILIO_MEDIA bytes=160 pcmBytes=640 rms=0.003177 rmsa=0.003189
2025-10-31T03:37:01.162Z TWILIO_MEDIA bytes=160 pcmBytes=640 rms=0.002610 rmsa=0.003015
2025-10-31T03:37:01.182Z TWILIO_MEDIA bytes=160 pcmBytes=640 rms=0.003497 rmsa=0.003160
2025-10-31T03:37:01.202Z TWILIO_MEDIA bytes=160 pcmBytes=640 rms=0.003259 rmsa=0.003189
2025-10-31T03:37:01.221Z TWILIO_MEDIA bytes=160 pcmBytes=640 rms=0.004185 rmsa=0.003488
2025-10-31T03:37:01.242Z TWILIO_MEDIA bytes=160 pcmBytes=640 rms=0.004522 rmsa=0.003798
2025-10-31T03:37:01.262Z TWILIO_MEDIA bytes=160 pcmBytes=640 rms=0.004167 rmsa=0.003909
2025-10-31T03:37:01.282Z TWILIO_MEDIA bytes=160 pcmBytes=640 rms=0.004905 rmsa=0.004208
2025-10-31T03:37:01.302Z TWILIO_MEDIA bytes=160 pcmBytes=640 rms=0.005089 rmsa=0.004472
2025-10-31T03:37:01.322Z TWILIO_MEDIA bytes=160 pcmBytes=640 rms=0.005333 rmsa=0.004730
2025-10-31T03:37:01.341Z TWILIO_MEDIA bytes=160 pcmBytes=640 rms=0.004440 rmsa=0.004643
2025-10-31T03:37:01.361Z TWILIO_MEDIA bytes=160 pcmBytes=640 rms=0.003854 rmsa=0.004407
2025-10-31T03:37:01.382Z TWILIO_MEDIA bytes=160 pcmBytes=640 rms=0.002892 rmsa=0.003952
2025-10-31T03:37:01.402Z TWILIO_MEDIA bytes=160 pcmBytes=640 rms=0.003771 rmsa=0.003898
2025-10-31T03:37:01.412Z [ASSISTANT] Ik
2025-10-31T03:37:01.414Z [ASSISTANT]  hoorde
2025-10-31T03:37:01.421Z TWILIO_MEDIA bytes=160 pcmBytes=640 rms=0.002744 rmsa=0.003552
2025-10-31T03:37:01.422Z [ASSISTANT]  niet
2025-10-31T03:37:01.429Z [ASSISTANT]  helemaal
2025-10-31T03:37:01.439Z [ASSISTANT]  wat
2025-10-31T03:37:01.441Z TWILIO_MEDIA bytes=160 pcmBytes=640 rms=0.002001 rmsa=0.003086
2025-10-31T03:37:01.446Z [ASSISTANT]  je
2025-10-31T03:37:01.454Z [ASSISTANT]  zei
2025-10-31T03:37:01.462Z TWILIO_MEDIA bytes=160 pcmBytes=640 rms=0.000996 rmsa=0.002459
2025-10-31T03:37:01.482Z TWILIO_MEDIA bytes=160 pcmBytes=640 rms=0.000675 rmsa=0.001924
2025-10-31T03:37:01.501Z TWILIO_MEDIA bytes=160 pcmBytes=640 rms=0.000660 rmsa=0.001545
2025-10-31T03:37:01.522Z TWILIO_MEDIA bytes=160 pcmBytes=640 rms=0.001400 rmsa=0.001501
2025-10-31T03:37:01.527Z [ASSISTANT] .
2025-10-31T03:37:01.528Z [ASSISTANT]  Kun
2025-10-31T03:37:01.529Z [ASSISTANT]  je
2025-10-31T03:37:01.530Z [ASSISTANT]  het
2025-10-31T03:37:01.531Z [ASSISTANT]  nog
2025-10-31T03:37:01.532Z [ASSISTANT]  een
2025-10-31T03:37:01.534Z [ASSISTANT]  keer
2025-10-31T03:37:01.534Z [ASSISTANT]  her
2025-10-31T03:37:01.535Z [ASSISTANT] halen
2025-10-31T03:37:01.536Z [ASSISTANT] ?
2025-10-31T03:37:01.541Z TWILIO_MEDIA bytes=160 pcmBytes=640 rms=0.032939 rmsa=0.010933
2025-10-31T03:37:01.556Z [ASSISTANT] Ik hoorde niet helemaal wat je zei. Kun je het nog een keer herhalen?
2025-10-31T03:37:01.556Z [ASSISTANT] Ik hoorde niet helemaal wat je zei. Kun je het nog een keer herhalen?
2025-10-31T03:37:01.558Z [ASSISTANT] Ik hoorde niet helemaal wat je zei. Kun je het nog een keer herhalen?
2025-10-31T03:37:01.562Z TWILIO_MEDIA bytes=160 pcmBytes=640 rms=0.074574 rmsa=0.030025
2025-10-31T03:37:01.581Z TWILIO_MEDIA bytes=160 pcmBytes=640 rms=0.080046 rmsa=0.045031
2025-10-31T03:37:01.602Z TWILIO_MEDIA bytes=160 pcmBytes=640 rms=0.037437 rmsa=0.042753
2025-10-31T03:37:01.621Z TWILIO_MEDIA bytes=160 pcmBytes=640 rms=0.007114 rmsa=0.032061
2025-10-31T03:37:01.642Z TWILIO_MEDIA bytes=160 pcmBytes=640 rms=0.003200 rmsa=0.023403
2025-10-31T03:37:01.662Z TWILIO_MEDIA bytes=160 pcmBytes=640 rms=0.003646 rmsa=0.017476
2025-10-31T03:37:01.681Z TWILIO_MEDIA bytes=160 pcmBytes=640 rms=0.002537 rmsa=0.012994
2025-10-31T03:37:01.702Z TWILIO_MEDIA bytes=160 pcmBytes=640 rms=0.005672 rmsa=0.010798
2025-10-31T03:37:01.722Z TWILIO_MEDIA bytes=160 pcmBytes=640 rms=0.007528 rmsa=0.009817
2025-10-31T03:37:01.741Z TWILIO_MEDIA bytes=160 pcmBytes=640 rms=0.003299 rmsa=0.007861
2025-10-31T03:37:01.761Z TWILIO_MEDIA bytes=160 pcmBytes=640 rms=0.003717 rmsa=0.006618
2025-10-31T03:37:01.781Z TWILIO_MEDIA bytes=160 pcmBytes=640 rms=0.002268 rmsa=0.005313
2025-10-31T03:37:01.801Z TWILIO_MEDIA bytes=160 pcmBytes=640 rms=0.000444 rmsa=0.003852
2025-10-31T03:37:01.821Z TWILIO_MEDIA bytes=160 pcmBytes=640 rms=0.000318 rmsa=0.002792
2025-10-31T03:37:01.841Z TWILIO_MEDIA bytes=160 pcmBytes=640 rms=0.000250 rmsa=0.002029
2025-10-31T03:37:01.861Z TWILIO_MEDIA bytes=160 pcmBytes=640 rms=0.000244 rmsa=0.001494
2025-10-31T03:37:01.881Z TWILIO_MEDIA bytes=160 pcmBytes=640 rms=0.000244 rmsa=0.001119
2025-10-31T03:37:01.901Z TWILIO_MEDIA bytes=160 pcmBytes=640 rms=0.009161 rmsa=0.003531
2025-10-31T03:37:01.922Z TWILIO_MEDIA bytes=160 pcmBytes=640 rms=0.008652 rmsa=0.005068
2025-10-31T03:37:01.942Z TWILIO_MEDIA bytes=160 pcmBytes=640 rms=0.016388 rmsa=0.008464
2025-10-31T03:37:01.962Z TWILIO_MEDIA bytes=160 pcmBytes=640 rms=0.021247 rmsa=0.012299
2025-10-31T03:37:01.982Z TWILIO_MEDIA bytes=160 pcmBytes=640 rms=0.026874 rmsa=0.016671
2025-10-31T03:37:02.002Z TWILIO_MEDIA bytes=160 pcmBytes=640 rms=0.027013 rmsa=0.019774
2025-10-31T03:37:02.022Z TWILIO_MEDIA bytes=160 pcmBytes=640 rms=0.027279 rmsa=0.022025
2025-10-31T03:37:02.042Z TWILIO_MEDIA bytes=160 pcmBytes=640 rms=0.028059 rmsa=0.023836
2025-10-31T03:37:02.062Z TWILIO_MEDIA bytes=160 pcmBytes=640 rms=0.023657 rmsa=0.023782
2025-10-31T03:37:02.082Z TWILIO_MEDIA bytes=160 pcmBytes=640 rms=0.009688 rmsa=0.019554
2025-10-31T03:37:02.102Z TWILIO_MEDIA bytes=160 pcmBytes=640 rms=0.005013 rmsa=0.015192
2025-10-31T03:37:02.122Z TWILIO_MEDIA bytes=160 pcmBytes=640 rms=0.002723 rmsa=0.011451
2025-10-31T03:37:02.141Z TWILIO_MEDIA bytes=160 pcmBytes=640 rms=0.021401 rmsa=0.014436
2025-10-31T03:37:02.162Z TWILIO_MEDIA bytes=160 pcmBytes=640 rms=0.009863 rmsa=0.013064
2025-10-31T03:37:02.182Z TWILIO_MEDIA bytes=160 pcmBytes=640 rms=0.015096 rmsa=0.013674
2025-10-31T03:37:02.202Z TWILIO_MEDIA bytes=160 pcmBytes=640 rms=0.029811 rmsa=0.018515
2025-10-31T03:37:02.222Z TWILIO_MEDIA bytes=160 pcmBytes=640 rms=0.033254 rmsa=0.022937
2025-10-31T03:37:02.241Z TWILIO_MEDIA bytes=160 pcmBytes=640 rms=0.018231 rmsa=0.021525
2025-10-31T03:37:02.262Z TWILIO_MEDIA bytes=160 pcmBytes=640 rms=0.005171 rmsa=0.016619
2025-10-31T03:37:02.282Z TWILIO_MEDIA bytes=160 pcmBytes=640 rms=0.004898 rmsa=0.013103
2025-10-31T03:37:02.302Z TWILIO_MEDIA bytes=160 pcmBytes=640 rms=0.005228 rmsa=0.010740
2025-10-31T03:37:02.322Z TWILIO_MEDIA bytes=160 pcmBytes=640 rms=0.004288 rmsa=0.008805
2025-10-31T03:37:02.342Z TWILIO_MEDIA bytes=160 pcmBytes=640 rms=0.014904 rmsa=0.010634
2025-10-31T03:37:02.362Z TWILIO_MEDIA bytes=160 pcmBytes=640 rms=0.031404 rmsa=0.016865
2025-10-31T03:37:02.362Z [ASSISTANT] N
2025-10-31T03:37:02.365Z [ASSISTANT] atuurlijk
2025-10-31T03:37:02.372Z [ASSISTANT] ,
2025-10-31T03:37:02.382Z TWILIO_MEDIA bytes=160 pcmBytes=640 rms=0.029078 rmsa=0.020529
2025-10-31T03:37:02.386Z [ASSISTANT]  ik
2025-10-31T03:37:02.388Z [ASSISTANT]  luister
2025-10-31T03:37:02.396Z [ASSISTANT] .
2025-10-31T03:37:02.402Z TWILIO_MEDIA bytes=160 pcmBytes=640 rms=0.024551 rmsa=0.021736
2025-10-31T03:37:02.407Z [ASSISTANT]  Wat
2025-10-31T03:37:02.410Z [ASSISTANT]  kan
2025-10-31T03:37:02.420Z [ASSISTANT]  ik
2025-10-31T03:37:02.421Z TWILIO_MEDIA bytes=160 pcmBytes=640 rms=0.020412 rmsa=0.021339
2025-10-31T03:37:02.427Z [ASSISTANT]  voor
2025-10-31T03:37:02.441Z TWILIO_MEDIA bytes=160 pcmBytes=640 rms=0.008076 rmsa=0.017360
2025-10-31T03:37:02.462Z TWILIO_MEDIA bytes=160 pcmBytes=640 rms=0.002908 rmsa=0.013024
2025-10-31T03:37:02.477Z [ASSISTANT]  je
2025-10-31T03:37:02.478Z [ASSISTANT]  doen
2025-10-31T03:37:02.479Z [ASSISTANT] ?
2025-10-31T03:37:02.480Z [ASSISTANT] Natuurlijk, ik luister. Wat kan ik voor je doen?
2025-10-31T03:37:02.482Z TWILIO_MEDIA bytes=160 pcmBytes=640 rms=0.002534 rmsa=0.009877
2025-10-31T03:37:02.483Z [ASSISTANT] Natuurlijk, ik luister. Wat kan ik voor je doen?
2025-10-31T03:37:02.486Z [ASSISTANT] Natuurlijk, ik luister. Wat kan ik voor je doen?
2025-10-31T03:37:02.502Z TWILIO_MEDIA bytes=160 pcmBytes=640 rms=0.004500 rmsa=0.008264
2025-10-31T03:37:02.521Z TWILIO_MEDIA bytes=160 pcmBytes=640 rms=0.008290 rmsa=0.008272
2025-10-31T03:37:02.541Z TWILIO_MEDIA bytes=160 pcmBytes=640 rms=0.016699 rmsa=0.010800
2025-10-31T03:37:02.562Z TWILIO_MEDIA bytes=160 pcmBytes=640 rms=0.013232 rmsa=0.011530
2025-10-31T03:37:02.581Z TWILIO_MEDIA bytes=160 pcmBytes=640 rms=0.009560 rmsa=0.010939
2025-10-31T03:37:02.602Z TWILIO_MEDIA bytes=160 pcmBytes=640 rms=0.020534 rmsa=0.013817
2025-10-31T03:37:02.621Z TWILIO_MEDIA bytes=160 pcmBytes=640 rms=0.038150 rmsa=0.021117
2025-10-31T03:37:02.642Z TWILIO_MEDIA bytes=160 pcmBytes=640 rms=0.025678 rmsa=0.022485
2025-10-31T03:37:02.662Z TWILIO_MEDIA bytes=160 pcmBytes=640 rms=0.023588 rmsa=0.022816
2025-10-31T03:37:02.682Z TWILIO_MEDIA bytes=160 pcmBytes=640 rms=0.020342 rmsa=0.022074
2025-10-31T03:37:02.702Z TWILIO_MEDIA bytes=160 pcmBytes=640 rms=0.002801 rmsa=0.016292
2025-10-31T03:37:02.722Z TWILIO_MEDIA bytes=160 pcmBytes=640 rms=0.000795 rmsa=0.011643
2025-10-31T03:37:02.742Z TWILIO_MEDIA bytes=160 pcmBytes=640 rms=0.000412 rmsa=0.008274
2025-10-31T03:37:02.762Z TWILIO_MEDIA bytes=160 pcmBytes=640 rms=0.013050 rmsa=0.009706
2025-10-31T03:37:02.782Z TWILIO_MEDIA bytes=160 pcmBytes=640 rms=0.002801 rmsa=0.007635
2025-10-31T03:37:02.802Z TWILIO_MEDIA bytes=160 pcmBytes=640 rms=0.009652 rmsa=0.008240
2025-10-31T03:37:02.822Z TWILIO_MEDIA bytes=160 pcmBytes=640 rms=0.002957 rmsa=0.006655
2025-10-31T03:37:02.842Z TWILIO_MEDIA bytes=160 pcmBytes=640 rms=0.003050 rmsa=0.005573
2025-10-31T03:37:02.861Z TWILIO_MEDIA bytes=160 pcmBytes=640 rms=0.002604 rmsa=0.004682
2025-10-31T03:37:02.882Z TWILIO_MEDIA bytes=160 pcmBytes=640 rms=0.005000 rmsa=0.004778
2025-10-31T03:37:02.901Z TWILIO_MEDIA bytes=160 pcmBytes=640 rms=0.003343 rmsa=0.004347
2025-10-31T03:37:02.922Z TWILIO_MEDIA bytes=160 pcmBytes=640 rms=0.003810 rmsa=0.004186
2025-10-31T03:37:02.941Z TWILIO_MEDIA bytes=160 pcmBytes=640 rms=0.002768 rmsa=0.003761
2025-10-31T03:37:02.962Z TWILIO_MEDIA bytes=160 pcmBytes=640 rms=0.001095 rmsa=0.002961
2025-10-31T03:37:02.981Z TWILIO_MEDIA bytes=160 pcmBytes=640 rms=0.000939 rmsa=0.002354
2025-10-31T03:37:03.002Z TWILIO_MEDIA bytes=160 pcmBytes=640 rms=0.000535 rmsa=0.001809
2025-10-31T03:37:03.022Z TWILIO_MEDIA bytes=160 pcmBytes=640 rms=0.000244 rmsa=0.001339
2025-10-31T03:37:03.042Z TWILIO_MEDIA bytes=160 pcmBytes=640 rms=0.000244 rmsa=0.001011
2025-10-31T03:37:03.062Z TWILIO_MEDIA bytes=160 pcmBytes=640 rms=0.000244 rmsa=0.000781
2025-10-31T03:37:03.081Z TWILIO_MEDIA bytes=160 pcmBytes=640 rms=0.000244 rmsa=0.000620
2025-10-31T03:37:03.102Z TWILIO_MEDIA bytes=160 pcmBytes=640 rms=0.000244 rmsa=0.000507
2025-10-31T03:37:03.122Z TWILIO_MEDIA bytes=160 pcmBytes=640 rms=0.000244 rmsa=0.000428
2025-10-31T03:37:03.142Z TWILIO_MEDIA bytes=160 pcmBytes=640 rms=0.000244 rmsa=0.000373
2025-10-31T03:37:03.162Z TWILIO_MEDIA bytes=160 pcmBytes=640 rms=0.000244 rmsa=0.000334
2025-10-31T03:37:03.181Z TWILIO_MEDIA bytes=160 pcmBytes=640 rms=0.000244 rmsa=0.000307
2025-10-31T03:37:03.201Z TWILIO_MEDIA bytes=160 pcmBytes=640 rms=0.000450 rmsa=0.000350
2025-10-31T03:37:03.221Z TWILIO_MEDIA bytes=160 pcmBytes=640 rms=0.000273 rmsa=0.000327
2025-10-31T03:37:03.242Z TWILIO_MEDIA bytes=160 pcmBytes=640 rms=0.000256 rmsa=0.000306
2025-10-31T03:37:03.262Z TWILIO_MEDIA bytes=160 pcmBytes=640 rms=0.000256 rmsa=0.000291
2025-10-31T03:37:03.282Z TWILIO_MEDIA bytes=160 pcmBytes=640 rms=0.000244 rmsa=0.000277
2025-10-31T03:37:03.302Z TWILIO_MEDIA bytes=160 pcmBytes=640 rms=0.000244 rmsa=0.000267
2025-10-31T03:37:03.321Z TWILIO_MEDIA bytes=160 pcmBytes=640 rms=0.000244 rmsa=0.000260
2025-10-31T03:37:03.342Z TWILIO_MEDIA bytes=160 pcmBytes=640 rms=0.001479 rmsa=0.000626
2025-10-31T03:37:03.362Z TWILIO_MEDIA bytes=160 pcmBytes=640 rms=0.001763 rmsa=0.000967
2025-10-31T03:37:03.381Z TWILIO_MEDIA bytes=160 pcmBytes=640 rms=0.001319 rmsa=0.001073
2025-10-31T03:37:03.401Z TWILIO_MEDIA bytes=160 pcmBytes=640 rms=0.000460 rmsa=0.000889
2025-10-31T03:37:03.421Z TWILIO_MEDIA bytes=160 pcmBytes=640 rms=0.000622 rmsa=0.000809
2025-10-31T03:37:03.442Z TWILIO_MEDIA bytes=160 pcmBytes=640 rms=0.000314 rmsa=0.000660
2025-10-31T03:37:03.461Z TWILIO_MEDIA bytes=160 pcmBytes=640 rms=0.000244 rmsa=0.000535
2025-10-31T03:37:03.483Z TWILIO_MEDIA bytes=160 pcmBytes=640 rms=0.000244 rmsa=0.000448
2025-10-31T03:37:03.501Z TWILIO_MEDIA bytes=160 pcmBytes=640 rms=0.000244 rmsa=0.000387
2025-10-31T03:37:03.521Z TWILIO_MEDIA bytes=160 pcmBytes=640 rms=0.000244 rmsa=0.000344
2025-10-31T03:37:03.541Z TWILIO_MEDIA bytes=160 pcmBytes=640 rms=0.000244 rmsa=0.000314
2025-10-31T03:37:03.561Z TWILIO_MEDIA bytes=160 pcmBytes=640 rms=0.000267 rmsa=0.000300
2025-10-31T03:37:03.582Z TWILIO_MEDIA bytes=160 pcmBytes=640 rms=0.000244 rmsa=0.000283
2025-10-31T03:37:03.602Z TWILIO_MEDIA bytes=160 pcmBytes=640 rms=0.000244 rmsa=0.000272
2025-10-31T03:37:03.622Z TWILIO_MEDIA bytes=160 pcmBytes=640 rms=0.000244 rmsa=0.000263
2025-10-31T03:37:03.642Z TWILIO_MEDIA bytes=160 pcmBytes=640 rms=0.000244 rmsa=0.000258
2025-10-31T03:37:03.661Z TWILIO_MEDIA bytes=160 pcmBytes=640 rms=0.000244 rmsa=0.000254
2025-10-31T03:37:03.681Z TWILIO_MEDIA bytes=160 pcmBytes=640 rms=0.000244 rmsa=0.000251
2025-10-31T03:37:03.702Z TWILIO_MEDIA bytes=160 pcmBytes=640 rms=0.000250 rmsa=0.000251
2025-10-31T03:37:03.722Z TWILIO_MEDIA bytes=160 pcmBytes=640 rms=0.000244 rmsa=0.000249
2025-10-31T03:37:03.723Z [ASSISTANT] Ja
2025-10-31T03:37:03.725Z [ASSISTANT] ,
2025-10-31T03:37:03.735Z [ASSISTANT]  ik
2025-10-31T03:37:03.741Z [ASSISTANT]  ben
2025-10-31T03:37:03.743Z TWILIO_MEDIA bytes=160 pcmBytes=640 rms=0.000244 rmsa=0.000247
2025-10-31T03:37:03.748Z [ASSISTANT]  er
2025-10-31T03:37:03.756Z [ASSISTANT] .
2025-10-31T03:37:03.761Z TWILIO_MEDIA bytes=160 pcmBytes=640 rms=0.000244 rmsa=0.000246
2025-10-31T03:37:03.764Z [ASSISTANT]  Wat
2025-10-31T03:37:03.781Z TWILIO_MEDIA bytes=160 pcmBytes=640 rms=0.000244 rmsa=0.000246
2025-10-31T03:37:03.802Z TWILIO_MEDIA bytes=160 pcmBytes=640 rms=0.000250 rmsa=0.000247
2025-10-31T03:37:03.821Z TWILIO_MEDIA bytes=160 pcmBytes=640 rms=0.000250 rmsa=0.000248
2025-10-31T03:37:03.834Z [ASSISTANT]  wil
2025-10-31T03:37:03.836Z [ASSISTANT]  je
2025-10-31T03:37:03.837Z [ASSISTANT]  bespreken
2025-10-31T03:37:03.838Z [ASSISTANT] ?
2025-10-31T03:37:03.839Z [ASSISTANT] Ja, ik ben er. Wat wil je bespreken?
2025-10-31T03:37:03.839Z [ASSISTANT] Ja, ik ben er. Wat wil je bespreken?
2025-10-31T03:37:03.840Z [ASSISTANT] Ja, ik ben er. Wat wil je bespreken?
2025-10-31T03:37:03.842Z TWILIO_MEDIA bytes=160 pcmBytes=640 rms=0.000244 rmsa=0.000247
2025-10-31T03:37:03.861Z TWILIO_MEDIA bytes=160 pcmBytes=640 rms=0.000256 rmsa=0.000250
2025-10-31T03:37:03.882Z TWILIO_MEDIA bytes=160 pcmBytes=640 rms=0.000244 rmsa=0.000248
2025-10-31T03:37:03.901Z TWILIO_MEDIA bytes=160 pcmBytes=640 rms=0.000244 rmsa=0.000247
2025-10-31T03:37:03.921Z TWILIO_MEDIA bytes=160 pcmBytes=640 rms=0.000244 rmsa=0.000246
2025-10-31T03:37:03.942Z TWILIO_MEDIA bytes=160 pcmBytes=640 rms=0.000244 rmsa=0.000245
2025-10-31T03:37:03.961Z TWILIO_MEDIA bytes=160 pcmBytes=640 rms=0.000244 rmsa=0.000245
2025-10-31T03:37:03.981Z TWILIO_MEDIA bytes=160 pcmBytes=640 rms=0.000244 rmsa=0.000245
2025-10-31T03:37:04.001Z TWILIO_MEDIA bytes=160 pcmBytes=640 rms=0.000244 rmsa=0.000245
2025-10-31T03:37:04.021Z TWILIO_MEDIA bytes=160 pcmBytes=640 rms=0.000244 rmsa=0.000244
2025-10-31T03:37:04.041Z TWILIO_MEDIA bytes=160 pcmBytes=640 rms=0.000244 rmsa=0.000244
2025-10-31T03:37:04.061Z TWILIO_MEDIA bytes=160 pcmBytes=640 rms=0.000256 rmsa=0.000248
2025-10-31T03:37:04.081Z TWILIO_MEDIA bytes=160 pcmBytes=640 rms=0.000244 rmsa=0.000247
2025-10-31T03:37:04.101Z TWILIO_MEDIA bytes=160 pcmBytes=640 rms=0.000244 rmsa=0.000246
2025-10-31T03:37:04.121Z TWILIO_MEDIA bytes=160 pcmBytes=640 rms=0.000244 rmsa=0.000245
2025-10-31T03:37:04.141Z TWILIO_MEDIA bytes=160 pcmBytes=640 rms=0.000244 rmsa=0.000245
2025-10-31T03:37:04.161Z TWILIO_MEDIA bytes=160 pcmBytes=640 rms=0.000244 rmsa=0.000245
2025-10-31T03:37:04.181Z TWILIO_MEDIA bytes=160 pcmBytes=640 rms=0.000244 rmsa=0.000245
2025-10-31T03:37:04.201Z TWILIO_MEDIA bytes=160 pcmBytes=640 rms=0.000256 rmsa=0.000248
2025-10-31T03:37:04.221Z TWILIO_MEDIA bytes=160 pcmBytes=640 rms=0.000244 rmsa=0.000247
2025-10-31T03:37:04.241Z TWILIO_MEDIA bytes=160 pcmBytes=640 rms=0.000244 rmsa=0.000246
2025-10-31T03:37:04.261Z TWILIO_MEDIA bytes=160 pcmBytes=640 rms=0.000244 rmsa=0.000245
2025-10-31T03:37:04.281Z TWILIO_MEDIA bytes=160 pcmBytes=640 rms=0.000284 rmsa=0.000257
2025-10-31T03:37:04.302Z TWILIO_MEDIA bytes=160 pcmBytes=640 rms=0.000244 rmsa=0.000253
2025-10-31T03:37:04.321Z TWILIO_MEDIA bytes=160 pcmBytes=640 rms=0.000262 rmsa=0.000256
2025-10-31T03:37:04.342Z TWILIO_MEDIA bytes=160 pcmBytes=640 rms=0.000244 rmsa=0.000252
2025-10-31T03:37:04.361Z TWILIO_MEDIA bytes=160 pcmBytes=640 rms=0.000244 rmsa=0.000250
2025-10-31T03:37:04.381Z TWILIO_MEDIA bytes=160 pcmBytes=640 rms=0.000244 rmsa=0.000248
2025-10-31T03:37:04.401Z TWILIO_MEDIA bytes=160 pcmBytes=640 rms=0.000244 rmsa=0.000247
2025-10-31T03:37:04.422Z TWILIO_MEDIA bytes=160 pcmBytes=640 rms=0.000256 rmsa=0.000250
2025-10-31T03:37:04.441Z TWILIO_MEDIA bytes=160 pcmBytes=640 rms=0.000244 rmsa=0.000248
2025-10-31T03:37:04.461Z TWILIO_MEDIA bytes=160 pcmBytes=640 rms=0.000244 rmsa=0.000247
2025-10-31T03:37:04.482Z TWILIO_MEDIA bytes=160 pcmBytes=640 rms=0.000244 rmsa=0.000246
2025-10-31T03:37:04.502Z TWILIO_MEDIA bytes=160 pcmBytes=640 rms=0.000244 rmsa=0.000245
2025-10-31T03:37:04.522Z TWILIO_MEDIA bytes=160 pcmBytes=640 rms=0.000244 rmsa=0.000245
2025-10-31T03:37:04.541Z TWILIO_MEDIA bytes=160 pcmBytes=640 rms=0.000244 rmsa=0.000245
2025-10-31T03:37:04.561Z TWILIO_MEDIA bytes=160 pcmBytes=640 rms=0.000244 rmsa=0.000245
2025-10-31T03:37:04.581Z TWILIO_MEDIA bytes=160 pcmBytes=640 rms=0.000250 rmsa=0.000246
2025-10-31T03:37:04.602Z TWILIO_MEDIA bytes=160 pcmBytes=640 rms=0.000256 rmsa=0.000249
2025-10-31T03:37:04.621Z TWILIO_MEDIA bytes=160 pcmBytes=640 rms=0.000250 rmsa=0.000249
2025-10-31T03:37:04.641Z TWILIO_MEDIA bytes=160 pcmBytes=640 rms=0.000244 rmsa=0.000248
2025-10-31T03:37:04.661Z TWILIO_MEDIA bytes=160 pcmBytes=640 rms=0.000244 rmsa=0.000247
2025-10-31T03:37:04.682Z TWILIO_MEDIA bytes=160 pcmBytes=640 rms=0.000244 rmsa=0.000246
2025-10-31T03:37:04.702Z TWILIO_MEDIA bytes=160 pcmBytes=640 rms=0.000244 rmsa=0.000245
2025-10-31T03:37:04.721Z TWILIO_MEDIA bytes=160 pcmBytes=640 rms=0.000244 rmsa=0.000245
2025-10-31T03:37:04.742Z TWILIO_MEDIA bytes=160 pcmBytes=640 rms=0.000244 rmsa=0.000245
2025-10-31T03:37:04.762Z TWILIO_MEDIA bytes=160 pcmBytes=640 rms=0.000244 rmsa=0.000245
2025-10-31T03:37:04.781Z TWILIO_MEDIA bytes=160 pcmBytes=640 rms=0.007371 rmsa=0.002383
2025-10-31T03:37:04.802Z TWILIO_MEDIA bytes=160 pcmBytes=640 rms=0.003832 rmsa=0.002817
2025-10-31T03:37:04.822Z TWILIO_MEDIA bytes=160 pcmBytes=640 rms=0.002883 rmsa=0.002837
2025-10-31T03:37:04.841Z TWILIO_MEDIA bytes=160 pcmBytes=640 rms=0.001867 rmsa=0.002546
2025-10-31T03:37:04.861Z TWILIO_MEDIA bytes=160 pcmBytes=640 rms=0.011695 rmsa=0.005291
2025-10-31T03:37:04.882Z TWILIO_MEDIA bytes=160 pcmBytes=640 rms=0.027017 rmsa=0.011809
2025-10-31T03:37:04.902Z TWILIO_MEDIA bytes=160 pcmBytes=640 rms=0.018409 rmsa=0.013789
2025-10-31T03:37:04.921Z TWILIO_MEDIA bytes=160 pcmBytes=640 rms=0.018216 rmsa=0.015117
2025-10-31T03:37:04.942Z TWILIO_MEDIA bytes=160 pcmBytes=640 rms=0.018778 rmsa=0.016215
2025-10-31T03:37:04.962Z TWILIO_MEDIA bytes=160 pcmBytes=640 rms=0.007964 rmsa=0.013740
2025-10-31T03:37:04.982Z TWILIO_MEDIA bytes=160 pcmBytes=640 rms=0.008267 rmsa=0.012098
2025-10-31T03:37:05.002Z TWILIO_MEDIA bytes=160 pcmBytes=640 rms=0.003905 rmsa=0.009640
2025-10-31T03:37:05.021Z TWILIO_MEDIA bytes=160 pcmBytes=640 rms=0.001870 rmsa=0.007309
2025-10-31T03:37:05.042Z TWILIO_MEDIA bytes=160 pcmBytes=640 rms=0.000682 rmsa=0.005321
2025-10-31T03:37:05.062Z TWILIO_MEDIA bytes=160 pcmBytes=640 rms=0.000412 rmsa=0.003848
2025-10-31T03:37:05.082Z TWILIO_MEDIA bytes=160 pcmBytes=640 rms=0.000294 rmsa=0.002782
2025-10-31T03:37:05.101Z TWILIO_MEDIA bytes=160 pcmBytes=640 rms=0.000244 rmsa=0.002021
2025-10-31T03:37:05.122Z TWILIO_MEDIA bytes=160 pcmBytes=640 rms=0.000244 rmsa=0.001488
2025-10-31T03:37:05.141Z TWILIO_MEDIA bytes=160 pcmBytes=640 rms=0.007795 rmsa=0.003380
2025-10-31T03:37:05.162Z TWILIO_MEDIA bytes=160 pcmBytes=640 rms=0.012653 rmsa=0.006162
2025-10-31T03:37:05.181Z TWILIO_MEDIA bytes=160 pcmBytes=640 rms=0.016591 rmsa=0.009291
2025-10-31T03:37:05.201Z TWILIO_MEDIA bytes=160 pcmBytes=640 rms=0.028585 rmsa=0.015079
2025-10-31T03:37:05.221Z TWILIO_MEDIA bytes=160 pcmBytes=640 rms=0.020972 rmsa=0.016847
2025-10-31T03:37:05.241Z TWILIO_MEDIA bytes=160 pcmBytes=640 rms=0.025703 rmsa=0.019504
2025-10-31T03:37:05.261Z TWILIO_MEDIA bytes=160 pcmBytes=640 rms=0.025352 rmsa=0.021258
2025-10-31T03:37:05.281Z TWILIO_MEDIA bytes=160 pcmBytes=640 rms=0.021318 rmsa=0.021276
2025-10-31T03:37:05.302Z TWILIO_MEDIA bytes=160 pcmBytes=640 rms=0.021464 rmsa=0.021333
2025-10-31T03:37:05.321Z TWILIO_MEDIA bytes=160 pcmBytes=640 rms=0.019356 rmsa=0.020740
2025-10-31T03:37:05.342Z TWILIO_MEDIA bytes=160 pcmBytes=640 rms=0.012018 rmsa=0.018123
2025-10-31T03:37:05.362Z TWILIO_MEDIA bytes=160 pcmBytes=640 rms=0.008148 rmsa=0.015131
2025-10-31T03:37:05.382Z TWILIO_MEDIA bytes=160 pcmBytes=640 rms=0.005346 rmsa=0.012195
2025-10-31T03:37:05.402Z TWILIO_MEDIA bytes=160 pcmBytes=640 rms=0.004412 rmsa=0.009860
2025-10-31T03:37:05.421Z TWILIO_MEDIA bytes=160 pcmBytes=640 rms=0.003617 rmsa=0.007987
2025-10-31T03:37:05.442Z TWILIO_MEDIA bytes=160 pcmBytes=640 rms=0.002471 rmsa=0.006333
2025-10-31T03:37:05.461Z TWILIO_MEDIA bytes=160 pcmBytes=640 rms=0.001308 rmsa=0.004825
2025-10-31T03:37:05.482Z TWILIO_MEDIA bytes=160 pcmBytes=640 rms=0.000714 rmsa=0.003592
2025-10-31T03:37:05.502Z TWILIO_MEDIA bytes=160 pcmBytes=640 rms=0.000538 rmsa=0.002676
2025-10-31T03:37:05.521Z TWILIO_MEDIA bytes=160 pcmBytes=640 rms=0.000267 rmsa=0.001953
2025-10-31T03:37:05.541Z TWILIO_MEDIA bytes=160 pcmBytes=640 rms=0.000244 rmsa=0.001440
2025-10-31T03:37:05.562Z TWILIO_MEDIA bytes=160 pcmBytes=640 rms=0.000244 rmsa=0.001082
2025-10-31T03:37:05.583Z TWILIO_MEDIA bytes=160 pcmBytes=640 rms=0.000244 rmsa=0.000830
2025-10-31T03:37:05.602Z TWILIO_MEDIA bytes=160 pcmBytes=640 rms=0.000244 rmsa=0.000654
2025-10-31T03:37:05.622Z TWILIO_MEDIA bytes=160 pcmBytes=640 rms=0.000284 rmsa=0.000543
2025-10-31T03:37:05.641Z TWILIO_MEDIA bytes=160 pcmBytes=640 rms=0.010610 rmsa=0.003563
2025-10-31T03:37:05.662Z TWILIO_MEDIA bytes=160 pcmBytes=640 rms=0.005539 rmsa=0.004156
2025-10-31T03:37:05.665Z [ASSISTANT] Ik
2025-10-31T03:37:05.669Z [ASSISTANT]  ben
2025-10-31T03:37:05.681Z TWILIO_MEDIA bytes=160 pcmBytes=640 rms=0.021355 rmsa=0.009316
2025-10-31T03:37:05.683Z [ASSISTANT]  hier
2025-10-31T03:37:05.700Z [ASSISTANT]  om
2025-10-31T03:37:05.701Z [ASSISTANT]  je
2025-10-31T03:37:05.702Z TWILIO_MEDIA bytes=160 pcmBytes=640 rms=0.014296 rmsa=0.010810
2025-10-31T03:37:05.709Z [ASSISTANT]  te
2025-10-31T03:37:05.721Z [ASSISTANT]  helpen
2025-10-31T03:37:05.722Z TWILIO_MEDIA bytes=160 pcmBytes=640 rms=0.013012 rmsa=0.011470
2025-10-31T03:37:05.742Z TWILIO_MEDIA bytes=160 pcmBytes=640 rms=0.010149 rmsa=0.011074
2025-10-31T03:37:05.761Z TWILIO_MEDIA bytes=160 pcmBytes=640 rms=0.005044 rmsa=0.009265
2025-10-31T03:37:05.778Z [ASSISTANT] .
2025-10-31T03:37:05.779Z [ASSISTANT]  Waar
2025-10-31T03:37:05.780Z [ASSISTANT]  wil
2025-10-31T03:37:05.781Z [ASSISTANT]  je
2025-10-31T03:37:05.782Z TWILIO_MEDIA bytes=160 pcmBytes=640 rms=0.003361 rmsa=0.007494
2025-10-31T03:37:05.782Z [ASSISTANT]  het
2025-10-31T03:37:05.784Z [ASSISTANT]  over
2025-10-31T03:37:05.785Z [ASSISTANT]  hebben
2025-10-31T03:37:05.787Z [ASSISTANT] ?
2025-10-31T03:37:05.801Z TWILIO_MEDIA bytes=160 pcmBytes=640 rms=0.001987 rmsa=0.005842
2025-10-31T03:37:05.815Z [ASSISTANT] Ik ben hier om je te helpen. Waar wil je het over hebben?
2025-10-31T03:37:05.817Z [ASSISTANT] Ik ben hier om je te helpen. Waar wil je het over hebben?
2025-10-31T03:37:05.820Z [ASSISTANT] Ik ben hier om je te helpen. Waar wil je het over hebben?
2025-10-31T03:37:05.821Z TWILIO_MEDIA bytes=160 pcmBytes=640 rms=0.001834 rmsa=0.004640
2025-10-31T03:37:05.841Z TWILIO_MEDIA bytes=160 pcmBytes=640 rms=0.003951 rmsa=0.004433
2025-10-31T03:37:05.862Z TWILIO_MEDIA bytes=160 pcmBytes=640 rms=0.006277 rmsa=0.004986
2025-10-31T03:37:05.881Z TWILIO_MEDIA bytes=160 pcmBytes=640 rms=0.045635 rmsa=0.017181
2025-10-31T03:37:05.902Z TWILIO_MEDIA bytes=160 pcmBytes=640 rms=0.025130 rmsa=0.019566
2025-10-31T03:37:05.921Z TWILIO_MEDIA bytes=160 pcmBytes=640 rms=0.033262 rmsa=0.023675
2025-10-31T03:37:05.943Z TWILIO_MEDIA bytes=160 pcmBytes=640 rms=0.036541 rmsa=0.027535
2025-10-31T03:37:05.961Z TWILIO_MEDIA bytes=160 pcmBytes=640 rms=0.038768 rmsa=0.030905
2025-10-31T03:37:05.982Z TWILIO_MEDIA bytes=160 pcmBytes=640 rms=0.054626 rmsa=0.038021
2025-10-31T03:37:06.001Z TWILIO_MEDIA bytes=160 pcmBytes=640 rms=0.023299 rmsa=0.033605
2025-10-31T03:37:06.021Z TWILIO_MEDIA bytes=160 pcmBytes=640 rms=0.013564 rmsa=0.027592
2025-10-31T03:37:06.042Z TWILIO_MEDIA bytes=160 pcmBytes=640 rms=0.006282 rmsa=0.021199
2025-10-31T03:37:06.061Z TWILIO_MEDIA bytes=160 pcmBytes=640 rms=0.005187 rmsa=0.016395
2025-10-31T03:37:06.081Z TWILIO_MEDIA bytes=160 pcmBytes=640 rms=0.004271 rmsa=0.012758
2025-10-31T03:37:06.102Z TWILIO_MEDIA bytes=160 pcmBytes=640 rms=0.004644 rmsa=0.010324
2025-10-31T03:37:06.122Z TWILIO_MEDIA bytes=160 pcmBytes=640 rms=0.010956 rmsa=0.010514
2025-10-31T03:37:06.141Z TWILIO_MEDIA bytes=160 pcmBytes=640 rms=0.009721 rmsa=0.010276
2025-10-31T03:37:06.162Z TWILIO_MEDIA bytes=160 pcmBytes=640 rms=0.012071 rmsa=0.010814
2025-10-31T03:37:06.182Z TWILIO_MEDIA bytes=160 pcmBytes=640 rms=0.012097 rmsa=0.011199
2025-10-31T03:37:06.201Z TWILIO_MEDIA bytes=160 pcmBytes=640 rms=0.001523 rmsa=0.008296
2025-10-31T03:37:06.222Z TWILIO_MEDIA bytes=160 pcmBytes=640 rms=0.013505 rmsa=0.009859
2025-10-31T03:37:06.241Z TWILIO_MEDIA bytes=160 pcmBytes=640 rms=0.019632 rmsa=0.012791
2025-10-31T03:37:06.261Z TWILIO_MEDIA bytes=160 pcmBytes=640 rms=0.022949 rmsa=0.015838
2025-10-31T03:37:06.281Z TWILIO_MEDIA bytes=160 pcmBytes=640 rms=0.022152 rmsa=0.017733
2025-10-31T03:37:06.302Z TWILIO_MEDIA bytes=160 pcmBytes=640 rms=0.019199 rmsa=0.018173
2025-10-31T03:37:06.322Z TWILIO_MEDIA bytes=160 pcmBytes=640 rms=0.009638 rmsa=0.015612
2025-10-31T03:37:06.342Z TWILIO_MEDIA bytes=160 pcmBytes=640 rms=0.002423 rmsa=0.011655
2025-10-31T03:37:06.361Z TWILIO_MEDIA bytes=160 pcmBytes=640 rms=0.000992 rmsa=0.008456
2025-10-31T03:37:06.381Z TWILIO_MEDIA bytes=160 pcmBytes=640 rms=0.000345 rmsa=0.006023
2025-10-31T03:37:06.401Z TWILIO_MEDIA bytes=160 pcmBytes=640 rms=0.007347 rmsa=0.006420
2025-10-31T03:37:06.421Z TWILIO_MEDIA bytes=160 pcmBytes=640 rms=0.010727 rmsa=0.007712
2025-10-31T03:37:06.441Z TWILIO_MEDIA bytes=160 pcmBytes=640 rms=0.002480 rmsa=0.006143
2025-10-31T03:37:06.462Z TWILIO_MEDIA bytes=160 pcmBytes=640 rms=0.006658 rmsa=0.006297
2025-10-31T03:37:06.482Z TWILIO_MEDIA bytes=160 pcmBytes=640 rms=0.002046 rmsa=0.005022
2025-10-31T03:37:06.501Z TWILIO_MEDIA bytes=160 pcmBytes=640 rms=0.000840 rmsa=0.003767
2025-10-31T03:37:06.522Z TWILIO_MEDIA bytes=160 pcmBytes=640 rms=0.000989 rmsa=0.002934
2025-10-31T03:37:06.542Z TWILIO_MEDIA bytes=160 pcmBytes=640 rms=0.001017 rmsa=0.002359
2025-10-31T03:37:06.561Z TWILIO_MEDIA bytes=160 pcmBytes=640 rms=0.001329 rmsa=0.002050
2025-10-31T03:37:06.581Z TWILIO_MEDIA bytes=160 pcmBytes=640 rms=0.001740 rmsa=0.001957
2025-10-31T03:37:06.601Z TWILIO_MEDIA bytes=160 pcmBytes=640 rms=0.001221 rmsa=0.001736
2025-10-31T03:37:06.622Z TWILIO_MEDIA bytes=160 pcmBytes=640 rms=0.000892 rmsa=0.001483
2025-10-31T03:37:06.641Z TWILIO_MEDIA bytes=160 pcmBytes=640 rms=0.000620 rmsa=0.001224
2025-10-31T03:37:06.662Z TWILIO_MEDIA bytes=160 pcmBytes=640 rms=0.000457 rmsa=0.000994
2025-10-31T03:37:06.681Z TWILIO_MEDIA bytes=160 pcmBytes=640 rms=0.000244 rmsa=0.000769
2025-10-31T03:37:06.702Z TWILIO_MEDIA bytes=160 pcmBytes=640 rms=0.000244 rmsa=0.000611
2025-10-31T03:37:06.722Z TWILIO_MEDIA bytes=160 pcmBytes=640 rms=0.000244 rmsa=0.000501
2025-10-31T03:37:06.739Z [ASSISTANT] J
2025-10-31T03:37:06.742Z [ASSISTANT] az
2025-10-31T03:37:06.744Z TWILIO_MEDIA bytes=160 pcmBytes=640 rms=0.000244 rmsa=0.000424
2025-10-31T03:37:06.749Z [ASSISTANT] eker
2025-10-31T03:37:06.759Z [ASSISTANT] ,
2025-10-31T03:37:06.762Z TWILIO_MEDIA bytes=160 pcmBytes=640 rms=0.000244 rmsa=0.000370
2025-10-31T03:37:06.769Z [ASSISTANT]  ik
2025-10-31T03:37:06.779Z [ASSISTANT]  ben
2025-10-31T03:37:06.781Z TWILIO_MEDIA bytes=160 pcmBytes=640 rms=0.000244 rmsa=0.000332
2025-10-31T03:37:06.785Z [ASSISTANT]  hier
2025-10-31T03:37:06.793Z [ASSISTANT] .
2025-10-31T03:37:06.801Z TWILIO_MEDIA bytes=160 pcmBytes=640 rms=0.000244 rmsa=0.000306
2025-10-31T03:37:06.808Z [ASSISTANT]  Wat
2025-10-31T03:37:06.814Z [ASSISTANT]  kan
2025-10-31T03:37:06.819Z [ASSISTANT]  ik
2025-10-31T03:37:06.822Z TWILIO_MEDIA bytes=160 pcmBytes=640 rms=0.000244 rmsa=0.000287
2025-10-31T03:37:06.841Z TWILIO_MEDIA bytes=160 pcmBytes=640 rms=0.000244 rmsa=0.000274
2025-10-31T03:37:06.849Z [ASSISTANT]  voor
2025-10-31T03:37:06.851Z [ASSISTANT]  je
2025-10-31T03:37:06.852Z [ASSISTANT]  doen
2025-10-31T03:37:06.855Z [ASSISTANT] ?
2025-10-31T03:37:06.861Z TWILIO_MEDIA bytes=160 pcmBytes=640 rms=0.000244 rmsa=0.000265
2025-10-31T03:37:06.882Z TWILIO_MEDIA bytes=160 pcmBytes=640 rms=0.000244 rmsa=0.000259
2025-10-31T03:37:06.883Z [ASSISTANT] Jazeker, ik ben hier. Wat kan ik voor je doen?
2025-10-31T03:37:06.885Z [ASSISTANT] Jazeker, ik ben hier. Wat kan ik voor je doen?
2025-10-31T03:37:06.888Z [ASSISTANT] Jazeker, ik ben hier. Wat kan ik voor je doen?
2025-10-31T03:37:06.902Z TWILIO_MEDIA bytes=160 pcmBytes=640 rms=0.000244 rmsa=0.000255
2025-10-31T03:37:06.921Z TWILIO_MEDIA bytes=160 pcmBytes=640 rms=0.000244 rmsa=0.000251
2025-10-31T03:37:06.942Z TWILIO_MEDIA bytes=160 pcmBytes=640 rms=0.000244 rmsa=0.000249
2025-10-31T03:37:06.962Z TWILIO_MEDIA bytes=160 pcmBytes=640 rms=0.000244 rmsa=0.000248
2025-10-31T03:37:06.981Z TWILIO_MEDIA bytes=160 pcmBytes=640 rms=0.000244 rmsa=0.000247
2025-10-31T03:37:07.002Z TWILIO_MEDIA bytes=160 pcmBytes=640 rms=0.000244 rmsa=0.000246
2025-10-31T03:37:07.021Z TWILIO_MEDIA bytes=160 pcmBytes=640 rms=0.000244 rmsa=0.000245
2025-10-31T03:37:07.041Z TWILIO_MEDIA bytes=160 pcmBytes=640 rms=0.000244 rmsa=0.000245
2025-10-31T03:37:07.061Z TWILIO_MEDIA bytes=160 pcmBytes=640 rms=0.000244 rmsa=0.000245
2025-10-31T03:37:07.082Z TWILIO_MEDIA bytes=160 pcmBytes=640 rms=0.000244 rmsa=0.000245
2025-10-31T03:37:07.101Z TWILIO_MEDIA bytes=160 pcmBytes=640 rms=0.000244 rmsa=0.000244
2025-10-31T03:37:07.121Z TWILIO_MEDIA bytes=160 pcmBytes=640 rms=0.000244 rmsa=0.000244
2025-10-31T03:37:07.141Z TWILIO_MEDIA bytes=160 pcmBytes=640 rms=0.000244 rmsa=0.000244
2025-10-31T03:37:07.162Z TWILIO_MEDIA bytes=160 pcmBytes=640 rms=0.000244 rmsa=0.000244
2025-10-31T03:37:07.181Z TWILIO_MEDIA bytes=160 pcmBytes=640 rms=0.000244 rmsa=0.000244
2025-10-31T03:37:07.201Z TWILIO_MEDIA bytes=160 pcmBytes=640 rms=0.000244 rmsa=0.000244
2025-10-31T03:37:07.221Z TWILIO_MEDIA bytes=160 pcmBytes=640 rms=0.000244 rmsa=0.000244
2025-10-31T03:37:07.241Z TWILIO_MEDIA bytes=160 pcmBytes=640 rms=0.000244 rmsa=0.000244
2025-10-31T03:37:07.261Z TWILIO_MEDIA bytes=160 pcmBytes=640 rms=0.000244 rmsa=0.000244
2025-10-31T03:37:07.282Z TWILIO_MEDIA bytes=160 pcmBytes=640 rms=0.000244 rmsa=0.000244
2025-10-31T03:37:07.301Z TWILIO_MEDIA bytes=160 pcmBytes=640 rms=0.000244 rmsa=0.000244
2025-10-31T03:37:07.321Z TWILIO_MEDIA bytes=160 pcmBytes=640 rms=0.000244 rmsa=0.000244
2025-10-31T03:37:07.342Z TWILIO_MEDIA bytes=160 pcmBytes=640 rms=0.000244 rmsa=0.000244
2025-10-31T03:37:07.362Z TWILIO_MEDIA bytes=160 pcmBytes=640 rms=0.000244 rmsa=0.000244
2025-10-31T03:37:07.381Z TWILIO_MEDIA bytes=160 pcmBytes=640 rms=0.000244 rmsa=0.000244
2025-10-31T03:37:07.402Z TWILIO_MEDIA bytes=160 pcmBytes=640 rms=0.000244 rmsa=0.000244
2025-10-31T03:37:07.422Z TWILIO_MEDIA bytes=160 pcmBytes=640 rms=0.000244 rmsa=0.000244
2025-10-31T03:37:07.442Z TWILIO_MEDIA bytes=160 pcmBytes=640 rms=0.000244 rmsa=0.000244
2025-10-31T03:37:07.461Z TWILIO_MEDIA bytes=160 pcmBytes=640 rms=0.000244 rmsa=0.000244
2025-10-31T03:37:07.482Z TWILIO_MEDIA bytes=160 pcmBytes=640 rms=0.000244 rmsa=0.000244
2025-10-31T03:37:07.501Z TWILIO_MEDIA bytes=160 pcmBytes=640 rms=0.000244 rmsa=0.000244
2025-10-31T03:37:07.521Z TWILIO_MEDIA bytes=160 pcmBytes=640 rms=0.000244 rmsa=0.000244
2025-10-31T03:37:07.541Z TWILIO_MEDIA bytes=160 pcmBytes=640 rms=0.000244 rmsa=0.000244
2025-10-31T03:37:07.561Z TWILIO_MEDIA bytes=160 pcmBytes=640 rms=0.000244 rmsa=0.000244
2025-10-31T03:37:07.581Z TWILIO_MEDIA bytes=160 pcmBytes=640 rms=0.000244 rmsa=0.000244
2025-10-31T03:37:07.601Z TWILIO_MEDIA bytes=160 pcmBytes=640 rms=0.000244 rmsa=0.000244
2025-10-31T03:37:07.622Z TWILIO_MEDIA bytes=160 pcmBytes=640 rms=0.000244 rmsa=0.000244
2025-10-31T03:37:07.641Z TWILIO_MEDIA bytes=160 pcmBytes=640 rms=0.000244 rmsa=0.000244
2025-10-31T03:37:07.661Z TWILIO_MEDIA bytes=160 pcmBytes=640 rms=0.000244 rmsa=0.000244
2025-10-31T03:37:07.681Z TWILIO_MEDIA bytes=160 pcmBytes=640 rms=0.000244 rmsa=0.000244
2025-10-31T03:37:07.701Z TWILIO_MEDIA bytes=160 pcmBytes=640 rms=0.000244 rmsa=0.000244
2025-10-31T03:37:07.714Z [ASSISTANT] Ik
2025-10-31T03:37:07.719Z [ASSISTANT]  ben
2025-10-31T03:37:07.721Z TWILIO_MEDIA bytes=160 pcmBytes=640 rms=0.000244 rmsa=0.000244
2025-10-31T03:37:07.732Z [ASSISTANT]  er
2025-10-31T03:37:07.739Z [ASSISTANT]  helemaal
2025-10-31T03:37:07.741Z TWILIO_MEDIA bytes=160 pcmBytes=640 rms=0.000244 rmsa=0.000244
2025-10-31T03:37:07.747Z [ASSISTANT]  klaar
2025-10-31T03:37:07.755Z [ASSISTANT]  voor
2025-10-31T03:37:07.762Z TWILIO_MEDIA bytes=160 pcmBytes=640 rms=0.000244 rmsa=0.000244
2025-10-31T03:37:07.763Z [ASSISTANT] .
2025-10-31T03:37:07.770Z [ASSISTANT]  Vert
2025-10-31T03:37:07.778Z [ASSISTANT] el
2025-10-31T03:37:07.781Z TWILIO_MEDIA bytes=160 pcmBytes=640 rms=0.000244 rmsa=0.000244
2025-10-31T03:37:07.786Z [ASSISTANT]  me
2025-10-31T03:37:07.794Z [ASSISTANT]  maar
2025-10-31T03:37:07.802Z TWILIO_MEDIA bytes=160 pcmBytes=640 rms=0.000244 rmsa=0.000244
2025-10-31T03:37:07.802Z [ASSISTANT]  wat
2025-10-31T03:37:07.812Z [ASSISTANT]  je
2025-10-31T03:37:07.819Z [ASSISTANT]  nodig
2025-10-31T03:37:07.821Z TWILIO_MEDIA bytes=160 pcmBytes=640 rms=0.000244 rmsa=0.000244
2025-10-31T03:37:07.827Z [ASSISTANT]  hebt
2025-10-31T03:37:07.836Z [ASSISTANT]  of
2025-10-31T03:37:07.842Z TWILIO_MEDIA bytes=160 pcmBytes=640 rms=0.000244 rmsa=0.000244
2025-10-31T03:37:07.843Z [ASSISTANT]  waar
2025-10-31T03:37:07.850Z [ASSISTANT]  je
2025-10-31T03:37:07.858Z [ASSISTANT]  over
2025-10-31T03:37:07.862Z TWILIO_MEDIA bytes=160 pcmBytes=640 rms=0.000244 rmsa=0.000244
2025-10-31T03:37:07.865Z [ASSISTANT]  wilt
2025-10-31T03:37:07.873Z [ASSISTANT]  praten
2025-10-31T03:37:07.881Z [ASSISTANT] .
2025-10-31T03:37:07.882Z TWILIO_MEDIA bytes=160 pcmBytes=640 rms=0.000244 rmsa=0.000244
2025-10-31T03:37:07.901Z TWILIO_MEDIA bytes=160 pcmBytes=640 rms=0.000244 rmsa=0.000244
2025-10-31T03:37:07.903Z [ASSISTANT] Ik ben er helemaal klaar voor. Vertel me maar wat je nodig hebt of waar je over wilt praten.
2025-10-31T03:37:07.905Z [ASSISTANT] Ik ben er helemaal klaar voor. Vertel me maar wat je nodig hebt of waar je over wilt praten.
2025-10-31T03:37:07.908Z [ASSISTANT] Ik ben er helemaal klaar voor. Vertel me maar wat je nodig hebt of waar je over wilt praten.
2025-10-31T03:37:07.922Z TWILIO_MEDIA bytes=160 pcmBytes=640 rms=0.000244 rmsa=0.000244
2025-10-31T03:37:07.942Z TWILIO_MEDIA bytes=160 pcmBytes=640 rms=0.000244 rmsa=0.000244
2025-10-31T03:37:07.961Z TWILIO_MEDIA bytes=160 pcmBytes=640 rms=0.000244 rmsa=0.000244
2025-10-31T03:37:07.981Z TWILIO_MEDIA bytes=160 pcmBytes=640 rms=0.000244 rmsa=0.000244
2025-10-31T03:37:08.001Z TWILIO_MEDIA bytes=160 pcmBytes=640 rms=0.000244 rmsa=0.000244
2025-10-31T03:37:08.021Z TWILIO_MEDIA bytes=160 pcmBytes=640 rms=0.000244 rmsa=0.000244
2025-10-31T03:37:08.041Z TWILIO_MEDIA bytes=160 pcmBytes=640 rms=0.000244 rmsa=0.000244
2025-10-31T03:37:08.062Z TWILIO_MEDIA bytes=160 pcmBytes=640 rms=0.000244 rmsa=0.000244
2025-10-31T03:37:08.081Z TWILIO_MEDIA bytes=160 pcmBytes=640 rms=0.000244 rmsa=0.000244
2025-10-31T03:37:08.101Z TWILIO_MEDIA bytes=160 pcmBytes=640 rms=0.000244 rmsa=0.000244
2025-10-31T03:37:08.121Z TWILIO_MEDIA bytes=160 pcmBytes=640 rms=0.000244 rmsa=0.000244
2025-10-31T03:37:08.141Z TWILIO_MEDIA bytes=160 pcmBytes=640 rms=0.000244 rmsa=0.000244
2025-10-31T03:37:08.161Z TWILIO_MEDIA bytes=160 pcmBytes=640 rms=0.000244 rmsa=0.000244
2025-10-31T03:37:08.181Z TWILIO_MEDIA bytes=160 pcmBytes=640 rms=0.000244 rmsa=0.000244
2025-10-31T03:37:08.201Z TWILIO_MEDIA bytes=160 pcmBytes=640 rms=0.000244 rmsa=0.000244
2025-10-31T03:37:08.221Z TWILIO_MEDIA bytes=160 pcmBytes=640 rms=0.000244 rmsa=0.000244
2025-10-31T03:37:08.241Z TWILIO_MEDIA bytes=160 pcmBytes=640 rms=0.000244 rmsa=0.000244
2025-10-31T03:37:08.261Z TWILIO_MEDIA bytes=160 pcmBytes=640 rms=0.000244 rmsa=0.000244
2025-10-31T03:37:08.281Z TWILIO_MEDIA bytes=160 pcmBytes=640 rms=0.000244 rmsa=0.000244
2025-10-31T03:37:08.302Z TWILIO_MEDIA bytes=160 pcmBytes=640 rms=0.000244 rmsa=0.000244
2025-10-31T03:37:08.322Z TWILIO_MEDIA bytes=160 pcmBytes=640 rms=0.000244 rmsa=0.000244
2025-10-31T03:37:08.342Z TWILIO_MEDIA bytes=160 pcmBytes=640 rms=0.000244 rmsa=0.000244
2025-10-31T03:37:08.361Z TWILIO_MEDIA bytes=160 pcmBytes=640 rms=0.000244 rmsa=0.000244
2025-10-31T03:37:08.381Z TWILIO_MEDIA bytes=160 pcmBytes=640 rms=0.000244 rmsa=0.000244
2025-10-31T03:37:08.401Z TWILIO_MEDIA bytes=160 pcmBytes=640 rms=0.000244 rmsa=0.000244
2025-10-31T03:37:08.422Z TWILIO_MEDIA bytes=160 pcmBytes=640 rms=0.000244 rmsa=0.000244
2025-10-31T03:37:08.442Z TWILIO_MEDIA bytes=160 pcmBytes=640 rms=0.000244 rmsa=0.000244
2025-10-31T03:37:08.462Z TWILIO_MEDIA bytes=160 pcmBytes=640 rms=0.000244 rmsa=0.000244
2025-10-31T03:37:08.481Z TWILIO_MEDIA bytes=160 pcmBytes=640 rms=0.000244 rmsa=0.000244
2025-10-31T03:37:08.502Z TWILIO_MEDIA bytes=160 pcmBytes=640 rms=0.000244 rmsa=0.000244
2025-10-31T03:37:08.521Z TWILIO_MEDIA bytes=160 pcmBytes=640 rms=0.000244 rmsa=0.000244
2025-10-31T03:37:08.542Z TWILIO_MEDIA bytes=160 pcmBytes=640 rms=0.000244 rmsa=0.000244
2025-10-31T03:37:08.562Z TWILIO_MEDIA bytes=160 pcmBytes=640 rms=0.000244 rmsa=0.000244
2025-10-31T03:37:08.582Z TWILIO_MEDIA bytes=160 pcmBytes=640 rms=0.000244 rmsa=0.000244
2025-10-31T03:37:08.602Z TWILIO_MEDIA bytes=160 pcmBytes=640 rms=0.000244 rmsa=0.000244
2025-10-31T03:37:08.622Z TWILIO_MEDIA bytes=160 pcmBytes=640 rms=0.000244 rmsa=0.000244
2025-10-31T03:37:08.642Z TWILIO_MEDIA bytes=160 pcmBytes=640 rms=0.000244 rmsa=0.000244
2025-10-31T03:37:08.662Z TWILIO_MEDIA bytes=160 pcmBytes=640 rms=0.000244 rmsa=0.000244
2025-10-31T03:37:08.682Z TWILIO_MEDIA bytes=160 pcmBytes=640 rms=0.000244 rmsa=0.000244
2025-10-31T03:37:08.702Z TWILIO_MEDIA bytes=160 pcmBytes=640 rms=0.000244 rmsa=0.000244
2025-10-31T03:37:08.722Z TWILIO_MEDIA bytes=160 pcmBytes=640 rms=0.000244 rmsa=0.000244
2025-10-31T03:37:08.742Z TWILIO_MEDIA bytes=160 pcmBytes=640 rms=0.000244 rmsa=0.000244
2025-10-31T03:37:08.761Z TWILIO_MEDIA bytes=160 pcmBytes=640 rms=0.000244 rmsa=0.000244
2025-10-31T03:37:08.781Z TWILIO_MEDIA bytes=160 pcmBytes=640 rms=0.000244 rmsa=0.000244
2025-10-31T03:37:08.801Z TWILIO_MEDIA bytes=160 pcmBytes=640 rms=0.000244 rmsa=0.000244
2025-10-31T03:37:08.821Z TWILIO_MEDIA bytes=160 pcmBytes=640 rms=0.000244 rmsa=0.000244
2025-10-31T03:37:08.841Z TWILIO_MEDIA bytes=160 pcmBytes=640 rms=0.000244 rmsa=0.000244
2025-10-31T03:37:08.862Z TWILIO_MEDIA bytes=160 pcmBytes=640 rms=0.000244 rmsa=0.000244
2025-10-31T03:37:08.881Z TWILIO_MEDIA bytes=160 pcmBytes=640 rms=0.000244 rmsa=0.000244
2025-10-31T03:37:08.902Z TWILIO_MEDIA bytes=160 pcmBytes=640 rms=0.000244 rmsa=0.000244
2025-10-31T03:37:08.922Z TWILIO_MEDIA bytes=160 pcmBytes=640 rms=0.000244 rmsa=0.000244
2025-10-31T03:37:08.941Z TWILIO_MEDIA bytes=160 pcmBytes=640 rms=0.000244 rmsa=0.000244
2025-10-31T03:37:08.961Z TWILIO_MEDIA bytes=160 pcmBytes=640 rms=0.000244 rmsa=0.000244
2025-10-31T03:37:08.981Z TWILIO_MEDIA bytes=160 pcmBytes=640 rms=0.000244 rmsa=0.000244
2025-10-31T03:37:09.001Z TWILIO_MEDIA bytes=160 pcmBytes=640 rms=0.000244 rmsa=0.000244
2025-10-31T03:37:09.022Z TWILIO_MEDIA bytes=160 pcmBytes=640 rms=0.000244 rmsa=0.000244
2025-10-31T03:37:09.042Z TWILIO_MEDIA bytes=160 pcmBytes=640 rms=0.000244 rmsa=0.000244
2025-10-31T03:37:09.061Z TWILIO_MEDIA bytes=160 pcmBytes=640 rms=0.000244 rmsa=0.000244
2025-10-31T03:37:09.081Z TWILIO_MEDIA bytes=160 pcmBytes=640 rms=0.000244 rmsa=0.000244
2025-10-31T03:37:09.101Z TWILIO_MEDIA bytes=160 pcmBytes=640 rms=0.000244 rmsa=0.000244
2025-10-31T03:37:09.121Z TWILIO_MEDIA bytes=160 pcmBytes=640 rms=0.000244 rmsa=0.000244
2025-10-31T03:37:09.141Z TWILIO_MEDIA bytes=160 pcmBytes=640 rms=0.000244 rmsa=0.000244
2025-10-31T03:37:09.161Z TWILIO_MEDIA bytes=160 pcmBytes=640 rms=0.000244 rmsa=0.000244
2025-10-31T03:37:09.181Z TWILIO_MEDIA bytes=160 pcmBytes=640 rms=0.000244 rmsa=0.000244
2025-10-31T03:37:09.201Z TWILIO_MEDIA bytes=160 pcmBytes=640 rms=0.000244 rmsa=0.000244
2025-10-31T03:37:09.221Z TWILIO_MEDIA bytes=160 pcmBytes=640 rms=0.000244 rmsa=0.000244
2025-10-31T03:37:09.241Z TWILIO_MEDIA bytes=160 pcmBytes=640 rms=0.000244 rmsa=0.000244
2025-10-31T03:37:09.261Z TWILIO_MEDIA bytes=160 pcmBytes=640 rms=0.000244 rmsa=0.000244
2025-10-31T03:37:09.281Z TWILIO_MEDIA bytes=160 pcmBytes=640 rms=0.000244 rmsa=0.000244
2025-10-31T03:37:09.301Z TWILIO_MEDIA bytes=160 pcmBytes=640 rms=0.000244 rmsa=0.000244
2025-10-31T03:37:09.321Z TWILIO_MEDIA bytes=160 pcmBytes=640 rms=0.000244 rmsa=0.000244
2025-10-31T03:37:09.341Z TWILIO_MEDIA bytes=160 pcmBytes=640 rms=0.000244 rmsa=0.000244
2025-10-31T03:37:09.361Z TWILIO_MEDIA bytes=160 pcmBytes=640 rms=0.000244 rmsa=0.000244
2025-10-31T03:37:09.381Z TWILIO_MEDIA bytes=160 pcmBytes=640 rms=0.000244 rmsa=0.000244
2025-10-31T03:37:09.401Z TWILIO_MEDIA bytes=160 pcmBytes=640 rms=0.000244 rmsa=0.000244
2025-10-31T03:37:09.421Z TWILIO_MEDIA bytes=160 pcmBytes=640 rms=0.000244 rmsa=0.000244
2025-10-31T03:37:09.441Z TWILIO_MEDIA bytes=160 pcmBytes=640 rms=0.000244 rmsa=0.000244
2025-10-31T03:37:09.462Z TWILIO_MEDIA bytes=160 pcmBytes=640 rms=0.000244 rmsa=0.000244
2025-10-31T03:37:09.481Z TWILIO_MEDIA bytes=160 pcmBytes=640 rms=0.000244 rmsa=0.000244
2025-10-31T03:37:09.502Z TWILIO_MEDIA bytes=160 pcmBytes=640 rms=0.000244 rmsa=0.000244
2025-10-31T03:37:09.521Z TWILIO_MEDIA bytes=160 pcmBytes=640 rms=0.000244 rmsa=0.000244
2025-10-31T03:37:09.542Z TWILIO_MEDIA bytes=160 pcmBytes=640 rms=0.000244 rmsa=0.000244
2025-10-31T03:37:09.561Z TWILIO_MEDIA bytes=160 pcmBytes=640 rms=0.000244 rmsa=0.000244
2025-10-31T03:37:09.582Z TWILIO_MEDIA bytes=160 pcmBytes=640 rms=0.000244 rmsa=0.000244
2025-10-31T03:37:09.601Z TWILIO_MEDIA bytes=160 pcmBytes=640 rms=0.000244 rmsa=0.000244
2025-10-31T03:37:09.622Z TWILIO_MEDIA bytes=160 pcmBytes=640 rms=0.000244 rmsa=0.000244
2025-10-31T03:37:09.642Z TWILIO_MEDIA bytes=160 pcmBytes=640 rms=0.000244 rmsa=0.000244
2025-10-31T03:37:09.662Z TWILIO_MEDIA bytes=160 pcmBytes=640 rms=0.000244 rmsa=0.000244
2025-10-31T03:37:09.682Z TWILIO_MEDIA bytes=160 pcmBytes=640 rms=0.000244 rmsa=0.000244
2025-10-31T03:37:09.701Z TWILIO_MEDIA bytes=160 pcmBytes=640 rms=0.000244 rmsa=0.000244
2025-10-31T03:37:09.721Z TWILIO_MEDIA bytes=160 pcmBytes=640 rms=0.000244 rmsa=0.000244
2025-10-31T03:37:09.741Z TWILIO_MEDIA bytes=160 pcmBytes=640 rms=0.000244 rmsa=0.000244
2025-10-31T03:37:09.761Z TWILIO_MEDIA bytes=160 pcmBytes=640 rms=0.000875 rmsa=0.000433
2025-10-31T03:37:09.782Z TWILIO_MEDIA bytes=160 pcmBytes=640 rms=0.000705 rmsa=0.000515
2025-10-31T03:37:09.801Z TWILIO_MEDIA bytes=160 pcmBytes=640 rms=0.000401 rmsa=0.000481
2025-10-31T03:37:09.822Z TWILIO_MEDIA bytes=160 pcmBytes=640 rms=0.000250 rmsa=0.000412
2025-10-31T03:37:09.841Z TWILIO_MEDIA bytes=160 pcmBytes=640 rms=0.000267 rmsa=0.000368
2025-10-31T03:37:09.862Z TWILIO_MEDIA bytes=160 pcmBytes=640 rms=0.000244 rmsa=0.000331
2025-10-31T03:37:09.881Z TWILIO_MEDIA bytes=160 pcmBytes=640 rms=0.000244 rmsa=0.000305
2025-10-31T03:37:09.902Z TWILIO_MEDIA bytes=160 pcmBytes=640 rms=0.000244 rmsa=0.000287
2025-10-31T03:37:09.923Z TWILIO_MEDIA bytes=160 pcmBytes=640 rms=0.000244 rmsa=0.000274
2025-10-31T03:37:09.941Z TWILIO_MEDIA bytes=160 pcmBytes=640 rms=0.000244 rmsa=0.000265
2025-10-31T03:37:09.961Z TWILIO_MEDIA bytes=160 pcmBytes=640 rms=0.000244 rmsa=0.000259
2025-10-31T03:37:09.981Z TWILIO_MEDIA bytes=160 pcmBytes=640 rms=0.000244 rmsa=0.000254
2025-10-31T03:37:10.002Z TWILIO_MEDIA bytes=160 pcmBytes=640 rms=0.000244 rmsa=0.000251
2025-10-31T03:37:10.021Z TWILIO_MEDIA bytes=160 pcmBytes=640 rms=0.000244 rmsa=0.000249
2025-10-31T03:37:10.041Z TWILIO_MEDIA bytes=160 pcmBytes=640 rms=0.000244 rmsa=0.000248
2025-10-31T03:37:10.061Z TWILIO_MEDIA bytes=160 pcmBytes=640 rms=0.011314 rmsa=0.003568
2025-10-31T03:37:10.082Z TWILIO_MEDIA bytes=160 pcmBytes=640 rms=0.019896 rmsa=0.008466
2025-10-31T03:37:10.101Z TWILIO_MEDIA bytes=160 pcmBytes=640 rms=0.019689 rmsa=0.011833
2025-10-31T03:37:10.121Z TWILIO_MEDIA bytes=160 pcmBytes=640 rms=0.018696 rmsa=0.013892
2025-10-31T03:37:10.141Z TWILIO_MEDIA bytes=160 pcmBytes=640 rms=0.013665 rmsa=0.013824
2025-10-31T03:37:10.162Z TWILIO_MEDIA bytes=160 pcmBytes=640 rms=0.007727 rmsa=0.011995
2025-10-31T03:37:10.181Z TWILIO_MEDIA bytes=160 pcmBytes=640 rms=0.009767 rmsa=0.011326
2025-10-31T03:37:10.201Z TWILIO_MEDIA bytes=160 pcmBytes=640 rms=0.015389 rmsa=0.012545
2025-10-31T03:37:10.221Z TWILIO_MEDIA bytes=160 pcmBytes=640 rms=0.048442 rmsa=0.023314
2025-10-31T03:37:10.241Z TWILIO_MEDIA bytes=160 pcmBytes=640 rms=0.081155 rmsa=0.040666
2025-10-31T03:37:10.261Z TWILIO_MEDIA bytes=160 pcmBytes=640 rms=0.089524 rmsa=0.055324
2025-10-31T03:37:10.282Z TWILIO_MEDIA bytes=160 pcmBytes=640 rms=0.092384 rmsa=0.066442
2025-10-31T03:37:10.302Z TWILIO_MEDIA bytes=160 pcmBytes=640 rms=0.059910 rmsa=0.064482
2025-10-31T03:37:10.322Z TWILIO_MEDIA bytes=160 pcmBytes=640 rms=0.043474 rmsa=0.058180
2025-10-31T03:37:10.342Z TWILIO_MEDIA bytes=160 pcmBytes=640 rms=0.016420 rmsa=0.045652
2025-10-31T03:37:10.361Z TWILIO_MEDIA bytes=160 pcmBytes=640 rms=0.004564 rmsa=0.033326
2025-10-31T03:37:10.381Z TWILIO_MEDIA bytes=160 pcmBytes=640 rms=0.004421 rmsa=0.024654
2025-10-31T03:37:10.401Z TWILIO_MEDIA bytes=160 pcmBytes=640 rms=0.008380 rmsa=0.019772
2025-10-31T03:37:10.421Z TWILIO_MEDIA bytes=160 pcmBytes=640 rms=0.008029 rmsa=0.016249
2025-10-31T03:37:10.441Z TWILIO_MEDIA bytes=160 pcmBytes=640 rms=0.012532 rmsa=0.015134
2025-10-31T03:37:10.461Z TWILIO_MEDIA bytes=160 pcmBytes=640 rms=0.030729 rmsa=0.019813
2025-10-31T03:37:10.482Z TWILIO_MEDIA bytes=160 pcmBytes=640 rms=0.032125 rmsa=0.023506
2025-10-31T03:37:10.502Z TWILIO_MEDIA bytes=160 pcmBytes=640 rms=0.025941 rmsa=0.024237
2025-10-31T03:37:10.522Z TWILIO_MEDIA bytes=160 pcmBytes=640 rms=0.023733 rmsa=0.024086
2025-10-31T03:37:10.542Z TWILIO_MEDIA bytes=160 pcmBytes=640 rms=0.021801 rmsa=0.023400
2025-10-31T03:37:10.562Z TWILIO_MEDIA bytes=160 pcmBytes=640 rms=0.016755 rmsa=0.021407
2025-10-31T03:37:10.582Z TWILIO_MEDIA bytes=160 pcmBytes=640 rms=0.014234 rmsa=0.019255
2025-10-31T03:37:10.602Z TWILIO_MEDIA bytes=160 pcmBytes=640 rms=0.009178 rmsa=0.016232
2025-10-31T03:37:10.622Z TWILIO_MEDIA bytes=160 pcmBytes=640 rms=0.006548 rmsa=0.013327
2025-10-31T03:37:10.642Z TWILIO_MEDIA bytes=160 pcmBytes=640 rms=0.018201 rmsa=0.014789
2025-10-31T03:37:10.662Z TWILIO_MEDIA bytes=160 pcmBytes=640 rms=0.014743 rmsa=0.014775
2025-10-31T03:37:10.682Z TWILIO_MEDIA bytes=160 pcmBytes=640 rms=0.009451 rmsa=0.013178
2025-10-31T03:37:10.702Z TWILIO_MEDIA bytes=160 pcmBytes=640 rms=0.005131 rmsa=0.010764
2025-10-31T03:37:10.722Z TWILIO_MEDIA bytes=160 pcmBytes=640 rms=0.031402 rmsa=0.016955
2025-10-31T03:37:10.742Z TWILIO_MEDIA bytes=160 pcmBytes=640 rms=0.044039 rmsa=0.025080
2025-10-31T03:37:10.761Z TWILIO_MEDIA bytes=160 pcmBytes=640 rms=0.046298 rmsa=0.031446
2025-10-31T03:37:10.782Z TWILIO_MEDIA bytes=160 pcmBytes=640 rms=0.044693 rmsa=0.035420
2025-10-31T03:37:10.802Z TWILIO_MEDIA bytes=160 pcmBytes=640 rms=0.055616 rmsa=0.041479
2025-10-31T03:37:10.821Z TWILIO_MEDIA bytes=160 pcmBytes=640 rms=0.035207 rmsa=0.039597
2025-10-31T03:37:10.842Z TWILIO_MEDIA bytes=160 pcmBytes=640 rms=0.031436 rmsa=0.037149
2025-10-31T03:37:10.861Z TWILIO_MEDIA bytes=160 pcmBytes=640 rms=0.025736 rmsa=0.033725
2025-10-31T03:37:10.881Z TWILIO_MEDIA bytes=160 pcmBytes=640 rms=0.016205 rmsa=0.028469
2025-10-31T03:37:10.901Z TWILIO_MEDIA bytes=160 pcmBytes=640 rms=0.007098 rmsa=0.022058
2025-10-31T03:37:10.921Z TWILIO_MEDIA bytes=160 pcmBytes=640 rms=0.002338 rmsa=0.016142
2025-10-31T03:37:10.942Z TWILIO_MEDIA bytes=160 pcmBytes=640 rms=0.000485 rmsa=0.011445
2025-10-31T03:37:10.961Z TWILIO_MEDIA bytes=160 pcmBytes=640 rms=0.000332 rmsa=0.008111
2025-10-31T03:37:10.981Z TWILIO_MEDIA bytes=160 pcmBytes=640 rms=0.000262 rmsa=0.005756
2025-10-31T03:37:11.001Z TWILIO_MEDIA bytes=160 pcmBytes=640 rms=0.000244 rmsa=0.004103
2025-10-31T03:37:11.021Z TWILIO_MEDIA bytes=160 pcmBytes=640 rms=0.000244 rmsa=0.002945
2025-10-31T03:37:11.041Z TWILIO_MEDIA bytes=160 pcmBytes=640 rms=0.000244 rmsa=0.002135
2025-10-31T03:37:11.061Z TWILIO_MEDIA bytes=160 pcmBytes=640 rms=0.000244 rmsa=0.001568
2025-10-31T03:37:11.081Z TWILIO_MEDIA bytes=160 pcmBytes=640 rms=0.000244 rmsa=0.001171
2025-10-31T03:37:11.101Z TWILIO_MEDIA bytes=160 pcmBytes=640 rms=0.000244 rmsa=0.000893
2025-10-31T03:37:11.122Z TWILIO_MEDIA bytes=160 pcmBytes=640 rms=0.000244 rmsa=0.000698
2025-10-31T03:37:11.142Z TWILIO_MEDIA bytes=160 pcmBytes=640 rms=0.000244 rmsa=0.000562
2025-10-31T03:37:11.161Z TWILIO_MEDIA bytes=160 pcmBytes=640 rms=0.000244 rmsa=0.000467
2025-10-31T03:37:11.182Z TWILIO_MEDIA bytes=160 pcmBytes=640 rms=0.000244 rmsa=0.000400
2025-10-31T03:37:11.201Z TWILIO_MEDIA bytes=160 pcmBytes=640 rms=0.000244 rmsa=0.000353
2025-10-31T03:37:11.221Z TWILIO_MEDIA bytes=160 pcmBytes=640 rms=0.000244 rmsa=0.000320
2025-10-31T03:37:11.242Z TWILIO_MEDIA bytes=160 pcmBytes=640 rms=0.000244 rmsa=0.000298
2025-10-31T03:37:11.262Z TWILIO_MEDIA bytes=160 pcmBytes=640 rms=0.000244 rmsa=0.000282
2025-10-31T03:37:11.282Z TWILIO_MEDIA bytes=160 pcmBytes=640 rms=0.000244 rmsa=0.000270
2025-10-31T03:37:11.301Z TWILIO_MEDIA bytes=160 pcmBytes=640 rms=0.000244 rmsa=0.000262
2025-10-31T03:37:11.321Z TWILIO_MEDIA bytes=160 pcmBytes=640 rms=0.000244 rmsa=0.000257
2025-10-31T03:37:11.341Z TWILIO_MEDIA bytes=160 pcmBytes=640 rms=0.000244 rmsa=0.000253
2025-10-31T03:37:11.362Z TWILIO_MEDIA bytes=160 pcmBytes=640 rms=0.000244 rmsa=0.000250
2025-10-31T03:37:11.381Z TWILIO_MEDIA bytes=160 pcmBytes=640 rms=0.000244 rmsa=0.000249
2025-10-31T03:37:11.402Z TWILIO_MEDIA bytes=160 pcmBytes=640 rms=0.000244 rmsa=0.000247
2025-10-31T03:37:11.421Z TWILIO_MEDIA bytes=160 pcmBytes=640 rms=0.000244 rmsa=0.000246
2025-10-31T03:37:11.441Z TWILIO_MEDIA bytes=160 pcmBytes=640 rms=0.000244 rmsa=0.000246
2025-10-31T03:37:11.461Z TWILIO_MEDIA bytes=160 pcmBytes=640 rms=0.000244 rmsa=0.000245
2025-10-31T03:37:11.481Z TWILIO_MEDIA bytes=160 pcmBytes=640 rms=0.000244 rmsa=0.000245
2025-10-31T03:37:11.496Z [ASSISTANT] Z
2025-10-31T03:37:11.498Z [ASSISTANT] eker
2025-10-31T03:37:11.501Z TWILIO_MEDIA bytes=160 pcmBytes=640 rms=0.000244 rmsa=0.000245
2025-10-31T03:37:11.504Z [ASSISTANT] ,
2025-10-31T03:37:11.512Z [ASSISTANT]  laten
2025-10-31T03:37:11.520Z [ASSISTANT]  we
2025-10-31T03:37:11.521Z TWILIO_MEDIA bytes=160 pcmBytes=640 rms=0.000244 rmsa=0.000245
2025-10-31T03:37:11.529Z [ASSISTANT]  samen
2025-10-31T03:37:11.535Z [ASSISTANT]  even
2025-10-31T03:37:11.541Z TWILIO_MEDIA bytes=160 pcmBytes=640 rms=0.000244 rmsa=0.000244
2025-10-31T03:37:11.562Z TWILIO_MEDIA bytes=160 pcmBytes=640 rms=0.000244 rmsa=0.000244
2025-10-31T03:37:11.581Z TWILIO_MEDIA bytes=160 pcmBytes=640 rms=0.000244 rmsa=0.000244
2025-10-31T03:37:11.602Z TWILIO_MEDIA bytes=160 pcmBytes=640 rms=0.000244 rmsa=0.000244
2025-10-31T03:37:11.607Z [ASSISTANT]  rustig
2025-10-31T03:37:11.608Z [ASSISTANT]  adem
2025-10-31T03:37:11.609Z [ASSISTANT] halen
2025-10-31T03:37:11.610Z [ASSISTANT] .
2025-10-31T03:37:11.612Z [ASSISTANT]  Ha
2025-10-31T03:37:11.613Z [ASSISTANT] al
2025-10-31T03:37:11.616Z [ASSISTANT]  diep
2025-10-31T03:37:11.616Z [ASSISTANT]  adem
2025-10-31T03:37:11.618Z [ASSISTANT]  in
2025-10-31T03:37:11.618Z [ASSISTANT]  door
2025-10-31T03:37:11.622Z TWILIO_MEDIA bytes=160 pcmBytes=640 rms=0.000244 rmsa=0.000244
2025-10-31T03:37:11.624Z [ASSISTANT]  je
2025-10-31T03:37:11.631Z [ASSISTANT]  neus
2025-10-31T03:37:11.639Z [ASSISTANT] ,
2025-10-31T03:37:11.641Z TWILIO_MEDIA bytes=160 pcmBytes=640 rms=0.000244 rmsa=0.000244
2025-10-31T03:37:11.646Z [ASSISTANT]  houd
2025-10-31T03:37:11.654Z [ASSISTANT]  even
2025-10-31T03:37:11.662Z TWILIO_MEDIA bytes=160 pcmBytes=640 rms=0.000244 rmsa=0.000244
2025-10-31T03:37:11.663Z [ASSISTANT]  vast
2025-10-31T03:37:11.670Z [ASSISTANT] ,
2025-10-31T03:37:11.678Z [ASSISTANT]  en
2025-10-31T03:37:11.681Z TWILIO_MEDIA bytes=160 pcmBytes=640 rms=0.000244 rmsa=0.000244
2025-10-31T03:37:11.685Z [ASSISTANT]  adem
2025-10-31T03:37:11.694Z [ASSISTANT]  dan
2025-10-31T03:37:11.701Z TWILIO_MEDIA bytes=160 pcmBytes=640 rms=0.000244 rmsa=0.000244
2025-10-31T03:37:11.702Z [ASSISTANT]  langzaam
2025-10-31T03:37:11.709Z [ASSISTANT]  uit
2025-10-31T03:37:11.720Z [ASSISTANT]  door
2025-10-31T03:37:11.722Z TWILIO_MEDIA bytes=160 pcmBytes=640 rms=0.000244 rmsa=0.000244
2025-10-31T03:37:11.727Z [ASSISTANT]  je
2025-10-31T03:37:11.734Z [ASSISTANT]  mond
2025-10-31T03:37:11.741Z [ASSISTANT] .
2025-10-31T03:37:11.742Z TWILIO_MEDIA bytes=160 pcmBytes=640 rms=0.000244 rmsa=0.000244
2025-10-31T03:37:11.749Z [ASSISTANT]  Her
2025-10-31T03:37:11.757Z [ASSISTANT] haal
2025-10-31T03:37:11.761Z TWILIO_MEDIA bytes=160 pcmBytes=640 rms=0.000244 rmsa=0.000244
2025-10-31T03:37:11.767Z [ASSISTANT]  dat
2025-10-31T03:37:11.773Z [ASSISTANT]  een
2025-10-31T03:37:11.781Z [ASSISTANT]  paar
2025-10-31T03:37:11.781Z TWILIO_MEDIA bytes=160 pcmBytes=640 rms=0.000244 rmsa=0.000244
2025-10-31T03:37:11.790Z [ASSISTANT]  keer
2025-10-31T03:37:11.796Z [ASSISTANT] ,
2025-10-31T03:37:11.802Z TWILIO_MEDIA bytes=160 pcmBytes=640 rms=0.000244 rmsa=0.000244
2025-10-31T03:37:11.804Z [ASSISTANT]  en
2025-10-31T03:37:11.813Z [ASSISTANT]  voel
2025-10-31T03:37:11.821Z [ASSISTANT]  de
2025-10-31T03:37:11.822Z TWILIO_MEDIA bytes=160 pcmBytes=640 rms=0.000244 rmsa=0.000244
2025-10-31T03:37:11.830Z [ASSISTANT]  spanning
2025-10-31T03:37:11.841Z TWILIO_MEDIA bytes=160 pcmBytes=640 rms=0.000244 rmsa=0.000244
2025-10-31T03:37:11.845Z [ASSISTANT]  langzaam
2025-10-31T03:37:11.849Z [ASSISTANT]  weg
2025-10-31T03:37:11.857Z [ASSISTANT] v
2025-10-31T03:37:11.861Z TWILIO_MEDIA bytes=160 pcmBytes=640 rms=0.000244 rmsa=0.000244
2025-10-31T03:37:11.866Z [ASSISTANT] loe
2025-10-31T03:37:11.874Z [ASSISTANT] ien
2025-10-31T03:37:11.881Z TWILIO_MEDIA bytes=160 pcmBytes=640 rms=0.000244 rmsa=0.000244
2025-10-31T03:37:11.883Z [ASSISTANT] .
2025-10-31T03:37:11.889Z [ASSISTANT]  
2025-10-31T03:37:11.901Z TWILIO_MEDIA bytes=160 pcmBytes=640 rms=0.000244 rmsa=0.000244
2025-10-31T03:37:11.914Z [ASSISTANT] Zeker, laten we samen even rustig ademhalen. Haal diep adem in door je neus, houd even vast, en adem dan langzaam uit door je mond. Herhaal dat een paar keer, en voel de spanning langzaam wegvloeien. 
2025-10-31T03:37:11.916Z [ASSISTANT] Zeker, laten we samen even rustig ademhalen. Haal diep adem in door je neus, houd even vast, en adem dan langzaam uit door je mond. Herhaal dat een paar keer, en voel de spanning langzaam wegvloeien. 
2025-10-31T03:37:11.920Z [ASSISTANT] Zeker, laten we samen even rustig ademhalen. Haal diep adem in door je neus, houd even vast, en adem dan langzaam uit door je mond. Herhaal dat een paar keer, en voel de spanning langzaam wegvloeien. 
2025-10-31T03:37:11.922Z TWILIO_MEDIA bytes=160 pcmBytes=640 rms=0.000244 rmsa=0.000244
2025-10-31T03:37:11.942Z TWILIO_MEDIA bytes=160 pcmBytes=640 rms=0.000244 rmsa=0.000244
2025-10-31T03:37:11.961Z TWILIO_MEDIA bytes=160 pcmBytes=640 rms=0.000244 rmsa=0.000244
2025-10-31T03:37:11.982Z TWILIO_MEDIA bytes=160 pcmBytes=640 rms=0.000244 rmsa=0.000244
2025-10-31T03:37:12.002Z TWILIO_MEDIA bytes=160 pcmBytes=640 rms=0.000244 rmsa=0.000244
2025-10-31T03:37:12.022Z TWILIO_MEDIA bytes=160 pcmBytes=640 rms=0.000244 rmsa=0.000244
2025-10-31T03:37:12.042Z TWILIO_MEDIA bytes=160 pcmBytes=640 rms=0.000244 rmsa=0.000244
2025-10-31T03:37:12.062Z TWILIO_MEDIA bytes=160 pcmBytes=640 rms=0.000244 rmsa=0.000244
2025-10-31T03:37:12.082Z TWILIO_MEDIA bytes=160 pcmBytes=640 rms=0.000244 rmsa=0.000244
2025-10-31T03:37:12.102Z TWILIO_MEDIA bytes=160 pcmBytes=640 rms=0.000244 rmsa=0.000244
2025-10-31T03:37:12.122Z TWILIO_MEDIA bytes=160 pcmBytes=640 rms=0.000244 rmsa=0.000244
2025-10-31T03:37:12.141Z TWILIO_MEDIA bytes=160 pcmBytes=640 rms=0.000244 rmsa=0.000244
2025-10-31T03:37:12.162Z TWILIO_MEDIA bytes=160 pcmBytes=640 rms=0.000244 rmsa=0.000244
2025-10-31T03:37:12.181Z TWILIO_MEDIA bytes=160 pcmBytes=640 rms=0.000244 rmsa=0.000244
2025-10-31T03:37:12.202Z TWILIO_MEDIA bytes=160 pcmBytes=640 rms=0.000244 rmsa=0.000244
2025-10-31T03:37:12.222Z TWILIO_MEDIA bytes=160 pcmBytes=640 rms=0.000244 rmsa=0.000244
2025-10-31T03:37:12.242Z TWILIO_MEDIA bytes=160 pcmBytes=640 rms=0.000244 rmsa=0.000244
2025-10-31T03:37:12.262Z TWILIO_MEDIA bytes=160 pcmBytes=640 rms=0.000244 rmsa=0.000244
2025-10-31T03:37:12.282Z TWILIO_MEDIA bytes=160 pcmBytes=640 rms=0.000244 rmsa=0.000244
2025-10-31T03:37:12.302Z TWILIO_MEDIA bytes=160 pcmBytes=640 rms=0.000244 rmsa=0.000244
2025-10-31T03:37:12.322Z TWILIO_MEDIA bytes=160 pcmBytes=640 rms=0.000244 rmsa=0.000244
2025-10-31T03:37:12.342Z TWILIO_MEDIA bytes=160 pcmBytes=640 rms=0.000244 rmsa=0.000244
2025-10-31T03:37:12.361Z TWILIO_MEDIA bytes=160 pcmBytes=640 rms=0.000244 rmsa=0.000244
2025-10-31T03:37:12.382Z TWILIO_MEDIA bytes=160 pcmBytes=640 rms=0.000244 rmsa=0.000244
2025-10-31T03:37:12.402Z TWILIO_MEDIA bytes=160 pcmBytes=640 rms=0.000244 rmsa=0.000244
2025-10-31T03:37:12.422Z TWILIO_MEDIA bytes=160 pcmBytes=640 rms=0.000244 rmsa=0.000244
2025-10-31T03:37:12.442Z TWILIO_MEDIA bytes=160 pcmBytes=640 rms=0.000244 rmsa=0.000244
2025-10-31T03:37:12.462Z TWILIO_MEDIA bytes=160 pcmBytes=640 rms=0.000244 rmsa=0.000244
2025-10-31T03:37:12.482Z TWILIO_MEDIA bytes=160 pcmBytes=640 rms=0.000244 rmsa=0.000244
2025-10-31T03:37:12.502Z TWILIO_MEDIA bytes=160 pcmBytes=640 rms=0.000244 rmsa=0.000244
2025-10-31T03:37:12.522Z TWILIO_MEDIA bytes=160 pcmBytes=640 rms=0.000244 rmsa=0.000244
2025-10-31T03:37:12.542Z TWILIO_MEDIA bytes=160 pcmBytes=640 rms=0.000244 rmsa=0.000244
2025-10-31T03:37:12.562Z TWILIO_MEDIA bytes=160 pcmBytes=640 rms=0.000244 rmsa=0.000244
2025-10-31T03:37:12.582Z TWILIO_MEDIA bytes=160 pcmBytes=640 rms=0.000244 rmsa=0.000244
2025-10-31T03:37:12.602Z TWILIO_MEDIA bytes=160 pcmBytes=640 rms=0.000244 rmsa=0.000244
2025-10-31T03:37:12.725Z TWILIO_STOP: {"sid":"MZ74ab231710e1c84e130604290f7fca65"}
2025-10-31T03:37:12.725Z CALL_END: MZ74ab231710e1c84e130604290f7fca65
