2025-10-31T03:26:34.846Z CALL_START: conn1
2025-10-31T03:26:34.846Z AUTOCREATE_CALLLOG: created fallback log for conn1
2025-10-31T03:26:34.846Z [ASSISTANT]  meer
2025-10-31T03:26:34.853Z [ASSISTANT]  weten
2025-10-31T03:26:34.861Z [ASSISTANT]  over
2025-10-31T03:26:34.869Z [ASSISTANT]  hoe
2025-10-31T03:26:34.877Z [ASSISTANT]  deze
2025-10-31T03:26:34.885Z [ASSISTANT]  problemen
2025-10-31T03:26:34.893Z [ASSISTANT]  in
2025-10-31T03:26:34.915Z [ASSISTANT]  de
2025-10-31T03:26:34.923Z [ASSISTANT]  praktijk
2025-10-31T03:26:34.930Z [ASSISTANT]  worden
2025-10-31T03:26:34.939Z [ASSISTANT]  aangep
2025-10-31T03:26:34.948Z [ASSISTANT] akt
2025-10-31T03:26:34.955Z [ASSISTANT] ?
2025-10-31T03:26:34.979Z [ASSISTANT] Er zijn inderdaad zorgen over de ethiek en veiligheid van kunstmatige intelligentie.

Een van de grootste zorgen is bias, of vooringenomenheid, in AI-systemen. Als de data die gebruikt wordt om AI te trainen niet representatief of bevooroordeeld is, dan kan het systeem ook bevooroordeelde beslissingen nemen. Dit kan bijvoorbeeld nadelige gevolgen hebben in werving, kredietverlening of rechtspraak.

Daarnaast is transparantie belangrijk. Veel AI-systemen, vooral die gebaseerd zijn op diepe neurale netwerken, worden soms gezien als een ‘black box’. Dat betekent dat het moeilijk is om te begrijpen hoe een systeem tot een bepaalde beslissing komt. Daarom wordt er hard gewerkt aan technieken die AI-beslissingen beter uitlegbaar maken.

Tot slot is er de zorg over privacy en databeveiliging. AI verzamelt en verwerkt vaak enorme hoeveelheden data. Het is cruciaal dat er goed wordt omgegaan met gevoelige informatie en dat de privacy van mensen gewaarborgd blijft.

Er is dus een groeiende focus op het ontwikkelen van ‘verantwoorde AI’. Dat houdt in dat AI-systemen eerlijk, transparant en veilig moeten zijn, en dat er duidelijke richtlijnen zijn voor hoe ze gebruikt worden.

Heb je interesse in hoe ethische richtlijnen in AI worden ontwikkeld, of wil je meer weten over hoe deze problemen in de praktijk worden aangepakt?
2025-10-31T03:26:34.981Z [ASSISTANT] Er zijn inderdaad zorgen over de ethiek en veiligheid van kunstmatige intelligentie.

Een van de grootste zorgen is bias, of vooringenomenheid, in AI-systemen. Als de data die gebruikt wordt om AI te trainen niet representatief of bevooroordeeld is, dan kan het systeem ook bevooroordeelde beslissingen nemen. Dit kan bijvoorbeeld nadelige gevolgen hebben in werving, kredietverlening of rechtspraak.

Daarnaast is transparantie belangrijk. Veel AI-systemen, vooral die gebaseerd zijn op diepe neurale netwerken, worden soms gezien als een ‘black box’. Dat betekent dat het moeilijk is om te begrijpen hoe een systeem tot een bepaalde beslissing komt. Daarom wordt er hard gewerkt aan technieken die AI-beslissingen beter uitlegbaar maken.

Tot slot is er de zorg over privacy en databeveiliging. AI verzamelt en verwerkt vaak enorme hoeveelheden data. Het is cruciaal dat er goed wordt omgegaan met gevoelige informatie en dat de privacy van mensen gewaarborgd blijft.

Er is dus een groeiende focus op het ontwikkelen van ‘verantwoorde AI’. Dat houdt in dat AI-systemen eerlijk, transparant en veilig moeten zijn, en dat er duidelijke richtlijnen zijn voor hoe ze gebruikt worden.

Heb je interesse in hoe ethische richtlijnen in AI worden ontwikkeld, of wil je meer weten over hoe deze problemen in de praktijk worden aangepakt?
2025-10-31T03:26:34.984Z [ASSISTANT] Er zijn inderdaad zorgen over de ethiek en veiligheid van kunstmatige intelligentie.

Een van de grootste zorgen is bias, of vooringenomenheid, in AI-systemen. Als de data die gebruikt wordt om AI te trainen niet representatief of bevooroordeeld is, dan kan het systeem ook bevooroordeelde beslissingen nemen. Dit kan bijvoorbeeld nadelige gevolgen hebben in werving, kredietverlening of rechtspraak.

Daarnaast is transparantie belangrijk. Veel AI-systemen, vooral die gebaseerd zijn op diepe neurale netwerken, worden soms gezien als een ‘black box’. Dat betekent dat het moeilijk is om te begrijpen hoe een systeem tot een bepaalde beslissing komt. Daarom wordt er hard gewerkt aan technieken die AI-beslissingen beter uitlegbaar maken.

Tot slot is er de zorg over privacy en databeveiliging. AI verzamelt en verwerkt vaak enorme hoeveelheden data. Het is cruciaal dat er goed wordt omgegaan met gevoelige informatie en dat de privacy van mensen gewaarborgd blijft.

Er is dus een groeiende focus op het ontwikkelen van ‘verantwoorde AI’. Dat houdt in dat AI-systemen eerlijk, transparant en veilig moeten zijn, en dat er duidelijke richtlijnen zijn voor hoe ze gebruikt worden.

Heb je interesse in hoe ethische richtlijnen in AI worden ontwikkeld, of wil je meer weten over hoe deze problemen in de praktijk worden aangepakt?
2025-10-31T03:26:35.845Z CALL_END: client_closed
