2025-10-31T03:35:34.788Z CALL_START: MZ790cec4c3ffa0b0bdc9404d25752c792
2025-10-31T03:35:34.788Z TWILIO_START: {"sid":"MZ790cec4c3ffa0b0bdc9404d25752c792"}
2025-10-31T03:35:34.789Z TWILIO_MEDIA bytes=160 pcmBytes=640 rms=0.001691 rmsa=0.000507
2025-10-31T03:35:34.789Z TWILIO_MEDIA bytes=160 pcmBytes=640 rms=0.001879 rmsa=0.000919
2025-10-31T03:35:34.789Z TWILIO_MEDIA bytes=160 pcmBytes=640 rms=0.002084 rmsa=0.001268
2025-10-31T03:35:34.790Z TWILIO_MEDIA bytes=160 pcmBytes=640 rms=0.002820 rmsa=0.001734
2025-10-31T03:35:34.790Z TWILIO_MEDIA bytes=160 pcmBytes=640 rms=0.003786 rmsa=0.002349
2025-10-31T03:35:34.790Z TWILIO_MEDIA bytes=160 pcmBytes=640 rms=0.002317 rmsa=0.002340
2025-10-31T03:35:34.791Z TWILIO_MEDIA bytes=160 pcmBytes=640 rms=0.008179 rmsa=0.004091
2025-10-31T03:35:34.791Z TWILIO_MEDIA bytes=160 pcmBytes=640 rms=0.013326 rmsa=0.006862
2025-10-31T03:35:34.792Z TWILIO_MEDIA bytes=160 pcmBytes=640 rms=0.031013 rmsa=0.014107
2025-10-31T03:35:34.793Z TWILIO_MEDIA bytes=160 pcmBytes=640 rms=0.035388 rmsa=0.020491
2025-10-31T03:35:34.794Z TWILIO_MEDIA bytes=160 pcmBytes=640 rms=0.012899 rmsa=0.018214
2025-10-31T03:35:34.794Z TWILIO_MEDIA bytes=160 pcmBytes=640 rms=0.018477 rmsa=0.018293
2025-10-31T03:35:34.795Z TWILIO_MEDIA bytes=160 pcmBytes=640 rms=0.017064 rmsa=0.017924
2025-10-31T03:35:34.816Z TWILIO_MEDIA bytes=160 pcmBytes=640 rms=0.015681 rmsa=0.017251
2025-10-31T03:35:34.836Z TWILIO_MEDIA bytes=160 pcmBytes=640 rms=0.017607 rmsa=0.017358
2025-10-31T03:35:34.886Z TWILIO_MEDIA bytes=160 pcmBytes=640 rms=0.018960 rmsa=0.017839
2025-10-31T03:35:34.887Z TWILIO_MEDIA bytes=160 pcmBytes=640 rms=0.016912 rmsa=0.017561
2025-10-31T03:35:34.895Z TWILIO_MEDIA bytes=160 pcmBytes=640 rms=0.003545 rmsa=0.013356
2025-10-31T03:35:34.916Z TWILIO_MEDIA bytes=160 pcmBytes=640 rms=0.002592 rmsa=0.010127
2025-10-31T03:35:34.936Z TWILIO_MEDIA bytes=160 pcmBytes=640 rms=0.001056 rmsa=0.007406
2025-10-31T03:35:34.956Z TWILIO_MEDIA bytes=160 pcmBytes=640 rms=0.000797 rmsa=0.005423
2025-10-31T03:35:34.976Z TWILIO_MEDIA bytes=160 pcmBytes=640 rms=0.001202 rmsa=0.004157
2025-10-31T03:35:34.996Z TWILIO_MEDIA bytes=160 pcmBytes=640 rms=0.004859 rmsa=0.004367
2025-10-31T03:35:35.016Z TWILIO_MEDIA bytes=160 pcmBytes=640 rms=0.014355 rmsa=0.007364
2025-10-31T03:35:35.036Z TWILIO_MEDIA bytes=160 pcmBytes=640 rms=0.018173 rmsa=0.010607
2025-10-31T03:35:35.056Z TWILIO_MEDIA bytes=160 pcmBytes=640 rms=0.017396 rmsa=0.012643
2025-10-31T03:35:35.076Z TWILIO_MEDIA bytes=160 pcmBytes=640 rms=0.012822 rmsa=0.012697
2025-10-31T03:35:35.096Z TWILIO_MEDIA bytes=160 pcmBytes=640 rms=0.010201 rmsa=0.011948
2025-10-31T03:35:35.116Z TWILIO_MEDIA bytes=160 pcmBytes=640 rms=0.010120 rmsa=0.011400
2025-10-31T03:35:35.136Z TWILIO_MEDIA bytes=160 pcmBytes=640 rms=0.008624 rmsa=0.010567
2025-10-31T03:35:35.156Z TWILIO_MEDIA bytes=160 pcmBytes=640 rms=0.008074 rmsa=0.009819
2025-10-31T03:35:35.176Z TWILIO_MEDIA bytes=160 pcmBytes=640 rms=0.012972 rmsa=0.010765
2025-10-31T03:35:35.196Z TWILIO_MEDIA bytes=160 pcmBytes=640 rms=0.013828 rmsa=0.011684
2025-10-31T03:35:35.216Z TWILIO_MEDIA bytes=160 pcmBytes=640 rms=0.013391 rmsa=0.012196
2025-10-31T03:35:35.236Z TWILIO_MEDIA bytes=160 pcmBytes=640 rms=0.008304 rmsa=0.011028
2025-10-31T03:35:35.256Z TWILIO_MEDIA bytes=160 pcmBytes=640 rms=0.006049 rmsa=0.009535
2025-10-31T03:35:35.276Z TWILIO_MEDIA bytes=160 pcmBytes=640 rms=0.002077 rmsa=0.007297
2025-10-31T03:35:35.296Z TWILIO_MEDIA bytes=160 pcmBytes=640 rms=0.000433 rmsa=0.005238
2025-10-31T03:35:35.316Z TWILIO_MEDIA bytes=160 pcmBytes=640 rms=0.000244 rmsa=0.003740
2025-10-31T03:35:35.336Z TWILIO_MEDIA bytes=160 pcmBytes=640 rms=0.000244 rmsa=0.002691
2025-10-31T03:35:35.356Z TWILIO_MEDIA bytes=160 pcmBytes=640 rms=0.000244 rmsa=0.001957
2025-10-31T03:35:35.376Z TWILIO_MEDIA bytes=160 pcmBytes=640 rms=0.000244 rmsa=0.001443
2025-10-31T03:35:35.396Z TWILIO_MEDIA bytes=160 pcmBytes=640 rms=0.000244 rmsa=0.001083
2025-10-31T03:35:35.416Z TWILIO_MEDIA bytes=160 pcmBytes=640 rms=0.000244 rmsa=0.000832
2025-10-31T03:35:35.436Z TWILIO_MEDIA bytes=160 pcmBytes=640 rms=0.000244 rmsa=0.000655
2025-10-31T03:35:35.456Z TWILIO_MEDIA bytes=160 pcmBytes=640 rms=0.000244 rmsa=0.000532
2025-10-31T03:35:35.476Z TWILIO_MEDIA bytes=160 pcmBytes=640 rms=0.000244 rmsa=0.000446
2025-10-31T03:35:35.496Z TWILIO_MEDIA bytes=160 pcmBytes=640 rms=0.000244 rmsa=0.000385
2025-10-31T03:35:35.516Z TWILIO_MEDIA bytes=160 pcmBytes=640 rms=0.000244 rmsa=0.000343
2025-10-31T03:35:35.536Z TWILIO_MEDIA bytes=160 pcmBytes=640 rms=0.000244 rmsa=0.000313
2025-10-31T03:35:35.556Z TWILIO_MEDIA bytes=160 pcmBytes=640 rms=0.000244 rmsa=0.000293
2025-10-31T03:35:35.576Z TWILIO_MEDIA bytes=160 pcmBytes=640 rms=0.000244 rmsa=0.000278
2025-10-31T03:35:35.596Z TWILIO_MEDIA bytes=160 pcmBytes=640 rms=0.000244 rmsa=0.000268
2025-10-31T03:35:35.616Z TWILIO_MEDIA bytes=160 pcmBytes=640 rms=0.000244 rmsa=0.000261
2025-10-31T03:35:35.635Z TWILIO_MEDIA bytes=160 pcmBytes=640 rms=0.000244 rmsa=0.000256
2025-10-31T03:35:35.655Z TWILIO_MEDIA bytes=160 pcmBytes=640 rms=0.000244 rmsa=0.000252
2025-10-31T03:35:35.675Z TWILIO_MEDIA bytes=160 pcmBytes=640 rms=0.000244 rmsa=0.000250
2025-10-31T03:35:35.698Z TWILIO_MEDIA bytes=160 pcmBytes=640 rms=0.000244 rmsa=0.000248
2025-10-31T03:35:35.716Z TWILIO_MEDIA bytes=160 pcmBytes=640 rms=0.000244 rmsa=0.000247
2025-10-31T03:35:35.736Z TWILIO_MEDIA bytes=160 pcmBytes=640 rms=0.000244 rmsa=0.000246
2025-10-31T03:35:35.755Z TWILIO_MEDIA bytes=160 pcmBytes=640 rms=0.000244 rmsa=0.000246
2025-10-31T03:35:35.776Z TWILIO_MEDIA bytes=160 pcmBytes=640 rms=0.000244 rmsa=0.000245
2025-10-31T03:35:35.795Z TWILIO_MEDIA bytes=160 pcmBytes=640 rms=0.000244 rmsa=0.000245
2025-10-31T03:35:35.816Z TWILIO_MEDIA bytes=160 pcmBytes=640 rms=0.000244 rmsa=0.000245
2025-10-31T03:35:35.836Z TWILIO_MEDIA bytes=160 pcmBytes=640 rms=0.000244 rmsa=0.000244
2025-10-31T03:35:35.856Z TWILIO_MEDIA bytes=160 pcmBytes=640 rms=0.000244 rmsa=0.000244
2025-10-31T03:35:35.876Z TWILIO_MEDIA bytes=160 pcmBytes=640 rms=0.000244 rmsa=0.000244
2025-10-31T03:35:35.896Z TWILIO_MEDIA bytes=160 pcmBytes=640 rms=0.000503 rmsa=0.000322
2025-10-31T03:35:35.915Z TWILIO_MEDIA bytes=160 pcmBytes=640 rms=0.001074 rmsa=0.000548
2025-10-31T03:35:35.936Z TWILIO_MEDIA bytes=160 pcmBytes=640 rms=0.001146 rmsa=0.000727
2025-10-31T03:35:35.956Z TWILIO_MEDIA bytes=160 pcmBytes=640 rms=0.001078 rmsa=0.000832
2025-10-31T03:35:35.976Z TWILIO_MEDIA bytes=160 pcmBytes=640 rms=0.000877 rmsa=0.000846
2025-10-31T03:35:35.996Z TWILIO_MEDIA bytes=160 pcmBytes=640 rms=0.000596 rmsa=0.000771
2025-10-31T03:35:36.016Z TWILIO_MEDIA bytes=160 pcmBytes=640 rms=0.000378 rmsa=0.000653
2025-10-31T03:35:36.036Z TWILIO_MEDIA bytes=160 pcmBytes=640 rms=0.000278 rmsa=0.000541
2025-10-31T03:35:36.055Z TWILIO_MEDIA bytes=160 pcmBytes=640 rms=0.000262 rmsa=0.000457
2025-10-31T03:35:36.076Z TWILIO_MEDIA bytes=160 pcmBytes=640 rms=0.001741 rmsa=0.000842
2025-10-31T03:35:36.096Z TWILIO_MEDIA bytes=160 pcmBytes=640 rms=0.000641 rmsa=0.000782
2025-10-31T03:35:36.116Z TWILIO_MEDIA bytes=160 pcmBytes=640 rms=0.000328 rmsa=0.000646
2025-10-31T03:35:36.136Z TWILIO_MEDIA bytes=160 pcmBytes=640 rms=0.000244 rmsa=0.000525
2025-10-31T03:35:36.156Z TWILIO_MEDIA bytes=160 pcmBytes=640 rms=0.000491 rmsa=0.000515
2025-10-31T03:35:36.176Z TWILIO_MEDIA bytes=160 pcmBytes=640 rms=0.014996 rmsa=0.004859
2025-10-31T03:35:36.196Z TWILIO_MEDIA bytes=160 pcmBytes=640 rms=0.017304 rmsa=0.008593
2025-10-31T03:35:36.216Z TWILIO_MEDIA bytes=160 pcmBytes=640 rms=0.025938 rmsa=0.013796
2025-10-31T03:35:36.236Z TWILIO_MEDIA bytes=160 pcmBytes=640 rms=0.042518 rmsa=0.022413
2025-10-31T03:35:36.256Z TWILIO_MEDIA bytes=160 pcmBytes=640 rms=0.032125 rmsa=0.025326
2025-10-31T03:35:36.276Z TWILIO_MEDIA bytes=160 pcmBytes=640 rms=0.024215 rmsa=0.024993
2025-10-31T03:35:36.296Z TWILIO_MEDIA bytes=160 pcmBytes=640 rms=0.006895 rmsa=0.019563
2025-10-31T03:35:36.317Z TWILIO_MEDIA bytes=160 pcmBytes=640 rms=0.002928 rmsa=0.014573
2025-10-31T03:35:36.336Z TWILIO_MEDIA bytes=160 pcmBytes=640 rms=0.001970 rmsa=0.010792
2025-10-31T03:35:36.356Z TWILIO_MEDIA bytes=160 pcmBytes=640 rms=0.000768 rmsa=0.007785
2025-10-31T03:35:36.376Z TWILIO_MEDIA bytes=160 pcmBytes=640 rms=0.001395 rmsa=0.005868
2025-10-31T03:35:36.396Z TWILIO_MEDIA bytes=160 pcmBytes=640 rms=0.004338 rmsa=0.005409
2025-10-31T03:35:36.416Z TWILIO_MEDIA bytes=160 pcmBytes=640 rms=0.042113 rmsa=0.016420
2025-10-31T03:35:36.436Z TWILIO_MEDIA bytes=160 pcmBytes=640 rms=0.033208 rmsa=0.021456
2025-10-31T03:35:36.456Z TWILIO_MEDIA bytes=160 pcmBytes=640 rms=0.036266 rmsa=0.025899
2025-10-31T03:35:36.476Z TWILIO_MEDIA bytes=160 pcmBytes=640 rms=0.010760 rmsa=0.021357
2025-10-31T03:35:36.496Z TWILIO_MEDIA bytes=160 pcmBytes=640 rms=0.005163 rmsa=0.016499
2025-10-31T03:35:36.516Z TWILIO_MEDIA bytes=160 pcmBytes=640 rms=0.003092 rmsa=0.012477
2025-10-31T03:35:36.536Z TWILIO_MEDIA bytes=160 pcmBytes=640 rms=0.001957 rmsa=0.009321
2025-10-31T03:35:36.556Z TWILIO_MEDIA bytes=160 pcmBytes=640 rms=0.000823 rmsa=0.006771
2025-10-31T03:35:36.576Z TWILIO_MEDIA bytes=160 pcmBytes=640 rms=0.001735 rmsa=0.005260
2025-10-31T03:35:36.596Z TWILIO_MEDIA bytes=160 pcmBytes=640 rms=0.003839 rmsa=0.004834
2025-10-31T03:35:36.616Z TWILIO_MEDIA bytes=160 pcmBytes=640 rms=0.023076 rmsa=0.010307
2025-10-31T03:35:36.636Z TWILIO_MEDIA bytes=160 pcmBytes=640 rms=0.017524 rmsa=0.012472
2025-10-31T03:35:36.656Z TWILIO_MEDIA bytes=160 pcmBytes=640 rms=0.014938 rmsa=0.013212
2025-10-31T03:35:36.676Z TWILIO_MEDIA bytes=160 pcmBytes=640 rms=0.018588 rmsa=0.014825
2025-10-31T03:35:36.696Z TWILIO_MEDIA bytes=160 pcmBytes=640 rms=0.012623 rmsa=0.014164
2025-10-31T03:35:36.716Z TWILIO_MEDIA bytes=160 pcmBytes=640 rms=0.016651 rmsa=0.014910
2025-10-31T03:35:36.736Z TWILIO_MEDIA bytes=160 pcmBytes=640 rms=0.005959 rmsa=0.012225
2025-10-31T03:35:36.756Z TWILIO_MEDIA bytes=160 pcmBytes=640 rms=0.001632 rmsa=0.009047
2025-10-31T03:35:36.775Z TWILIO_MEDIA bytes=160 pcmBytes=640 rms=0.000557 rmsa=0.006500
2025-10-31T03:35:36.796Z TWILIO_MEDIA bytes=160 pcmBytes=640 rms=0.000250 rmsa=0.004625
2025-10-31T03:35:36.816Z TWILIO_MEDIA bytes=160 pcmBytes=640 rms=0.000549 rmsa=0.003402
2025-10-31T03:35:36.836Z TWILIO_MEDIA bytes=160 pcmBytes=640 rms=0.002144 rmsa=0.003025
2025-10-31T03:35:36.856Z TWILIO_MEDIA bytes=160 pcmBytes=640 rms=0.002345 rmsa=0.002821
2025-10-31T03:35:36.876Z TWILIO_MEDIA bytes=160 pcmBytes=640 rms=0.003812 rmsa=0.003118
2025-10-31T03:35:36.896Z TWILIO_MEDIA bytes=160 pcmBytes=640 rms=0.010093 rmsa=0.005211
2025-10-31T03:35:36.915Z TWILIO_MEDIA bytes=160 pcmBytes=640 rms=0.015063 rmsa=0.008167
2025-10-31T03:35:36.936Z TWILIO_MEDIA bytes=160 pcmBytes=640 rms=0.043208 rmsa=0.018679
2025-10-31T03:35:36.959Z TWILIO_MEDIA bytes=160 pcmBytes=640 rms=0.058647 rmsa=0.030669
2025-10-31T03:35:36.976Z TWILIO_MEDIA bytes=160 pcmBytes=640 rms=0.038930 rmsa=0.033147
2025-10-31T03:35:36.996Z TWILIO_MEDIA bytes=160 pcmBytes=640 rms=0.034550 rmsa=0.033568
2025-10-31T03:35:37.016Z TWILIO_MEDIA bytes=160 pcmBytes=640 rms=0.014027 rmsa=0.027706
2025-10-31T03:35:37.036Z TWILIO_MEDIA bytes=160 pcmBytes=640 rms=0.005793 rmsa=0.021132
2025-10-31T03:35:37.056Z TWILIO_MEDIA bytes=160 pcmBytes=640 rms=0.004573 rmsa=0.016164
2025-10-31T03:35:37.076Z TWILIO_MEDIA bytes=160 pcmBytes=640 rms=0.005027 rmsa=0.012823
2025-10-31T03:35:37.096Z TWILIO_MEDIA bytes=160 pcmBytes=640 rms=0.001216 rmsa=0.009341
2025-10-31T03:35:37.116Z TWILIO_MEDIA bytes=160 pcmBytes=640 rms=0.000549 rmsa=0.006703
2025-10-31T03:35:37.136Z TWILIO_MEDIA bytes=160 pcmBytes=640 rms=0.006303 rmsa=0.006583
2025-10-31T03:35:37.156Z TWILIO_MEDIA bytes=160 pcmBytes=640 rms=0.004160 rmsa=0.005856
2025-10-31T03:35:37.176Z TWILIO_MEDIA bytes=160 pcmBytes=640 rms=0.001638 rmsa=0.004591
2025-10-31T03:35:37.196Z TWILIO_MEDIA bytes=160 pcmBytes=640 rms=0.001043 rmsa=0.003526
2025-10-31T03:35:37.216Z TWILIO_MEDIA bytes=160 pcmBytes=640 rms=0.016373 rmsa=0.007380
2025-10-31T03:35:37.236Z TWILIO_MEDIA bytes=160 pcmBytes=640 rms=0.028881 rmsa=0.013831
2025-10-31T03:35:37.256Z TWILIO_MEDIA bytes=160 pcmBytes=640 rms=0.029985 rmsa=0.018677
2025-10-31T03:35:37.276Z TWILIO_MEDIA bytes=160 pcmBytes=640 rms=0.016562 rmsa=0.018043
2025-10-31T03:35:37.296Z TWILIO_MEDIA bytes=160 pcmBytes=640 rms=0.039012 rmsa=0.024333
2025-10-31T03:35:37.316Z TWILIO_MEDIA bytes=160 pcmBytes=640 rms=0.018021 rmsa=0.022440
2025-10-31T03:35:37.336Z TWILIO_MEDIA bytes=160 pcmBytes=640 rms=0.004052 rmsa=0.016923
2025-10-31T03:35:37.355Z TWILIO_MEDIA bytes=160 pcmBytes=640 rms=0.002039 rmsa=0.012458
2025-10-31T03:35:37.376Z TWILIO_MEDIA bytes=160 pcmBytes=640 rms=0.007194 rmsa=0.010879
2025-10-31T03:35:37.396Z TWILIO_MEDIA bytes=160 pcmBytes=640 rms=0.009862 rmsa=0.010574
2025-10-31T03:35:37.416Z TWILIO_MEDIA bytes=160 pcmBytes=640 rms=0.024901 rmsa=0.014872
2025-10-31T03:35:37.435Z TWILIO_MEDIA bytes=160 pcmBytes=640 rms=0.005396 rmsa=0.012029
2025-10-31T03:35:37.456Z TWILIO_MEDIA bytes=160 pcmBytes=640 rms=0.019732 rmsa=0.014340
2025-10-31T03:35:37.476Z TWILIO_MEDIA bytes=160 pcmBytes=640 rms=0.008163 rmsa=0.012487
2025-10-31T03:35:37.496Z TWILIO_MEDIA bytes=160 pcmBytes=640 rms=0.003847 rmsa=0.009895
2025-10-31T03:35:37.516Z TWILIO_MEDIA bytes=160 pcmBytes=640 rms=0.000999 rmsa=0.007226
2025-10-31T03:35:37.536Z TWILIO_MEDIA bytes=160 pcmBytes=640 rms=0.000416 rmsa=0.005183
2025-10-31T03:35:37.556Z TWILIO_MEDIA bytes=160 pcmBytes=640 rms=0.000244 rmsa=0.003701
2025-10-31T03:35:37.576Z TWILIO_MEDIA bytes=160 pcmBytes=640 rms=0.000244 rmsa=0.002664
2025-10-31T03:35:37.596Z TWILIO_MEDIA bytes=160 pcmBytes=640 rms=0.000386 rmsa=0.001981
2025-10-31T03:35:37.616Z TWILIO_MEDIA bytes=160 pcmBytes=640 rms=0.007335 rmsa=0.003587
2025-10-31T03:35:37.636Z TWILIO_MEDIA bytes=160 pcmBytes=640 rms=0.016996 rmsa=0.007610
2025-10-31T03:35:37.656Z TWILIO_MEDIA bytes=160 pcmBytes=640 rms=0.008604 rmsa=0.007908
2025-10-31T03:35:37.676Z TWILIO_MEDIA bytes=160 pcmBytes=640 rms=0.002700 rmsa=0.006346
2025-10-31T03:35:37.696Z TWILIO_MEDIA bytes=160 pcmBytes=640 rms=0.000632 rmsa=0.004631
2025-10-31T03:35:37.716Z TWILIO_MEDIA bytes=160 pcmBytes=640 rms=0.000244 rmsa=0.003315
2025-10-31T03:35:37.736Z TWILIO_MEDIA bytes=160 pcmBytes=640 rms=0.000244 rmsa=0.002394
2025-10-31T03:35:37.756Z TWILIO_MEDIA bytes=160 pcmBytes=640 rms=0.000244 rmsa=0.001749
2025-10-31T03:35:37.776Z TWILIO_MEDIA bytes=160 pcmBytes=640 rms=0.000244 rmsa=0.001298
2025-10-31T03:35:37.796Z TWILIO_MEDIA bytes=160 pcmBytes=640 rms=0.000618 rmsa=0.001094
2025-10-31T03:35:37.816Z TWILIO_MEDIA bytes=160 pcmBytes=640 rms=0.001349 rmsa=0.001170
2025-10-31T03:35:37.836Z TWILIO_MEDIA bytes=160 pcmBytes=640 rms=0.001109 rmsa=0.001152
2025-10-31T03:35:37.856Z TWILIO_MEDIA bytes=160 pcmBytes=640 rms=0.000724 rmsa=0.001024
2025-10-31T03:35:37.876Z TWILIO_MEDIA bytes=160 pcmBytes=640 rms=0.000378 rmsa=0.000830
2025-10-31T03:35:37.896Z TWILIO_MEDIA bytes=160 pcmBytes=640 rms=0.000244 rmsa=0.000654
2025-10-31T03:35:37.916Z TWILIO_MEDIA bytes=160 pcmBytes=640 rms=0.000244 rmsa=0.000531
2025-10-31T03:35:37.936Z TWILIO_MEDIA bytes=160 pcmBytes=640 rms=0.000244 rmsa=0.000445
2025-10-31T03:35:37.956Z TWILIO_MEDIA bytes=160 pcmBytes=640 rms=0.000244 rmsa=0.000385
2025-10-31T03:35:37.976Z TWILIO_MEDIA bytes=160 pcmBytes=640 rms=0.000244 rmsa=0.000343
2025-10-31T03:35:37.996Z TWILIO_MEDIA bytes=160 pcmBytes=640 rms=0.000244 rmsa=0.000313
2025-10-31T03:35:38.016Z TWILIO_MEDIA bytes=160 pcmBytes=640 rms=0.000244 rmsa=0.000292
2025-10-31T03:35:38.036Z TWILIO_MEDIA bytes=160 pcmBytes=640 rms=0.000244 rmsa=0.000278
2025-10-31T03:35:38.056Z TWILIO_MEDIA bytes=160 pcmBytes=640 rms=0.000244 rmsa=0.000268
2025-10-31T03:35:38.076Z TWILIO_MEDIA bytes=160 pcmBytes=640 rms=0.000244 rmsa=0.000261
2025-10-31T03:35:38.096Z TWILIO_MEDIA bytes=160 pcmBytes=640 rms=0.000244 rmsa=0.000256
2025-10-31T03:35:38.115Z TWILIO_MEDIA bytes=160 pcmBytes=640 rms=0.000244 rmsa=0.000252
2025-10-31T03:35:38.136Z TWILIO_MEDIA bytes=160 pcmBytes=640 rms=0.000244 rmsa=0.000250
2025-10-31T03:35:38.157Z TWILIO_MEDIA bytes=160 pcmBytes=640 rms=0.000244 rmsa=0.000248
2025-10-31T03:35:38.176Z TWILIO_MEDIA bytes=160 pcmBytes=640 rms=0.000244 rmsa=0.000247
2025-10-31T03:35:38.196Z TWILIO_MEDIA bytes=160 pcmBytes=640 rms=0.000244 rmsa=0.000246
2025-10-31T03:35:38.216Z TWILIO_MEDIA bytes=160 pcmBytes=640 rms=0.000244 rmsa=0.000246
2025-10-31T03:35:38.235Z TWILIO_MEDIA bytes=160 pcmBytes=640 rms=0.000244 rmsa=0.000245
2025-10-31T03:35:38.256Z TWILIO_MEDIA bytes=160 pcmBytes=640 rms=0.000244 rmsa=0.000245
2025-10-31T03:35:38.276Z TWILIO_MEDIA bytes=160 pcmBytes=640 rms=0.000244 rmsa=0.000245
2025-10-31T03:35:38.296Z TWILIO_MEDIA bytes=160 pcmBytes=640 rms=0.000244 rmsa=0.000244
2025-10-31T03:35:38.316Z TWILIO_MEDIA bytes=160 pcmBytes=640 rms=0.000244 rmsa=0.000244
2025-10-31T03:35:38.336Z TWILIO_MEDIA bytes=160 pcmBytes=640 rms=0.000244 rmsa=0.000244
2025-10-31T03:35:38.356Z TWILIO_MEDIA bytes=160 pcmBytes=640 rms=0.000244 rmsa=0.000244
2025-10-31T03:35:38.377Z TWILIO_MEDIA bytes=160 pcmBytes=640 rms=0.000244 rmsa=0.000244
2025-10-31T03:35:38.396Z TWILIO_MEDIA bytes=160 pcmBytes=640 rms=0.000244 rmsa=0.000244
2025-10-31T03:35:38.416Z TWILIO_MEDIA bytes=160 pcmBytes=640 rms=0.000244 rmsa=0.000244
2025-10-31T03:35:38.436Z TWILIO_MEDIA bytes=160 pcmBytes=640 rms=0.000244 rmsa=0.000244
2025-10-31T03:35:38.456Z TWILIO_MEDIA bytes=160 pcmBytes=640 rms=0.000244 rmsa=0.000244
2025-10-31T03:35:38.476Z TWILIO_MEDIA bytes=160 pcmBytes=640 rms=0.000244 rmsa=0.000244
2025-10-31T03:35:38.496Z TWILIO_MEDIA bytes=160 pcmBytes=640 rms=0.000244 rmsa=0.000244
2025-10-31T03:35:38.516Z TWILIO_MEDIA bytes=160 pcmBytes=640 rms=0.000244 rmsa=0.000244
2025-10-31T03:35:38.536Z TWILIO_MEDIA bytes=160 pcmBytes=640 rms=0.000244 rmsa=0.000244
2025-10-31T03:35:38.556Z TWILIO_MEDIA bytes=160 pcmBytes=640 rms=0.000244 rmsa=0.000244
2025-10-31T03:35:38.576Z TWILIO_MEDIA bytes=160 pcmBytes=640 rms=0.000244 rmsa=0.000244
2025-10-31T03:35:38.596Z TWILIO_MEDIA bytes=160 pcmBytes=640 rms=0.000244 rmsa=0.000244
2025-10-31T03:35:38.617Z TWILIO_MEDIA bytes=160 pcmBytes=640 rms=0.000244 rmsa=0.000244
2025-10-31T03:35:38.636Z TWILIO_MEDIA bytes=160 pcmBytes=640 rms=0.000244 rmsa=0.000244
2025-10-31T03:35:38.656Z TWILIO_MEDIA bytes=160 pcmBytes=640 rms=0.000244 rmsa=0.000244
2025-10-31T03:35:38.676Z TWILIO_MEDIA bytes=160 pcmBytes=640 rms=0.000244 rmsa=0.000244
2025-10-31T03:35:38.696Z TWILIO_MEDIA bytes=160 pcmBytes=640 rms=0.000244 rmsa=0.000244
2025-10-31T03:35:38.716Z TWILIO_MEDIA bytes=160 pcmBytes=640 rms=0.000244 rmsa=0.000244
2025-10-31T03:35:38.736Z TWILIO_MEDIA bytes=160 pcmBytes=640 rms=0.000244 rmsa=0.000244
2025-10-31T03:35:38.756Z TWILIO_MEDIA bytes=160 pcmBytes=640 rms=0.000244 rmsa=0.000244
2025-10-31T03:35:38.776Z TWILIO_MEDIA bytes=160 pcmBytes=640 rms=0.000244 rmsa=0.000244
2025-10-31T03:35:38.817Z [ASSISTANT] Hallo
2025-10-31T03:35:38.825Z [ASSISTANT] !
2025-10-31T03:35:38.831Z [ASSISTANT]  Hoe
2025-10-31T03:35:38.839Z [ASSISTANT]  kan
2025-10-31T03:35:38.849Z [ASSISTANT]  ik
2025-10-31T03:35:38.857Z [ASSISTANT]  je
2025-10-31T03:35:38.866Z [ASSISTANT]  vandaag
2025-10-31T03:35:38.870Z TWILIO_STOP: {"sid":"MZ790cec4c3ffa0b0bdc9404d25752c792"}
2025-10-31T03:35:38.870Z CALL_END: MZ790cec4c3ffa0b0bdc9404d25752c792
