2025-10-31T03:10:09.063Z CALL_START: MZa124257e0b521957a645d0c6d6da9f3d
2025-10-31T03:10:09.064Z TWILIO_START: {"sid":"MZa124257e0b521957a645d0c6d6da9f3d"}
2025-10-31T03:10:09.065Z TWILIO_MEDIA bytes=160 pcmBytes=640 rms=0.000244 rmsa=0.000073
2025-10-31T03:10:09.065Z TWILIO_MEDIA bytes=160 pcmBytes=640 rms=0.000244 rmsa=0.000125
2025-10-31T03:10:09.065Z TWILIO_MEDIA bytes=160 pcmBytes=640 rms=0.000244 rmsa=0.000160
2025-10-31T03:10:09.066Z TWILIO_MEDIA bytes=160 pcmBytes=640 rms=0.000244 rmsa=0.000186
2025-10-31T03:10:09.068Z TWILIO_MEDIA bytes=160 pcmBytes=640 rms=0.000244 rmsa=0.000203
2025-10-31T03:10:09.068Z TWILIO_MEDIA bytes=160 pcmBytes=640 rms=0.000244 rmsa=0.000215
2025-10-31T03:10:09.068Z TWILIO_MEDIA bytes=160 pcmBytes=640 rms=0.000244 rmsa=0.000224
2025-10-31T03:10:09.069Z TWILIO_MEDIA bytes=160 pcmBytes=640 rms=0.000244 rmsa=0.000230
2025-10-31T03:10:09.069Z TWILIO_MEDIA bytes=160 pcmBytes=640 rms=0.000244 rmsa=0.000234
2025-10-31T03:10:09.070Z TWILIO_MEDIA bytes=160 pcmBytes=640 rms=0.000244 rmsa=0.000237
2025-10-31T03:10:09.070Z TWILIO_MEDIA bytes=160 pcmBytes=640 rms=0.000244 rmsa=0.000239
2025-10-31T03:10:09.070Z TWILIO_MEDIA bytes=160 pcmBytes=640 rms=0.000244 rmsa=0.000241
2025-10-31T03:10:09.070Z TWILIO_MEDIA bytes=160 pcmBytes=640 rms=0.000244 rmsa=0.000242
2025-10-31T03:10:09.073Z TWILIO_MEDIA bytes=160 pcmBytes=640 rms=0.000244 rmsa=0.000242
2025-10-31T03:10:09.090Z TWILIO_MEDIA bytes=160 pcmBytes=640 rms=0.000244 rmsa=0.000243
2025-10-31T03:10:09.158Z TWILIO_MEDIA bytes=160 pcmBytes=640 rms=0.000244 rmsa=0.000243
2025-10-31T03:10:09.159Z TWILIO_MEDIA bytes=160 pcmBytes=640 rms=0.000244 rmsa=0.000244
2025-10-31T03:10:09.159Z TWILIO_MEDIA bytes=160 pcmBytes=640 rms=0.000244 rmsa=0.000244
2025-10-31T03:10:09.170Z TWILIO_MEDIA bytes=160 pcmBytes=640 rms=0.000244 rmsa=0.000244
2025-10-31T03:10:09.190Z TWILIO_MEDIA bytes=160 pcmBytes=640 rms=0.000244 rmsa=0.000244
2025-10-31T03:10:09.210Z TWILIO_MEDIA bytes=160 pcmBytes=640 rms=0.000244 rmsa=0.000244
2025-10-31T03:10:09.229Z TWILIO_MEDIA bytes=160 pcmBytes=640 rms=0.000244 rmsa=0.000244
2025-10-31T03:10:09.249Z TWILIO_MEDIA bytes=160 pcmBytes=640 rms=0.000244 rmsa=0.000244
2025-10-31T03:10:09.269Z TWILIO_MEDIA bytes=160 pcmBytes=640 rms=0.000244 rmsa=0.000244
2025-10-31T03:10:09.290Z TWILIO_MEDIA bytes=160 pcmBytes=640 rms=0.000244 rmsa=0.000244
2025-10-31T03:10:09.309Z TWILIO_MEDIA bytes=160 pcmBytes=640 rms=0.000244 rmsa=0.000244
2025-10-31T03:10:09.329Z TWILIO_MEDIA bytes=160 pcmBytes=640 rms=0.000244 rmsa=0.000244
2025-10-31T03:10:09.350Z TWILIO_MEDIA bytes=160 pcmBytes=640 rms=0.000244 rmsa=0.000244
2025-10-31T03:10:09.369Z TWILIO_MEDIA bytes=160 pcmBytes=640 rms=0.000244 rmsa=0.000244
2025-10-31T03:10:09.389Z TWILIO_MEDIA bytes=160 pcmBytes=640 rms=0.000244 rmsa=0.000244
2025-10-31T03:10:09.409Z TWILIO_MEDIA bytes=160 pcmBytes=640 rms=0.000244 rmsa=0.000244
2025-10-31T03:10:09.430Z TWILIO_MEDIA bytes=160 pcmBytes=640 rms=0.000244 rmsa=0.000244
2025-10-31T03:10:09.449Z TWILIO_MEDIA bytes=160 pcmBytes=640 rms=0.000244 rmsa=0.000244
2025-10-31T03:10:09.469Z TWILIO_MEDIA bytes=160 pcmBytes=640 rms=0.000244 rmsa=0.000244
2025-10-31T03:10:09.489Z TWILIO_MEDIA bytes=160 pcmBytes=640 rms=0.000244 rmsa=0.000244
2025-10-31T03:10:09.512Z TWILIO_MEDIA bytes=160 pcmBytes=640 rms=0.000244 rmsa=0.000244
2025-10-31T03:10:09.530Z TWILIO_MEDIA bytes=160 pcmBytes=640 rms=0.000244 rmsa=0.000244
2025-10-31T03:10:09.549Z TWILIO_MEDIA bytes=160 pcmBytes=640 rms=0.000244 rmsa=0.000244
2025-10-31T03:10:09.569Z TWILIO_MEDIA bytes=160 pcmBytes=640 rms=0.000244 rmsa=0.000244
2025-10-31T03:10:09.589Z TWILIO_MEDIA bytes=160 pcmBytes=640 rms=0.000244 rmsa=0.000244
2025-10-31T03:10:09.610Z TWILIO_MEDIA bytes=160 pcmBytes=640 rms=0.000244 rmsa=0.000244
2025-10-31T03:10:09.629Z TWILIO_MEDIA bytes=160 pcmBytes=640 rms=0.000244 rmsa=0.000244
2025-10-31T03:10:09.649Z TWILIO_MEDIA bytes=160 pcmBytes=640 rms=0.000244 rmsa=0.000244
2025-10-31T03:10:09.670Z TWILIO_MEDIA bytes=160 pcmBytes=640 rms=0.000244 rmsa=0.000244
2025-10-31T03:10:09.689Z TWILIO_MEDIA bytes=160 pcmBytes=640 rms=0.000244 rmsa=0.000244
2025-10-31T03:10:09.710Z TWILIO_MEDIA bytes=160 pcmBytes=640 rms=0.000244 rmsa=0.000244
2025-10-31T03:10:09.729Z TWILIO_MEDIA bytes=160 pcmBytes=640 rms=0.000244 rmsa=0.000244
2025-10-31T03:10:09.750Z TWILIO_MEDIA bytes=160 pcmBytes=640 rms=0.000244 rmsa=0.000244
2025-10-31T03:10:09.769Z TWILIO_MEDIA bytes=160 pcmBytes=640 rms=0.000244 rmsa=0.000244
2025-10-31T03:10:09.789Z TWILIO_MEDIA bytes=160 pcmBytes=640 rms=0.000244 rmsa=0.000244
2025-10-31T03:10:09.809Z TWILIO_MEDIA bytes=160 pcmBytes=640 rms=0.000244 rmsa=0.000244
2025-10-31T03:10:09.829Z TWILIO_MEDIA bytes=160 pcmBytes=640 rms=0.000244 rmsa=0.000244
2025-10-31T03:10:09.849Z TWILIO_MEDIA bytes=160 pcmBytes=640 rms=0.000244 rmsa=0.000244
2025-10-31T03:10:09.869Z TWILIO_MEDIA bytes=160 pcmBytes=640 rms=0.000244 rmsa=0.000244
2025-10-31T03:10:09.889Z TWILIO_MEDIA bytes=160 pcmBytes=640 rms=0.000244 rmsa=0.000244
2025-10-31T03:10:09.910Z TWILIO_MEDIA bytes=160 pcmBytes=640 rms=0.000244 rmsa=0.000244
2025-10-31T03:10:09.929Z TWILIO_MEDIA bytes=160 pcmBytes=640 rms=0.000244 rmsa=0.000244
2025-10-31T03:10:09.950Z TWILIO_MEDIA bytes=160 pcmBytes=640 rms=0.000244 rmsa=0.000244
2025-10-31T03:10:09.970Z TWILIO_MEDIA bytes=160 pcmBytes=640 rms=0.000244 rmsa=0.000244
2025-10-31T03:10:09.990Z TWILIO_MEDIA bytes=160 pcmBytes=640 rms=0.000244 rmsa=0.000244
2025-10-31T03:10:10.010Z TWILIO_MEDIA bytes=160 pcmBytes=640 rms=0.000244 rmsa=0.000244
2025-10-31T03:10:10.029Z TWILIO_MEDIA bytes=160 pcmBytes=640 rms=0.000244 rmsa=0.000244
2025-10-31T03:10:10.049Z TWILIO_MEDIA bytes=160 pcmBytes=640 rms=0.000244 rmsa=0.000244
2025-10-31T03:10:10.069Z TWILIO_MEDIA bytes=160 pcmBytes=640 rms=0.000244 rmsa=0.000244
2025-10-31T03:10:10.089Z TWILIO_MEDIA bytes=160 pcmBytes=640 rms=0.000244 rmsa=0.000244
2025-10-31T03:10:10.110Z TWILIO_MEDIA bytes=160 pcmBytes=640 rms=0.000244 rmsa=0.000244
2025-10-31T03:10:10.129Z TWILIO_MEDIA bytes=160 pcmBytes=640 rms=0.000244 rmsa=0.000244
2025-10-31T03:10:10.149Z TWILIO_MEDIA bytes=160 pcmBytes=640 rms=0.000244 rmsa=0.000244
2025-10-31T03:10:10.169Z TWILIO_MEDIA bytes=160 pcmBytes=640 rms=0.000244 rmsa=0.000244
2025-10-31T03:10:10.189Z TWILIO_MEDIA bytes=160 pcmBytes=640 rms=0.000244 rmsa=0.000244
2025-10-31T03:10:10.209Z TWILIO_MEDIA bytes=160 pcmBytes=640 rms=0.000244 rmsa=0.000244
2025-10-31T03:10:10.229Z TWILIO_MEDIA bytes=160 pcmBytes=640 rms=0.000244 rmsa=0.000244
2025-10-31T03:10:10.249Z TWILIO_MEDIA bytes=160 pcmBytes=640 rms=0.000244 rmsa=0.000244
2025-10-31T03:10:10.270Z TWILIO_MEDIA bytes=160 pcmBytes=640 rms=0.000244 rmsa=0.000244
2025-10-31T03:10:10.290Z TWILIO_MEDIA bytes=160 pcmBytes=640 rms=0.000244 rmsa=0.000244
2025-10-31T03:10:10.310Z TWILIO_MEDIA bytes=160 pcmBytes=640 rms=0.000244 rmsa=0.000244
2025-10-31T03:10:10.330Z TWILIO_MEDIA bytes=160 pcmBytes=640 rms=0.000244 rmsa=0.000244
2025-10-31T03:10:10.349Z TWILIO_MEDIA bytes=160 pcmBytes=640 rms=0.000244 rmsa=0.000244
2025-10-31T03:10:10.369Z TWILIO_MEDIA bytes=160 pcmBytes=640 rms=0.000244 rmsa=0.000244
2025-10-31T03:10:10.389Z TWILIO_MEDIA bytes=160 pcmBytes=640 rms=0.000244 rmsa=0.000244
2025-10-31T03:10:10.409Z TWILIO_MEDIA bytes=160 pcmBytes=640 rms=0.000244 rmsa=0.000244
2025-10-31T03:10:10.429Z TWILIO_MEDIA bytes=160 pcmBytes=640 rms=0.000244 rmsa=0.000244
2025-10-31T03:10:10.449Z TWILIO_MEDIA bytes=160 pcmBytes=640 rms=0.000244 rmsa=0.000244
2025-10-31T03:10:10.469Z TWILIO_MEDIA bytes=160 pcmBytes=640 rms=0.000244 rmsa=0.000244
2025-10-31T03:10:10.489Z TWILIO_MEDIA bytes=160 pcmBytes=640 rms=0.000244 rmsa=0.000244
2025-10-31T03:10:10.509Z TWILIO_MEDIA bytes=160 pcmBytes=640 rms=0.000244 rmsa=0.000244
2025-10-31T03:10:10.529Z TWILIO_MEDIA bytes=160 pcmBytes=640 rms=0.000244 rmsa=0.000244
2025-10-31T03:10:10.550Z TWILIO_MEDIA bytes=160 pcmBytes=640 rms=0.000244 rmsa=0.000244
2025-10-31T03:10:10.569Z TWILIO_MEDIA bytes=160 pcmBytes=640 rms=0.000244 rmsa=0.000244
2025-10-31T03:10:10.590Z TWILIO_MEDIA bytes=160 pcmBytes=640 rms=0.000244 rmsa=0.000244
2025-10-31T03:10:10.609Z TWILIO_MEDIA bytes=160 pcmBytes=640 rms=0.000244 rmsa=0.000244
2025-10-31T03:10:10.630Z TWILIO_MEDIA bytes=160 pcmBytes=640 rms=0.000244 rmsa=0.000244
2025-10-31T03:10:10.649Z TWILIO_MEDIA bytes=160 pcmBytes=640 rms=0.000244 rmsa=0.000244
2025-10-31T03:10:10.669Z TWILIO_MEDIA bytes=160 pcmBytes=640 rms=0.000244 rmsa=0.000244
2025-10-31T03:10:10.689Z TWILIO_MEDIA bytes=160 pcmBytes=640 rms=0.000244 rmsa=0.000244
2025-10-31T03:10:10.710Z TWILIO_MEDIA bytes=160 pcmBytes=640 rms=0.000244 rmsa=0.000244
2025-10-31T03:10:10.730Z TWILIO_MEDIA bytes=160 pcmBytes=640 rms=0.000244 rmsa=0.000244
2025-10-31T03:10:10.749Z TWILIO_MEDIA bytes=160 pcmBytes=640 rms=0.000244 rmsa=0.000244
2025-10-31T03:10:10.770Z TWILIO_MEDIA bytes=160 pcmBytes=640 rms=0.000244 rmsa=0.000244
2025-10-31T03:10:10.790Z TWILIO_MEDIA bytes=160 pcmBytes=640 rms=0.000244 rmsa=0.000244
2025-10-31T03:10:10.809Z TWILIO_MEDIA bytes=160 pcmBytes=640 rms=0.000244 rmsa=0.000244
2025-10-31T03:10:10.829Z TWILIO_MEDIA bytes=160 pcmBytes=640 rms=0.000244 rmsa=0.000244
2025-10-31T03:10:10.849Z TWILIO_MEDIA bytes=160 pcmBytes=640 rms=0.000244 rmsa=0.000244
2025-10-31T03:10:10.870Z TWILIO_MEDIA bytes=160 pcmBytes=640 rms=0.000244 rmsa=0.000244
2025-10-31T03:10:10.889Z TWILIO_MEDIA bytes=160 pcmBytes=640 rms=0.000244 rmsa=0.000244
2025-10-31T03:10:10.909Z TWILIO_MEDIA bytes=160 pcmBytes=640 rms=0.000244 rmsa=0.000244
2025-10-31T03:10:10.929Z TWILIO_MEDIA bytes=160 pcmBytes=640 rms=0.000244 rmsa=0.000244
2025-10-31T03:10:10.949Z TWILIO_MEDIA bytes=160 pcmBytes=640 rms=0.000244 rmsa=0.000244
2025-10-31T03:10:10.969Z TWILIO_MEDIA bytes=160 pcmBytes=640 rms=0.000244 rmsa=0.000244
2025-10-31T03:10:10.989Z TWILIO_MEDIA bytes=160 pcmBytes=640 rms=0.000244 rmsa=0.000244
2025-10-31T03:10:11.010Z TWILIO_MEDIA bytes=160 pcmBytes=640 rms=0.000244 rmsa=0.000244
2025-10-31T03:10:11.029Z TWILIO_MEDIA bytes=160 pcmBytes=640 rms=0.000244 rmsa=0.000244
2025-10-31T03:10:11.050Z TWILIO_MEDIA bytes=160 pcmBytes=640 rms=0.000244 rmsa=0.000244
2025-10-31T03:10:11.070Z TWILIO_MEDIA bytes=160 pcmBytes=640 rms=0.000244 rmsa=0.000244
2025-10-31T03:10:11.089Z TWILIO_MEDIA bytes=160 pcmBytes=640 rms=0.000244 rmsa=0.000244
2025-10-31T03:10:11.110Z TWILIO_MEDIA bytes=160 pcmBytes=640 rms=0.000244 rmsa=0.000244
2025-10-31T03:10:11.129Z TWILIO_MEDIA bytes=160 pcmBytes=640 rms=0.000244 rmsa=0.000244
2025-10-31T03:10:11.149Z TWILIO_MEDIA bytes=160 pcmBytes=640 rms=0.000244 rmsa=0.000244
2025-10-31T03:10:11.170Z TWILIO_MEDIA bytes=160 pcmBytes=640 rms=0.000244 rmsa=0.000244
2025-10-31T03:10:11.190Z TWILIO_MEDIA bytes=160 pcmBytes=640 rms=0.000244 rmsa=0.000244
2025-10-31T03:10:11.209Z TWILIO_MEDIA bytes=160 pcmBytes=640 rms=0.000244 rmsa=0.000244
2025-10-31T03:10:11.229Z TWILIO_MEDIA bytes=160 pcmBytes=640 rms=0.000244 rmsa=0.000244
2025-10-31T03:10:11.249Z TWILIO_MEDIA bytes=160 pcmBytes=640 rms=0.000244 rmsa=0.000244
2025-10-31T03:10:11.270Z TWILIO_MEDIA bytes=160 pcmBytes=640 rms=0.000244 rmsa=0.000244
2025-10-31T03:10:11.289Z TWILIO_MEDIA bytes=160 pcmBytes=640 rms=0.000244 rmsa=0.000244
2025-10-31T03:10:11.309Z TWILIO_MEDIA bytes=160 pcmBytes=640 rms=0.000244 rmsa=0.000244
2025-10-31T03:10:11.329Z TWILIO_MEDIA bytes=160 pcmBytes=640 rms=0.000244 rmsa=0.000244
2025-10-31T03:10:11.349Z TWILIO_MEDIA bytes=160 pcmBytes=640 rms=0.000244 rmsa=0.000244
2025-10-31T03:10:11.370Z TWILIO_MEDIA bytes=160 pcmBytes=640 rms=0.000244 rmsa=0.000244
2025-10-31T03:10:11.390Z TWILIO_MEDIA bytes=160 pcmBytes=640 rms=0.000244 rmsa=0.000244
2025-10-31T03:10:11.410Z TWILIO_MEDIA bytes=160 pcmBytes=640 rms=0.000244 rmsa=0.000244
2025-10-31T03:10:11.430Z TWILIO_MEDIA bytes=160 pcmBytes=640 rms=0.000244 rmsa=0.000244
2025-10-31T03:10:11.451Z TWILIO_MEDIA bytes=160 pcmBytes=640 rms=0.000244 rmsa=0.000244
2025-10-31T03:10:11.470Z TWILIO_MEDIA bytes=160 pcmBytes=640 rms=0.000244 rmsa=0.000244
2025-10-31T03:10:11.490Z TWILIO_MEDIA bytes=160 pcmBytes=640 rms=0.000244 rmsa=0.000244
2025-10-31T03:10:11.510Z TWILIO_MEDIA bytes=160 pcmBytes=640 rms=0.000244 rmsa=0.000244
2025-10-31T03:10:11.531Z TWILIO_MEDIA bytes=160 pcmBytes=640 rms=0.000244 rmsa=0.000244
2025-10-31T03:10:11.549Z TWILIO_MEDIA bytes=160 pcmBytes=640 rms=0.000244 rmsa=0.000244
2025-10-31T03:10:11.570Z TWILIO_MEDIA bytes=160 pcmBytes=640 rms=0.000244 rmsa=0.000244
2025-10-31T03:10:11.589Z TWILIO_MEDIA bytes=160 pcmBytes=640 rms=0.000244 rmsa=0.000244
2025-10-31T03:10:11.609Z TWILIO_MEDIA bytes=160 pcmBytes=640 rms=0.000244 rmsa=0.000244
2025-10-31T03:10:11.630Z TWILIO_MEDIA bytes=160 pcmBytes=640 rms=0.000244 rmsa=0.000244
2025-10-31T03:10:11.649Z TWILIO_MEDIA bytes=160 pcmBytes=640 rms=0.000244 rmsa=0.000244
2025-10-31T03:10:11.670Z TWILIO_MEDIA bytes=160 pcmBytes=640 rms=0.000244 rmsa=0.000244
2025-10-31T03:10:11.690Z TWILIO_MEDIA bytes=160 pcmBytes=640 rms=0.000244 rmsa=0.000244
2025-10-31T03:10:11.710Z TWILIO_MEDIA bytes=160 pcmBytes=640 rms=0.000244 rmsa=0.000244
2025-10-31T03:10:11.729Z TWILIO_MEDIA bytes=160 pcmBytes=640 rms=0.000244 rmsa=0.000244
2025-10-31T03:10:11.749Z TWILIO_MEDIA bytes=160 pcmBytes=640 rms=0.000244 rmsa=0.000244
2025-10-31T03:10:11.769Z TWILIO_MEDIA bytes=160 pcmBytes=640 rms=0.000244 rmsa=0.000244
2025-10-31T03:10:11.789Z TWILIO_MEDIA bytes=160 pcmBytes=640 rms=0.000244 rmsa=0.000244
2025-10-31T03:10:11.809Z TWILIO_MEDIA bytes=160 pcmBytes=640 rms=0.000244 rmsa=0.000244
2025-10-31T03:10:11.829Z TWILIO_MEDIA bytes=160 pcmBytes=640 rms=0.000244 rmsa=0.000244
2025-10-31T03:10:11.849Z TWILIO_MEDIA bytes=160 pcmBytes=640 rms=0.000244 rmsa=0.000244
2025-10-31T03:10:11.870Z TWILIO_MEDIA bytes=160 pcmBytes=640 rms=0.000244 rmsa=0.000244
2025-10-31T03:10:11.890Z TWILIO_MEDIA bytes=160 pcmBytes=640 rms=0.000244 rmsa=0.000244
2025-10-31T03:10:11.910Z TWILIO_MEDIA bytes=160 pcmBytes=640 rms=0.000244 rmsa=0.000244
2025-10-31T03:10:11.930Z TWILIO_MEDIA bytes=160 pcmBytes=640 rms=0.000244 rmsa=0.000244
2025-10-31T03:10:11.950Z TWILIO_MEDIA bytes=160 pcmBytes=640 rms=0.000244 rmsa=0.000244
2025-10-31T03:10:11.970Z TWILIO_MEDIA bytes=160 pcmBytes=640 rms=0.000244 rmsa=0.000244
2025-10-31T03:10:11.990Z TWILIO_MEDIA bytes=160 pcmBytes=640 rms=0.000244 rmsa=0.000244
2025-10-31T03:10:12.010Z TWILIO_MEDIA bytes=160 pcmBytes=640 rms=0.000244 rmsa=0.000244
2025-10-31T03:10:12.030Z TWILIO_MEDIA bytes=160 pcmBytes=640 rms=0.000244 rmsa=0.000244
2025-10-31T03:10:12.050Z TWILIO_MEDIA bytes=160 pcmBytes=640 rms=0.000244 rmsa=0.000244
2025-10-31T03:10:12.070Z TWILIO_MEDIA bytes=160 pcmBytes=640 rms=0.000244 rmsa=0.000244
2025-10-31T03:10:12.090Z TWILIO_MEDIA bytes=160 pcmBytes=640 rms=0.000244 rmsa=0.000244
2025-10-31T03:10:12.109Z TWILIO_MEDIA bytes=160 pcmBytes=640 rms=0.000244 rmsa=0.000244
2025-10-31T03:10:12.130Z TWILIO_MEDIA bytes=160 pcmBytes=640 rms=0.000244 rmsa=0.000244
2025-10-31T03:10:12.150Z TWILIO_MEDIA bytes=160 pcmBytes=640 rms=0.000244 rmsa=0.000244
2025-10-31T03:10:12.169Z TWILIO_MEDIA bytes=160 pcmBytes=640 rms=0.000244 rmsa=0.000244
2025-10-31T03:10:12.189Z TWILIO_MEDIA bytes=160 pcmBytes=640 rms=0.000244 rmsa=0.000244
2025-10-31T03:10:12.209Z TWILIO_MEDIA bytes=160 pcmBytes=640 rms=0.000244 rmsa=0.000244
2025-10-31T03:10:12.230Z TWILIO_MEDIA bytes=160 pcmBytes=640 rms=0.000244 rmsa=0.000244
2025-10-31T03:10:12.249Z TWILIO_MEDIA bytes=160 pcmBytes=640 rms=0.000244 rmsa=0.000244
2025-10-31T03:10:12.269Z TWILIO_MEDIA bytes=160 pcmBytes=640 rms=0.000244 rmsa=0.000244
2025-10-31T03:10:12.289Z TWILIO_MEDIA bytes=160 pcmBytes=640 rms=0.000244 rmsa=0.000244
2025-10-31T03:10:12.310Z TWILIO_MEDIA bytes=160 pcmBytes=640 rms=0.000244 rmsa=0.000244
2025-10-31T03:10:12.329Z TWILIO_MEDIA bytes=160 pcmBytes=640 rms=0.000244 rmsa=0.000244
2025-10-31T03:10:12.349Z TWILIO_MEDIA bytes=160 pcmBytes=640 rms=0.000244 rmsa=0.000244
2025-10-31T03:10:12.369Z TWILIO_MEDIA bytes=160 pcmBytes=640 rms=0.000244 rmsa=0.000244
2025-10-31T03:10:12.390Z TWILIO_MEDIA bytes=160 pcmBytes=640 rms=0.000244 rmsa=0.000244
2025-10-31T03:10:12.409Z TWILIO_MEDIA bytes=160 pcmBytes=640 rms=0.000244 rmsa=0.000244
2025-10-31T03:10:12.429Z TWILIO_MEDIA bytes=160 pcmBytes=640 rms=0.000244 rmsa=0.000244
2025-10-31T03:10:12.449Z TWILIO_MEDIA bytes=160 pcmBytes=640 rms=0.000244 rmsa=0.000244
2025-10-31T03:10:12.470Z TWILIO_MEDIA bytes=160 pcmBytes=640 rms=0.000244 rmsa=0.000244
2025-10-31T03:10:12.490Z TWILIO_MEDIA bytes=160 pcmBytes=640 rms=0.000244 rmsa=0.000244
2025-10-31T03:10:12.509Z TWILIO_MEDIA bytes=160 pcmBytes=640 rms=0.000244 rmsa=0.000244
2025-10-31T03:10:12.529Z TWILIO_MEDIA bytes=160 pcmBytes=640 rms=0.000244 rmsa=0.000244
2025-10-31T03:10:12.550Z TWILIO_MEDIA bytes=160 pcmBytes=640 rms=0.000244 rmsa=0.000244
2025-10-31T03:10:12.569Z TWILIO_MEDIA bytes=160 pcmBytes=640 rms=0.000244 rmsa=0.000244
2025-10-31T03:10:12.589Z TWILIO_MEDIA bytes=160 pcmBytes=640 rms=0.000244 rmsa=0.000244
2025-10-31T03:10:12.610Z TWILIO_MEDIA bytes=160 pcmBytes=640 rms=0.000244 rmsa=0.000244
2025-10-31T03:10:12.629Z TWILIO_MEDIA bytes=160 pcmBytes=640 rms=0.000244 rmsa=0.000244
2025-10-31T03:10:12.650Z TWILIO_MEDIA bytes=160 pcmBytes=640 rms=0.000244 rmsa=0.000244
2025-10-31T03:10:12.670Z TWILIO_MEDIA bytes=160 pcmBytes=640 rms=0.000244 rmsa=0.000244
2025-10-31T03:10:12.690Z TWILIO_MEDIA bytes=160 pcmBytes=640 rms=0.000244 rmsa=0.000244
2025-10-31T03:10:12.710Z TWILIO_MEDIA bytes=160 pcmBytes=640 rms=0.000244 rmsa=0.000244
2025-10-31T03:10:12.730Z TWILIO_MEDIA bytes=160 pcmBytes=640 rms=0.000244 rmsa=0.000244
2025-10-31T03:10:12.750Z TWILIO_MEDIA bytes=160 pcmBytes=640 rms=0.000244 rmsa=0.000244
2025-10-31T03:10:12.770Z TWILIO_MEDIA bytes=160 pcmBytes=640 rms=0.000244 rmsa=0.000244
2025-10-31T03:10:12.790Z TWILIO_MEDIA bytes=160 pcmBytes=640 rms=0.000244 rmsa=0.000244
2025-10-31T03:10:12.810Z TWILIO_MEDIA bytes=160 pcmBytes=640 rms=0.000244 rmsa=0.000244
2025-10-31T03:10:12.829Z TWILIO_MEDIA bytes=160 pcmBytes=640 rms=0.000244 rmsa=0.000244
2025-10-31T03:10:12.850Z TWILIO_MEDIA bytes=160 pcmBytes=640 rms=0.000244 rmsa=0.000244
2025-10-31T03:10:12.870Z TWILIO_MEDIA bytes=160 pcmBytes=640 rms=0.000244 rmsa=0.000244
2025-10-31T03:10:12.890Z TWILIO_MEDIA bytes=160 pcmBytes=640 rms=0.000244 rmsa=0.000244
2025-10-31T03:10:12.911Z TWILIO_MEDIA bytes=160 pcmBytes=640 rms=0.000244 rmsa=0.000244
2025-10-31T03:10:12.929Z TWILIO_MEDIA bytes=160 pcmBytes=640 rms=0.000244 rmsa=0.000244
2025-10-31T03:10:12.949Z TWILIO_MEDIA bytes=160 pcmBytes=640 rms=0.000244 rmsa=0.000244
2025-10-31T03:10:12.969Z TWILIO_MEDIA bytes=160 pcmBytes=640 rms=0.000244 rmsa=0.000244
2025-10-31T03:10:12.990Z TWILIO_MEDIA bytes=160 pcmBytes=640 rms=0.000244 rmsa=0.000244
2025-10-31T03:10:13.009Z TWILIO_MEDIA bytes=160 pcmBytes=640 rms=0.000244 rmsa=0.000244
2025-10-31T03:10:13.030Z TWILIO_MEDIA bytes=160 pcmBytes=640 rms=0.000244 rmsa=0.000244
2025-10-31T03:10:13.050Z TWILIO_MEDIA bytes=160 pcmBytes=640 rms=0.000244 rmsa=0.000244
2025-10-31T03:10:13.070Z TWILIO_MEDIA bytes=160 pcmBytes=640 rms=0.000244 rmsa=0.000244
2025-10-31T03:10:13.090Z TWILIO_MEDIA bytes=160 pcmBytes=640 rms=0.000244 rmsa=0.000244
2025-10-31T03:10:13.109Z TWILIO_MEDIA bytes=160 pcmBytes=640 rms=0.000244 rmsa=0.000244
2025-10-31T03:10:13.129Z TWILIO_MEDIA bytes=160 pcmBytes=640 rms=0.000244 rmsa=0.000244
2025-10-31T03:10:13.150Z TWILIO_MEDIA bytes=160 pcmBytes=640 rms=0.000244 rmsa=0.000244
2025-10-31T03:10:13.170Z TWILIO_MEDIA bytes=160 pcmBytes=640 rms=0.000244 rmsa=0.000244
2025-10-31T03:10:13.192Z TWILIO_MEDIA bytes=160 pcmBytes=640 rms=0.000244 rmsa=0.000244
2025-10-31T03:10:13.210Z TWILIO_MEDIA bytes=160 pcmBytes=640 rms=0.000244 rmsa=0.000244
2025-10-31T03:10:13.230Z TWILIO_MEDIA bytes=160 pcmBytes=640 rms=0.000244 rmsa=0.000244
2025-10-31T03:10:13.250Z TWILIO_MEDIA bytes=160 pcmBytes=640 rms=0.000244 rmsa=0.000244
2025-10-31T03:10:13.270Z TWILIO_MEDIA bytes=160 pcmBytes=640 rms=0.000244 rmsa=0.000244
2025-10-31T03:10:13.290Z TWILIO_MEDIA bytes=160 pcmBytes=640 rms=0.000244 rmsa=0.000244
2025-10-31T03:10:13.310Z TWILIO_MEDIA bytes=160 pcmBytes=640 rms=0.000244 rmsa=0.000244
2025-10-31T03:10:13.329Z TWILIO_MEDIA bytes=160 pcmBytes=640 rms=0.000244 rmsa=0.000244
2025-10-31T03:10:13.349Z TWILIO_MEDIA bytes=160 pcmBytes=640 rms=0.000244 rmsa=0.000244
2025-10-31T03:10:13.370Z TWILIO_MEDIA bytes=160 pcmBytes=640 rms=0.000244 rmsa=0.000244
2025-10-31T03:10:13.389Z TWILIO_MEDIA bytes=160 pcmBytes=640 rms=0.000244 rmsa=0.000244
2025-10-31T03:10:13.409Z TWILIO_MEDIA bytes=160 pcmBytes=640 rms=0.000244 rmsa=0.000244
2025-10-31T03:10:13.429Z TWILIO_MEDIA bytes=160 pcmBytes=640 rms=0.000244 rmsa=0.000244
2025-10-31T03:10:13.450Z TWILIO_MEDIA bytes=160 pcmBytes=640 rms=0.000244 rmsa=0.000244
2025-10-31T03:10:13.469Z TWILIO_MEDIA bytes=160 pcmBytes=640 rms=0.000244 rmsa=0.000244
2025-10-31T03:10:13.489Z TWILIO_MEDIA bytes=160 pcmBytes=640 rms=0.000244 rmsa=0.000244
2025-10-31T03:10:13.509Z TWILIO_MEDIA bytes=160 pcmBytes=640 rms=0.000244 rmsa=0.000244
2025-10-31T03:10:13.529Z TWILIO_MEDIA bytes=160 pcmBytes=640 rms=0.000244 rmsa=0.000244
2025-10-31T03:10:13.549Z TWILIO_MEDIA bytes=160 pcmBytes=640 rms=0.000244 rmsa=0.000244
2025-10-31T03:10:13.570Z TWILIO_MEDIA bytes=160 pcmBytes=640 rms=0.000244 rmsa=0.000244
2025-10-31T03:10:13.589Z TWILIO_MEDIA bytes=160 pcmBytes=640 rms=0.000244 rmsa=0.000244
2025-10-31T03:10:13.609Z TWILIO_MEDIA bytes=160 pcmBytes=640 rms=0.000244 rmsa=0.000244
2025-10-31T03:10:13.629Z TWILIO_MEDIA bytes=160 pcmBytes=640 rms=0.000244 rmsa=0.000244
2025-10-31T03:10:13.650Z TWILIO_MEDIA bytes=160 pcmBytes=640 rms=0.000244 rmsa=0.000244
2025-10-31T03:10:13.669Z TWILIO_MEDIA bytes=160 pcmBytes=640 rms=0.000244 rmsa=0.000244
2025-10-31T03:10:13.689Z TWILIO_MEDIA bytes=160 pcmBytes=640 rms=0.000244 rmsa=0.000244
2025-10-31T03:10:13.709Z TWILIO_MEDIA bytes=160 pcmBytes=640 rms=0.000244 rmsa=0.000244
2025-10-31T03:10:13.730Z TWILIO_MEDIA bytes=160 pcmBytes=640 rms=0.000244 rmsa=0.000244
2025-10-31T03:10:13.749Z TWILIO_MEDIA bytes=160 pcmBytes=640 rms=0.000244 rmsa=0.000244
2025-10-31T03:10:13.770Z TWILIO_MEDIA bytes=160 pcmBytes=640 rms=0.000244 rmsa=0.000244
2025-10-31T03:10:13.790Z TWILIO_MEDIA bytes=160 pcmBytes=640 rms=0.000244 rmsa=0.000244
2025-10-31T03:10:13.809Z TWILIO_MEDIA bytes=160 pcmBytes=640 rms=0.000244 rmsa=0.000244
2025-10-31T03:10:13.830Z TWILIO_MEDIA bytes=160 pcmBytes=640 rms=0.000244 rmsa=0.000244
2025-10-31T03:10:13.849Z TWILIO_MEDIA bytes=160 pcmBytes=640 rms=0.000244 rmsa=0.000244
2025-10-31T03:10:13.869Z TWILIO_MEDIA bytes=160 pcmBytes=640 rms=0.000244 rmsa=0.000244
2025-10-31T03:10:13.889Z TWILIO_MEDIA bytes=160 pcmBytes=640 rms=0.000244 rmsa=0.000244
2025-10-31T03:10:13.910Z TWILIO_MEDIA bytes=160 pcmBytes=640 rms=0.000244 rmsa=0.000244
2025-10-31T03:10:13.929Z TWILIO_MEDIA bytes=160 pcmBytes=640 rms=0.000244 rmsa=0.000244
2025-10-31T03:10:13.950Z TWILIO_MEDIA bytes=160 pcmBytes=640 rms=0.000244 rmsa=0.000244
2025-10-31T03:10:13.969Z TWILIO_MEDIA bytes=160 pcmBytes=640 rms=0.000244 rmsa=0.000244
2025-10-31T03:10:13.989Z TWILIO_MEDIA bytes=160 pcmBytes=640 rms=0.000244 rmsa=0.000244
2025-10-31T03:10:14.010Z TWILIO_MEDIA bytes=160 pcmBytes=640 rms=0.000244 rmsa=0.000244
2025-10-31T03:10:14.029Z TWILIO_MEDIA bytes=160 pcmBytes=640 rms=0.000244 rmsa=0.000244
2025-10-31T03:10:14.049Z TWILIO_MEDIA bytes=160 pcmBytes=640 rms=0.000244 rmsa=0.000244
2025-10-31T03:10:14.069Z TWILIO_MEDIA bytes=160 pcmBytes=640 rms=0.000244 rmsa=0.000244
2025-10-31T03:10:14.089Z TWILIO_MEDIA bytes=160 pcmBytes=640 rms=0.000244 rmsa=0.000244
2025-10-31T03:10:14.109Z TWILIO_MEDIA bytes=160 pcmBytes=640 rms=0.000244 rmsa=0.000244
2025-10-31T03:10:14.129Z TWILIO_MEDIA bytes=160 pcmBytes=640 rms=0.000244 rmsa=0.000244
2025-10-31T03:10:14.150Z TWILIO_MEDIA bytes=160 pcmBytes=640 rms=0.000244 rmsa=0.000244
2025-10-31T03:10:14.169Z TWILIO_MEDIA bytes=160 pcmBytes=640 rms=0.000244 rmsa=0.000244
2025-10-31T03:10:14.189Z TWILIO_MEDIA bytes=160 pcmBytes=640 rms=0.000244 rmsa=0.000244
2025-10-31T03:10:14.209Z TWILIO_MEDIA bytes=160 pcmBytes=640 rms=0.000244 rmsa=0.000244
2025-10-31T03:10:14.229Z TWILIO_MEDIA bytes=160 pcmBytes=640 rms=0.000244 rmsa=0.000244
2025-10-31T03:10:14.249Z TWILIO_MEDIA bytes=160 pcmBytes=640 rms=0.000244 rmsa=0.000244
2025-10-31T03:10:14.269Z TWILIO_MEDIA bytes=160 pcmBytes=640 rms=0.000244 rmsa=0.000244
2025-10-31T03:10:14.289Z TWILIO_MEDIA bytes=160 pcmBytes=640 rms=0.000244 rmsa=0.000244
2025-10-31T03:10:14.310Z TWILIO_MEDIA bytes=160 pcmBytes=640 rms=0.000244 rmsa=0.000244
2025-10-31T03:10:14.329Z TWILIO_MEDIA bytes=160 pcmBytes=640 rms=0.000244 rmsa=0.000244
2025-10-31T03:10:14.350Z TWILIO_MEDIA bytes=160 pcmBytes=640 rms=0.000244 rmsa=0.000244
2025-10-31T03:10:14.369Z TWILIO_MEDIA bytes=160 pcmBytes=640 rms=0.000244 rmsa=0.000244
2025-10-31T03:10:14.389Z TWILIO_MEDIA bytes=160 pcmBytes=640 rms=0.000244 rmsa=0.000244
2025-10-31T03:10:14.409Z TWILIO_MEDIA bytes=160 pcmBytes=640 rms=0.000244 rmsa=0.000244
2025-10-31T03:10:14.429Z TWILIO_MEDIA bytes=160 pcmBytes=640 rms=0.000244 rmsa=0.000244
2025-10-31T03:10:14.449Z TWILIO_MEDIA bytes=160 pcmBytes=640 rms=0.000244 rmsa=0.000244
2025-10-31T03:10:14.469Z TWILIO_MEDIA bytes=160 pcmBytes=640 rms=0.000244 rmsa=0.000244
2025-10-31T03:10:14.489Z TWILIO_MEDIA bytes=160 pcmBytes=640 rms=0.000244 rmsa=0.000244
2025-10-31T03:10:14.510Z TWILIO_MEDIA bytes=160 pcmBytes=640 rms=0.000244 rmsa=0.000244
2025-10-31T03:10:14.530Z TWILIO_MEDIA bytes=160 pcmBytes=640 rms=0.000244 rmsa=0.000244
2025-10-31T03:10:14.550Z TWILIO_MEDIA bytes=160 pcmBytes=640 rms=0.000244 rmsa=0.000244
2025-10-31T03:10:14.569Z TWILIO_MEDIA bytes=160 pcmBytes=640 rms=0.000244 rmsa=0.000244
2025-10-31T03:10:14.590Z TWILIO_MEDIA bytes=160 pcmBytes=640 rms=0.000244 rmsa=0.000244
2025-10-31T03:10:14.610Z TWILIO_MEDIA bytes=160 pcmBytes=640 rms=0.000244 rmsa=0.000244
2025-10-31T03:10:14.629Z TWILIO_MEDIA bytes=160 pcmBytes=640 rms=0.000244 rmsa=0.000244
2025-10-31T03:10:14.649Z TWILIO_MEDIA bytes=160 pcmBytes=640 rms=0.000244 rmsa=0.000244
2025-10-31T03:10:14.670Z TWILIO_MEDIA bytes=160 pcmBytes=640 rms=0.000244 rmsa=0.000244
2025-10-31T03:10:14.690Z TWILIO_MEDIA bytes=160 pcmBytes=640 rms=0.000244 rmsa=0.000244
2025-10-31T03:10:14.710Z TWILIO_MEDIA bytes=160 pcmBytes=640 rms=0.000244 rmsa=0.000244
2025-10-31T03:10:14.729Z TWILIO_MEDIA bytes=160 pcmBytes=640 rms=0.000244 rmsa=0.000244
2025-10-31T03:10:14.750Z TWILIO_MEDIA bytes=160 pcmBytes=640 rms=0.000244 rmsa=0.000244
2025-10-31T03:10:14.770Z TWILIO_MEDIA bytes=160 pcmBytes=640 rms=0.000244 rmsa=0.000244
2025-10-31T03:10:14.790Z TWILIO_MEDIA bytes=160 pcmBytes=640 rms=0.000244 rmsa=0.000244
2025-10-31T03:10:14.809Z TWILIO_MEDIA bytes=160 pcmBytes=640 rms=0.000244 rmsa=0.000244
2025-10-31T03:10:14.829Z TWILIO_MEDIA bytes=160 pcmBytes=640 rms=0.000244 rmsa=0.000244
2025-10-31T03:10:14.850Z TWILIO_MEDIA bytes=160 pcmBytes=640 rms=0.000244 rmsa=0.000244
2025-10-31T03:10:14.869Z TWILIO_MEDIA bytes=160 pcmBytes=640 rms=0.000244 rmsa=0.000244
2025-10-31T03:10:14.889Z TWILIO_MEDIA bytes=160 pcmBytes=640 rms=0.000244 rmsa=0.000244
2025-10-31T03:10:14.910Z TWILIO_MEDIA bytes=160 pcmBytes=640 rms=0.000244 rmsa=0.000244
2025-10-31T03:10:14.930Z TWILIO_MEDIA bytes=160 pcmBytes=640 rms=0.000244 rmsa=0.000244
2025-10-31T03:10:14.949Z TWILIO_MEDIA bytes=160 pcmBytes=640 rms=0.000244 rmsa=0.000244
2025-10-31T03:10:14.969Z TWILIO_MEDIA bytes=160 pcmBytes=640 rms=0.000244 rmsa=0.000244
2025-10-31T03:10:14.991Z TWILIO_MEDIA bytes=160 pcmBytes=640 rms=0.000244 rmsa=0.000244
2025-10-31T03:10:15.010Z TWILIO_MEDIA bytes=160 pcmBytes=640 rms=0.000244 rmsa=0.000244
2025-10-31T03:10:15.030Z TWILIO_MEDIA bytes=160 pcmBytes=640 rms=0.000244 rmsa=0.000244
2025-10-31T03:10:15.050Z TWILIO_MEDIA bytes=160 pcmBytes=640 rms=0.000244 rmsa=0.000244
2025-10-31T03:10:15.070Z TWILIO_MEDIA bytes=160 pcmBytes=640 rms=0.000244 rmsa=0.000244
2025-10-31T03:10:15.089Z TWILIO_MEDIA bytes=160 pcmBytes=640 rms=0.000244 rmsa=0.000244
2025-10-31T03:10:15.109Z TWILIO_MEDIA bytes=160 pcmBytes=640 rms=0.000244 rmsa=0.000244
2025-10-31T03:10:15.130Z TWILIO_MEDIA bytes=160 pcmBytes=640 rms=0.000244 rmsa=0.000244
2025-10-31T03:10:15.149Z TWILIO_MEDIA bytes=160 pcmBytes=640 rms=0.000244 rmsa=0.000244
2025-10-31T03:10:15.170Z TWILIO_MEDIA bytes=160 pcmBytes=640 rms=0.000244 rmsa=0.000244
2025-10-31T03:10:15.189Z TWILIO_MEDIA bytes=160 pcmBytes=640 rms=0.000244 rmsa=0.000244
2025-10-31T03:10:15.209Z TWILIO_MEDIA bytes=160 pcmBytes=640 rms=0.000244 rmsa=0.000244
2025-10-31T03:10:15.229Z TWILIO_MEDIA bytes=160 pcmBytes=640 rms=0.000244 rmsa=0.000244
2025-10-31T03:10:15.249Z TWILIO_MEDIA bytes=160 pcmBytes=640 rms=0.000244 rmsa=0.000244
2025-10-31T03:10:15.269Z TWILIO_MEDIA bytes=160 pcmBytes=640 rms=0.000244 rmsa=0.000244
2025-10-31T03:10:15.289Z TWILIO_MEDIA bytes=160 pcmBytes=640 rms=0.000244 rmsa=0.000244
2025-10-31T03:10:15.309Z TWILIO_MEDIA bytes=160 pcmBytes=640 rms=0.000244 rmsa=0.000244
2025-10-31T03:10:15.330Z TWILIO_MEDIA bytes=160 pcmBytes=640 rms=0.000244 rmsa=0.000244
2025-10-31T03:10:15.349Z TWILIO_MEDIA bytes=160 pcmBytes=640 rms=0.000244 rmsa=0.000244
2025-10-31T03:10:15.369Z TWILIO_MEDIA bytes=160 pcmBytes=640 rms=0.000244 rmsa=0.000244
2025-10-31T03:10:15.389Z TWILIO_MEDIA bytes=160 pcmBytes=640 rms=0.000244 rmsa=0.000244
2025-10-31T03:10:15.409Z TWILIO_MEDIA bytes=160 pcmBytes=640 rms=0.000244 rmsa=0.000244
2025-10-31T03:10:15.429Z TWILIO_MEDIA bytes=160 pcmBytes=640 rms=0.000244 rmsa=0.000244
2025-10-31T03:10:15.449Z TWILIO_MEDIA bytes=160 pcmBytes=640 rms=0.000244 rmsa=0.000244
2025-10-31T03:10:15.469Z TWILIO_MEDIA bytes=160 pcmBytes=640 rms=0.000244 rmsa=0.000244
2025-10-31T03:10:15.489Z TWILIO_MEDIA bytes=160 pcmBytes=640 rms=0.000244 rmsa=0.000244
2025-10-31T03:10:15.509Z TWILIO_MEDIA bytes=160 pcmBytes=640 rms=0.000244 rmsa=0.000244
2025-10-31T03:10:15.530Z TWILIO_MEDIA bytes=160 pcmBytes=640 rms=0.000244 rmsa=0.000244
2025-10-31T03:10:15.550Z TWILIO_MEDIA bytes=160 pcmBytes=640 rms=0.000244 rmsa=0.000244
2025-10-31T03:10:15.572Z TWILIO_MEDIA bytes=160 pcmBytes=640 rms=0.000244 rmsa=0.000244
2025-10-31T03:10:15.590Z TWILIO_MEDIA bytes=160 pcmBytes=640 rms=0.000244 rmsa=0.000244
2025-10-31T03:10:15.609Z TWILIO_MEDIA bytes=160 pcmBytes=640 rms=0.000244 rmsa=0.000244
2025-10-31T03:10:15.629Z TWILIO_MEDIA bytes=160 pcmBytes=640 rms=0.000244 rmsa=0.000244
2025-10-31T03:10:15.649Z TWILIO_MEDIA bytes=160 pcmBytes=640 rms=0.000244 rmsa=0.000244
2025-10-31T03:10:15.669Z TWILIO_MEDIA bytes=160 pcmBytes=640 rms=0.000244 rmsa=0.000244
2025-10-31T03:10:15.689Z TWILIO_MEDIA bytes=160 pcmBytes=640 rms=0.000244 rmsa=0.000244
2025-10-31T03:10:15.709Z TWILIO_MEDIA bytes=160 pcmBytes=640 rms=0.000244 rmsa=0.000244
2025-10-31T03:10:15.772Z TWILIO_STOP: {"sid":"MZa124257e0b521957a645d0c6d6da9f3d"}
2025-10-31T03:10:15.772Z CALL_END: MZa124257e0b521957a645d0c6d6da9f3d
